<?xml version="1.0" encoding="UTF-8"?>
<testsuite xmlns:xsi="http://www.w3.org/2001/XMLSchema-instance" xsi:noNamespaceSchemaLocation="https://maven.apache.org/surefire/maven-surefire-plugin/xsd/surefire-test-report.xsd" name="com.xumeng.test.TestIOderDao" time="2.884" tests="7" errors="7" skipped="0" failures="0">
  <properties>
    <property name="sun.desktop" value="windows"/>
    <property name="awt.toolkit" value="sun.awt.windows.WToolkit"/>
    <property name="file.encoding.pkg" value="sun.io"/>
    <property name="java.specification.version" value="1.8"/>
    <property name="sun.cpu.isalist" value="amd64"/>
    <property name="sun.jnu.encoding" value="GBK"/>
    <property name="java.class.path" value="D:\Code\IdeaProjects\manageSystem-ssm\ms-ssm-web\target\test-classes;D:\Code\IdeaProjects\manageSystem-ssm\ms-ssm-web\target\classes;E:\maven-repository\junit\junit\4.12\junit-4.12.jar;E:\maven-repository\org\hamcrest\hamcrest-core\1.3\hamcrest-core-1.3.jar;D:\Code\IdeaProjects\manageSystem-ssm\ms-ssm-domain\target\ms-ssm-domain-1.0-SNAPSHOT.jar;D:\Code\IdeaProjects\manageSystem-ssm\ms-ssm-utils\target\ms-ssm-utils-1.0-SNAPSHOT.jar;D:\Code\IdeaProjects\manageSystem-ssm\ms-ssm-service\target\ms-ssm-service-1.0-SNAPSHOT.jar;D:\Code\IdeaProjects\manageSystem-ssm\ms-ssm-dao\target\ms-ssm-dao-1.0-SNAPSHOT.jar;E:\maven-repository\com\fasterxml\jackson\core\jackson-databind\2.9.7\jackson-databind-2.9.7.jar;E:\maven-repository\com\fasterxml\jackson\core\jackson-annotations\2.9.0\jackson-annotations-2.9.0.jar;E:\maven-repository\com\fasterxml\jackson\core\jackson-core\2.9.7\jackson-core-2.9.7.jar;E:\maven-repository\com\github\pagehelper\pagehelper\5.1.2\pagehelper-5.1.2.jar;E:\maven-repository\com\github\jsqlparser\jsqlparser\1.0\jsqlparser-1.0.jar;E:\maven-repository\javax\annotation\javax.annotation-api\1.3.1\javax.annotation-api-1.3.1.jar;E:\maven-repository\org\springframework\security\spring-security-web\5.0.1.RELEASE\spring-security-web-5.0.1.RELEASE.jar;E:\maven-repository\org\springframework\spring-expression\5.0.3.RELEASE\spring-expression-5.0.3.RELEASE.jar;E:\maven-repository\org\springframework\security\spring-security-config\5.0.1.RELEASE\spring-security-config-5.0.1.RELEASE.jar;E:\maven-repository\org\springframework\security\spring-security-core\5.0.1.RELEASE\spring-security-core-5.0.1.RELEASE.jar;E:\maven-repository\org\springframework\security\spring-security-taglibs\5.0.1.RELEASE\spring-security-taglibs-5.0.1.RELEASE.jar;E:\maven-repository\org\springframework\security\spring-security-acl\5.0.1.RELEASE\spring-security-acl-5.0.1.RELEASE.jar;E:\maven-repository\org\aspectj\aspectjweaver\1.6.8\aspectjweaver-1.6.8.jar;E:\maven-repository\org\springframework\spring-aop\5.0.2.RELEASE\spring-aop-5.0.2.RELEASE.jar;E:\maven-repository\org\springframework\spring-context\5.0.2.RELEASE\spring-context-5.0.2.RELEASE.jar;E:\maven-repository\org\springframework\spring-context-support\5.0.2.RELEASE\spring-context-support-5.0.2.RELEASE.jar;E:\maven-repository\org\springframework\spring-web\5.0.2.RELEASE\spring-web-5.0.2.RELEASE.jar;E:\maven-repository\org\springframework\spring-orm\5.0.2.RELEASE\spring-orm-5.0.2.RELEASE.jar;E:\maven-repository\org\springframework\spring-jdbc\5.0.2.RELEASE\spring-jdbc-5.0.2.RELEASE.jar;E:\maven-repository\org\springframework\spring-beans\5.0.2.RELEASE\spring-beans-5.0.2.RELEASE.jar;E:\maven-repository\org\springframework\spring-core\5.0.2.RELEASE\spring-core-5.0.2.RELEASE.jar;E:\maven-repository\org\springframework\spring-jcl\5.0.2.RELEASE\spring-jcl-5.0.2.RELEASE.jar;E:\maven-repository\org\springframework\spring-test\5.0.2.RELEASE\spring-test-5.0.2.RELEASE.jar;E:\maven-repository\org\springframework\spring-webmvc\5.0.2.RELEASE\spring-webmvc-5.0.2.RELEASE.jar;E:\maven-repository\org\springframework\spring-tx\5.0.2.RELEASE\spring-tx-5.0.2.RELEASE.jar;E:\maven-repository\javax\servlet\javax.servlet-api\3.1.0\javax.servlet-api-3.1.0.jar;E:\maven-repository\javax\servlet\jsp\jsp-api\2.0\jsp-api-2.0.jar;E:\maven-repository\jstl\jstl\1.2\jstl-1.2.jar;E:\maven-repository\log4j\log4j\1.2.12\log4j-1.2.12.jar;E:\maven-repository\org\slf4j\slf4j-api\1.6.6\slf4j-api-1.6.6.jar;E:\maven-repository\org\slf4j\slf4j-log4j12\1.6.6\slf4j-log4j12-1.6.6.jar;E:\maven-repository\org\mybatis\mybatis\3.4.5\mybatis-3.4.5.jar;E:\maven-repository\org\mybatis\mybatis-spring\1.3.0\mybatis-spring-1.3.0.jar;E:\maven-repository\c3p0\c3p0\0.9.1.2\c3p0-0.9.1.2.jar;E:\maven-repository\mysql\mysql-connector-java\5.1.6\mysql-connector-java-5.1.6.jar;E:\maven-repository\javax\annotation\jsr250-api\1.0\jsr250-api-1.0.jar;E:\maven-repository\org\projectlombok\lombok\1.16.16\lombok-1.16.16.jar;"/>
    <property name="java.vm.vendor" value="Oracle Corporation"/>
    <property name="sun.arch.data.model" value="64"/>
    <property name="user.variant" value=""/>
    <property name="java.vendor.url" value="http://java.oracle.com/"/>
    <property name="user.timezone" value="Asia/Shanghai"/>
    <property name="java.vm.specification.version" value="1.8"/>
    <property name="os.name" value="Windows 10"/>
    <property name="user.country" value="CN"/>
    <property name="sun.java.launcher" value="SUN_STANDARD"/>
    <property name="sun.boot.library.path" value="C:\Program Files\Java\jdk1.8.0_131\jre\bin"/>
    <property name="sun.java.command" value="C:\Users\xm\AppData\Local\Temp\surefire7497552715305907156\surefirebooter6811015789613867580.jar C:\Users\xm\AppData\Local\Temp\surefire7497552715305907156 2020-04-25T21-46-33_033-jvmRun1 surefire7780568927660488430tmp surefire_03629623413987528247tmp"/>
    <property name="surefire.test.class.path" value="D:\Code\IdeaProjects\manageSystem-ssm\ms-ssm-web\target\test-classes;D:\Code\IdeaProjects\manageSystem-ssm\ms-ssm-web\target\classes;E:\maven-repository\junit\junit\4.12\junit-4.12.jar;E:\maven-repository\org\hamcrest\hamcrest-core\1.3\hamcrest-core-1.3.jar;D:\Code\IdeaProjects\manageSystem-ssm\ms-ssm-domain\target\ms-ssm-domain-1.0-SNAPSHOT.jar;D:\Code\IdeaProjects\manageSystem-ssm\ms-ssm-utils\target\ms-ssm-utils-1.0-SNAPSHOT.jar;D:\Code\IdeaProjects\manageSystem-ssm\ms-ssm-service\target\ms-ssm-service-1.0-SNAPSHOT.jar;D:\Code\IdeaProjects\manageSystem-ssm\ms-ssm-dao\target\ms-ssm-dao-1.0-SNAPSHOT.jar;E:\maven-repository\com\fasterxml\jackson\core\jackson-databind\2.9.7\jackson-databind-2.9.7.jar;E:\maven-repository\com\fasterxml\jackson\core\jackson-annotations\2.9.0\jackson-annotations-2.9.0.jar;E:\maven-repository\com\fasterxml\jackson\core\jackson-core\2.9.7\jackson-core-2.9.7.jar;E:\maven-repository\com\github\pagehelper\pagehelper\5.1.2\pagehelper-5.1.2.jar;E:\maven-repository\com\github\jsqlparser\jsqlparser\1.0\jsqlparser-1.0.jar;E:\maven-repository\javax\annotation\javax.annotation-api\1.3.1\javax.annotation-api-1.3.1.jar;E:\maven-repository\org\springframework\security\spring-security-web\5.0.1.RELEASE\spring-security-web-5.0.1.RELEASE.jar;E:\maven-repository\org\springframework\spring-expression\5.0.3.RELEASE\spring-expression-5.0.3.RELEASE.jar;E:\maven-repository\org\springframework\security\spring-security-config\5.0.1.RELEASE\spring-security-config-5.0.1.RELEASE.jar;E:\maven-repository\org\springframework\security\spring-security-core\5.0.1.RELEASE\spring-security-core-5.0.1.RELEASE.jar;E:\maven-repository\org\springframework\security\spring-security-taglibs\5.0.1.RELEASE\spring-security-taglibs-5.0.1.RELEASE.jar;E:\maven-repository\org\springframework\security\spring-security-acl\5.0.1.RELEASE\spring-security-acl-5.0.1.RELEASE.jar;E:\maven-repository\org\aspectj\aspectjweaver\1.6.8\aspectjweaver-1.6.8.jar;E:\maven-repository\org\springframework\spring-aop\5.0.2.RELEASE\spring-aop-5.0.2.RELEASE.jar;E:\maven-repository\org\springframework\spring-context\5.0.2.RELEASE\spring-context-5.0.2.RELEASE.jar;E:\maven-repository\org\springframework\spring-context-support\5.0.2.RELEASE\spring-context-support-5.0.2.RELEASE.jar;E:\maven-repository\org\springframework\spring-web\5.0.2.RELEASE\spring-web-5.0.2.RELEASE.jar;E:\maven-repository\org\springframework\spring-orm\5.0.2.RELEASE\spring-orm-5.0.2.RELEASE.jar;E:\maven-repository\org\springframework\spring-jdbc\5.0.2.RELEASE\spring-jdbc-5.0.2.RELEASE.jar;E:\maven-repository\org\springframework\spring-beans\5.0.2.RELEASE\spring-beans-5.0.2.RELEASE.jar;E:\maven-repository\org\springframework\spring-core\5.0.2.RELEASE\spring-core-5.0.2.RELEASE.jar;E:\maven-repository\org\springframework\spring-jcl\5.0.2.RELEASE\spring-jcl-5.0.2.RELEASE.jar;E:\maven-repository\org\springframework\spring-test\5.0.2.RELEASE\spring-test-5.0.2.RELEASE.jar;E:\maven-repository\org\springframework\spring-webmvc\5.0.2.RELEASE\spring-webmvc-5.0.2.RELEASE.jar;E:\maven-repository\org\springframework\spring-tx\5.0.2.RELEASE\spring-tx-5.0.2.RELEASE.jar;E:\maven-repository\javax\servlet\javax.servlet-api\3.1.0\javax.servlet-api-3.1.0.jar;E:\maven-repository\javax\servlet\jsp\jsp-api\2.0\jsp-api-2.0.jar;E:\maven-repository\jstl\jstl\1.2\jstl-1.2.jar;E:\maven-repository\log4j\log4j\1.2.12\log4j-1.2.12.jar;E:\maven-repository\org\slf4j\slf4j-api\1.6.6\slf4j-api-1.6.6.jar;E:\maven-repository\org\slf4j\slf4j-log4j12\1.6.6\slf4j-log4j12-1.6.6.jar;E:\maven-repository\org\mybatis\mybatis\3.4.5\mybatis-3.4.5.jar;E:\maven-repository\org\mybatis\mybatis-spring\1.3.0\mybatis-spring-1.3.0.jar;E:\maven-repository\c3p0\c3p0\0.9.1.2\c3p0-0.9.1.2.jar;E:\maven-repository\mysql\mysql-connector-java\5.1.6\mysql-connector-java-5.1.6.jar;E:\maven-repository\javax\annotation\jsr250-api\1.0\jsr250-api-1.0.jar;E:\maven-repository\org\projectlombok\lombok\1.16.16\lombok-1.16.16.jar;"/>
    <property name="sun.cpu.endian" value="little"/>
    <property name="user.home" value="C:\Users\xm"/>
    <property name="user.language" value="zh"/>
    <property name="java.specification.vendor" value="Oracle Corporation"/>
    <property name="java.home" value="C:\Program Files\Java\jdk1.8.0_131\jre"/>
    <property name="basedir" value="D:\Code\IdeaProjects\manageSystem-ssm\ms-ssm-web"/>
    <property name="file.separator" value="\"/>
    <property name="line.separator" value="&#10;"/>
    <property name="java.vm.specification.vendor" value="Oracle Corporation"/>
    <property name="java.specification.name" value="Java Platform API Specification"/>
    <property name="java.awt.graphicsenv" value="sun.awt.Win32GraphicsEnvironment"/>
    <property name="surefire.real.class.path" value="C:\Users\xm\AppData\Local\Temp\surefire7497552715305907156\surefirebooter6811015789613867580.jar"/>
    <property name="sun.boot.class.path" value="C:\Program Files\Java\jdk1.8.0_131\jre\lib\resources.jar;C:\Program Files\Java\jdk1.8.0_131\jre\lib\rt.jar;C:\Program Files\Java\jdk1.8.0_131\jre\lib\sunrsasign.jar;C:\Program Files\Java\jdk1.8.0_131\jre\lib\jsse.jar;C:\Program Files\Java\jdk1.8.0_131\jre\lib\jce.jar;C:\Program Files\Java\jdk1.8.0_131\jre\lib\charsets.jar;C:\Program Files\Java\jdk1.8.0_131\jre\lib\jfr.jar;C:\Program Files\Java\jdk1.8.0_131\jre\classes"/>
    <property name="user.script" value=""/>
    <property name="sun.management.compiler" value="HotSpot 64-Bit Tiered Compilers"/>
    <property name="java.runtime.version" value="1.8.0_131-b11"/>
    <property name="user.name" value="xm"/>
    <property name="path.separator" value=";"/>
    <property name="os.version" value="10.0"/>
    <property name="java.endorsed.dirs" value="C:\Program Files\Java\jdk1.8.0_131\jre\lib\endorsed"/>
    <property name="java.runtime.name" value="Java(TM) SE Runtime Environment"/>
    <property name="file.encoding" value="GBK"/>
    <property name="java.vm.name" value="Java HotSpot(TM) 64-Bit Server VM"/>
    <property name="localRepository" value="E:\maven-repository"/>
    <property name="java.vendor.url.bug" value="http://bugreport.sun.com/bugreport/"/>
    <property name="java.io.tmpdir" value="C:\Users\xm\AppData\Local\Temp\"/>
    <property name="java.version" value="1.8.0_131"/>
    <property name="user.dir" value="D:\Code\IdeaProjects\manageSystem-ssm\ms-ssm-web"/>
    <property name="os.arch" value="amd64"/>
    <property name="java.vm.specification.name" value="Java Virtual Machine Specification"/>
    <property name="java.awt.printerjob" value="sun.awt.windows.WPrinterJob"/>
    <property name="sun.os.patch.level" value=""/>
    <property name="idea.version2019.3.3" value="true"/>
    <property name="java.library.path" value="C:\Program Files\Java\jdk1.8.0_131\jre\bin;C:\Windows\Sun\Java\bin;C:\Windows\system32;C:\Windows;D:\MyProgram\orcl\bin;D:\MyProgram\Anaconda3;D:\MyProgram\Anaconda3\Library\mingw-w64\bin;D:\MyProgram\Anaconda3\Library\usr\bin;D:\MyProgram\Anaconda3\Library\bin;D:\MyProgram\Anaconda3\Scripts;C:\ProgramData\Oracle\Java\javapath;C:\Windows\system32;C:\Windows;C:\Windows\System32\Wbem;C:\Windows\System32\WindowsPowerShell\v1.0\;C:\Windows\System32\OpenSSH\;C:\Program Files\Java\jdk1.8.0_131\bin;C:\Program Files\Java\jdk1.8.0_131\jre\bin;C:\Program Files (x86)\MySQL\MySQL Server 5.5\bin;D:\MyProgram\Git\cmd;D:\Maven\bin\;D:\MyProgram\redis-2.8.9;D:\Maven_V_354\apache-maven-3.5.4\bin\;D:\MyProgram\nodejs\;D:\MyProgram\nodejs\npm_modules\;D:\MyProgram\erl10.4\bin;D:\MyProgram\ffmpeg\bin\;D:\MyProgram\OpenSSL-Win64\bin\;D:\MyProgram\Ruby25-x64\bin;C:\Users\xm\AppData\Local\Microsoft\WindowsApps;;D:\MyProgram\JetBrains\IntelliJ IDEA 2019.3.3\bin;;D:\MyProgram\Microsoft VS Code\bin;D:\MyProgram\JetBrains\PyCharm 2019.3.3\bin;;D:\MyProgram\JetBrains\WebStorm 2019.3.3\bin;;C:\Users\xm\AppData\Roaming\npm;."/>
    <property name="java.vm.info" value="mixed mode"/>
    <property name="java.vendor" value="Oracle Corporation"/>
    <property name="java.vm.version" value="25.131-b11"/>
    <property name="java.ext.dirs" value="C:\Program Files\Java\jdk1.8.0_131\jre\lib\ext;C:\Windows\Sun\Java\lib\ext"/>
    <property name="sun.io.unicode.encoding" value="UnicodeLittle"/>
    <property name="maven.repo.local" value="E:\maven-repository"/>
    <property name="java.class.version" value="52.0"/>
  </properties>
  <testcase name="userFindById" classname="com.xumeng.test.TestIOderDao" time="0.002">
    <error message="Failed to load ApplicationContext" type="java.lang.IllegalStateException">java.lang.IllegalStateException: Failed to load ApplicationContext
Caused by: org.springframework.beans.factory.UnsatisfiedDependencyException: Error creating bean with name 'userService': Unsatisfied dependency expressed through field 'passwordEncoder'; nested exception is org.springframework.beans.factory.NoSuchBeanDefinitionException: No qualifying bean of type 'org.springframework.security.crypto.password.PasswordEncoder' available: expected at least 1 bean which qualifies as autowire candidate. Dependency annotations: {@org.springframework.beans.factory.annotation.Autowired(required=true)}
Caused by: org.springframework.beans.factory.NoSuchBeanDefinitionException: No qualifying bean of type 'org.springframework.security.crypto.password.PasswordEncoder' available: expected at least 1 bean which qualifies as autowire candidate. Dependency annotations: {@org.springframework.beans.factory.annotation.Autowired(required=true)}
</error>
    <system-out><![CDATA[2020-04-25 21:46:33,740 0      [           main] DEBUG junit4.SpringJUnit4ClassRunner  - SpringJUnit4ClassRunner constructor called with [class com.xumeng.test.TestIOderDao]
2020-04-25 21:46:33,743 3      [           main] DEBUG rk.test.context.BootstrapUtils  - Instantiating CacheAwareContextLoaderDelegate from class [org.springframework.test.context.cache.DefaultCacheAwareContextLoaderDelegate]
2020-04-25 21:46:33,749 9      [           main] DEBUG rk.test.context.BootstrapUtils  - Instantiating BootstrapContext using constructor [public org.springframework.test.context.support.DefaultBootstrapContext(java.lang.Class,org.springframework.test.context.CacheAwareContextLoaderDelegate)]
2020-04-25 21:46:33,754 14     [           main] DEBUG rk.test.context.BootstrapUtils  - Instantiating TestContextBootstrapper for test class [com.xumeng.test.TestIOderDao] from class [org.springframework.test.context.support.DefaultTestContextBootstrapper]
2020-04-25 21:46:33,775 35     [           main] DEBUG ctDelegatingSmartContextLoader  - Delegating to GenericXmlContextLoader to process context configuration [ContextConfigurationAttributes@32709393 declaringClass = 'com.xumeng.test.TestIOderDao', classes = '{}', locations = '{classpath:applicationContext.xml}', inheritLocations = true, initializers = '{}', inheritInitializers = true, name = [null], contextLoaderClass = 'org.springframework.test.context.ContextLoader'].
2020-04-25 21:46:33,791 51     [           main] DEBUG xt.support.ActiveProfilesUtils  - Could not find an 'annotation declaring class' for annotation type [org.springframework.test.context.ActiveProfiles] and class [com.xumeng.test.TestIOderDao]
2020-04-25 21:46:33,791 51     [           main] DEBUG DefaultTestContextBootstrapper  - @TestExecutionListeners is not present for class [com.xumeng.test.TestIOderDao]: using defaults.
2020-04-25 21:46:33,792 52     [           main] INFO  DefaultTestContextBootstrapper  - Loaded default TestExecutionListener class names from location [META-INF/spring.factories]: [org.springframework.test.context.web.ServletTestExecutionListener, org.springframework.test.context.support.DirtiesContextBeforeModesTestExecutionListener, org.springframework.test.context.support.DependencyInjectionTestExecutionListener, org.springframework.test.context.support.DirtiesContextTestExecutionListener, org.springframework.test.context.transaction.TransactionalTestExecutionListener, org.springframework.test.context.jdbc.SqlScriptsTestExecutionListener]
2020-04-25 21:46:33,806 66     [           main] INFO  DefaultTestContextBootstrapper  - Using TestExecutionListeners: [org.springframework.test.context.web.ServletTestExecutionListener@44c8afef, org.springframework.test.context.support.DirtiesContextBeforeModesTestExecutionListener@7b69c6ba, org.springframework.test.context.support.DependencyInjectionTestExecutionListener@46daef40, org.springframework.test.context.support.DirtiesContextTestExecutionListener@12f41634, org.springframework.test.context.transaction.TransactionalTestExecutionListener@13c27452, org.springframework.test.context.jdbc.SqlScriptsTestExecutionListener@262b2c86]
2020-04-25 21:46:33,807 67     [           main] DEBUG t.annotation.ProfileValueUtils  - Retrieved @ProfileValueSourceConfiguration [null] for test class [com.xumeng.test.TestIOderDao]
2020-04-25 21:46:33,807 67     [           main] DEBUG t.annotation.ProfileValueUtils  - Retrieved ProfileValueSource type [class org.springframework.test.annotation.SystemProfileValueSource] for class [com.xumeng.test.TestIOderDao]
2020-04-25 21:46:33,809 69     [           main] DEBUG t.annotation.ProfileValueUtils  - Retrieved @ProfileValueSourceConfiguration [null] for test class [com.xumeng.test.TestIOderDao]
2020-04-25 21:46:33,809 69     [           main] DEBUG t.annotation.ProfileValueUtils  - Retrieved ProfileValueSource type [class org.springframework.test.annotation.SystemProfileValueSource] for class [com.xumeng.test.TestIOderDao]
2020-04-25 21:46:33,809 69     [           main] DEBUG t.annotation.ProfileValueUtils  - Retrieved @ProfileValueSourceConfiguration [null] for test class [com.xumeng.test.TestIOderDao]
2020-04-25 21:46:33,809 69     [           main] DEBUG t.annotation.ProfileValueUtils  - Retrieved ProfileValueSource type [class org.springframework.test.annotation.SystemProfileValueSource] for class [com.xumeng.test.TestIOderDao]
2020-04-25 21:46:33,811 71     [           main] DEBUG esContextTestExecutionListener  - Before test class: context [DefaultTestContext@1b26f7b2 testClass = TestIOderDao, testInstance = [null], testMethod = [null], testException = [null], mergedContextConfiguration = [MergedContextConfiguration@491cc5c9 testClass = TestIOderDao, locations = '{classpath:applicationContext.xml}', classes = '{}', contextInitializerClasses = '[]', activeProfiles = '{}', propertySourceLocations = '{}', propertySourceProperties = '{}', contextCustomizers = set[[empty]], contextLoader = 'org.springframework.test.context.support.DelegatingSmartContextLoader', parent = [null]], attributes = map[[empty]]], class annotated with @DirtiesContext [false] with mode [null].
2020-04-25 21:46:33,811 71     [           main] DEBUG t.annotation.ProfileValueUtils  - Retrieved @ProfileValueSourceConfiguration [null] for test class [com.xumeng.test.TestIOderDao]
2020-04-25 21:46:33,811 71     [           main] DEBUG t.annotation.ProfileValueUtils  - Retrieved ProfileValueSource type [class org.springframework.test.annotation.SystemProfileValueSource] for class [com.xumeng.test.TestIOderDao]
2020-04-25 21:46:33,812 72     [           main] DEBUG InjectionTestExecutionListener  - Performing dependency injection for test context [[DefaultTestContext@1b26f7b2 testClass = TestIOderDao, testInstance = com.xumeng.test.TestIOderDao@b7dd107, testMethod = [null], testException = [null], mergedContextConfiguration = [MergedContextConfiguration@491cc5c9 testClass = TestIOderDao, locations = '{classpath:applicationContext.xml}', classes = '{}', contextInitializerClasses = '[]', activeProfiles = '{}', propertySourceLocations = '{}', propertySourceProperties = '{}', contextCustomizers = set[[empty]], contextLoader = 'org.springframework.test.context.support.DelegatingSmartContextLoader', parent = [null]], attributes = map[[empty]]]].
2020-04-25 21:46:33,813 73     [           main] DEBUG ctDelegatingSmartContextLoader  - Delegating to GenericXmlContextLoader to load context from [MergedContextConfiguration@491cc5c9 testClass = TestIOderDao, locations = '{classpath:applicationContext.xml}', classes = '{}', contextInitializerClasses = '[]', activeProfiles = '{}', propertySourceLocations = '{}', propertySourceProperties = '{}', contextCustomizers = set[[empty]], contextLoader = 'org.springframework.test.context.support.DelegatingSmartContextLoader', parent = [null]].
2020-04-25 21:46:33,813 73     [           main] DEBUG t.AbstractGenericContextLoader  - Loading ApplicationContext for merged context configuration [[MergedContextConfiguration@491cc5c9 testClass = TestIOderDao, locations = '{classpath:applicationContext.xml}', classes = '{}', contextInitializerClasses = '[]', activeProfiles = '{}', propertySourceLocations = '{}', propertySourceProperties = '{}', contextCustomizers = set[[empty]], contextLoader = 'org.springframework.test.context.support.DelegatingSmartContextLoader', parent = [null]]].
2020-04-25 21:46:33,847 107    [           main] DEBUG k.core.env.StandardEnvironment  - Adding PropertySource 'systemProperties' with lowest search precedence
2020-04-25 21:46:33,848 108    [           main] DEBUG k.core.env.StandardEnvironment  - Adding PropertySource 'systemEnvironment' with lowest search precedence
2020-04-25 21:46:33,848 108    [           main] DEBUG k.core.env.StandardEnvironment  - Initialized StandardEnvironment with PropertySources [MapPropertySource@225290371 {name='systemProperties', properties={java.runtime.name=Java(TM) SE Runtime Environment, sun.boot.library.path=C:\Program Files\Java\jdk1.8.0_131\jre\bin, java.vm.version=25.131-b11, java.vm.vendor=Oracle Corporation, java.vendor.url=http://java.oracle.com/, path.separator=;, java.vm.name=Java HotSpot(TM) 64-Bit Server VM, file.encoding.pkg=sun.io, user.country=CN, user.script=, sun.java.launcher=SUN_STANDARD, sun.os.patch.level=, java.vm.specification.name=Java Virtual Machine Specification, user.dir=D:\Code\IdeaProjects\manageSystem-ssm\ms-ssm-web, java.runtime.version=1.8.0_131-b11, basedir=D:\Code\IdeaProjects\manageSystem-ssm\ms-ssm-web, java.awt.graphicsenv=sun.awt.Win32GraphicsEnvironment, java.endorsed.dirs=C:\Program Files\Java\jdk1.8.0_131\jre\lib\endorsed, os.arch=amd64, surefire.real.class.path=C:\Users\xm\AppData\Local\Temp\surefire7497552715305907156\surefirebooter6811015789613867580.jar, java.io.tmpdir=C:\Users\xm\AppData\Local\Temp\, line.separator=
, java.vm.specification.vendor=Oracle Corporation, user.variant=, os.name=Windows 10, sun.jnu.encoding=GBK, java.library.path=C:\Program Files\Java\jdk1.8.0_131\jre\bin;C:\Windows\Sun\Java\bin;C:\Windows\system32;C:\Windows;D:\MyProgram\orcl\bin;D:\MyProgram\Anaconda3;D:\MyProgram\Anaconda3\Library\mingw-w64\bin;D:\MyProgram\Anaconda3\Library\usr\bin;D:\MyProgram\Anaconda3\Library\bin;D:\MyProgram\Anaconda3\Scripts;C:\ProgramData\Oracle\Java\javapath;C:\Windows\system32;C:\Windows;C:\Windows\System32\Wbem;C:\Windows\System32\WindowsPowerShell\v1.0\;C:\Windows\System32\OpenSSH\;C:\Program Files\Java\jdk1.8.0_131\bin;C:\Program Files\Java\jdk1.8.0_131\jre\bin;C:\Program Files (x86)\MySQL\MySQL Server 5.5\bin;D:\MyProgram\Git\cmd;D:\Maven\bin\;D:\MyProgram\redis-2.8.9;D:\Maven_V_354\apache-maven-3.5.4\bin\;D:\MyProgram\nodejs\;D:\MyProgram\nodejs\npm_modules\;D:\MyProgram\erl10.4\bin;D:\MyProgram\ffmpeg\bin\;D:\MyProgram\OpenSSL-Win64\bin\;D:\MyProgram\Ruby25-x64\bin;C:\Users\xm\AppData\Local\Microsoft\WindowsApps;;D:\MyProgram\JetBrains\IntelliJ IDEA 2019.3.3\bin;;D:\MyProgram\Microsoft VS Code\bin;D:\MyProgram\JetBrains\PyCharm 2019.3.3\bin;;D:\MyProgram\JetBrains\WebStorm 2019.3.3\bin;;C:\Users\xm\AppData\Roaming\npm;., surefire.test.class.path=D:\Code\IdeaProjects\manageSystem-ssm\ms-ssm-web\target\test-classes;D:\Code\IdeaProjects\manageSystem-ssm\ms-ssm-web\target\classes;E:\maven-repository\junit\junit\4.12\junit-4.12.jar;E:\maven-repository\org\hamcrest\hamcrest-core\1.3\hamcrest-core-1.3.jar;D:\Code\IdeaProjects\manageSystem-ssm\ms-ssm-domain\target\ms-ssm-domain-1.0-SNAPSHOT.jar;D:\Code\IdeaProjects\manageSystem-ssm\ms-ssm-utils\target\ms-ssm-utils-1.0-SNAPSHOT.jar;D:\Code\IdeaProjects\manageSystem-ssm\ms-ssm-service\target\ms-ssm-service-1.0-SNAPSHOT.jar;D:\Code\IdeaProjects\manageSystem-ssm\ms-ssm-dao\target\ms-ssm-dao-1.0-SNAPSHOT.jar;E:\maven-repository\com\fasterxml\jackson\core\jackson-databind\2.9.7\jackson-databind-2.9.7.jar;E:\maven-repository\com\fasterxml\jackson\core\jackson-annotations\2.9.0\jackson-annotations-2.9.0.jar;E:\maven-repository\com\fasterxml\jackson\core\jackson-core\2.9.7\jackson-core-2.9.7.jar;E:\maven-repository\com\github\pagehelper\pagehelper\5.1.2\pagehelper-5.1.2.jar;E:\maven-repository\com\github\jsqlparser\jsqlparser\1.0\jsqlparser-1.0.jar;E:\maven-repository\javax\annotation\javax.annotation-api\1.3.1\javax.annotation-api-1.3.1.jar;E:\maven-repository\org\springframework\security\spring-security-web\5.0.1.RELEASE\spring-security-web-5.0.1.RELEASE.jar;E:\maven-repository\org\springframework\spring-expression\5.0.3.RELEASE\spring-expression-5.0.3.RELEASE.jar;E:\maven-repository\org\springframework\security\spring-security-config\5.0.1.RELEASE\spring-security-config-5.0.1.RELEASE.jar;E:\maven-repository\org\springframework\security\spring-security-core\5.0.1.RELEASE\spring-security-core-5.0.1.RELEASE.jar;E:\maven-repository\org\springframework\security\spring-security-taglibs\5.0.1.RELEASE\spring-security-taglibs-5.0.1.RELEASE.jar;E:\maven-repository\org\springframework\security\spring-security-acl\5.0.1.RELEASE\spring-security-acl-5.0.1.RELEASE.jar;E:\maven-repository\org\aspectj\aspectjweaver\1.6.8\aspectjweaver-1.6.8.jar;E:\maven-repository\org\springframework\spring-aop\5.0.2.RELEASE\spring-aop-5.0.2.RELEASE.jar;E:\maven-repository\org\springframework\spring-context\5.0.2.RELEASE\spring-context-5.0.2.RELEASE.jar;E:\maven-repository\org\springframework\spring-context-support\5.0.2.RELEASE\spring-context-support-5.0.2.RELEASE.jar;E:\maven-repository\org\springframework\spring-web\5.0.2.RELEASE\spring-web-5.0.2.RELEASE.jar;E:\maven-repository\org\springframework\spring-orm\5.0.2.RELEASE\spring-orm-5.0.2.RELEASE.jar;E:\maven-repository\org\springframework\spring-jdbc\5.0.2.RELEASE\spring-jdbc-5.0.2.RELEASE.jar;E:\maven-repository\org\springframework\spring-beans\5.0.2.RELEASE\spring-beans-5.0.2.RELEASE.jar;E:\maven-repository\org\springframework\spring-core\5.0.2.RELEASE\spring-core-5.0.2.RELEASE.jar;E:\maven-repository\org\springframework\spring-jcl\5.0.2.RELEASE\spring-jcl-5.0.2.RELEASE.jar;E:\maven-repository\org\springframework\spring-test\5.0.2.RELEASE\spring-test-5.0.2.RELEASE.jar;E:\maven-repository\org\springframework\spring-webmvc\5.0.2.RELEASE\spring-webmvc-5.0.2.RELEASE.jar;E:\maven-repository\org\springframework\spring-tx\5.0.2.RELEASE\spring-tx-5.0.2.RELEASE.jar;E:\maven-repository\javax\servlet\javax.servlet-api\3.1.0\javax.servlet-api-3.1.0.jar;E:\maven-repository\javax\servlet\jsp\jsp-api\2.0\jsp-api-2.0.jar;E:\maven-repository\jstl\jstl\1.2\jstl-1.2.jar;E:\maven-repository\log4j\log4j\1.2.12\log4j-1.2.12.jar;E:\maven-repository\org\slf4j\slf4j-api\1.6.6\slf4j-api-1.6.6.jar;E:\maven-repository\org\slf4j\slf4j-log4j12\1.6.6\slf4j-log4j12-1.6.6.jar;E:\maven-repository\org\mybatis\mybatis\3.4.5\mybatis-3.4.5.jar;E:\maven-repository\org\mybatis\mybatis-spring\1.3.0\mybatis-spring-1.3.0.jar;E:\maven-repository\c3p0\c3p0\0.9.1.2\c3p0-0.9.1.2.jar;E:\maven-repository\mysql\mysql-connector-java\5.1.6\mysql-connector-java-5.1.6.jar;E:\maven-repository\javax\annotation\jsr250-api\1.0\jsr250-api-1.0.jar;E:\maven-repository\org\projectlombok\lombok\1.16.16\lombok-1.16.16.jar;, java.specification.name=Java Platform API Specification, java.class.version=52.0, sun.management.compiler=HotSpot 64-Bit Tiered Compilers, maven.repo.local=E:\maven-repository, idea.version2019.3.3=true, os.version=10.0, user.home=C:\Users\xm, user.timezone=Asia/Shanghai, java.awt.printerjob=sun.awt.windows.WPrinterJob, file.encoding=GBK, java.specification.version=1.8, java.class.path=D:\Code\IdeaProjects\manageSystem-ssm\ms-ssm-web\target\test-classes;D:\Code\IdeaProjects\manageSystem-ssm\ms-ssm-web\target\classes;E:\maven-repository\junit\junit\4.12\junit-4.12.jar;E:\maven-repository\org\hamcrest\hamcrest-core\1.3\hamcrest-core-1.3.jar;D:\Code\IdeaProjects\manageSystem-ssm\ms-ssm-domain\target\ms-ssm-domain-1.0-SNAPSHOT.jar;D:\Code\IdeaProjects\manageSystem-ssm\ms-ssm-utils\target\ms-ssm-utils-1.0-SNAPSHOT.jar;D:\Code\IdeaProjects\manageSystem-ssm\ms-ssm-service\target\ms-ssm-service-1.0-SNAPSHOT.jar;D:\Code\IdeaProjects\manageSystem-ssm\ms-ssm-dao\target\ms-ssm-dao-1.0-SNAPSHOT.jar;E:\maven-repository\com\fasterxml\jackson\core\jackson-databind\2.9.7\jackson-databind-2.9.7.jar;E:\maven-repository\com\fasterxml\jackson\core\jackson-annotations\2.9.0\jackson-annotations-2.9.0.jar;E:\maven-repository\com\fasterxml\jackson\core\jackson-core\2.9.7\jackson-core-2.9.7.jar;E:\maven-repository\com\github\pagehelper\pagehelper\5.1.2\pagehelper-5.1.2.jar;E:\maven-repository\com\github\jsqlparser\jsqlparser\1.0\jsqlparser-1.0.jar;E:\maven-repository\javax\annotation\javax.annotation-api\1.3.1\javax.annotation-api-1.3.1.jar;E:\maven-repository\org\springframework\security\spring-security-web\5.0.1.RELEASE\spring-security-web-5.0.1.RELEASE.jar;E:\maven-repository\org\springframework\spring-expression\5.0.3.RELEASE\spring-expression-5.0.3.RELEASE.jar;E:\maven-repository\org\springframework\security\spring-security-config\5.0.1.RELEASE\spring-security-config-5.0.1.RELEASE.jar;E:\maven-repository\org\springframework\security\spring-security-core\5.0.1.RELEASE\spring-security-core-5.0.1.RELEASE.jar;E:\maven-repository\org\springframework\security\spring-security-taglibs\5.0.1.RELEASE\spring-security-taglibs-5.0.1.RELEASE.jar;E:\maven-repository\org\springframework\security\spring-security-acl\5.0.1.RELEASE\spring-security-acl-5.0.1.RELEASE.jar;E:\maven-repository\org\aspectj\aspectjweaver\1.6.8\aspectjweaver-1.6.8.jar;E:\maven-repository\org\springframework\spring-aop\5.0.2.RELEASE\spring-aop-5.0.2.RELEASE.jar;E:\maven-repository\org\springframework\spring-context\5.0.2.RELEASE\spring-context-5.0.2.RELEASE.jar;E:\maven-repository\org\springframework\spring-context-support\5.0.2.RELEASE\spring-context-support-5.0.2.RELEASE.jar;E:\maven-repository\org\springframework\spring-web\5.0.2.RELEASE\spring-web-5.0.2.RELEASE.jar;E:\maven-repository\org\springframework\spring-orm\5.0.2.RELEASE\spring-orm-5.0.2.RELEASE.jar;E:\maven-repository\org\springframework\spring-jdbc\5.0.2.RELEASE\spring-jdbc-5.0.2.RELEASE.jar;E:\maven-repository\org\springframework\spring-beans\5.0.2.RELEASE\spring-beans-5.0.2.RELEASE.jar;E:\maven-repository\org\springframework\spring-core\5.0.2.RELEASE\spring-core-5.0.2.RELEASE.jar;E:\maven-repository\org\springframework\spring-jcl\5.0.2.RELEASE\spring-jcl-5.0.2.RELEASE.jar;E:\maven-repository\org\springframework\spring-test\5.0.2.RELEASE\spring-test-5.0.2.RELEASE.jar;E:\maven-repository\org\springframework\spring-webmvc\5.0.2.RELEASE\spring-webmvc-5.0.2.RELEASE.jar;E:\maven-repository\org\springframework\spring-tx\5.0.2.RELEASE\spring-tx-5.0.2.RELEASE.jar;E:\maven-repository\javax\servlet\javax.servlet-api\3.1.0\javax.servlet-api-3.1.0.jar;E:\maven-repository\javax\servlet\jsp\jsp-api\2.0\jsp-api-2.0.jar;E:\maven-repository\jstl\jstl\1.2\jstl-1.2.jar;E:\maven-repository\log4j\log4j\1.2.12\log4j-1.2.12.jar;E:\maven-repository\org\slf4j\slf4j-api\1.6.6\slf4j-api-1.6.6.jar;E:\maven-repository\org\slf4j\slf4j-log4j12\1.6.6\slf4j-log4j12-1.6.6.jar;E:\maven-repository\org\mybatis\mybatis\3.4.5\mybatis-3.4.5.jar;E:\maven-repository\org\mybatis\mybatis-spring\1.3.0\mybatis-spring-1.3.0.jar;E:\maven-repository\c3p0\c3p0\0.9.1.2\c3p0-0.9.1.2.jar;E:\maven-repository\mysql\mysql-connector-java\5.1.6\mysql-connector-java-5.1.6.jar;E:\maven-repository\javax\annotation\jsr250-api\1.0\jsr250-api-1.0.jar;E:\maven-repository\org\projectlombok\lombok\1.16.16\lombok-1.16.16.jar;, user.name=xm, java.vm.specification.version=1.8, sun.java.command=C:\Users\xm\AppData\Local\Temp\surefire7497552715305907156\surefirebooter6811015789613867580.jar C:\Users\xm\AppData\Local\Temp\surefire7497552715305907156 2020-04-25T21-46-33_033-jvmRun1 surefire7780568927660488430tmp surefire_03629623413987528247tmp, java.home=C:\Program Files\Java\jdk1.8.0_131\jre, sun.arch.data.model=64, user.language=zh, java.specification.vendor=Oracle Corporation, awt.toolkit=sun.awt.windows.WToolkit, java.vm.info=mixed mode, java.version=1.8.0_131, java.ext.dirs=C:\Program Files\Java\jdk1.8.0_131\jre\lib\ext;C:\Windows\Sun\Java\lib\ext, sun.boot.class.path=C:\Program Files\Java\jdk1.8.0_131\jre\lib\resources.jar;C:\Program Files\Java\jdk1.8.0_131\jre\lib\rt.jar;C:\Program Files\Java\jdk1.8.0_131\jre\lib\sunrsasign.jar;C:\Program Files\Java\jdk1.8.0_131\jre\lib\jsse.jar;C:\Program Files\Java\jdk1.8.0_131\jre\lib\jce.jar;C:\Program Files\Java\jdk1.8.0_131\jre\lib\charsets.jar;C:\Program Files\Java\jdk1.8.0_131\jre\lib\jfr.jar;C:\Program Files\Java\jdk1.8.0_131\jre\classes, java.vendor=Oracle Corporation, localRepository=E:\maven-repository, file.separator=\, java.vendor.url.bug=http://bugreport.sun.com/bugreport/, sun.io.unicode.encoding=UnicodeLittle, sun.cpu.endian=little, sun.desktop=windows, sun.cpu.isalist=amd64}}, SystemEnvironmentPropertySource@1169146729 {name='systemEnvironment', properties={PATH=D:\MyProgram\orcl\bin;D:\MyProgram\Anaconda3;D:\MyProgram\Anaconda3\Library\mingw-w64\bin;D:\MyProgram\Anaconda3\Library\usr\bin;D:\MyProgram\Anaconda3\Library\bin;D:\MyProgram\Anaconda3\Scripts;C:\ProgramData\Oracle\Java\javapath;C:\Windows\system32;C:\Windows;C:\Windows\System32\Wbem;C:\Windows\System32\WindowsPowerShell\v1.0\;C:\Windows\System32\OpenSSH\;C:\Program Files\Java\jdk1.8.0_131\bin;C:\Program Files\Java\jdk1.8.0_131\jre\bin;C:\Program Files (x86)\MySQL\MySQL Server 5.5\bin;D:\MyProgram\Git\cmd;D:\Maven\bin\;D:\MyProgram\redis-2.8.9;D:\Maven_V_354\apache-maven-3.5.4\bin\;D:\MyProgram\nodejs\;D:\MyProgram\nodejs\npm_modules\;D:\MyProgram\erl10.4\bin;D:\MyProgram\ffmpeg\bin\;D:\MyProgram\OpenSSL-Win64\bin\;D:\MyProgram\Ruby25-x64\bin;C:\Users\xm\AppData\Local\Microsoft\WindowsApps;;D:\MyProgram\JetBrains\IntelliJ IDEA 2019.3.3\bin;;D:\MyProgram\Microsoft VS Code\bin;D:\MyProgram\JetBrains\PyCharm 2019.3.3\bin;;D:\MyProgram\JetBrains\WebStorm 2019.3.3\bin;;C:\Users\xm\AppData\Roaming\npm, USERDOMAIN_ROAMINGPROFILE=DESKTOP-9ENUAHE, PROCESSOR_LEVEL=23, SYSTEMDRIVE=C:, SESSIONNAME=Console, ALLUSERSPROFILE=C:\ProgramData, PROCESSOR_ARCHITECTURE=AMD64, DRIVERDATA=C:\Windows\System32\Drivers\DriverData, MAVEN_HOME=D:\Maven, PROGRAMFILES=C:\Program Files, PSMODULEPATH=C:\Program Files\WindowsPowerShell\Modules;C:\Windows\system32\WindowsPowerShell\v1.0\Modules, PROGRAMDATA=C:\ProgramData, USERNAME=xm, FPS_BROWSER_USER_PROFILE_STRING=Default, ONEDRIVE=C:\Users\xm\OneDrive, PATHEXT=.COM;.EXE;.BAT;.CMD;.VBS;.VBE;.JS;.JSE;.WSF;.WSH;.MSC;.RB;.RBW, MAVEN_HOME2=D:\Maven_V_354\apache-maven-3.5.4, WINDIR=C:\Windows, HOMEPATH=\Users\xm, PROCESSOR_IDENTIFIER=AMD64 Family 23 Model 8 Stepping 2, AuthenticAMD, PUBLIC=C:\Users\Public, =::=::\, LOCALAPPDATA=C:\Users\xm\AppData\Local, COMMONPROGRAMFILES(X86)=C:\Program Files (x86)\Common Files, USERDOMAIN=DESKTOP-9ENUAHE, FPS_BROWSER_APP_PROFILE_STRING=Internet Explorer, LOGONSERVER=\\DESKTOP-9ENUAHE, JAVA_HOME=C:\Program Files\Java\jdk1.8.0_131, PROMPT=$P$G, PROGRAMFILES(X86)=C:\Program Files (x86), INTELLIJ IDEA=D:\MyProgram\JetBrains\IntelliJ IDEA 2019.3.3\bin;, ERLANG_HOME=D:\MyProgram\erl10.4, APPDATA=C:\Users\xm\AppData\Roaming, PROGRAMW6432=C:\Program Files, SYSTEMROOT=C:\Windows, PERL5LIB=D:\MyProgram\orcl\perl\5.8.3\lib\MSWin32-x86;D:\MyProgram\orcl\perl\5.8.3\lib;D:\MyProgram\orcl\perl\5.8.3\lib\MSWin32-x86;D:\MyProgram\orcl\perl\site\5.8.3;D:\MyProgram\orcl\perl\site\5.8.3\lib;D:\MyProgram\orcl\sysman\admin\scripts;, OS=Windows_NT, COMMONPROGRAMW6432=C:\Program Files\Common Files, COMPUTERNAME=DESKTOP-9ENUAHE, COMMONPROGRAMFILES=C:\Program Files\Common Files, COMSPEC=C:\Windows\system32\cmd.exe, CATALINA_HOME=D:\MyProgram\Tomcat\apache-tomcat-7.0.100, PROCESSOR_REVISION=0802, CLASSPATH=.;C:\Program Files\Java\jdk1.8.0_131\lib;C:\Program Files\Java\jdk1.8.0_131\lib\tools.jar, PYCHARM=D:\MyProgram\JetBrains\PyCharm 2019.3.3\bin;, RUBYOPT=-Eutf-8, =D:=D:\Code\IdeaProjects\manageSystem-ssm\ms-ssm-web, TEMP=C:\Users\xm\AppData\Local\Temp, HOMEDRIVE=C:, USERPROFILE=C:\Users\xm, TMP=C:\Users\xm\AppData\Local\Temp, WEBSTORM=D:\MyProgram\JetBrains\WebStorm 2019.3.3\bin;, NUMBER_OF_PROCESSORS=12, IDEA_INITIAL_DIRECTORY=C:\Users\xm\Desktop}}]
2020-04-25 21:46:33,857 117    [           main] INFO  ry.xml.XmlBeanDefinitionReader  - Loading XML bean definitions from class path resource [applicationContext.xml]
2020-04-25 21:46:33,873 133    [           main] DEBUG tory.xml.DefaultDocumentLoader  - Using JAXP provider [com.sun.org.apache.xerces.internal.jaxp.DocumentBuilderFactoryImpl]
2020-04-25 21:46:33,898 158    [           main] DEBUG ry.xml.PluggableSchemaResolver  - Loading schema mappings from [META-INF/spring.schemas]
2020-04-25 21:46:33,900 160    [           main] DEBUG ry.xml.PluggableSchemaResolver  - Loaded schema mappings: {http://www.springframework.org/schema/tx/spring-tx-4.3.xsd=org/springframework/transaction/config/spring-tx.xsd, http://www.springframework.org/schema/tx/spring-tx-2.5.xsd=org/springframework/transaction/config/spring-tx.xsd, http://www.springframework.org/schema/cache/spring-cache-4.2.xsd=org/springframework/cache/config/spring-cache.xsd, http://www.springframework.org/schema/aop/spring-aop-4.1.xsd=org/springframework/aop/config/spring-aop.xsd, http://www.springframework.org/schema/context/spring-context-3.1.xsd=org/springframework/context/config/spring-context.xsd, http://www.springframework.org/schema/jdbc/spring-jdbc-4.1.xsd=org/springframework/jdbc/config/spring-jdbc.xsd, http://www.springframework.org/schema/mvc/spring-mvc-4.1.xsd=org/springframework/web/servlet/config/spring-mvc.xsd, http://www.springframework.org/schema/util/spring-util-3.0.xsd=org/springframework/beans/factory/xml/spring-util.xsd, http://www.springframework.org/schema/security/spring-security-3.0.3.xsd=org/springframework/security/config/spring-security-3.0.3.xsd, http://mybatis.org/schema/mybatis-spring-1.2.xsd=org/mybatis/spring/config/mybatis-spring-1.2.xsd, http://www.springframework.org/schema/tool/spring-tool.xsd=org/springframework/beans/factory/xml/spring-tool.xsd, http://www.springframework.org/schema/aop/spring-aop-3.2.xsd=org/springframework/aop/config/spring-aop.xsd, http://www.springframework.org/schema/security/spring-security-2.0.1.xsd=org/springframework/security/config/spring-security-2.0.1.xsd, http://www.springframework.org/schema/lang/spring-lang-4.1.xsd=org/springframework/scripting/config/spring-lang.xsd, http://www.springframework.org/schema/context/spring-context-4.0.xsd=org/springframework/context/config/spring-context.xsd, http://www.springframework.org/schema/mvc/spring-mvc-3.2.xsd=org/springframework/web/servlet/config/spring-mvc.xsd, http://www.springframework.org/schema/beans/spring-beans-4.2.xsd=org/springframework/beans/factory/xml/spring-beans.xsd, http://www.springframework.org/schema/tool/spring-tool-4.1.xsd=org/springframework/beans/factory/xml/spring-tool.xsd, http://www.springframework.org/schema/lang/spring-lang-3.2.xsd=org/springframework/scripting/config/spring-lang.xsd, http://www.springframework.org/schema/cache/spring-cache-3.2.xsd=org/springframework/cache/config/spring-cache.xsd, http://www.springframework.org/schema/jee/spring-jee-4.1.xsd=org/springframework/ejb/config/spring-jee.xsd, http://www.springframework.org/schema/jdbc/spring-jdbc-3.1.xsd=org/springframework/jdbc/config/spring-jdbc.xsd, http://www.springframework.org/schema/util/spring-util-2.0.xsd=org/springframework/beans/factory/xml/spring-util.xsd, http://www.springframework.org/schema/task/spring-task-4.2.xsd=org/springframework/scheduling/config/spring-task.xsd, http://www.springframework.org/schema/tool/spring-tool-3.2.xsd=org/springframework/beans/factory/xml/spring-tool.xsd, http://www.springframework.org/schema/context/spring-context.xsd=org/springframework/context/config/spring-context.xsd, http://www.springframework.org/schema/tx/spring-tx-4.2.xsd=org/springframework/transaction/config/spring-tx.xsd, http://www.springframework.org/schema/cache/spring-cache-4.1.xsd=org/springframework/cache/config/spring-cache.xsd, http://www.springframework.org/schema/aop/spring-aop-4.0.xsd=org/springframework/aop/config/spring-aop.xsd, http://www.springframework.org/schema/security/spring-security-2.0.xsd=org/springframework/security/config/spring-security-2.0.xsd, http://www.springframework.org/schema/jee/spring-jee-3.2.xsd=org/springframework/ejb/config/spring-jee.xsd, http://www.springframework.org/schema/context/spring-context-3.0.xsd=org/springframework/context/config/spring-context.xsd, http://www.springframework.org/schema/jdbc/spring-jdbc-4.0.xsd=org/springframework/jdbc/config/spring-jdbc.xsd, http://www.springframework.org/schema/mvc/spring-mvc-4.0.xsd=org/springframework/web/servlet/config/spring-mvc.xsd, http://www.springframework.org/schema/util/spring-util-4.3.xsd=org/springframework/beans/factory/xml/spring-util.xsd, http://www.springframework.org/schema/util/spring-util-2.5.xsd=org/springframework/beans/factory/xml/spring-util.xsd, http://www.springframework.org/schema/beans/spring-beans-3.2.xsd=org/springframework/beans/factory/xml/spring-beans.xsd, http://www.springframework.org/schema/aop/spring-aop-3.1.xsd=org/springframework/aop/config/spring-aop.xsd, http://www.springframework.org/schema/lang/spring-lang-4.0.xsd=org/springframework/scripting/config/spring-lang.xsd, http://www.springframework.org/schema/mvc/spring-mvc.xsd=org/springframework/web/servlet/config/spring-mvc.xsd, http://www.springframework.org/schema/mvc/spring-mvc-3.1.xsd=org/springframework/web/servlet/config/spring-mvc.xsd, http://www.springframework.org/schema/beans/spring-beans-4.1.xsd=org/springframework/beans/factory/xml/spring-beans.xsd, http://www.springframework.org/schema/tool/spring-tool-4.0.xsd=org/springframework/beans/factory/xml/spring-tool.xsd, http://www.springframework.org/schema/tx/spring-tx-3.2.xsd=org/springframework/transaction/config/spring-tx.xsd, http://www.springframework.org/schema/lang/spring-lang-3.1.xsd=org/springframework/scripting/config/spring-lang.xsd, http://www.springframework.org/schema/cache/spring-cache-3.1.xsd=org/springframework/cache/config/spring-cache.xsd, http://www.springframework.org/schema/jee/spring-jee-4.0.xsd=org/springframework/ejb/config/spring-jee.xsd, http://www.springframework.org/schema/jdbc/spring-jdbc-3.0.xsd=org/springframework/jdbc/config/spring-jdbc.xsd, http://www.springframework.org/schema/task/spring-task-4.1.xsd=org/springframework/scheduling/config/spring-task.xsd, http://www.springframework.org/schema/tool/spring-tool-3.1.xsd=org/springframework/beans/factory/xml/spring-tool.xsd, http://www.springframework.org/schema/jdbc/spring-jdbc.xsd=org/springframework/jdbc/config/spring-jdbc.xsd, http://www.springframework.org/schema/tx/spring-tx-4.1.xsd=org/springframework/transaction/config/spring-tx.xsd, http://www.springframework.org/schema/cache/spring-cache-4.0.xsd=org/springframework/cache/config/spring-cache.xsd, http://www.springframework.org/schema/jee/spring-jee-3.1.xsd=org/springframework/ejb/config/spring-jee.xsd, http://www.springframework.org/schema/util/spring-util-4.2.xsd=org/springframework/beans/factory/xml/spring-util.xsd, http://www.springframework.org/schema/task/spring-task-3.2.xsd=org/springframework/scheduling/config/spring-task.xsd, http://www.springframework.org/schema/beans/spring-beans-3.1.xsd=org/springframework/beans/factory/xml/spring-beans.xsd, http://www.springframework.org/schema/util/spring-util.xsd=org/springframework/beans/factory/xml/spring-util.xsd, http://www.springframework.org/schema/aop/spring-aop-3.0.xsd=org/springframework/aop/config/spring-aop.xsd, http://www.springframework.org/schema/security/spring-security-4.2.xsd=org/springframework/security/config/spring-security-4.2.xsd, http://www.springframework.org/schema/mvc/spring-mvc-3.0.xsd=org/springframework/web/servlet/config/spring-mvc.xsd, http://www.springframework.org/schema/beans/spring-beans-4.0.xsd=org/springframework/beans/factory/xml/spring-beans.xsd, http://www.springframework.org/schema/beans/spring-beans.xsd=org/springframework/beans/factory/xml/spring-beans.xsd, http://www.springframework.org/schema/security/spring-security-2.0.4.xsd=org/springframework/security/config/spring-security-2.0.4.xsd, http://mybatis.org/schema/mybatis-spring.xsd=org/mybatis/spring/config/mybatis-spring-1.2.xsd, http://www.springframework.org/schema/tx/spring-tx-3.1.xsd=org/springframework/transaction/config/spring-tx.xsd, http://www.springframework.org/schema/lang/spring-lang-3.0.xsd=org/springframework/scripting/config/spring-lang.xsd, http://www.springframework.org/schema/context/spring-context-2.5.xsd=org/springframework/context/config/spring-context.xsd, http://www.springframework.org/schema/context/spring-context-4.3.xsd=org/springframework/context/config/spring-context.xsd, http://www.springframework.org/schema/task/spring-task-4.0.xsd=org/springframework/scheduling/config/spring-task.xsd, http://www.springframework.org/schema/tool/spring-tool-3.0.xsd=org/springframework/beans/factory/xml/spring-tool.xsd, http://www.springframework.org/schema/tx/spring-tx-4.0.xsd=org/springframework/transaction/config/spring-tx.xsd, http://www.springframework.org/schema/aop/spring-aop-2.0.xsd=org/springframework/aop/config/spring-aop.xsd, http://www.springframework.org/schema/security/spring-security-3.2.xsd=org/springframework/security/config/spring-security-3.2.xsd, http://www.springframework.org/schema/jee/spring-jee-3.0.xsd=org/springframework/ejb/config/spring-jee.xsd, http://www.springframework.org/schema/util/spring-util-4.1.xsd=org/springframework/beans/factory/xml/spring-util.xsd, http://www.springframework.org/schema/task/spring-task-3.1.xsd=org/springframework/scheduling/config/spring-task.xsd, http://www.springframework.org/schema/beans/spring-beans-3.0.xsd=org/springframework/beans/factory/xml/spring-beans.xsd, http://www.springframework.org/schema/jee/spring-jee.xsd=org/springframework/ejb/config/spring-jee.xsd, http://www.springframework.org/schema/aop/spring-aop-2.5.xsd=org/springframework/aop/config/spring-aop.xsd, http://www.springframework.org/schema/aop/spring-aop-4.3.xsd=org/springframework/aop/config/spring-aop.xsd, http://www.springframework.org/schema/lang/spring-lang-2.0.xsd=org/springframework/scripting/config/spring-lang.xsd, http://www.springframework.org/schema/security/spring-security-4.1.xsd=org/springframework/security/config/spring-security-4.1.xsd, http://www.springframework.org/schema/jdbc/spring-jdbc-4.3.xsd=org/springframework/jdbc/config/spring-jdbc.xsd, http://www.springframework.org/schema/mvc/spring-mvc-4.3.xsd=org/springframework/web/servlet/config/spring-mvc.xsd, http://www.springframework.org/schema/util/spring-util-3.2.xsd=org/springframework/beans/factory/xml/spring-util.xsd, http://www.springframework.org/schema/task/spring-task.xsd=org/springframework/scheduling/config/spring-task.xsd, http://www.springframework.org/schema/tool/spring-tool-2.0.xsd=org/springframework/beans/factory/xml/spring-tool.xsd, http://www.springframework.org/schema/tx/spring-tx-3.0.xsd=org/springframework/transaction/config/spring-tx.xsd, http://www.springframework.org/schema/lang/spring-lang-2.5.xsd=org/springframework/scripting/config/spring-lang.xsd, http://www.springframework.org/schema/security/spring-security-5.0.xsd=org/springframework/security/config/spring-security-5.0.xsd, http://www.springframework.org/schema/lang/spring-lang-4.3.xsd=org/springframework/scripting/config/spring-lang.xsd, http://www.springframework.org/schema/context/spring-context-4.2.xsd=org/springframework/context/config/spring-context.xsd, http://www.springframework.org/schema/jee/spring-jee-2.0.xsd=org/springframework/ejb/config/spring-jee.xsd, http://www.springframework.org/schema/tool/spring-tool-4.3.xsd=org/springframework/beans/factory/xml/spring-tool.xsd, http://www.springframework.org/schema/tool/spring-tool-2.5.xsd=org/springframework/beans/factory/xml/spring-tool.xsd, http://www.springframework.org/schema/jee/spring-jee-4.3.xsd=org/springframework/ejb/config/spring-jee.xsd, http://www.springframework.org/schema/jee/spring-jee-2.5.xsd=org/springframework/ejb/config/spring-jee.xsd, http://www.springframework.org/schema/security/spring-security-3.1.xsd=org/springframework/security/config/spring-security-3.1.xsd, http://www.springframework.org/schema/util/spring-util-4.0.xsd=org/springframework/beans/factory/xml/spring-util.xsd, http://www.springframework.org/schema/task/spring-task-3.0.xsd=org/springframework/scheduling/config/spring-task.xsd, http://www.springframework.org/schema/cache/spring-cache-4.3.xsd=org/springframework/cache/config/spring-cache.xsd, http://www.springframework.org/schema/aop/spring-aop-4.2.xsd=org/springframework/aop/config/spring-aop.xsd, http://www.springframework.org/schema/security/spring-security-4.0.xsd=org/springframework/security/config/spring-security-4.0.xsd, http://www.springframework.org/schema/lang/spring-lang.xsd=org/springframework/scripting/config/spring-lang.xsd, http://www.springframework.org/schema/context/spring-context-3.2.xsd=org/springframework/context/config/spring-context.xsd, http://www.springframework.org/schema/jdbc/spring-jdbc-4.2.xsd=org/springframework/jdbc/config/spring-jdbc.xsd, http://www.springframework.org/schema/mvc/spring-mvc-4.2.xsd=org/springframework/web/servlet/config/spring-mvc.xsd, http://www.springframework.org/schema/util/spring-util-3.1.xsd=org/springframework/beans/factory/xml/spring-util.xsd, http://www.springframework.org/schema/beans/spring-beans-2.0.xsd=org/springframework/beans/factory/xml/spring-beans.xsd, http://www.springframework.org/schema/cache/spring-cache.xsd=org/springframework/cache/config/spring-cache.xsd, http://www.springframework.org/schema/tx/spring-tx.xsd=org/springframework/transaction/config/spring-tx.xsd, http://www.springframework.org/schema/security/spring-security-2.0.2.xsd=org/springframework/security/config/spring-security-2.0.2.xsd, http://www.springframework.org/schema/lang/spring-lang-4.2.xsd=org/springframework/scripting/config/spring-lang.xsd, http://www.springframework.org/schema/context/spring-context-4.1.xsd=org/springframework/context/config/spring-context.xsd, http://www.springframework.org/schema/beans/spring-beans-4.3.xsd=org/springframework/beans/factory/xml/spring-beans.xsd, http://www.springframework.org/schema/beans/spring-beans-2.5.xsd=org/springframework/beans/factory/xml/spring-beans.xsd, http://www.springframework.org/schema/tool/spring-tool-4.2.xsd=org/springframework/beans/factory/xml/spring-tool.xsd, http://www.springframework.org/schema/tx/spring-tx-2.0.xsd=org/springframework/transaction/config/spring-tx.xsd, http://www.springframework.org/schema/security/spring-security.xsd=org/springframework/security/config/spring-security-5.0.xsd, http://www.springframework.org/schema/security/spring-security-3.0.xsd=org/springframework/security/config/spring-security-3.0.xsd, http://www.springframework.org/schema/jee/spring-jee-4.2.xsd=org/springframework/ejb/config/spring-jee.xsd, http://www.springframework.org/schema/jdbc/spring-jdbc-3.2.xsd=org/springframework/jdbc/config/spring-jdbc.xsd, http://www.springframework.org/schema/task/spring-task-4.3.xsd=org/springframework/scheduling/config/spring-task.xsd, http://www.springframework.org/schema/aop/spring-aop.xsd=org/springframework/aop/config/spring-aop.xsd}
2020-04-25 21:46:33,903 163    [           main] DEBUG ry.xml.PluggableSchemaResolver  - Found XML schema [http://www.springframework.org/schema/beans/spring-beans.xsd] in classpath: org/springframework/beans/factory/xml/spring-beans.xsd
2020-04-25 21:46:33,937 197    [           main] DEBUG ry.xml.PluggableSchemaResolver  - Found XML schema [http://www.springframework.org/schema/context/spring-context.xsd] in classpath: org/springframework/context/config/spring-context.xsd
2020-04-25 21:46:33,943 203    [           main] DEBUG ry.xml.PluggableSchemaResolver  - Found XML schema [http://www.springframework.org/schema/tool/spring-tool.xsd] in classpath: org/springframework/beans/factory/xml/spring-tool.xsd
2020-04-25 21:46:33,950 210    [           main] DEBUG ry.xml.PluggableSchemaResolver  - Found XML schema [http://www.springframework.org/schema/tx/spring-tx.xsd] in classpath: org/springframework/transaction/config/spring-tx.xsd
2020-04-25 21:46:33,955 215    [           main] DEBUG ltBeanDefinitionDocumentReader  - Loading bean definitions
2020-04-25 21:46:33,963 223    [           main] DEBUG efaultNamespaceHandlerResolver  - Loaded NamespaceHandler mappings: {http://www.springframework.org/schema/p=org.springframework.beans.factory.xml.SimplePropertyNamespaceHandler, http://www.springframework.org/schema/mvc=org.springframework.web.servlet.config.MvcNamespaceHandler, http://www.springframework.org/schema/util=org.springframework.beans.factory.xml.UtilNamespaceHandler, http://www.springframework.org/schema/jee=org.springframework.ejb.config.JeeNamespaceHandler, http://www.springframework.org/schema/aop=org.springframework.aop.config.AopNamespaceHandler, http://www.springframework.org/schema/jdbc=org.springframework.jdbc.config.JdbcNamespaceHandler, http://www.springframework.org/schema/cache=org.springframework.cache.config.CacheNamespaceHandler, http://mybatis.org/schema/mybatis-spring=org.mybatis.spring.config.NamespaceHandler, http://www.springframework.org/schema/c=org.springframework.beans.factory.xml.SimpleConstructorNamespaceHandler, http://www.springframework.org/schema/security=org.springframework.security.config.SecurityNamespaceHandler, http://www.springframework.org/schema/tx=org.springframework.transaction.config.TxNamespaceHandler, http://www.springframework.org/schema/task=org.springframework.scheduling.config.TaskNamespaceHandler, http://www.springframework.org/schema/lang=org.springframework.scripting.config.LangNamespaceHandler, http://www.springframework.org/schema/context=org.springframework.context.config.ContextNamespaceHandler}
2020-04-25 21:46:33,982 242    [           main] DEBUG ClassPathBeanDefinitionScanner  - JSR-250 'javax.annotation.ManagedBean' found and supported for component scanning
2020-04-25 21:46:33,985 245    [           main] DEBUG atchingResourcePatternResolver  - Resolved classpath location [com/xumeng/service/] to resources [URL [jar:file:/D:/Code/IdeaProjects/manageSystem-ssm/ms-ssm-service/target/ms-ssm-service-1.0-SNAPSHOT.jar!/com/xumeng/service/]]
2020-04-25 21:46:33,985 245    [           main] DEBUG atchingResourcePatternResolver  - Looking for matching resources in jar file [file:/D:/Code/IdeaProjects/manageSystem-ssm/ms-ssm-service/target/ms-ssm-service-1.0-SNAPSHOT.jar]
2020-04-25 21:46:33,988 248    [           main] DEBUG atchingResourcePatternResolver  - Resolved location pattern [classpath*:com/xumeng/service/**/*.class] to resources [URL [jar:file:/D:/Code/IdeaProjects/manageSystem-ssm/ms-ssm-service/target/ms-ssm-service-1.0-SNAPSHOT.jar!/com/xumeng/service/IMemberService.class], URL [jar:file:/D:/Code/IdeaProjects/manageSystem-ssm/ms-ssm-service/target/ms-ssm-service-1.0-SNAPSHOT.jar!/com/xumeng/service/impl/MemberServiceImpl.class], URL [jar:file:/D:/Code/IdeaProjects/manageSystem-ssm/ms-ssm-service/target/ms-ssm-service-1.0-SNAPSHOT.jar!/com/xumeng/service/impl/OrderServiceImpl.class], URL [jar:file:/D:/Code/IdeaProjects/manageSystem-ssm/ms-ssm-service/target/ms-ssm-service-1.0-SNAPSHOT.jar!/com/xumeng/service/impl/PermissionServiceImpl.class], URL [jar:file:/D:/Code/IdeaProjects/manageSystem-ssm/ms-ssm-service/target/ms-ssm-service-1.0-SNAPSHOT.jar!/com/xumeng/service/impl/ProductServiceImpl.class], URL [jar:file:/D:/Code/IdeaProjects/manageSystem-ssm/ms-ssm-service/target/ms-ssm-service-1.0-SNAPSHOT.jar!/com/xumeng/service/impl/TravellerServiceImpl.class], URL [jar:file:/D:/Code/IdeaProjects/manageSystem-ssm/ms-ssm-service/target/ms-ssm-service-1.0-SNAPSHOT.jar!/com/xumeng/service/impl/UserServiceImpl.class], URL [jar:file:/D:/Code/IdeaProjects/manageSystem-ssm/ms-ssm-service/target/ms-ssm-service-1.0-SNAPSHOT.jar!/com/xumeng/service/IOrderService.class], URL [jar:file:/D:/Code/IdeaProjects/manageSystem-ssm/ms-ssm-service/target/ms-ssm-service-1.0-SNAPSHOT.jar!/com/xumeng/service/IPermissionService.class], URL [jar:file:/D:/Code/IdeaProjects/manageSystem-ssm/ms-ssm-service/target/ms-ssm-service-1.0-SNAPSHOT.jar!/com/xumeng/service/IProductService.class], URL [jar:file:/D:/Code/IdeaProjects/manageSystem-ssm/ms-ssm-service/target/ms-ssm-service-1.0-SNAPSHOT.jar!/com/xumeng/service/ITravellerService.class], URL [jar:file:/D:/Code/IdeaProjects/manageSystem-ssm/ms-ssm-service/target/ms-ssm-service-1.0-SNAPSHOT.jar!/com/xumeng/service/IUserService.class]]
2020-04-25 21:46:34,004 264    [           main] DEBUG ClassPathBeanDefinitionScanner  - Identified candidate component class: URL [jar:file:/D:/Code/IdeaProjects/manageSystem-ssm/ms-ssm-service/target/ms-ssm-service-1.0-SNAPSHOT.jar!/com/xumeng/service/impl/MemberServiceImpl.class]
2020-04-25 21:46:34,005 265    [           main] DEBUG ClassPathBeanDefinitionScanner  - Identified candidate component class: URL [jar:file:/D:/Code/IdeaProjects/manageSystem-ssm/ms-ssm-service/target/ms-ssm-service-1.0-SNAPSHOT.jar!/com/xumeng/service/impl/OrderServiceImpl.class]
2020-04-25 21:46:34,005 265    [           main] DEBUG ClassPathBeanDefinitionScanner  - Identified candidate component class: URL [jar:file:/D:/Code/IdeaProjects/manageSystem-ssm/ms-ssm-service/target/ms-ssm-service-1.0-SNAPSHOT.jar!/com/xumeng/service/impl/PermissionServiceImpl.class]
2020-04-25 21:46:34,007 267    [           main] DEBUG ClassPathBeanDefinitionScanner  - Identified candidate component class: URL [jar:file:/D:/Code/IdeaProjects/manageSystem-ssm/ms-ssm-service/target/ms-ssm-service-1.0-SNAPSHOT.jar!/com/xumeng/service/impl/ProductServiceImpl.class]
2020-04-25 21:46:34,008 268    [           main] DEBUG ClassPathBeanDefinitionScanner  - Identified candidate component class: URL [jar:file:/D:/Code/IdeaProjects/manageSystem-ssm/ms-ssm-service/target/ms-ssm-service-1.0-SNAPSHOT.jar!/com/xumeng/service/impl/TravellerServiceImpl.class]
2020-04-25 21:46:34,008 268    [           main] DEBUG ClassPathBeanDefinitionScanner  - Identified candidate component class: URL [jar:file:/D:/Code/IdeaProjects/manageSystem-ssm/ms-ssm-service/target/ms-ssm-service-1.0-SNAPSHOT.jar!/com/xumeng/service/impl/UserServiceImpl.class]
2020-04-25 21:46:34,022 282    [           main] DEBUG ClassPathBeanDefinitionScanner  - JSR-250 'javax.annotation.ManagedBean' found and supported for component scanning
2020-04-25 21:46:34,022 282    [           main] DEBUG atchingResourcePatternResolver  - Resolved classpath location [com/xumeng/dao/] to resources [URL [jar:file:/D:/Code/IdeaProjects/manageSystem-ssm/ms-ssm-dao/target/ms-ssm-dao-1.0-SNAPSHOT.jar!/com/xumeng/dao/]]
2020-04-25 21:46:34,022 282    [           main] DEBUG atchingResourcePatternResolver  - Looking for matching resources in jar file [file:/D:/Code/IdeaProjects/manageSystem-ssm/ms-ssm-dao/target/ms-ssm-dao-1.0-SNAPSHOT.jar]
2020-04-25 21:46:34,023 283    [           main] DEBUG atchingResourcePatternResolver  - Resolved location pattern [classpath*:com/xumeng/dao/**/*.class] to resources [URL [jar:file:/D:/Code/IdeaProjects/manageSystem-ssm/ms-ssm-dao/target/ms-ssm-dao-1.0-SNAPSHOT.jar!/com/xumeng/dao/IMemberDao.class], URL [jar:file:/D:/Code/IdeaProjects/manageSystem-ssm/ms-ssm-dao/target/ms-ssm-dao-1.0-SNAPSHOT.jar!/com/xumeng/dao/IOrderDao.class], URL [jar:file:/D:/Code/IdeaProjects/manageSystem-ssm/ms-ssm-dao/target/ms-ssm-dao-1.0-SNAPSHOT.jar!/com/xumeng/dao/IPermissionDao.class], URL [jar:file:/D:/Code/IdeaProjects/manageSystem-ssm/ms-ssm-dao/target/ms-ssm-dao-1.0-SNAPSHOT.jar!/com/xumeng/dao/IProductDao.class], URL [jar:file:/D:/Code/IdeaProjects/manageSystem-ssm/ms-ssm-dao/target/ms-ssm-dao-1.0-SNAPSHOT.jar!/com/xumeng/dao/IRoleDao.class], URL [jar:file:/D:/Code/IdeaProjects/manageSystem-ssm/ms-ssm-dao/target/ms-ssm-dao-1.0-SNAPSHOT.jar!/com/xumeng/dao/ITravellerDao.class], URL [jar:file:/D:/Code/IdeaProjects/manageSystem-ssm/ms-ssm-dao/target/ms-ssm-dao-1.0-SNAPSHOT.jar!/com/xumeng/dao/IUserDao.class]]
2020-04-25 21:46:34,030 290    [           main] DEBUG l.BeanDefinitionParserDelegate  - Neither XML 'id' nor 'name' specified - using generated bean name [com.github.pagehelper.PageInterceptor#3e2e18f2]
2020-04-25 21:46:34,037 297    [           main] DEBUG ry.xml.XmlBeanDefinitionReader  - Loaded 22 bean definitions from location pattern [classpath:applicationContext.xml]
2020-04-25 21:46:34,039 299    [           main] INFO  port.GenericApplicationContext  - Refreshing org.springframework.context.support.GenericApplicationContext@6eceb130: startup date [Sat Apr 25 21:46:34 CST 2020]; root of context hierarchy
2020-04-25 21:46:34,040 300    [           main] DEBUG port.GenericApplicationContext  - Bean factory for org.springframework.context.support.GenericApplicationContext@6eceb130: org.springframework.beans.factory.support.DefaultListableBeanFactory@4facf68f: defining beans [memberServiceImpl,orderServiceImpl,permissionServiceImpl,productServiceImpl,travellerServiceImpl,userService,org.springframework.context.annotation.internalConfigurationAnnotationProcessor,org.springframework.context.annotation.internalAutowiredAnnotationProcessor,org.springframework.context.annotation.internalRequiredAnnotationProcessor,org.springframework.context.annotation.internalCommonAnnotationProcessor,org.springframework.context.event.internalEventListenerProcessor,org.springframework.context.event.internalEventListenerFactory,org.springframework.context.support.PropertySourcesPlaceholderConfigurer#0,dataSource,sqlSessionFactory,mapperScanner,transactionManager,org.springframework.transaction.config.internalTransactionalEventListenerFactory,org.springframework.aop.config.internalAutoProxyCreator,org.springframework.transaction.annotation.AnnotationTransactionAttributeSource#0,org.springframework.transaction.interceptor.TransactionInterceptor#0,org.springframework.transaction.config.internalTransactionAdvisor]; root of factory hierarchy
2020-04-25 21:46:34,064 324    [           main] DEBUG ort.DefaultListableBeanFactory  - Creating shared instance of singleton bean 'org.springframework.context.annotation.internalConfigurationAnnotationProcessor'
2020-04-25 21:46:34,064 324    [           main] DEBUG ort.DefaultListableBeanFactory  - Creating instance of bean 'org.springframework.context.annotation.internalConfigurationAnnotationProcessor'
2020-04-25 21:46:34,075 335    [           main] DEBUG ort.DefaultListableBeanFactory  - Eagerly caching bean 'org.springframework.context.annotation.internalConfigurationAnnotationProcessor' to allow for resolving potential circular references
2020-04-25 21:46:34,076 336    [           main] DEBUG ort.DefaultListableBeanFactory  - Finished creating instance of bean 'org.springframework.context.annotation.internalConfigurationAnnotationProcessor'
2020-04-25 21:46:34,114 374    [           main] DEBUG ort.DefaultListableBeanFactory  - Creating shared instance of singleton bean 'mapperScanner'
2020-04-25 21:46:34,114 374    [           main] DEBUG ort.DefaultListableBeanFactory  - Creating instance of bean 'mapperScanner'
2020-04-25 21:46:34,114 374    [           main] DEBUG ort.DefaultListableBeanFactory  - Eagerly caching bean 'mapperScanner' to allow for resolving potential circular references
2020-04-25 21:46:34,134 394    [           main] DEBUG ort.DefaultListableBeanFactory  - Invoking afterPropertiesSet() on bean with name 'mapperScanner'
2020-04-25 21:46:34,134 394    [           main] DEBUG ort.DefaultListableBeanFactory  - Finished creating instance of bean 'mapperScanner'
2020-04-25 21:46:34,135 395    [           main] DEBUG k.core.env.StandardEnvironment  - Adding PropertySource 'systemProperties' with lowest search precedence
2020-04-25 21:46:34,135 395    [           main] DEBUG k.core.env.StandardEnvironment  - Adding PropertySource 'systemEnvironment' with lowest search precedence
2020-04-25 21:46:34,135 395    [           main] DEBUG k.core.env.StandardEnvironment  - Initialized StandardEnvironment with PropertySources [MapPropertySource@1148254374 {name='systemProperties', properties={java.runtime.name=Java(TM) SE Runtime Environment, sun.boot.library.path=C:\Program Files\Java\jdk1.8.0_131\jre\bin, java.vm.version=25.131-b11, java.vm.vendor=Oracle Corporation, java.vendor.url=http://java.oracle.com/, path.separator=;, java.vm.name=Java HotSpot(TM) 64-Bit Server VM, file.encoding.pkg=sun.io, user.country=CN, user.script=, sun.java.launcher=SUN_STANDARD, sun.os.patch.level=, java.vm.specification.name=Java Virtual Machine Specification, user.dir=D:\Code\IdeaProjects\manageSystem-ssm\ms-ssm-web, java.runtime.version=1.8.0_131-b11, basedir=D:\Code\IdeaProjects\manageSystem-ssm\ms-ssm-web, java.awt.graphicsenv=sun.awt.Win32GraphicsEnvironment, java.endorsed.dirs=C:\Program Files\Java\jdk1.8.0_131\jre\lib\endorsed, os.arch=amd64, surefire.real.class.path=C:\Users\xm\AppData\Local\Temp\surefire7497552715305907156\surefirebooter6811015789613867580.jar, java.io.tmpdir=C:\Users\xm\AppData\Local\Temp\, line.separator=
, java.vm.specification.vendor=Oracle Corporation, user.variant=, os.name=Windows 10, sun.jnu.encoding=GBK, java.library.path=C:\Program Files\Java\jdk1.8.0_131\jre\bin;C:\Windows\Sun\Java\bin;C:\Windows\system32;C:\Windows;D:\MyProgram\orcl\bin;D:\MyProgram\Anaconda3;D:\MyProgram\Anaconda3\Library\mingw-w64\bin;D:\MyProgram\Anaconda3\Library\usr\bin;D:\MyProgram\Anaconda3\Library\bin;D:\MyProgram\Anaconda3\Scripts;C:\ProgramData\Oracle\Java\javapath;C:\Windows\system32;C:\Windows;C:\Windows\System32\Wbem;C:\Windows\System32\WindowsPowerShell\v1.0\;C:\Windows\System32\OpenSSH\;C:\Program Files\Java\jdk1.8.0_131\bin;C:\Program Files\Java\jdk1.8.0_131\jre\bin;C:\Program Files (x86)\MySQL\MySQL Server 5.5\bin;D:\MyProgram\Git\cmd;D:\Maven\bin\;D:\MyProgram\redis-2.8.9;D:\Maven_V_354\apache-maven-3.5.4\bin\;D:\MyProgram\nodejs\;D:\MyProgram\nodejs\npm_modules\;D:\MyProgram\erl10.4\bin;D:\MyProgram\ffmpeg\bin\;D:\MyProgram\OpenSSL-Win64\bin\;D:\MyProgram\Ruby25-x64\bin;C:\Users\xm\AppData\Local\Microsoft\WindowsApps;;D:\MyProgram\JetBrains\IntelliJ IDEA 2019.3.3\bin;;D:\MyProgram\Microsoft VS Code\bin;D:\MyProgram\JetBrains\PyCharm 2019.3.3\bin;;D:\MyProgram\JetBrains\WebStorm 2019.3.3\bin;;C:\Users\xm\AppData\Roaming\npm;., surefire.test.class.path=D:\Code\IdeaProjects\manageSystem-ssm\ms-ssm-web\target\test-classes;D:\Code\IdeaProjects\manageSystem-ssm\ms-ssm-web\target\classes;E:\maven-repository\junit\junit\4.12\junit-4.12.jar;E:\maven-repository\org\hamcrest\hamcrest-core\1.3\hamcrest-core-1.3.jar;D:\Code\IdeaProjects\manageSystem-ssm\ms-ssm-domain\target\ms-ssm-domain-1.0-SNAPSHOT.jar;D:\Code\IdeaProjects\manageSystem-ssm\ms-ssm-utils\target\ms-ssm-utils-1.0-SNAPSHOT.jar;D:\Code\IdeaProjects\manageSystem-ssm\ms-ssm-service\target\ms-ssm-service-1.0-SNAPSHOT.jar;D:\Code\IdeaProjects\manageSystem-ssm\ms-ssm-dao\target\ms-ssm-dao-1.0-SNAPSHOT.jar;E:\maven-repository\com\fasterxml\jackson\core\jackson-databind\2.9.7\jackson-databind-2.9.7.jar;E:\maven-repository\com\fasterxml\jackson\core\jackson-annotations\2.9.0\jackson-annotations-2.9.0.jar;E:\maven-repository\com\fasterxml\jackson\core\jackson-core\2.9.7\jackson-core-2.9.7.jar;E:\maven-repository\com\github\pagehelper\pagehelper\5.1.2\pagehelper-5.1.2.jar;E:\maven-repository\com\github\jsqlparser\jsqlparser\1.0\jsqlparser-1.0.jar;E:\maven-repository\javax\annotation\javax.annotation-api\1.3.1\javax.annotation-api-1.3.1.jar;E:\maven-repository\org\springframework\security\spring-security-web\5.0.1.RELEASE\spring-security-web-5.0.1.RELEASE.jar;E:\maven-repository\org\springframework\spring-expression\5.0.3.RELEASE\spring-expression-5.0.3.RELEASE.jar;E:\maven-repository\org\springframework\security\spring-security-config\5.0.1.RELEASE\spring-security-config-5.0.1.RELEASE.jar;E:\maven-repository\org\springframework\security\spring-security-core\5.0.1.RELEASE\spring-security-core-5.0.1.RELEASE.jar;E:\maven-repository\org\springframework\security\spring-security-taglibs\5.0.1.RELEASE\spring-security-taglibs-5.0.1.RELEASE.jar;E:\maven-repository\org\springframework\security\spring-security-acl\5.0.1.RELEASE\spring-security-acl-5.0.1.RELEASE.jar;E:\maven-repository\org\aspectj\aspectjweaver\1.6.8\aspectjweaver-1.6.8.jar;E:\maven-repository\org\springframework\spring-aop\5.0.2.RELEASE\spring-aop-5.0.2.RELEASE.jar;E:\maven-repository\org\springframework\spring-context\5.0.2.RELEASE\spring-context-5.0.2.RELEASE.jar;E:\maven-repository\org\springframework\spring-context-support\5.0.2.RELEASE\spring-context-support-5.0.2.RELEASE.jar;E:\maven-repository\org\springframework\spring-web\5.0.2.RELEASE\spring-web-5.0.2.RELEASE.jar;E:\maven-repository\org\springframework\spring-orm\5.0.2.RELEASE\spring-orm-5.0.2.RELEASE.jar;E:\maven-repository\org\springframework\spring-jdbc\5.0.2.RELEASE\spring-jdbc-5.0.2.RELEASE.jar;E:\maven-repository\org\springframework\spring-beans\5.0.2.RELEASE\spring-beans-5.0.2.RELEASE.jar;E:\maven-repository\org\springframework\spring-core\5.0.2.RELEASE\spring-core-5.0.2.RELEASE.jar;E:\maven-repository\org\springframework\spring-jcl\5.0.2.RELEASE\spring-jcl-5.0.2.RELEASE.jar;E:\maven-repository\org\springframework\spring-test\5.0.2.RELEASE\spring-test-5.0.2.RELEASE.jar;E:\maven-repository\org\springframework\spring-webmvc\5.0.2.RELEASE\spring-webmvc-5.0.2.RELEASE.jar;E:\maven-repository\org\springframework\spring-tx\5.0.2.RELEASE\spring-tx-5.0.2.RELEASE.jar;E:\maven-repository\javax\servlet\javax.servlet-api\3.1.0\javax.servlet-api-3.1.0.jar;E:\maven-repository\javax\servlet\jsp\jsp-api\2.0\jsp-api-2.0.jar;E:\maven-repository\jstl\jstl\1.2\jstl-1.2.jar;E:\maven-repository\log4j\log4j\1.2.12\log4j-1.2.12.jar;E:\maven-repository\org\slf4j\slf4j-api\1.6.6\slf4j-api-1.6.6.jar;E:\maven-repository\org\slf4j\slf4j-log4j12\1.6.6\slf4j-log4j12-1.6.6.jar;E:\maven-repository\org\mybatis\mybatis\3.4.5\mybatis-3.4.5.jar;E:\maven-repository\org\mybatis\mybatis-spring\1.3.0\mybatis-spring-1.3.0.jar;E:\maven-repository\c3p0\c3p0\0.9.1.2\c3p0-0.9.1.2.jar;E:\maven-repository\mysql\mysql-connector-java\5.1.6\mysql-connector-java-5.1.6.jar;E:\maven-repository\javax\annotation\jsr250-api\1.0\jsr250-api-1.0.jar;E:\maven-repository\org\projectlombok\lombok\1.16.16\lombok-1.16.16.jar;, java.specification.name=Java Platform API Specification, java.class.version=52.0, sun.management.compiler=HotSpot 64-Bit Tiered Compilers, maven.repo.local=E:\maven-repository, idea.version2019.3.3=true, os.version=10.0, user.home=C:\Users\xm, user.timezone=Asia/Shanghai, java.awt.printerjob=sun.awt.windows.WPrinterJob, file.encoding=GBK, java.specification.version=1.8, java.class.path=D:\Code\IdeaProjects\manageSystem-ssm\ms-ssm-web\target\test-classes;D:\Code\IdeaProjects\manageSystem-ssm\ms-ssm-web\target\classes;E:\maven-repository\junit\junit\4.12\junit-4.12.jar;E:\maven-repository\org\hamcrest\hamcrest-core\1.3\hamcrest-core-1.3.jar;D:\Code\IdeaProjects\manageSystem-ssm\ms-ssm-domain\target\ms-ssm-domain-1.0-SNAPSHOT.jar;D:\Code\IdeaProjects\manageSystem-ssm\ms-ssm-utils\target\ms-ssm-utils-1.0-SNAPSHOT.jar;D:\Code\IdeaProjects\manageSystem-ssm\ms-ssm-service\target\ms-ssm-service-1.0-SNAPSHOT.jar;D:\Code\IdeaProjects\manageSystem-ssm\ms-ssm-dao\target\ms-ssm-dao-1.0-SNAPSHOT.jar;E:\maven-repository\com\fasterxml\jackson\core\jackson-databind\2.9.7\jackson-databind-2.9.7.jar;E:\maven-repository\com\fasterxml\jackson\core\jackson-annotations\2.9.0\jackson-annotations-2.9.0.jar;E:\maven-repository\com\fasterxml\jackson\core\jackson-core\2.9.7\jackson-core-2.9.7.jar;E:\maven-repository\com\github\pagehelper\pagehelper\5.1.2\pagehelper-5.1.2.jar;E:\maven-repository\com\github\jsqlparser\jsqlparser\1.0\jsqlparser-1.0.jar;E:\maven-repository\javax\annotation\javax.annotation-api\1.3.1\javax.annotation-api-1.3.1.jar;E:\maven-repository\org\springframework\security\spring-security-web\5.0.1.RELEASE\spring-security-web-5.0.1.RELEASE.jar;E:\maven-repository\org\springframework\spring-expression\5.0.3.RELEASE\spring-expression-5.0.3.RELEASE.jar;E:\maven-repository\org\springframework\security\spring-security-config\5.0.1.RELEASE\spring-security-config-5.0.1.RELEASE.jar;E:\maven-repository\org\springframework\security\spring-security-core\5.0.1.RELEASE\spring-security-core-5.0.1.RELEASE.jar;E:\maven-repository\org\springframework\security\spring-security-taglibs\5.0.1.RELEASE\spring-security-taglibs-5.0.1.RELEASE.jar;E:\maven-repository\org\springframework\security\spring-security-acl\5.0.1.RELEASE\spring-security-acl-5.0.1.RELEASE.jar;E:\maven-repository\org\aspectj\aspectjweaver\1.6.8\aspectjweaver-1.6.8.jar;E:\maven-repository\org\springframework\spring-aop\5.0.2.RELEASE\spring-aop-5.0.2.RELEASE.jar;E:\maven-repository\org\springframework\spring-context\5.0.2.RELEASE\spring-context-5.0.2.RELEASE.jar;E:\maven-repository\org\springframework\spring-context-support\5.0.2.RELEASE\spring-context-support-5.0.2.RELEASE.jar;E:\maven-repository\org\springframework\spring-web\5.0.2.RELEASE\spring-web-5.0.2.RELEASE.jar;E:\maven-repository\org\springframework\spring-orm\5.0.2.RELEASE\spring-orm-5.0.2.RELEASE.jar;E:\maven-repository\org\springframework\spring-jdbc\5.0.2.RELEASE\spring-jdbc-5.0.2.RELEASE.jar;E:\maven-repository\org\springframework\spring-beans\5.0.2.RELEASE\spring-beans-5.0.2.RELEASE.jar;E:\maven-repository\org\springframework\spring-core\5.0.2.RELEASE\spring-core-5.0.2.RELEASE.jar;E:\maven-repository\org\springframework\spring-jcl\5.0.2.RELEASE\spring-jcl-5.0.2.RELEASE.jar;E:\maven-repository\org\springframework\spring-test\5.0.2.RELEASE\spring-test-5.0.2.RELEASE.jar;E:\maven-repository\org\springframework\spring-webmvc\5.0.2.RELEASE\spring-webmvc-5.0.2.RELEASE.jar;E:\maven-repository\org\springframework\spring-tx\5.0.2.RELEASE\spring-tx-5.0.2.RELEASE.jar;E:\maven-repository\javax\servlet\javax.servlet-api\3.1.0\javax.servlet-api-3.1.0.jar;E:\maven-repository\javax\servlet\jsp\jsp-api\2.0\jsp-api-2.0.jar;E:\maven-repository\jstl\jstl\1.2\jstl-1.2.jar;E:\maven-repository\log4j\log4j\1.2.12\log4j-1.2.12.jar;E:\maven-repository\org\slf4j\slf4j-api\1.6.6\slf4j-api-1.6.6.jar;E:\maven-repository\org\slf4j\slf4j-log4j12\1.6.6\slf4j-log4j12-1.6.6.jar;E:\maven-repository\org\mybatis\mybatis\3.4.5\mybatis-3.4.5.jar;E:\maven-repository\org\mybatis\mybatis-spring\1.3.0\mybatis-spring-1.3.0.jar;E:\maven-repository\c3p0\c3p0\0.9.1.2\c3p0-0.9.1.2.jar;E:\maven-repository\mysql\mysql-connector-java\5.1.6\mysql-connector-java-5.1.6.jar;E:\maven-repository\javax\annotation\jsr250-api\1.0\jsr250-api-1.0.jar;E:\maven-repository\org\projectlombok\lombok\1.16.16\lombok-1.16.16.jar;, user.name=xm, java.vm.specification.version=1.8, sun.java.command=C:\Users\xm\AppData\Local\Temp\surefire7497552715305907156\surefirebooter6811015789613867580.jar C:\Users\xm\AppData\Local\Temp\surefire7497552715305907156 2020-04-25T21-46-33_033-jvmRun1 surefire7780568927660488430tmp surefire_03629623413987528247tmp, java.home=C:\Program Files\Java\jdk1.8.0_131\jre, sun.arch.data.model=64, user.language=zh, java.specification.vendor=Oracle Corporation, awt.toolkit=sun.awt.windows.WToolkit, java.vm.info=mixed mode, java.version=1.8.0_131, java.ext.dirs=C:\Program Files\Java\jdk1.8.0_131\jre\lib\ext;C:\Windows\Sun\Java\lib\ext, sun.boot.class.path=C:\Program Files\Java\jdk1.8.0_131\jre\lib\resources.jar;C:\Program Files\Java\jdk1.8.0_131\jre\lib\rt.jar;C:\Program Files\Java\jdk1.8.0_131\jre\lib\sunrsasign.jar;C:\Program Files\Java\jdk1.8.0_131\jre\lib\jsse.jar;C:\Program Files\Java\jdk1.8.0_131\jre\lib\jce.jar;C:\Program Files\Java\jdk1.8.0_131\jre\lib\charsets.jar;C:\Program Files\Java\jdk1.8.0_131\jre\lib\jfr.jar;C:\Program Files\Java\jdk1.8.0_131\jre\classes, java.vendor=Oracle Corporation, localRepository=E:\maven-repository, file.separator=\, java.vendor.url.bug=http://bugreport.sun.com/bugreport/, sun.io.unicode.encoding=UnicodeLittle, sun.cpu.endian=little, sun.desktop=windows, sun.cpu.isalist=amd64}}, SystemEnvironmentPropertySource@2089016471 {name='systemEnvironment', properties={PATH=D:\MyProgram\orcl\bin;D:\MyProgram\Anaconda3;D:\MyProgram\Anaconda3\Library\mingw-w64\bin;D:\MyProgram\Anaconda3\Library\usr\bin;D:\MyProgram\Anaconda3\Library\bin;D:\MyProgram\Anaconda3\Scripts;C:\ProgramData\Oracle\Java\javapath;C:\Windows\system32;C:\Windows;C:\Windows\System32\Wbem;C:\Windows\System32\WindowsPowerShell\v1.0\;C:\Windows\System32\OpenSSH\;C:\Program Files\Java\jdk1.8.0_131\bin;C:\Program Files\Java\jdk1.8.0_131\jre\bin;C:\Program Files (x86)\MySQL\MySQL Server 5.5\bin;D:\MyProgram\Git\cmd;D:\Maven\bin\;D:\MyProgram\redis-2.8.9;D:\Maven_V_354\apache-maven-3.5.4\bin\;D:\MyProgram\nodejs\;D:\MyProgram\nodejs\npm_modules\;D:\MyProgram\erl10.4\bin;D:\MyProgram\ffmpeg\bin\;D:\MyProgram\OpenSSL-Win64\bin\;D:\MyProgram\Ruby25-x64\bin;C:\Users\xm\AppData\Local\Microsoft\WindowsApps;;D:\MyProgram\JetBrains\IntelliJ IDEA 2019.3.3\bin;;D:\MyProgram\Microsoft VS Code\bin;D:\MyProgram\JetBrains\PyCharm 2019.3.3\bin;;D:\MyProgram\JetBrains\WebStorm 2019.3.3\bin;;C:\Users\xm\AppData\Roaming\npm, USERDOMAIN_ROAMINGPROFILE=DESKTOP-9ENUAHE, PROCESSOR_LEVEL=23, SYSTEMDRIVE=C:, SESSIONNAME=Console, ALLUSERSPROFILE=C:\ProgramData, PROCESSOR_ARCHITECTURE=AMD64, DRIVERDATA=C:\Windows\System32\Drivers\DriverData, MAVEN_HOME=D:\Maven, PROGRAMFILES=C:\Program Files, PSMODULEPATH=C:\Program Files\WindowsPowerShell\Modules;C:\Windows\system32\WindowsPowerShell\v1.0\Modules, PROGRAMDATA=C:\ProgramData, USERNAME=xm, FPS_BROWSER_USER_PROFILE_STRING=Default, ONEDRIVE=C:\Users\xm\OneDrive, PATHEXT=.COM;.EXE;.BAT;.CMD;.VBS;.VBE;.JS;.JSE;.WSF;.WSH;.MSC;.RB;.RBW, MAVEN_HOME2=D:\Maven_V_354\apache-maven-3.5.4, WINDIR=C:\Windows, HOMEPATH=\Users\xm, PROCESSOR_IDENTIFIER=AMD64 Family 23 Model 8 Stepping 2, AuthenticAMD, PUBLIC=C:\Users\Public, =::=::\, LOCALAPPDATA=C:\Users\xm\AppData\Local, COMMONPROGRAMFILES(X86)=C:\Program Files (x86)\Common Files, USERDOMAIN=DESKTOP-9ENUAHE, FPS_BROWSER_APP_PROFILE_STRING=Internet Explorer, LOGONSERVER=\\DESKTOP-9ENUAHE, JAVA_HOME=C:\Program Files\Java\jdk1.8.0_131, PROMPT=$P$G, PROGRAMFILES(X86)=C:\Program Files (x86), INTELLIJ IDEA=D:\MyProgram\JetBrains\IntelliJ IDEA 2019.3.3\bin;, ERLANG_HOME=D:\MyProgram\erl10.4, APPDATA=C:\Users\xm\AppData\Roaming, PROGRAMW6432=C:\Program Files, SYSTEMROOT=C:\Windows, PERL5LIB=D:\MyProgram\orcl\perl\5.8.3\lib\MSWin32-x86;D:\MyProgram\orcl\perl\5.8.3\lib;D:\MyProgram\orcl\perl\5.8.3\lib\MSWin32-x86;D:\MyProgram\orcl\perl\site\5.8.3;D:\MyProgram\orcl\perl\site\5.8.3\lib;D:\MyProgram\orcl\sysman\admin\scripts;, OS=Windows_NT, COMMONPROGRAMW6432=C:\Program Files\Common Files, COMPUTERNAME=DESKTOP-9ENUAHE, COMMONPROGRAMFILES=C:\Program Files\Common Files, COMSPEC=C:\Windows\system32\cmd.exe, CATALINA_HOME=D:\MyProgram\Tomcat\apache-tomcat-7.0.100, PROCESSOR_REVISION=0802, CLASSPATH=.;C:\Program Files\Java\jdk1.8.0_131\lib;C:\Program Files\Java\jdk1.8.0_131\lib\tools.jar, PYCHARM=D:\MyProgram\JetBrains\PyCharm 2019.3.3\bin;, RUBYOPT=-Eutf-8, =D:=D:\Code\IdeaProjects\manageSystem-ssm\ms-ssm-web, TEMP=C:\Users\xm\AppData\Local\Temp, HOMEDRIVE=C:, USERPROFILE=C:\Users\xm, TMP=C:\Users\xm\AppData\Local\Temp, WEBSTORM=D:\MyProgram\JetBrains\WebStorm 2019.3.3\bin;, NUMBER_OF_PROCESSORS=12, IDEA_INITIAL_DIRECTORY=C:\Users\xm\Desktop}}]
2020-04-25 21:46:34,139 399    [           main] DEBUG atchingResourcePatternResolver  - Resolved classpath location [com/xumeng/dao/] to resources [URL [jar:file:/D:/Code/IdeaProjects/manageSystem-ssm/ms-ssm-dao/target/ms-ssm-dao-1.0-SNAPSHOT.jar!/com/xumeng/dao/]]
2020-04-25 21:46:34,139 399    [           main] DEBUG atchingResourcePatternResolver  - Looking for matching resources in jar file [file:/D:/Code/IdeaProjects/manageSystem-ssm/ms-ssm-dao/target/ms-ssm-dao-1.0-SNAPSHOT.jar]
2020-04-25 21:46:34,140 400    [           main] DEBUG atchingResourcePatternResolver  - Resolved location pattern [classpath*:com/xumeng/dao/**/*.class] to resources [URL [jar:file:/D:/Code/IdeaProjects/manageSystem-ssm/ms-ssm-dao/target/ms-ssm-dao-1.0-SNAPSHOT.jar!/com/xumeng/dao/IMemberDao.class], URL [jar:file:/D:/Code/IdeaProjects/manageSystem-ssm/ms-ssm-dao/target/ms-ssm-dao-1.0-SNAPSHOT.jar!/com/xumeng/dao/IOrderDao.class], URL [jar:file:/D:/Code/IdeaProjects/manageSystem-ssm/ms-ssm-dao/target/ms-ssm-dao-1.0-SNAPSHOT.jar!/com/xumeng/dao/IPermissionDao.class], URL [jar:file:/D:/Code/IdeaProjects/manageSystem-ssm/ms-ssm-dao/target/ms-ssm-dao-1.0-SNAPSHOT.jar!/com/xumeng/dao/IProductDao.class], URL [jar:file:/D:/Code/IdeaProjects/manageSystem-ssm/ms-ssm-dao/target/ms-ssm-dao-1.0-SNAPSHOT.jar!/com/xumeng/dao/IRoleDao.class], URL [jar:file:/D:/Code/IdeaProjects/manageSystem-ssm/ms-ssm-dao/target/ms-ssm-dao-1.0-SNAPSHOT.jar!/com/xumeng/dao/ITravellerDao.class], URL [jar:file:/D:/Code/IdeaProjects/manageSystem-ssm/ms-ssm-dao/target/ms-ssm-dao-1.0-SNAPSHOT.jar!/com/xumeng/dao/IUserDao.class]]
2020-04-25 21:46:34,140 400    [           main] DEBUG .mapper.ClassPathMapperScanner  - Identified candidate component class: URL [jar:file:/D:/Code/IdeaProjects/manageSystem-ssm/ms-ssm-dao/target/ms-ssm-dao-1.0-SNAPSHOT.jar!/com/xumeng/dao/IMemberDao.class]
2020-04-25 21:46:34,140 400    [           main] DEBUG .mapper.ClassPathMapperScanner  - Identified candidate component class: URL [jar:file:/D:/Code/IdeaProjects/manageSystem-ssm/ms-ssm-dao/target/ms-ssm-dao-1.0-SNAPSHOT.jar!/com/xumeng/dao/IOrderDao.class]
2020-04-25 21:46:34,140 400    [           main] DEBUG .mapper.ClassPathMapperScanner  - Identified candidate component class: URL [jar:file:/D:/Code/IdeaProjects/manageSystem-ssm/ms-ssm-dao/target/ms-ssm-dao-1.0-SNAPSHOT.jar!/com/xumeng/dao/IPermissionDao.class]
2020-04-25 21:46:34,140 400    [           main] DEBUG .mapper.ClassPathMapperScanner  - Identified candidate component class: URL [jar:file:/D:/Code/IdeaProjects/manageSystem-ssm/ms-ssm-dao/target/ms-ssm-dao-1.0-SNAPSHOT.jar!/com/xumeng/dao/IProductDao.class]
2020-04-25 21:46:34,140 400    [           main] DEBUG .mapper.ClassPathMapperScanner  - Identified candidate component class: URL [jar:file:/D:/Code/IdeaProjects/manageSystem-ssm/ms-ssm-dao/target/ms-ssm-dao-1.0-SNAPSHOT.jar!/com/xumeng/dao/IRoleDao.class]
2020-04-25 21:46:34,140 400    [           main] DEBUG .mapper.ClassPathMapperScanner  - Identified candidate component class: URL [jar:file:/D:/Code/IdeaProjects/manageSystem-ssm/ms-ssm-dao/target/ms-ssm-dao-1.0-SNAPSHOT.jar!/com/xumeng/dao/ITravellerDao.class]
2020-04-25 21:46:34,140 400    [           main] DEBUG .mapper.ClassPathMapperScanner  - Identified candidate component class: URL [jar:file:/D:/Code/IdeaProjects/manageSystem-ssm/ms-ssm-dao/target/ms-ssm-dao-1.0-SNAPSHOT.jar!/com/xumeng/dao/IUserDao.class]
2020-04-25 21:46:34,141 401    [           main] DEBUG .mapper.ClassPathMapperScanner  - Creating MapperFactoryBean with name 'IMemberDao' and 'com.xumeng.dao.IMemberDao' mapperInterface
2020-04-25 21:46:34,142 402    [           main] DEBUG .mapper.ClassPathMapperScanner  - Enabling autowire by type for MapperFactoryBean with name 'IMemberDao'.
2020-04-25 21:46:34,142 402    [           main] DEBUG .mapper.ClassPathMapperScanner  - Creating MapperFactoryBean with name 'IOrderDao' and 'com.xumeng.dao.IOrderDao' mapperInterface
2020-04-25 21:46:34,142 402    [           main] DEBUG .mapper.ClassPathMapperScanner  - Enabling autowire by type for MapperFactoryBean with name 'IOrderDao'.
2020-04-25 21:46:34,142 402    [           main] DEBUG .mapper.ClassPathMapperScanner  - Creating MapperFactoryBean with name 'IPermissionDao' and 'com.xumeng.dao.IPermissionDao' mapperInterface
2020-04-25 21:46:34,142 402    [           main] DEBUG .mapper.ClassPathMapperScanner  - Enabling autowire by type for MapperFactoryBean with name 'IPermissionDao'.
2020-04-25 21:46:34,142 402    [           main] DEBUG .mapper.ClassPathMapperScanner  - Creating MapperFactoryBean with name 'IProductDao' and 'com.xumeng.dao.IProductDao' mapperInterface
2020-04-25 21:46:34,142 402    [           main] DEBUG .mapper.ClassPathMapperScanner  - Enabling autowire by type for MapperFactoryBean with name 'IProductDao'.
2020-04-25 21:46:34,143 403    [           main] DEBUG .mapper.ClassPathMapperScanner  - Creating MapperFactoryBean with name 'IRoleDao' and 'com.xumeng.dao.IRoleDao' mapperInterface
2020-04-25 21:46:34,143 403    [           main] DEBUG .mapper.ClassPathMapperScanner  - Enabling autowire by type for MapperFactoryBean with name 'IRoleDao'.
2020-04-25 21:46:34,143 403    [           main] DEBUG .mapper.ClassPathMapperScanner  - Creating MapperFactoryBean with name 'ITravellerDao' and 'com.xumeng.dao.ITravellerDao' mapperInterface
2020-04-25 21:46:34,143 403    [           main] DEBUG .mapper.ClassPathMapperScanner  - Enabling autowire by type for MapperFactoryBean with name 'ITravellerDao'.
2020-04-25 21:46:34,143 403    [           main] DEBUG .mapper.ClassPathMapperScanner  - Creating MapperFactoryBean with name 'IUserDao' and 'com.xumeng.dao.IUserDao' mapperInterface
2020-04-25 21:46:34,143 403    [           main] DEBUG .mapper.ClassPathMapperScanner  - Enabling autowire by type for MapperFactoryBean with name 'IUserDao'.
2020-04-25 21:46:34,147 407    [           main] DEBUG ort.DefaultListableBeanFactory  - Creating shared instance of singleton bean 'org.springframework.context.support.PropertySourcesPlaceholderConfigurer#0'
2020-04-25 21:46:34,148 408    [           main] DEBUG ort.DefaultListableBeanFactory  - Creating instance of bean 'org.springframework.context.support.PropertySourcesPlaceholderConfigurer#0'
2020-04-25 21:46:34,148 408    [           main] DEBUG ort.DefaultListableBeanFactory  - Eagerly caching bean 'org.springframework.context.support.PropertySourcesPlaceholderConfigurer#0' to allow for resolving potential circular references
2020-04-25 21:46:34,157 417    [           main] DEBUG ort.DefaultListableBeanFactory  - Finished creating instance of bean 'org.springframework.context.support.PropertySourcesPlaceholderConfigurer#0'
2020-04-25 21:46:34,158 418    [           main] DEBUG ore.env.MutablePropertySources  - Adding PropertySource 'environmentProperties' with lowest search precedence
2020-04-25 21:46:34,158 418    [           main] DEBUG tySourcesPlaceholderConfigurer  - Loading properties file from class path resource [db.properties]
2020-04-25 21:46:34,159 419    [           main] DEBUG ore.env.MutablePropertySources  - Adding PropertySource 'localProperties' with lowest search precedence
2020-04-25 21:46:34,160 420    [           main] DEBUG ropertySourcesPropertyResolver  - Could not find key 'jdbc.driver' in any property source
2020-04-25 21:46:34,161 421    [           main] DEBUG ropertySourcesPropertyResolver  - Found key 'jdbc.driver' in PropertySource 'localProperties' with value of type String
2020-04-25 21:46:34,161 421    [           main] DEBUG ropertySourcesPropertyResolver  - Could not find key 'jdbc.url' in any property source
2020-04-25 21:46:34,161 421    [           main] DEBUG ropertySourcesPropertyResolver  - Found key 'jdbc.url' in PropertySource 'localProperties' with value of type String
2020-04-25 21:46:34,161 421    [           main] DEBUG ropertySourcesPropertyResolver  - Could not find key 'jdbc.username' in any property source
2020-04-25 21:46:34,161 421    [           main] DEBUG ropertySourcesPropertyResolver  - Found key 'jdbc.username' in PropertySource 'localProperties' with value of type String
2020-04-25 21:46:34,161 421    [           main] DEBUG ropertySourcesPropertyResolver  - Could not find key 'jdbc.password' in any property source
2020-04-25 21:46:34,161 421    [           main] DEBUG ropertySourcesPropertyResolver  - Found key 'jdbc.password' in PropertySource 'localProperties' with value of type String
2020-04-25 21:46:34,163 423    [           main] DEBUG ort.DefaultListableBeanFactory  - Creating shared instance of singleton bean 'org.springframework.context.annotation.internalAutowiredAnnotationProcessor'
2020-04-25 21:46:34,163 423    [           main] DEBUG ort.DefaultListableBeanFactory  - Creating instance of bean 'org.springframework.context.annotation.internalAutowiredAnnotationProcessor'
2020-04-25 21:46:34,163 423    [           main] DEBUG ort.DefaultListableBeanFactory  - Eagerly caching bean 'org.springframework.context.annotation.internalAutowiredAnnotationProcessor' to allow for resolving potential circular references
2020-04-25 21:46:34,168 428    [           main] DEBUG ort.DefaultListableBeanFactory  - Finished creating instance of bean 'org.springframework.context.annotation.internalAutowiredAnnotationProcessor'
2020-04-25 21:46:34,168 428    [           main] DEBUG ort.DefaultListableBeanFactory  - Creating shared instance of singleton bean 'org.springframework.context.annotation.internalRequiredAnnotationProcessor'
2020-04-25 21:46:34,168 428    [           main] DEBUG ort.DefaultListableBeanFactory  - Creating instance of bean 'org.springframework.context.annotation.internalRequiredAnnotationProcessor'
2020-04-25 21:46:34,169 429    [           main] DEBUG ort.DefaultListableBeanFactory  - Eagerly caching bean 'org.springframework.context.annotation.internalRequiredAnnotationProcessor' to allow for resolving potential circular references
2020-04-25 21:46:34,172 432    [           main] DEBUG ort.DefaultListableBeanFactory  - Finished creating instance of bean 'org.springframework.context.annotation.internalRequiredAnnotationProcessor'
2020-04-25 21:46:34,172 432    [           main] DEBUG ort.DefaultListableBeanFactory  - Creating shared instance of singleton bean 'org.springframework.context.annotation.internalCommonAnnotationProcessor'
2020-04-25 21:46:34,172 432    [           main] DEBUG ort.DefaultListableBeanFactory  - Creating instance of bean 'org.springframework.context.annotation.internalCommonAnnotationProcessor'
2020-04-25 21:46:34,175 435    [           main] DEBUG ort.DefaultListableBeanFactory  - Eagerly caching bean 'org.springframework.context.annotation.internalCommonAnnotationProcessor' to allow for resolving potential circular references
2020-04-25 21:46:34,181 441    [           main] DEBUG ort.DefaultListableBeanFactory  - Finished creating instance of bean 'org.springframework.context.annotation.internalCommonAnnotationProcessor'
2020-04-25 21:46:34,181 441    [           main] DEBUG ort.DefaultListableBeanFactory  - Creating shared instance of singleton bean 'org.springframework.aop.config.internalAutoProxyCreator'
2020-04-25 21:46:34,181 441    [           main] DEBUG ort.DefaultListableBeanFactory  - Creating instance of bean 'org.springframework.aop.config.internalAutoProxyCreator'
2020-04-25 21:46:34,192 452    [           main] DEBUG ort.DefaultListableBeanFactory  - Eagerly caching bean 'org.springframework.aop.config.internalAutoProxyCreator' to allow for resolving potential circular references
2020-04-25 21:46:34,199 459    [           main] DEBUG ort.DefaultListableBeanFactory  - Finished creating instance of bean 'org.springframework.aop.config.internalAutoProxyCreator'
2020-04-25 21:46:34,201 461    [           main] DEBUG port.GenericApplicationContext  - Unable to locate MessageSource with name 'messageSource': using default [org.springframework.context.support.DelegatingMessageSource@4e7912d8]
2020-04-25 21:46:34,202 462    [           main] DEBUG port.GenericApplicationContext  - Unable to locate ApplicationEventMulticaster with name 'applicationEventMulticaster': using default [org.springframework.context.event.SimpleApplicationEventMulticaster@a3d8174]
2020-04-25 21:46:34,203 463    [           main] DEBUG ort.DefaultListableBeanFactory  - Pre-instantiating singletons in org.springframework.beans.factory.support.DefaultListableBeanFactory@4facf68f: defining beans [memberServiceImpl,orderServiceImpl,permissionServiceImpl,productServiceImpl,travellerServiceImpl,userService,org.springframework.context.annotation.internalConfigurationAnnotationProcessor,org.springframework.context.annotation.internalAutowiredAnnotationProcessor,org.springframework.context.annotation.internalRequiredAnnotationProcessor,org.springframework.context.annotation.internalCommonAnnotationProcessor,org.springframework.context.event.internalEventListenerProcessor,org.springframework.context.event.internalEventListenerFactory,org.springframework.context.support.PropertySourcesPlaceholderConfigurer#0,dataSource,sqlSessionFactory,mapperScanner,transactionManager,org.springframework.transaction.config.internalTransactionalEventListenerFactory,org.springframework.aop.config.internalAutoProxyCreator,org.springframework.transaction.annotation.AnnotationTransactionAttributeSource#0,org.springframework.transaction.interceptor.TransactionInterceptor#0,org.springframework.transaction.config.internalTransactionAdvisor,IMemberDao,IOrderDao,IPermissionDao,IProductDao,IRoleDao,ITravellerDao,IUserDao]; root of factory hierarchy
2020-04-25 21:46:34,204 464    [           main] DEBUG ort.DefaultListableBeanFactory  - Creating shared instance of singleton bean 'memberServiceImpl'
2020-04-25 21:46:34,204 464    [           main] DEBUG ort.DefaultListableBeanFactory  - Creating instance of bean 'memberServiceImpl'
2020-04-25 21:46:34,206 466    [           main] DEBUG y.annotation.InjectionMetadata  - Registered injected element on class [com.xumeng.service.impl.MemberServiceImpl]: AutowiredFieldElement for private com.xumeng.dao.IMemberDao com.xumeng.service.impl.MemberServiceImpl.memberDao
2020-04-25 21:46:34,206 466    [           main] DEBUG ort.DefaultListableBeanFactory  - Eagerly caching bean 'memberServiceImpl' to allow for resolving potential circular references
2020-04-25 21:46:34,208 468    [           main] DEBUG y.annotation.InjectionMetadata  - Processing injected element of bean 'memberServiceImpl': AutowiredFieldElement for private com.xumeng.dao.IMemberDao com.xumeng.service.impl.MemberServiceImpl.memberDao
2020-04-25 21:46:34,209 469    [           main] DEBUG ore.annotation.AnnotationUtils  - Failed to meta-introspect annotation [interface org.springframework.beans.factory.annotation.Autowired]: java.lang.IllegalArgumentException: Annotation must not be null
2020-04-25 21:46:34,217 477    [           main] DEBUG ache.ibatis.logging.LogFactory  - Logging initialized using 'class org.apache.ibatis.logging.slf4j.Slf4jImpl' adapter.
2020-04-25 21:46:34,225 485    [           main] DEBUG ort.DefaultListableBeanFactory  - Creating shared instance of singleton bean 'IMemberDao'
2020-04-25 21:46:34,225 485    [           main] DEBUG ort.DefaultListableBeanFactory  - Creating instance of bean 'IMemberDao'
2020-04-25 21:46:34,225 485    [           main] DEBUG ort.DefaultListableBeanFactory  - Eagerly caching bean 'IMemberDao' to allow for resolving potential circular references
2020-04-25 21:46:34,232 492    [           main] DEBUG ort.DefaultListableBeanFactory  - Creating shared instance of singleton bean 'sqlSessionFactory'
2020-04-25 21:46:34,232 492    [           main] DEBUG ort.DefaultListableBeanFactory  - Creating instance of bean 'sqlSessionFactory'
2020-04-25 21:46:34,233 493    [           main] DEBUG ort.DefaultListableBeanFactory  - Eagerly caching bean 'sqlSessionFactory' to allow for resolving potential circular references
2020-04-25 21:46:34,238 498    [           main] DEBUG ort.DefaultListableBeanFactory  - Creating shared instance of singleton bean 'dataSource'
2020-04-25 21:46:34,239 499    [           main] DEBUG ort.DefaultListableBeanFactory  - Creating instance of bean 'dataSource'
2020-04-25 21:46:34,250 510    [           main] INFO         com.mchange.v2.log.MLog  - MLog clients using log4j logging.
2020-04-25 21:46:34,864 1124   [           main] INFO  m.mchange.v2.c3p0.C3P0Registry  - Initializing c3p0-0.9.1.2 [built 21-May-2007 15:04:56; debug? true; trace: 10]
2020-04-25 21:46:34,876 1136   [           main] DEBUG icPooledDataSourceManagerMBean  - MBean: com.mchange.v2.c3p0:type=PooledDataSource[1hgetj5a91d9w7n61eddn0d|1ed6388a] registered.
2020-04-25 21:46:34,884 1144   [           main] DEBUG ort.DefaultListableBeanFactory  - Eagerly caching bean 'dataSource' to allow for resolving potential circular references
2020-04-25 21:46:34,895 1155   [           main] DEBUG ort.DefaultListableBeanFactory  - Creating shared instance of singleton bean 'org.springframework.transaction.config.internalTransactionAdvisor'
2020-04-25 21:46:34,895 1155   [           main] DEBUG ort.DefaultListableBeanFactory  - Creating instance of bean 'org.springframework.transaction.config.internalTransactionAdvisor'
2020-04-25 21:46:34,896 1156   [           main] DEBUG ort.DefaultListableBeanFactory  - Eagerly caching bean 'org.springframework.transaction.config.internalTransactionAdvisor' to allow for resolving potential circular references
2020-04-25 21:46:34,900 1160   [           main] DEBUG ort.DefaultListableBeanFactory  - Creating shared instance of singleton bean 'org.springframework.transaction.annotation.AnnotationTransactionAttributeSource#0'
2020-04-25 21:46:34,900 1160   [           main] DEBUG ort.DefaultListableBeanFactory  - Creating instance of bean 'org.springframework.transaction.annotation.AnnotationTransactionAttributeSource#0'
2020-04-25 21:46:34,901 1161   [           main] DEBUG ort.DefaultListableBeanFactory  - Eagerly caching bean 'org.springframework.transaction.annotation.AnnotationTransactionAttributeSource#0' to allow for resolving potential circular references
2020-04-25 21:46:34,903 1163   [           main] DEBUG nFactoryAdvisorRetrievalHelper  - Skipping currently created advisor 'org.springframework.transaction.config.internalTransactionAdvisor'
2020-04-25 21:46:34,904 1164   [           main] DEBUG ort.DefaultListableBeanFactory  - Finished creating instance of bean 'org.springframework.transaction.annotation.AnnotationTransactionAttributeSource#0'
2020-04-25 21:46:34,904 1164   [           main] DEBUG ort.DefaultListableBeanFactory  - Finished creating instance of bean 'org.springframework.transaction.config.internalTransactionAdvisor'
2020-04-25 21:46:34,921 1181   [           main] DEBUG ort.DefaultListableBeanFactory  - Finished creating instance of bean 'dataSource'
2020-04-25 21:46:34,922 1182   [           main] DEBUG ort.DefaultListableBeanFactory  - Creating instance of bean 'com.github.pagehelper.PageInterceptor#3e2e18f2'
2020-04-25 21:46:34,947 1207   [           main] DEBUG ort.DefaultListableBeanFactory  - Returning cached instance of singleton bean 'org.springframework.transaction.config.internalTransactionAdvisor'
2020-04-25 21:46:34,950 1210   [           main] DEBUG ort.DefaultListableBeanFactory  - Finished creating instance of bean 'com.github.pagehelper.PageInterceptor#3e2e18f2'
2020-04-25 21:46:34,954 1214   [           main] DEBUG ort.DefaultListableBeanFactory  - Invoking afterPropertiesSet() on bean with name 'sqlSessionFactory'
2020-04-25 21:46:34,996 1256   [           main] DEBUG s.spring.SqlSessionFactoryBean  - Registered plugin: 'com.github.pagehelper.PageInterceptor@5d43661b'
2020-04-25 21:46:35,116 1376   [           main] DEBUG s.spring.SqlSessionFactoryBean  - Parsed configuration file: 'class path resource [SqlMapConfig.xml]'
2020-04-25 21:46:35,117 1377   [           main] DEBUG s.spring.SqlSessionFactoryBean  - Property 'mapperLocations' was not specified or no matching resources found
2020-04-25 21:46:35,118 1378   [           main] DEBUG ort.DefaultListableBeanFactory  - Returning cached instance of singleton bean 'org.springframework.transaction.config.internalTransactionAdvisor'
2020-04-25 21:46:35,120 1380   [           main] DEBUG ort.DefaultListableBeanFactory  - Finished creating instance of bean 'sqlSessionFactory'
2020-04-25 21:46:35,121 1381   [           main] DEBUG ort.DefaultListableBeanFactory  - Returning cached instance of singleton bean 'org.springframework.transaction.config.internalTransactionAdvisor'
2020-04-25 21:46:35,121 1381   [           main] DEBUG ort.DefaultListableBeanFactory  - Autowiring by type from bean name 'IMemberDao' via property 'sqlSessionFactory' to bean named 'sqlSessionFactory'
2020-04-25 21:46:35,153 1413   [           main] DEBUG ort.DefaultListableBeanFactory  - Invoking afterPropertiesSet() on bean with name 'IMemberDao'
2020-04-25 21:46:35,153 1413   [           main] DEBUG ort.DefaultListableBeanFactory  - Returning cached instance of singleton bean 'org.springframework.transaction.config.internalTransactionAdvisor'
2020-04-25 21:46:35,153 1413   [           main] DEBUG ort.DefaultListableBeanFactory  - Finished creating instance of bean 'IMemberDao'
2020-04-25 21:46:35,155 1415   [           main] DEBUG ort.DefaultListableBeanFactory  - Returning cached instance of singleton bean 'org.springframework.transaction.config.internalTransactionAdvisor'
2020-04-25 21:46:35,156 1416   [           main] DEBUG redAnnotationBeanPostProcessor  - Autowiring by type from bean name 'memberServiceImpl' to bean named 'IMemberDao'
2020-04-25 21:46:35,156 1416   [           main] DEBUG ort.DefaultListableBeanFactory  - Returning cached instance of singleton bean 'org.springframework.transaction.config.internalTransactionAdvisor'
2020-04-25 21:46:35,157 1417   [           main] DEBUG ort.DefaultListableBeanFactory  - Finished creating instance of bean 'memberServiceImpl'
2020-04-25 21:46:35,157 1417   [           main] DEBUG ort.DefaultListableBeanFactory  - Creating shared instance of singleton bean 'orderServiceImpl'
2020-04-25 21:46:35,157 1417   [           main] DEBUG ort.DefaultListableBeanFactory  - Creating instance of bean 'orderServiceImpl'
2020-04-25 21:46:35,157 1417   [           main] DEBUG y.annotation.InjectionMetadata  - Registered injected element on class [com.xumeng.service.impl.OrderServiceImpl]: AutowiredFieldElement for private com.xumeng.dao.IOrderDao com.xumeng.service.impl.OrderServiceImpl.orderDao
2020-04-25 21:46:35,157 1417   [           main] DEBUG ort.DefaultListableBeanFactory  - Eagerly caching bean 'orderServiceImpl' to allow for resolving potential circular references
2020-04-25 21:46:35,159 1419   [           main] DEBUG y.annotation.InjectionMetadata  - Processing injected element of bean 'orderServiceImpl': AutowiredFieldElement for private com.xumeng.dao.IOrderDao com.xumeng.service.impl.OrderServiceImpl.orderDao
2020-04-25 21:46:35,159 1419   [           main] DEBUG ore.annotation.AnnotationUtils  - Failed to meta-introspect annotation [interface org.springframework.beans.factory.annotation.Autowired]: java.lang.IllegalArgumentException: Annotation must not be null
2020-04-25 21:46:35,159 1419   [           main] DEBUG ort.DefaultListableBeanFactory  - Creating shared instance of singleton bean 'IOrderDao'
2020-04-25 21:46:35,159 1419   [           main] DEBUG ort.DefaultListableBeanFactory  - Creating instance of bean 'IOrderDao'
2020-04-25 21:46:35,159 1419   [           main] DEBUG ort.DefaultListableBeanFactory  - Eagerly caching bean 'IOrderDao' to allow for resolving potential circular references
2020-04-25 21:46:35,159 1419   [           main] DEBUG ort.DefaultListableBeanFactory  - Returning cached instance of singleton bean 'sqlSessionFactory'
2020-04-25 21:46:35,159 1419   [           main] DEBUG ort.DefaultListableBeanFactory  - Autowiring by type from bean name 'IOrderDao' via property 'sqlSessionFactory' to bean named 'sqlSessionFactory'
2020-04-25 21:46:35,160 1420   [           main] DEBUG ort.DefaultListableBeanFactory  - Invoking afterPropertiesSet() on bean with name 'IOrderDao'
2020-04-25 21:46:35,160 1420   [           main] DEBUG ort.DefaultListableBeanFactory  - Returning cached instance of singleton bean 'org.springframework.transaction.config.internalTransactionAdvisor'
2020-04-25 21:46:35,160 1420   [           main] DEBUG ort.DefaultListableBeanFactory  - Finished creating instance of bean 'IOrderDao'
2020-04-25 21:46:35,161 1421   [           main] DEBUG ort.DefaultListableBeanFactory  - Returning cached instance of singleton bean 'org.springframework.transaction.config.internalTransactionAdvisor'
2020-04-25 21:46:35,161 1421   [           main] DEBUG redAnnotationBeanPostProcessor  - Autowiring by type from bean name 'orderServiceImpl' to bean named 'IOrderDao'
2020-04-25 21:46:35,161 1421   [           main] DEBUG ort.DefaultListableBeanFactory  - Returning cached instance of singleton bean 'org.springframework.transaction.config.internalTransactionAdvisor'
2020-04-25 21:46:35,162 1422   [           main] DEBUG ort.DefaultListableBeanFactory  - Finished creating instance of bean 'orderServiceImpl'
2020-04-25 21:46:35,163 1423   [           main] DEBUG ort.DefaultListableBeanFactory  - Creating shared instance of singleton bean 'permissionServiceImpl'
2020-04-25 21:46:35,163 1423   [           main] DEBUG ort.DefaultListableBeanFactory  - Creating instance of bean 'permissionServiceImpl'
2020-04-25 21:46:35,163 1423   [           main] DEBUG ort.DefaultListableBeanFactory  - Eagerly caching bean 'permissionServiceImpl' to allow for resolving potential circular references
2020-04-25 21:46:35,164 1424   [           main] DEBUG ort.DefaultListableBeanFactory  - Returning cached instance of singleton bean 'org.springframework.transaction.config.internalTransactionAdvisor'
2020-04-25 21:46:35,164 1424   [           main] DEBUG ort.DefaultListableBeanFactory  - Finished creating instance of bean 'permissionServiceImpl'
2020-04-25 21:46:35,164 1424   [           main] DEBUG ort.DefaultListableBeanFactory  - Creating shared instance of singleton bean 'productServiceImpl'
2020-04-25 21:46:35,164 1424   [           main] DEBUG ort.DefaultListableBeanFactory  - Creating instance of bean 'productServiceImpl'
2020-04-25 21:46:35,165 1425   [           main] DEBUG y.annotation.InjectionMetadata  - Registered injected element on class [com.xumeng.service.impl.ProductServiceImpl]: AutowiredFieldElement for private com.xumeng.dao.IProductDao com.xumeng.service.impl.ProductServiceImpl.productDao
2020-04-25 21:46:35,165 1425   [           main] DEBUG ort.DefaultListableBeanFactory  - Eagerly caching bean 'productServiceImpl' to allow for resolving potential circular references
2020-04-25 21:46:35,166 1426   [           main] DEBUG y.annotation.InjectionMetadata  - Processing injected element of bean 'productServiceImpl': AutowiredFieldElement for private com.xumeng.dao.IProductDao com.xumeng.service.impl.ProductServiceImpl.productDao
2020-04-25 21:46:35,166 1426   [           main] DEBUG ore.annotation.AnnotationUtils  - Failed to meta-introspect annotation [interface org.springframework.beans.factory.annotation.Autowired]: java.lang.IllegalArgumentException: Annotation must not be null
2020-04-25 21:46:35,166 1426   [           main] DEBUG ort.DefaultListableBeanFactory  - Creating shared instance of singleton bean 'IProductDao'
2020-04-25 21:46:35,166 1426   [           main] DEBUG ort.DefaultListableBeanFactory  - Creating instance of bean 'IProductDao'
2020-04-25 21:46:35,166 1426   [           main] DEBUG ort.DefaultListableBeanFactory  - Eagerly caching bean 'IProductDao' to allow for resolving potential circular references
2020-04-25 21:46:35,167 1427   [           main] DEBUG ort.DefaultListableBeanFactory  - Returning cached instance of singleton bean 'sqlSessionFactory'
2020-04-25 21:46:35,167 1427   [           main] DEBUG ort.DefaultListableBeanFactory  - Autowiring by type from bean name 'IProductDao' via property 'sqlSessionFactory' to bean named 'sqlSessionFactory'
2020-04-25 21:46:35,167 1427   [           main] DEBUG ort.DefaultListableBeanFactory  - Invoking afterPropertiesSet() on bean with name 'IProductDao'
2020-04-25 21:46:35,167 1427   [           main] DEBUG ort.DefaultListableBeanFactory  - Returning cached instance of singleton bean 'org.springframework.transaction.config.internalTransactionAdvisor'
2020-04-25 21:46:35,167 1427   [           main] DEBUG ort.DefaultListableBeanFactory  - Finished creating instance of bean 'IProductDao'
2020-04-25 21:46:35,168 1428   [           main] DEBUG ort.DefaultListableBeanFactory  - Returning cached instance of singleton bean 'org.springframework.transaction.config.internalTransactionAdvisor'
2020-04-25 21:46:35,169 1429   [           main] DEBUG redAnnotationBeanPostProcessor  - Autowiring by type from bean name 'productServiceImpl' to bean named 'IProductDao'
2020-04-25 21:46:35,169 1429   [           main] DEBUG ort.DefaultListableBeanFactory  - Returning cached instance of singleton bean 'org.springframework.transaction.config.internalTransactionAdvisor'
2020-04-25 21:46:35,172 1432   [           main] DEBUG tionTransactionAttributeSource  - Adding transactional method 'com.xumeng.service.impl.ProductServiceImpl.delete' with attribute: PROPAGATION_REQUIRED,ISOLATION_DEFAULT; ''
2020-04-25 21:46:35,175 1435   [           main] DEBUG ructureAdvisorAutoProxyCreator  - Creating implicit proxy for bean 'productServiceImpl' with 0 common interceptors and 1 specific interceptors
2020-04-25 21:46:35,175 1435   [           main] DEBUG p.framework.JdkDynamicAopProxy  - Creating JDK dynamic proxy: target source is SingletonTargetSource for target object [com.xumeng.service.impl.ProductServiceImpl@7a220c9a]
2020-04-25 21:46:35,178 1438   [           main] DEBUG ort.DefaultListableBeanFactory  - Finished creating instance of bean 'productServiceImpl'
2020-04-25 21:46:35,178 1438   [           main] DEBUG ort.DefaultListableBeanFactory  - Creating shared instance of singleton bean 'travellerServiceImpl'
2020-04-25 21:46:35,178 1438   [           main] DEBUG ort.DefaultListableBeanFactory  - Creating instance of bean 'travellerServiceImpl'
2020-04-25 21:46:35,179 1439   [           main] DEBUG y.annotation.InjectionMetadata  - Registered injected element on class [com.xumeng.service.impl.TravellerServiceImpl]: AutowiredFieldElement for private com.xumeng.dao.ITravellerDao com.xumeng.service.impl.TravellerServiceImpl.travellerDao
2020-04-25 21:46:35,179 1439   [           main] DEBUG y.annotation.InjectionMetadata  - Registered injected element on class [com.xumeng.service.impl.TravellerServiceImpl]: AutowiredFieldElement for private com.xumeng.dao.IOrderDao com.xumeng.service.impl.TravellerServiceImpl.orderDao
2020-04-25 21:46:35,179 1439   [           main] DEBUG ort.DefaultListableBeanFactory  - Eagerly caching bean 'travellerServiceImpl' to allow for resolving potential circular references
2020-04-25 21:46:35,180 1440   [           main] DEBUG y.annotation.InjectionMetadata  - Processing injected element of bean 'travellerServiceImpl': AutowiredFieldElement for private com.xumeng.dao.ITravellerDao com.xumeng.service.impl.TravellerServiceImpl.travellerDao
2020-04-25 21:46:35,180 1440   [           main] DEBUG ore.annotation.AnnotationUtils  - Failed to meta-introspect annotation [interface org.springframework.beans.factory.annotation.Autowired]: java.lang.IllegalArgumentException: Annotation must not be null
2020-04-25 21:46:35,180 1440   [           main] DEBUG ort.DefaultListableBeanFactory  - Creating shared instance of singleton bean 'ITravellerDao'
2020-04-25 21:46:35,180 1440   [           main] DEBUG ort.DefaultListableBeanFactory  - Creating instance of bean 'ITravellerDao'
2020-04-25 21:46:35,180 1440   [           main] DEBUG ort.DefaultListableBeanFactory  - Eagerly caching bean 'ITravellerDao' to allow for resolving potential circular references
2020-04-25 21:46:35,181 1441   [           main] DEBUG ort.DefaultListableBeanFactory  - Returning cached instance of singleton bean 'sqlSessionFactory'
2020-04-25 21:46:35,181 1441   [           main] DEBUG ort.DefaultListableBeanFactory  - Autowiring by type from bean name 'ITravellerDao' via property 'sqlSessionFactory' to bean named 'sqlSessionFactory'
2020-04-25 21:46:35,181 1441   [           main] DEBUG ort.DefaultListableBeanFactory  - Invoking afterPropertiesSet() on bean with name 'ITravellerDao'
2020-04-25 21:46:35,181 1441   [           main] DEBUG ort.DefaultListableBeanFactory  - Returning cached instance of singleton bean 'org.springframework.transaction.config.internalTransactionAdvisor'
2020-04-25 21:46:35,181 1441   [           main] DEBUG ort.DefaultListableBeanFactory  - Finished creating instance of bean 'ITravellerDao'
2020-04-25 21:46:35,183 1443   [           main] DEBUG ort.DefaultListableBeanFactory  - Returning cached instance of singleton bean 'org.springframework.transaction.config.internalTransactionAdvisor'
2020-04-25 21:46:35,183 1443   [           main] DEBUG redAnnotationBeanPostProcessor  - Autowiring by type from bean name 'travellerServiceImpl' to bean named 'ITravellerDao'
2020-04-25 21:46:35,183 1443   [           main] DEBUG y.annotation.InjectionMetadata  - Processing injected element of bean 'travellerServiceImpl': AutowiredFieldElement for private com.xumeng.dao.IOrderDao com.xumeng.service.impl.TravellerServiceImpl.orderDao
2020-04-25 21:46:35,183 1443   [           main] DEBUG ore.annotation.AnnotationUtils  - Failed to meta-introspect annotation [interface org.springframework.beans.factory.annotation.Autowired]: java.lang.IllegalArgumentException: Annotation must not be null
2020-04-25 21:46:35,183 1443   [           main] DEBUG ort.DefaultListableBeanFactory  - Returning cached instance of singleton bean 'IOrderDao'
2020-04-25 21:46:35,184 1444   [           main] DEBUG redAnnotationBeanPostProcessor  - Autowiring by type from bean name 'travellerServiceImpl' to bean named 'IOrderDao'
2020-04-25 21:46:35,184 1444   [           main] DEBUG ort.DefaultListableBeanFactory  - Returning cached instance of singleton bean 'org.springframework.transaction.config.internalTransactionAdvisor'
2020-04-25 21:46:35,184 1444   [           main] DEBUG tionTransactionAttributeSource  - Adding transactional method 'com.xumeng.service.impl.TravellerServiceImpl.findAll' with attribute: PROPAGATION_REQUIRED,ISOLATION_DEFAULT; ''
2020-04-25 21:46:35,184 1444   [           main] DEBUG ructureAdvisorAutoProxyCreator  - Creating implicit proxy for bean 'travellerServiceImpl' with 0 common interceptors and 1 specific interceptors
2020-04-25 21:46:35,184 1444   [           main] DEBUG p.framework.JdkDynamicAopProxy  - Creating JDK dynamic proxy: target source is SingletonTargetSource for target object [com.xumeng.service.impl.TravellerServiceImpl@5c44c582]
2020-04-25 21:46:35,187 1447   [           main] DEBUG ort.DefaultListableBeanFactory  - Finished creating instance of bean 'travellerServiceImpl'
2020-04-25 21:46:35,187 1447   [           main] DEBUG ort.DefaultListableBeanFactory  - Creating shared instance of singleton bean 'userService'
2020-04-25 21:46:35,187 1447   [           main] DEBUG ort.DefaultListableBeanFactory  - Creating instance of bean 'userService'
2020-04-25 21:46:35,188 1448   [           main] DEBUG y.annotation.InjectionMetadata  - Registered injected element on class [com.xumeng.service.impl.UserServiceImpl]: AutowiredFieldElement for private com.xumeng.dao.IUserDao com.xumeng.service.impl.UserServiceImpl.userDao
2020-04-25 21:46:35,188 1448   [           main] DEBUG y.annotation.InjectionMetadata  - Registered injected element on class [com.xumeng.service.impl.UserServiceImpl]: AutowiredFieldElement for private org.springframework.security.crypto.password.PasswordEncoder com.xumeng.service.impl.UserServiceImpl.passwordEncoder
2020-04-25 21:46:35,188 1448   [           main] DEBUG ort.DefaultListableBeanFactory  - Eagerly caching bean 'userService' to allow for resolving potential circular references
2020-04-25 21:46:35,190 1450   [           main] DEBUG y.annotation.InjectionMetadata  - Processing injected element of bean 'userService': AutowiredFieldElement for private com.xumeng.dao.IUserDao com.xumeng.service.impl.UserServiceImpl.userDao
2020-04-25 21:46:35,190 1450   [           main] DEBUG ore.annotation.AnnotationUtils  - Failed to meta-introspect annotation [interface org.springframework.beans.factory.annotation.Autowired]: java.lang.IllegalArgumentException: Annotation must not be null
2020-04-25 21:46:35,190 1450   [           main] DEBUG ort.DefaultListableBeanFactory  - Creating shared instance of singleton bean 'IUserDao'
2020-04-25 21:46:35,190 1450   [           main] DEBUG ort.DefaultListableBeanFactory  - Creating instance of bean 'IUserDao'
2020-04-25 21:46:35,190 1450   [           main] DEBUG ort.DefaultListableBeanFactory  - Eagerly caching bean 'IUserDao' to allow for resolving potential circular references
2020-04-25 21:46:35,190 1450   [           main] DEBUG ort.DefaultListableBeanFactory  - Returning cached instance of singleton bean 'sqlSessionFactory'
2020-04-25 21:46:35,190 1450   [           main] DEBUG ort.DefaultListableBeanFactory  - Autowiring by type from bean name 'IUserDao' via property 'sqlSessionFactory' to bean named 'sqlSessionFactory'
2020-04-25 21:46:35,191 1451   [           main] DEBUG ort.DefaultListableBeanFactory  - Invoking afterPropertiesSet() on bean with name 'IUserDao'
2020-04-25 21:46:35,191 1451   [           main] DEBUG ort.DefaultListableBeanFactory  - Returning cached instance of singleton bean 'org.springframework.transaction.config.internalTransactionAdvisor'
2020-04-25 21:46:35,191 1451   [           main] DEBUG ort.DefaultListableBeanFactory  - Finished creating instance of bean 'IUserDao'
2020-04-25 21:46:35,192 1452   [           main] DEBUG ort.DefaultListableBeanFactory  - Returning cached instance of singleton bean 'org.springframework.transaction.config.internalTransactionAdvisor'
2020-04-25 21:46:35,192 1452   [           main] DEBUG redAnnotationBeanPostProcessor  - Autowiring by type from bean name 'userService' to bean named 'IUserDao'
2020-04-25 21:46:35,192 1452   [           main] DEBUG y.annotation.InjectionMetadata  - Processing injected element of bean 'userService': AutowiredFieldElement for private org.springframework.security.crypto.password.PasswordEncoder com.xumeng.service.impl.UserServiceImpl.passwordEncoder
2020-04-25 21:46:35,192 1452   [           main] DEBUG ore.annotation.AnnotationUtils  - Failed to meta-introspect annotation [interface org.springframework.beans.factory.annotation.Autowired]: java.lang.IllegalArgumentException: Annotation must not be null
2020-04-25 21:46:35,194 1454   [           main] WARN  port.GenericApplicationContext  - Exception encountered during context initialization - cancelling refresh attempt: org.springframework.beans.factory.UnsatisfiedDependencyException: Error creating bean with name 'userService': Unsatisfied dependency expressed through field 'passwordEncoder'; nested exception is org.springframework.beans.factory.NoSuchBeanDefinitionException: No qualifying bean of type 'org.springframework.security.crypto.password.PasswordEncoder' available: expected at least 1 bean which qualifies as autowire candidate. Dependency annotations: {@org.springframework.beans.factory.annotation.Autowired(required=true)}
2020-04-25 21:46:35,194 1454   [           main] DEBUG ort.DefaultListableBeanFactory  - Destroying singletons in org.springframework.beans.factory.support.DefaultListableBeanFactory@4facf68f: defining beans [memberServiceImpl,orderServiceImpl,permissionServiceImpl,productServiceImpl,travellerServiceImpl,userService,org.springframework.context.annotation.internalConfigurationAnnotationProcessor,org.springframework.context.annotation.internalAutowiredAnnotationProcessor,org.springframework.context.annotation.internalRequiredAnnotationProcessor,org.springframework.context.annotation.internalCommonAnnotationProcessor,org.springframework.context.event.internalEventListenerProcessor,org.springframework.context.event.internalEventListenerFactory,org.springframework.context.support.PropertySourcesPlaceholderConfigurer#0,dataSource,sqlSessionFactory,mapperScanner,transactionManager,org.springframework.transaction.config.internalTransactionalEventListenerFactory,org.springframework.aop.config.internalAutoProxyCreator,org.springframework.transaction.annotation.AnnotationTransactionAttributeSource#0,org.springframework.transaction.interceptor.TransactionInterceptor#0,org.springframework.transaction.config.internalTransactionAdvisor,IMemberDao,IOrderDao,IPermissionDao,IProductDao,IRoleDao,ITravellerDao,IUserDao]; root of factory hierarchy
2020-04-25 21:46:35,194 1454   [           main] DEBUG ort.DefaultListableBeanFactory  - Retrieved dependent beans for bean 'sqlSessionFactory': [IMemberDao, IOrderDao, IProductDao, ITravellerDao, IUserDao]
2020-04-25 21:46:35,194 1454   [           main] DEBUG ort.DefaultListableBeanFactory  - Retrieved dependent beans for bean 'IMemberDao': [memberServiceImpl]
2020-04-25 21:46:35,194 1454   [           main] DEBUG ort.DefaultListableBeanFactory  - Retrieved dependent beans for bean 'IOrderDao': [orderServiceImpl, travellerServiceImpl]
2020-04-25 21:46:35,195 1455   [           main] DEBUG ort.DefaultListableBeanFactory  - Retrieved dependent beans for bean 'IProductDao': [productServiceImpl]
2020-04-25 21:46:35,195 1455   [           main] DEBUG ort.DefaultListableBeanFactory  - Retrieved dependent beans for bean 'com.github.pagehelper.PageInterceptor#3e2e18f2': [sqlSessionFactory]
2020-04-25 21:46:35,197 1457   [           main] ERROR est.context.TestContextManager  - Caught exception while allowing TestExecutionListener [org.springframework.test.context.support.DependencyInjectionTestExecutionListener@46daef40] to prepare test instance [com.xumeng.test.TestIOderDao@b7dd107]
java.lang.IllegalStateException: Failed to load ApplicationContext
	at org.springframework.test.context.cache.DefaultCacheAwareContextLoaderDelegate.loadContext(DefaultCacheAwareContextLoaderDelegate.java:125)
	at org.springframework.test.context.support.DefaultTestContext.getApplicationContext(DefaultTestContext.java:107)
	at org.springframework.test.context.support.DependencyInjectionTestExecutionListener.injectDependencies(DependencyInjectionTestExecutionListener.java:117)
	at org.springframework.test.context.support.DependencyInjectionTestExecutionListener.prepareTestInstance(DependencyInjectionTestExecutionListener.java:83)
	at org.springframework.test.context.TestContextManager.prepareTestInstance(TestContextManager.java:242)
	at org.springframework.test.context.junit4.SpringJUnit4ClassRunner.createTest(SpringJUnit4ClassRunner.java:227)
	at org.springframework.test.context.junit4.SpringJUnit4ClassRunner$1.runReflectiveCall(SpringJUnit4ClassRunner.java:289)
	at org.junit.internal.runners.model.ReflectiveCallable.run(ReflectiveCallable.java:12)
	at org.springframework.test.context.junit4.SpringJUnit4ClassRunner.methodBlock(SpringJUnit4ClassRunner.java:291)
	at org.springframework.test.context.junit4.SpringJUnit4ClassRunner.runChild(SpringJUnit4ClassRunner.java:246)
	at org.springframework.test.context.junit4.SpringJUnit4ClassRunner.runChild(SpringJUnit4ClassRunner.java:97)
	at org.junit.runners.ParentRunner$3.run(ParentRunner.java:290)
	at org.junit.runners.ParentRunner$1.schedule(ParentRunner.java:71)
	at org.junit.runners.ParentRunner.runChildren(ParentRunner.java:288)
	at org.junit.runners.ParentRunner.access$000(ParentRunner.java:58)
	at org.junit.runners.ParentRunner$2.evaluate(ParentRunner.java:268)
	at org.springframework.test.context.junit4.statements.RunBeforeTestClassCallbacks.evaluate(RunBeforeTestClassCallbacks.java:61)
	at org.springframework.test.context.junit4.statements.RunAfterTestClassCallbacks.evaluate(RunAfterTestClassCallbacks.java:70)
	at org.junit.runners.ParentRunner.run(ParentRunner.java:363)
	at org.springframework.test.context.junit4.SpringJUnit4ClassRunner.run(SpringJUnit4ClassRunner.java:190)
	at org.apache.maven.surefire.junit4.JUnit4Provider.execute(JUnit4Provider.java:365)
	at org.apache.maven.surefire.junit4.JUnit4Provider.executeWithRerun(JUnit4Provider.java:273)
	at org.apache.maven.surefire.junit4.JUnit4Provider.executeTestSet(JUnit4Provider.java:238)
	at org.apache.maven.surefire.junit4.JUnit4Provider.invoke(JUnit4Provider.java:159)
	at org.apache.maven.surefire.booter.ForkedBooter.invokeProviderInSameClassLoader(ForkedBooter.java:384)
	at org.apache.maven.surefire.booter.ForkedBooter.runSuitesInProcess(ForkedBooter.java:345)
	at org.apache.maven.surefire.booter.ForkedBooter.execute(ForkedBooter.java:126)
	at org.apache.maven.surefire.booter.ForkedBooter.main(ForkedBooter.java:418)
Caused by: org.springframework.beans.factory.UnsatisfiedDependencyException: Error creating bean with name 'userService': Unsatisfied dependency expressed through field 'passwordEncoder'; nested exception is org.springframework.beans.factory.NoSuchBeanDefinitionException: No qualifying bean of type 'org.springframework.security.crypto.password.PasswordEncoder' available: expected at least 1 bean which qualifies as autowire candidate. Dependency annotations: {@org.springframework.beans.factory.annotation.Autowired(required=true)}
	at org.springframework.beans.factory.annotation.AutowiredAnnotationBeanPostProcessor$AutowiredFieldElement.inject(AutowiredAnnotationBeanPostProcessor.java:586)
	at org.springframework.beans.factory.annotation.InjectionMetadata.inject(InjectionMetadata.java:91)
	at org.springframework.beans.factory.annotation.AutowiredAnnotationBeanPostProcessor.postProcessPropertyValues(AutowiredAnnotationBeanPostProcessor.java:372)
	at org.springframework.beans.factory.support.AbstractAutowireCapableBeanFactory.populateBean(AbstractAutowireCapableBeanFactory.java:1344)
	at org.springframework.beans.factory.support.AbstractAutowireCapableBeanFactory.doCreateBean(AbstractAutowireCapableBeanFactory.java:582)
	at org.springframework.beans.factory.support.AbstractAutowireCapableBeanFactory.createBean(AbstractAutowireCapableBeanFactory.java:502)
	at org.springframework.beans.factory.support.AbstractBeanFactory.lambda$doGetBean$0(AbstractBeanFactory.java:312)
	at org.springframework.beans.factory.support.DefaultSingletonBeanRegistry.getSingleton(DefaultSingletonBeanRegistry.java:228)
	at org.springframework.beans.factory.support.AbstractBeanFactory.doGetBean(AbstractBeanFactory.java:310)
	at org.springframework.beans.factory.support.AbstractBeanFactory.getBean(AbstractBeanFactory.java:200)
	at org.springframework.beans.factory.support.DefaultListableBeanFactory.preInstantiateSingletons(DefaultListableBeanFactory.java:758)
	at org.springframework.context.support.AbstractApplicationContext.finishBeanFactoryInitialization(AbstractApplicationContext.java:868)
	at org.springframework.context.support.AbstractApplicationContext.refresh(AbstractApplicationContext.java:549)
	at org.springframework.test.context.support.AbstractGenericContextLoader.loadContext(AbstractGenericContextLoader.java:128)
	at org.springframework.test.context.support.AbstractGenericContextLoader.loadContext(AbstractGenericContextLoader.java:60)
	at org.springframework.test.context.support.AbstractDelegatingSmartContextLoader.delegateLoading(AbstractDelegatingSmartContextLoader.java:109)
	at org.springframework.test.context.support.AbstractDelegatingSmartContextLoader.loadContext(AbstractDelegatingSmartContextLoader.java:246)
	at org.springframework.test.context.cache.DefaultCacheAwareContextLoaderDelegate.loadContextInternal(DefaultCacheAwareContextLoaderDelegate.java:99)
	at org.springframework.test.context.cache.DefaultCacheAwareContextLoaderDelegate.loadContext(DefaultCacheAwareContextLoaderDelegate.java:117)
	... 27 more
Caused by: org.springframework.beans.factory.NoSuchBeanDefinitionException: No qualifying bean of type 'org.springframework.security.crypto.password.PasswordEncoder' available: expected at least 1 bean which qualifies as autowire candidate. Dependency annotations: {@org.springframework.beans.factory.annotation.Autowired(required=true)}
	at org.springframework.beans.factory.support.DefaultListableBeanFactory.raiseNoMatchingBeanFound(DefaultListableBeanFactory.java:1504)
	at org.springframework.beans.factory.support.DefaultListableBeanFactory.doResolveDependency(DefaultListableBeanFactory.java:1101)
	at org.springframework.beans.factory.support.DefaultListableBeanFactory.resolveDependency(DefaultListableBeanFactory.java:1062)
	at org.springframework.beans.factory.annotation.AutowiredAnnotationBeanPostProcessor$AutowiredFieldElement.inject(AutowiredAnnotationBeanPostProcessor.java:583)
	... 45 more
]]></system-out>
    <system-err><![CDATA[log4j:ERROR Could not find value for key log4j.appender.LOGFILE
log4j:ERROR Could not instantiate appender named "LOGFILE".
]]></system-err>
  </testcase>
  <testcase name="findById" classname="com.xumeng.test.TestIOderDao" time="0">
    <error message="Failed to load ApplicationContext" type="java.lang.IllegalStateException">java.lang.IllegalStateException: Failed to load ApplicationContext
Caused by: org.springframework.beans.factory.UnsatisfiedDependencyException: Error creating bean with name 'userService': Unsatisfied dependency expressed through field 'passwordEncoder'; nested exception is org.springframework.beans.factory.NoSuchBeanDefinitionException: No qualifying bean of type 'org.springframework.security.crypto.password.PasswordEncoder' available: expected at least 1 bean which qualifies as autowire candidate. Dependency annotations: {@org.springframework.beans.factory.annotation.Autowired(required=true)}
Caused by: org.springframework.beans.factory.NoSuchBeanDefinitionException: No qualifying bean of type 'org.springframework.security.crypto.password.PasswordEncoder' available: expected at least 1 bean which qualifies as autowire candidate. Dependency annotations: {@org.springframework.beans.factory.annotation.Autowired(required=true)}
</error>
    <system-out><![CDATA[2020-04-25 21:46:35,204 1464   [           main] DEBUG t.annotation.ProfileValueUtils  - Retrieved @ProfileValueSourceConfiguration [null] for test class [com.xumeng.test.TestIOderDao]
2020-04-25 21:46:35,204 1464   [           main] DEBUG t.annotation.ProfileValueUtils  - Retrieved ProfileValueSource type [class org.springframework.test.annotation.SystemProfileValueSource] for class [com.xumeng.test.TestIOderDao]
2020-04-25 21:46:35,204 1464   [           main] DEBUG InjectionTestExecutionListener  - Performing dependency injection for test context [[DefaultTestContext@1b26f7b2 testClass = TestIOderDao, testInstance = com.xumeng.test.TestIOderDao@4ae9cfc1, testMethod = [null], testException = [null], mergedContextConfiguration = [MergedContextConfiguration@491cc5c9 testClass = TestIOderDao, locations = '{classpath:applicationContext.xml}', classes = '{}', contextInitializerClasses = '[]', activeProfiles = '{}', propertySourceLocations = '{}', propertySourceProperties = '{}', contextCustomizers = set[[empty]], contextLoader = 'org.springframework.test.context.support.DelegatingSmartContextLoader', parent = [null]], attributes = map[[empty]]]].
2020-04-25 21:46:35,204 1464   [           main] DEBUG ctDelegatingSmartContextLoader  - Delegating to GenericXmlContextLoader to load context from [MergedContextConfiguration@491cc5c9 testClass = TestIOderDao, locations = '{classpath:applicationContext.xml}', classes = '{}', contextInitializerClasses = '[]', activeProfiles = '{}', propertySourceLocations = '{}', propertySourceProperties = '{}', contextCustomizers = set[[empty]], contextLoader = 'org.springframework.test.context.support.DelegatingSmartContextLoader', parent = [null]].
2020-04-25 21:46:35,204 1464   [           main] DEBUG t.AbstractGenericContextLoader  - Loading ApplicationContext for merged context configuration [[MergedContextConfiguration@491cc5c9 testClass = TestIOderDao, locations = '{classpath:applicationContext.xml}', classes = '{}', contextInitializerClasses = '[]', activeProfiles = '{}', propertySourceLocations = '{}', propertySourceProperties = '{}', contextCustomizers = set[[empty]], contextLoader = 'org.springframework.test.context.support.DelegatingSmartContextLoader', parent = [null]]].
2020-04-25 21:46:35,204 1464   [           main] DEBUG k.core.env.StandardEnvironment  - Adding PropertySource 'systemProperties' with lowest search precedence
2020-04-25 21:46:35,204 1464   [           main] DEBUG k.core.env.StandardEnvironment  - Adding PropertySource 'systemEnvironment' with lowest search precedence
2020-04-25 21:46:35,205 1465   [           main] DEBUG k.core.env.StandardEnvironment  - Initialized StandardEnvironment with PropertySources [MapPropertySource@1663888181 {name='systemProperties', properties={java.runtime.name=Java(TM) SE Runtime Environment, sun.boot.library.path=C:\Program Files\Java\jdk1.8.0_131\jre\bin, java.vm.version=25.131-b11, java.vm.vendor=Oracle Corporation, java.vendor.url=http://java.oracle.com/, path.separator=;, java.vm.name=Java HotSpot(TM) 64-Bit Server VM, file.encoding.pkg=sun.io, user.country=CN, user.script=, sun.java.launcher=SUN_STANDARD, sun.os.patch.level=, java.vm.specification.name=Java Virtual Machine Specification, user.dir=D:\Code\IdeaProjects\manageSystem-ssm\ms-ssm-web, java.runtime.version=1.8.0_131-b11, basedir=D:\Code\IdeaProjects\manageSystem-ssm\ms-ssm-web, java.awt.graphicsenv=sun.awt.Win32GraphicsEnvironment, java.endorsed.dirs=C:\Program Files\Java\jdk1.8.0_131\jre\lib\endorsed, os.arch=amd64, surefire.real.class.path=C:\Users\xm\AppData\Local\Temp\surefire7497552715305907156\surefirebooter6811015789613867580.jar, java.io.tmpdir=C:\Users\xm\AppData\Local\Temp\, line.separator=
, java.vm.specification.vendor=Oracle Corporation, user.variant=, os.name=Windows 10, sun.jnu.encoding=GBK, java.library.path=C:\Program Files\Java\jdk1.8.0_131\jre\bin;C:\Windows\Sun\Java\bin;C:\Windows\system32;C:\Windows;D:\MyProgram\orcl\bin;D:\MyProgram\Anaconda3;D:\MyProgram\Anaconda3\Library\mingw-w64\bin;D:\MyProgram\Anaconda3\Library\usr\bin;D:\MyProgram\Anaconda3\Library\bin;D:\MyProgram\Anaconda3\Scripts;C:\ProgramData\Oracle\Java\javapath;C:\Windows\system32;C:\Windows;C:\Windows\System32\Wbem;C:\Windows\System32\WindowsPowerShell\v1.0\;C:\Windows\System32\OpenSSH\;C:\Program Files\Java\jdk1.8.0_131\bin;C:\Program Files\Java\jdk1.8.0_131\jre\bin;C:\Program Files (x86)\MySQL\MySQL Server 5.5\bin;D:\MyProgram\Git\cmd;D:\Maven\bin\;D:\MyProgram\redis-2.8.9;D:\Maven_V_354\apache-maven-3.5.4\bin\;D:\MyProgram\nodejs\;D:\MyProgram\nodejs\npm_modules\;D:\MyProgram\erl10.4\bin;D:\MyProgram\ffmpeg\bin\;D:\MyProgram\OpenSSL-Win64\bin\;D:\MyProgram\Ruby25-x64\bin;C:\Users\xm\AppData\Local\Microsoft\WindowsApps;;D:\MyProgram\JetBrains\IntelliJ IDEA 2019.3.3\bin;;D:\MyProgram\Microsoft VS Code\bin;D:\MyProgram\JetBrains\PyCharm 2019.3.3\bin;;D:\MyProgram\JetBrains\WebStorm 2019.3.3\bin;;C:\Users\xm\AppData\Roaming\npm;., surefire.test.class.path=D:\Code\IdeaProjects\manageSystem-ssm\ms-ssm-web\target\test-classes;D:\Code\IdeaProjects\manageSystem-ssm\ms-ssm-web\target\classes;E:\maven-repository\junit\junit\4.12\junit-4.12.jar;E:\maven-repository\org\hamcrest\hamcrest-core\1.3\hamcrest-core-1.3.jar;D:\Code\IdeaProjects\manageSystem-ssm\ms-ssm-domain\target\ms-ssm-domain-1.0-SNAPSHOT.jar;D:\Code\IdeaProjects\manageSystem-ssm\ms-ssm-utils\target\ms-ssm-utils-1.0-SNAPSHOT.jar;D:\Code\IdeaProjects\manageSystem-ssm\ms-ssm-service\target\ms-ssm-service-1.0-SNAPSHOT.jar;D:\Code\IdeaProjects\manageSystem-ssm\ms-ssm-dao\target\ms-ssm-dao-1.0-SNAPSHOT.jar;E:\maven-repository\com\fasterxml\jackson\core\jackson-databind\2.9.7\jackson-databind-2.9.7.jar;E:\maven-repository\com\fasterxml\jackson\core\jackson-annotations\2.9.0\jackson-annotations-2.9.0.jar;E:\maven-repository\com\fasterxml\jackson\core\jackson-core\2.9.7\jackson-core-2.9.7.jar;E:\maven-repository\com\github\pagehelper\pagehelper\5.1.2\pagehelper-5.1.2.jar;E:\maven-repository\com\github\jsqlparser\jsqlparser\1.0\jsqlparser-1.0.jar;E:\maven-repository\javax\annotation\javax.annotation-api\1.3.1\javax.annotation-api-1.3.1.jar;E:\maven-repository\org\springframework\security\spring-security-web\5.0.1.RELEASE\spring-security-web-5.0.1.RELEASE.jar;E:\maven-repository\org\springframework\spring-expression\5.0.3.RELEASE\spring-expression-5.0.3.RELEASE.jar;E:\maven-repository\org\springframework\security\spring-security-config\5.0.1.RELEASE\spring-security-config-5.0.1.RELEASE.jar;E:\maven-repository\org\springframework\security\spring-security-core\5.0.1.RELEASE\spring-security-core-5.0.1.RELEASE.jar;E:\maven-repository\org\springframework\security\spring-security-taglibs\5.0.1.RELEASE\spring-security-taglibs-5.0.1.RELEASE.jar;E:\maven-repository\org\springframework\security\spring-security-acl\5.0.1.RELEASE\spring-security-acl-5.0.1.RELEASE.jar;E:\maven-repository\org\aspectj\aspectjweaver\1.6.8\aspectjweaver-1.6.8.jar;E:\maven-repository\org\springframework\spring-aop\5.0.2.RELEASE\spring-aop-5.0.2.RELEASE.jar;E:\maven-repository\org\springframework\spring-context\5.0.2.RELEASE\spring-context-5.0.2.RELEASE.jar;E:\maven-repository\org\springframework\spring-context-support\5.0.2.RELEASE\spring-context-support-5.0.2.RELEASE.jar;E:\maven-repository\org\springframework\spring-web\5.0.2.RELEASE\spring-web-5.0.2.RELEASE.jar;E:\maven-repository\org\springframework\spring-orm\5.0.2.RELEASE\spring-orm-5.0.2.RELEASE.jar;E:\maven-repository\org\springframework\spring-jdbc\5.0.2.RELEASE\spring-jdbc-5.0.2.RELEASE.jar;E:\maven-repository\org\springframework\spring-beans\5.0.2.RELEASE\spring-beans-5.0.2.RELEASE.jar;E:\maven-repository\org\springframework\spring-core\5.0.2.RELEASE\spring-core-5.0.2.RELEASE.jar;E:\maven-repository\org\springframework\spring-jcl\5.0.2.RELEASE\spring-jcl-5.0.2.RELEASE.jar;E:\maven-repository\org\springframework\spring-test\5.0.2.RELEASE\spring-test-5.0.2.RELEASE.jar;E:\maven-repository\org\springframework\spring-webmvc\5.0.2.RELEASE\spring-webmvc-5.0.2.RELEASE.jar;E:\maven-repository\org\springframework\spring-tx\5.0.2.RELEASE\spring-tx-5.0.2.RELEASE.jar;E:\maven-repository\javax\servlet\javax.servlet-api\3.1.0\javax.servlet-api-3.1.0.jar;E:\maven-repository\javax\servlet\jsp\jsp-api\2.0\jsp-api-2.0.jar;E:\maven-repository\jstl\jstl\1.2\jstl-1.2.jar;E:\maven-repository\log4j\log4j\1.2.12\log4j-1.2.12.jar;E:\maven-repository\org\slf4j\slf4j-api\1.6.6\slf4j-api-1.6.6.jar;E:\maven-repository\org\slf4j\slf4j-log4j12\1.6.6\slf4j-log4j12-1.6.6.jar;E:\maven-repository\org\mybatis\mybatis\3.4.5\mybatis-3.4.5.jar;E:\maven-repository\org\mybatis\mybatis-spring\1.3.0\mybatis-spring-1.3.0.jar;E:\maven-repository\c3p0\c3p0\0.9.1.2\c3p0-0.9.1.2.jar;E:\maven-repository\mysql\mysql-connector-java\5.1.6\mysql-connector-java-5.1.6.jar;E:\maven-repository\javax\annotation\jsr250-api\1.0\jsr250-api-1.0.jar;E:\maven-repository\org\projectlombok\lombok\1.16.16\lombok-1.16.16.jar;, java.specification.name=Java Platform API Specification, java.class.version=52.0, sun.management.compiler=HotSpot 64-Bit Tiered Compilers, maven.repo.local=E:\maven-repository, idea.version2019.3.3=true, os.version=10.0, user.home=C:\Users\xm, user.timezone=Asia/Shanghai, java.awt.printerjob=sun.awt.windows.WPrinterJob, file.encoding=GBK, java.specification.version=1.8, java.class.path=D:\Code\IdeaProjects\manageSystem-ssm\ms-ssm-web\target\test-classes;D:\Code\IdeaProjects\manageSystem-ssm\ms-ssm-web\target\classes;E:\maven-repository\junit\junit\4.12\junit-4.12.jar;E:\maven-repository\org\hamcrest\hamcrest-core\1.3\hamcrest-core-1.3.jar;D:\Code\IdeaProjects\manageSystem-ssm\ms-ssm-domain\target\ms-ssm-domain-1.0-SNAPSHOT.jar;D:\Code\IdeaProjects\manageSystem-ssm\ms-ssm-utils\target\ms-ssm-utils-1.0-SNAPSHOT.jar;D:\Code\IdeaProjects\manageSystem-ssm\ms-ssm-service\target\ms-ssm-service-1.0-SNAPSHOT.jar;D:\Code\IdeaProjects\manageSystem-ssm\ms-ssm-dao\target\ms-ssm-dao-1.0-SNAPSHOT.jar;E:\maven-repository\com\fasterxml\jackson\core\jackson-databind\2.9.7\jackson-databind-2.9.7.jar;E:\maven-repository\com\fasterxml\jackson\core\jackson-annotations\2.9.0\jackson-annotations-2.9.0.jar;E:\maven-repository\com\fasterxml\jackson\core\jackson-core\2.9.7\jackson-core-2.9.7.jar;E:\maven-repository\com\github\pagehelper\pagehelper\5.1.2\pagehelper-5.1.2.jar;E:\maven-repository\com\github\jsqlparser\jsqlparser\1.0\jsqlparser-1.0.jar;E:\maven-repository\javax\annotation\javax.annotation-api\1.3.1\javax.annotation-api-1.3.1.jar;E:\maven-repository\org\springframework\security\spring-security-web\5.0.1.RELEASE\spring-security-web-5.0.1.RELEASE.jar;E:\maven-repository\org\springframework\spring-expression\5.0.3.RELEASE\spring-expression-5.0.3.RELEASE.jar;E:\maven-repository\org\springframework\security\spring-security-config\5.0.1.RELEASE\spring-security-config-5.0.1.RELEASE.jar;E:\maven-repository\org\springframework\security\spring-security-core\5.0.1.RELEASE\spring-security-core-5.0.1.RELEASE.jar;E:\maven-repository\org\springframework\security\spring-security-taglibs\5.0.1.RELEASE\spring-security-taglibs-5.0.1.RELEASE.jar;E:\maven-repository\org\springframework\security\spring-security-acl\5.0.1.RELEASE\spring-security-acl-5.0.1.RELEASE.jar;E:\maven-repository\org\aspectj\aspectjweaver\1.6.8\aspectjweaver-1.6.8.jar;E:\maven-repository\org\springframework\spring-aop\5.0.2.RELEASE\spring-aop-5.0.2.RELEASE.jar;E:\maven-repository\org\springframework\spring-context\5.0.2.RELEASE\spring-context-5.0.2.RELEASE.jar;E:\maven-repository\org\springframework\spring-context-support\5.0.2.RELEASE\spring-context-support-5.0.2.RELEASE.jar;E:\maven-repository\org\springframework\spring-web\5.0.2.RELEASE\spring-web-5.0.2.RELEASE.jar;E:\maven-repository\org\springframework\spring-orm\5.0.2.RELEASE\spring-orm-5.0.2.RELEASE.jar;E:\maven-repository\org\springframework\spring-jdbc\5.0.2.RELEASE\spring-jdbc-5.0.2.RELEASE.jar;E:\maven-repository\org\springframework\spring-beans\5.0.2.RELEASE\spring-beans-5.0.2.RELEASE.jar;E:\maven-repository\org\springframework\spring-core\5.0.2.RELEASE\spring-core-5.0.2.RELEASE.jar;E:\maven-repository\org\springframework\spring-jcl\5.0.2.RELEASE\spring-jcl-5.0.2.RELEASE.jar;E:\maven-repository\org\springframework\spring-test\5.0.2.RELEASE\spring-test-5.0.2.RELEASE.jar;E:\maven-repository\org\springframework\spring-webmvc\5.0.2.RELEASE\spring-webmvc-5.0.2.RELEASE.jar;E:\maven-repository\org\springframework\spring-tx\5.0.2.RELEASE\spring-tx-5.0.2.RELEASE.jar;E:\maven-repository\javax\servlet\javax.servlet-api\3.1.0\javax.servlet-api-3.1.0.jar;E:\maven-repository\javax\servlet\jsp\jsp-api\2.0\jsp-api-2.0.jar;E:\maven-repository\jstl\jstl\1.2\jstl-1.2.jar;E:\maven-repository\log4j\log4j\1.2.12\log4j-1.2.12.jar;E:\maven-repository\org\slf4j\slf4j-api\1.6.6\slf4j-api-1.6.6.jar;E:\maven-repository\org\slf4j\slf4j-log4j12\1.6.6\slf4j-log4j12-1.6.6.jar;E:\maven-repository\org\mybatis\mybatis\3.4.5\mybatis-3.4.5.jar;E:\maven-repository\org\mybatis\mybatis-spring\1.3.0\mybatis-spring-1.3.0.jar;E:\maven-repository\c3p0\c3p0\0.9.1.2\c3p0-0.9.1.2.jar;E:\maven-repository\mysql\mysql-connector-java\5.1.6\mysql-connector-java-5.1.6.jar;E:\maven-repository\javax\annotation\jsr250-api\1.0\jsr250-api-1.0.jar;E:\maven-repository\org\projectlombok\lombok\1.16.16\lombok-1.16.16.jar;, user.name=xm, java.vm.specification.version=1.8, sun.java.command=C:\Users\xm\AppData\Local\Temp\surefire7497552715305907156\surefirebooter6811015789613867580.jar C:\Users\xm\AppData\Local\Temp\surefire7497552715305907156 2020-04-25T21-46-33_033-jvmRun1 surefire7780568927660488430tmp surefire_03629623413987528247tmp, java.home=C:\Program Files\Java\jdk1.8.0_131\jre, sun.arch.data.model=64, user.language=zh, java.specification.vendor=Oracle Corporation, awt.toolkit=sun.awt.windows.WToolkit, java.vm.info=mixed mode, java.version=1.8.0_131, java.ext.dirs=C:\Program Files\Java\jdk1.8.0_131\jre\lib\ext;C:\Windows\Sun\Java\lib\ext, sun.boot.class.path=C:\Program Files\Java\jdk1.8.0_131\jre\lib\resources.jar;C:\Program Files\Java\jdk1.8.0_131\jre\lib\rt.jar;C:\Program Files\Java\jdk1.8.0_131\jre\lib\sunrsasign.jar;C:\Program Files\Java\jdk1.8.0_131\jre\lib\jsse.jar;C:\Program Files\Java\jdk1.8.0_131\jre\lib\jce.jar;C:\Program Files\Java\jdk1.8.0_131\jre\lib\charsets.jar;C:\Program Files\Java\jdk1.8.0_131\jre\lib\jfr.jar;C:\Program Files\Java\jdk1.8.0_131\jre\classes, java.vendor=Oracle Corporation, localRepository=E:\maven-repository, file.separator=\, java.vendor.url.bug=http://bugreport.sun.com/bugreport/, sun.io.unicode.encoding=UnicodeLittle, sun.cpu.endian=little, sun.desktop=windows, sun.cpu.isalist=amd64}}, SystemEnvironmentPropertySource@479459041 {name='systemEnvironment', properties={PATH=D:\MyProgram\orcl\bin;D:\MyProgram\Anaconda3;D:\MyProgram\Anaconda3\Library\mingw-w64\bin;D:\MyProgram\Anaconda3\Library\usr\bin;D:\MyProgram\Anaconda3\Library\bin;D:\MyProgram\Anaconda3\Scripts;C:\ProgramData\Oracle\Java\javapath;C:\Windows\system32;C:\Windows;C:\Windows\System32\Wbem;C:\Windows\System32\WindowsPowerShell\v1.0\;C:\Windows\System32\OpenSSH\;C:\Program Files\Java\jdk1.8.0_131\bin;C:\Program Files\Java\jdk1.8.0_131\jre\bin;C:\Program Files (x86)\MySQL\MySQL Server 5.5\bin;D:\MyProgram\Git\cmd;D:\Maven\bin\;D:\MyProgram\redis-2.8.9;D:\Maven_V_354\apache-maven-3.5.4\bin\;D:\MyProgram\nodejs\;D:\MyProgram\nodejs\npm_modules\;D:\MyProgram\erl10.4\bin;D:\MyProgram\ffmpeg\bin\;D:\MyProgram\OpenSSL-Win64\bin\;D:\MyProgram\Ruby25-x64\bin;C:\Users\xm\AppData\Local\Microsoft\WindowsApps;;D:\MyProgram\JetBrains\IntelliJ IDEA 2019.3.3\bin;;D:\MyProgram\Microsoft VS Code\bin;D:\MyProgram\JetBrains\PyCharm 2019.3.3\bin;;D:\MyProgram\JetBrains\WebStorm 2019.3.3\bin;;C:\Users\xm\AppData\Roaming\npm, USERDOMAIN_ROAMINGPROFILE=DESKTOP-9ENUAHE, PROCESSOR_LEVEL=23, SYSTEMDRIVE=C:, SESSIONNAME=Console, ALLUSERSPROFILE=C:\ProgramData, PROCESSOR_ARCHITECTURE=AMD64, DRIVERDATA=C:\Windows\System32\Drivers\DriverData, MAVEN_HOME=D:\Maven, PROGRAMFILES=C:\Program Files, PSMODULEPATH=C:\Program Files\WindowsPowerShell\Modules;C:\Windows\system32\WindowsPowerShell\v1.0\Modules, PROGRAMDATA=C:\ProgramData, USERNAME=xm, FPS_BROWSER_USER_PROFILE_STRING=Default, ONEDRIVE=C:\Users\xm\OneDrive, PATHEXT=.COM;.EXE;.BAT;.CMD;.VBS;.VBE;.JS;.JSE;.WSF;.WSH;.MSC;.RB;.RBW, MAVEN_HOME2=D:\Maven_V_354\apache-maven-3.5.4, WINDIR=C:\Windows, HOMEPATH=\Users\xm, PROCESSOR_IDENTIFIER=AMD64 Family 23 Model 8 Stepping 2, AuthenticAMD, PUBLIC=C:\Users\Public, =::=::\, LOCALAPPDATA=C:\Users\xm\AppData\Local, COMMONPROGRAMFILES(X86)=C:\Program Files (x86)\Common Files, USERDOMAIN=DESKTOP-9ENUAHE, FPS_BROWSER_APP_PROFILE_STRING=Internet Explorer, LOGONSERVER=\\DESKTOP-9ENUAHE, JAVA_HOME=C:\Program Files\Java\jdk1.8.0_131, PROMPT=$P$G, PROGRAMFILES(X86)=C:\Program Files (x86), INTELLIJ IDEA=D:\MyProgram\JetBrains\IntelliJ IDEA 2019.3.3\bin;, ERLANG_HOME=D:\MyProgram\erl10.4, APPDATA=C:\Users\xm\AppData\Roaming, PROGRAMW6432=C:\Program Files, SYSTEMROOT=C:\Windows, PERL5LIB=D:\MyProgram\orcl\perl\5.8.3\lib\MSWin32-x86;D:\MyProgram\orcl\perl\5.8.3\lib;D:\MyProgram\orcl\perl\5.8.3\lib\MSWin32-x86;D:\MyProgram\orcl\perl\site\5.8.3;D:\MyProgram\orcl\perl\site\5.8.3\lib;D:\MyProgram\orcl\sysman\admin\scripts;, OS=Windows_NT, COMMONPROGRAMW6432=C:\Program Files\Common Files, COMPUTERNAME=DESKTOP-9ENUAHE, COMMONPROGRAMFILES=C:\Program Files\Common Files, COMSPEC=C:\Windows\system32\cmd.exe, CATALINA_HOME=D:\MyProgram\Tomcat\apache-tomcat-7.0.100, PROCESSOR_REVISION=0802, CLASSPATH=.;C:\Program Files\Java\jdk1.8.0_131\lib;C:\Program Files\Java\jdk1.8.0_131\lib\tools.jar, PYCHARM=D:\MyProgram\JetBrains\PyCharm 2019.3.3\bin;, RUBYOPT=-Eutf-8, =D:=D:\Code\IdeaProjects\manageSystem-ssm\ms-ssm-web, TEMP=C:\Users\xm\AppData\Local\Temp, HOMEDRIVE=C:, USERPROFILE=C:\Users\xm, TMP=C:\Users\xm\AppData\Local\Temp, WEBSTORM=D:\MyProgram\JetBrains\WebStorm 2019.3.3\bin;, NUMBER_OF_PROCESSORS=12, IDEA_INITIAL_DIRECTORY=C:\Users\xm\Desktop}}]
2020-04-25 21:46:35,205 1465   [           main] INFO  ry.xml.XmlBeanDefinitionReader  - Loading XML bean definitions from class path resource [applicationContext.xml]
2020-04-25 21:46:35,207 1467   [           main] DEBUG tory.xml.DefaultDocumentLoader  - Using JAXP provider [com.sun.org.apache.xerces.internal.jaxp.DocumentBuilderFactoryImpl]
2020-04-25 21:46:35,208 1468   [           main] DEBUG ry.xml.PluggableSchemaResolver  - Loading schema mappings from [META-INF/spring.schemas]
2020-04-25 21:46:35,211 1471   [           main] DEBUG ry.xml.PluggableSchemaResolver  - Loaded schema mappings: {http://www.springframework.org/schema/tx/spring-tx-4.3.xsd=org/springframework/transaction/config/spring-tx.xsd, http://www.springframework.org/schema/tx/spring-tx-2.5.xsd=org/springframework/transaction/config/spring-tx.xsd, http://www.springframework.org/schema/cache/spring-cache-4.2.xsd=org/springframework/cache/config/spring-cache.xsd, http://www.springframework.org/schema/aop/spring-aop-4.1.xsd=org/springframework/aop/config/spring-aop.xsd, http://www.springframework.org/schema/context/spring-context-3.1.xsd=org/springframework/context/config/spring-context.xsd, http://www.springframework.org/schema/jdbc/spring-jdbc-4.1.xsd=org/springframework/jdbc/config/spring-jdbc.xsd, http://www.springframework.org/schema/mvc/spring-mvc-4.1.xsd=org/springframework/web/servlet/config/spring-mvc.xsd, http://www.springframework.org/schema/util/spring-util-3.0.xsd=org/springframework/beans/factory/xml/spring-util.xsd, http://www.springframework.org/schema/security/spring-security-3.0.3.xsd=org/springframework/security/config/spring-security-3.0.3.xsd, http://mybatis.org/schema/mybatis-spring-1.2.xsd=org/mybatis/spring/config/mybatis-spring-1.2.xsd, http://www.springframework.org/schema/tool/spring-tool.xsd=org/springframework/beans/factory/xml/spring-tool.xsd, http://www.springframework.org/schema/aop/spring-aop-3.2.xsd=org/springframework/aop/config/spring-aop.xsd, http://www.springframework.org/schema/security/spring-security-2.0.1.xsd=org/springframework/security/config/spring-security-2.0.1.xsd, http://www.springframework.org/schema/lang/spring-lang-4.1.xsd=org/springframework/scripting/config/spring-lang.xsd, http://www.springframework.org/schema/context/spring-context-4.0.xsd=org/springframework/context/config/spring-context.xsd, http://www.springframework.org/schema/mvc/spring-mvc-3.2.xsd=org/springframework/web/servlet/config/spring-mvc.xsd, http://www.springframework.org/schema/beans/spring-beans-4.2.xsd=org/springframework/beans/factory/xml/spring-beans.xsd, http://www.springframework.org/schema/tool/spring-tool-4.1.xsd=org/springframework/beans/factory/xml/spring-tool.xsd, http://www.springframework.org/schema/lang/spring-lang-3.2.xsd=org/springframework/scripting/config/spring-lang.xsd, http://www.springframework.org/schema/cache/spring-cache-3.2.xsd=org/springframework/cache/config/spring-cache.xsd, http://www.springframework.org/schema/jee/spring-jee-4.1.xsd=org/springframework/ejb/config/spring-jee.xsd, http://www.springframework.org/schema/jdbc/spring-jdbc-3.1.xsd=org/springframework/jdbc/config/spring-jdbc.xsd, http://www.springframework.org/schema/util/spring-util-2.0.xsd=org/springframework/beans/factory/xml/spring-util.xsd, http://www.springframework.org/schema/task/spring-task-4.2.xsd=org/springframework/scheduling/config/spring-task.xsd, http://www.springframework.org/schema/tool/spring-tool-3.2.xsd=org/springframework/beans/factory/xml/spring-tool.xsd, http://www.springframework.org/schema/context/spring-context.xsd=org/springframework/context/config/spring-context.xsd, http://www.springframework.org/schema/tx/spring-tx-4.2.xsd=org/springframework/transaction/config/spring-tx.xsd, http://www.springframework.org/schema/cache/spring-cache-4.1.xsd=org/springframework/cache/config/spring-cache.xsd, http://www.springframework.org/schema/aop/spring-aop-4.0.xsd=org/springframework/aop/config/spring-aop.xsd, http://www.springframework.org/schema/security/spring-security-2.0.xsd=org/springframework/security/config/spring-security-2.0.xsd, http://www.springframework.org/schema/jee/spring-jee-3.2.xsd=org/springframework/ejb/config/spring-jee.xsd, http://www.springframework.org/schema/context/spring-context-3.0.xsd=org/springframework/context/config/spring-context.xsd, http://www.springframework.org/schema/jdbc/spring-jdbc-4.0.xsd=org/springframework/jdbc/config/spring-jdbc.xsd, http://www.springframework.org/schema/mvc/spring-mvc-4.0.xsd=org/springframework/web/servlet/config/spring-mvc.xsd, http://www.springframework.org/schema/util/spring-util-4.3.xsd=org/springframework/beans/factory/xml/spring-util.xsd, http://www.springframework.org/schema/util/spring-util-2.5.xsd=org/springframework/beans/factory/xml/spring-util.xsd, http://www.springframework.org/schema/beans/spring-beans-3.2.xsd=org/springframework/beans/factory/xml/spring-beans.xsd, http://www.springframework.org/schema/aop/spring-aop-3.1.xsd=org/springframework/aop/config/spring-aop.xsd, http://www.springframework.org/schema/lang/spring-lang-4.0.xsd=org/springframework/scripting/config/spring-lang.xsd, http://www.springframework.org/schema/mvc/spring-mvc.xsd=org/springframework/web/servlet/config/spring-mvc.xsd, http://www.springframework.org/schema/mvc/spring-mvc-3.1.xsd=org/springframework/web/servlet/config/spring-mvc.xsd, http://www.springframework.org/schema/beans/spring-beans-4.1.xsd=org/springframework/beans/factory/xml/spring-beans.xsd, http://www.springframework.org/schema/tool/spring-tool-4.0.xsd=org/springframework/beans/factory/xml/spring-tool.xsd, http://www.springframework.org/schema/tx/spring-tx-3.2.xsd=org/springframework/transaction/config/spring-tx.xsd, http://www.springframework.org/schema/lang/spring-lang-3.1.xsd=org/springframework/scripting/config/spring-lang.xsd, http://www.springframework.org/schema/cache/spring-cache-3.1.xsd=org/springframework/cache/config/spring-cache.xsd, http://www.springframework.org/schema/jee/spring-jee-4.0.xsd=org/springframework/ejb/config/spring-jee.xsd, http://www.springframework.org/schema/jdbc/spring-jdbc-3.0.xsd=org/springframework/jdbc/config/spring-jdbc.xsd, http://www.springframework.org/schema/task/spring-task-4.1.xsd=org/springframework/scheduling/config/spring-task.xsd, http://www.springframework.org/schema/tool/spring-tool-3.1.xsd=org/springframework/beans/factory/xml/spring-tool.xsd, http://www.springframework.org/schema/jdbc/spring-jdbc.xsd=org/springframework/jdbc/config/spring-jdbc.xsd, http://www.springframework.org/schema/tx/spring-tx-4.1.xsd=org/springframework/transaction/config/spring-tx.xsd, http://www.springframework.org/schema/cache/spring-cache-4.0.xsd=org/springframework/cache/config/spring-cache.xsd, http://www.springframework.org/schema/jee/spring-jee-3.1.xsd=org/springframework/ejb/config/spring-jee.xsd, http://www.springframework.org/schema/util/spring-util-4.2.xsd=org/springframework/beans/factory/xml/spring-util.xsd, http://www.springframework.org/schema/task/spring-task-3.2.xsd=org/springframework/scheduling/config/spring-task.xsd, http://www.springframework.org/schema/beans/spring-beans-3.1.xsd=org/springframework/beans/factory/xml/spring-beans.xsd, http://www.springframework.org/schema/util/spring-util.xsd=org/springframework/beans/factory/xml/spring-util.xsd, http://www.springframework.org/schema/aop/spring-aop-3.0.xsd=org/springframework/aop/config/spring-aop.xsd, http://www.springframework.org/schema/security/spring-security-4.2.xsd=org/springframework/security/config/spring-security-4.2.xsd, http://www.springframework.org/schema/mvc/spring-mvc-3.0.xsd=org/springframework/web/servlet/config/spring-mvc.xsd, http://www.springframework.org/schema/beans/spring-beans-4.0.xsd=org/springframework/beans/factory/xml/spring-beans.xsd, http://www.springframework.org/schema/beans/spring-beans.xsd=org/springframework/beans/factory/xml/spring-beans.xsd, http://www.springframework.org/schema/security/spring-security-2.0.4.xsd=org/springframework/security/config/spring-security-2.0.4.xsd, http://mybatis.org/schema/mybatis-spring.xsd=org/mybatis/spring/config/mybatis-spring-1.2.xsd, http://www.springframework.org/schema/tx/spring-tx-3.1.xsd=org/springframework/transaction/config/spring-tx.xsd, http://www.springframework.org/schema/lang/spring-lang-3.0.xsd=org/springframework/scripting/config/spring-lang.xsd, http://www.springframework.org/schema/context/spring-context-2.5.xsd=org/springframework/context/config/spring-context.xsd, http://www.springframework.org/schema/context/spring-context-4.3.xsd=org/springframework/context/config/spring-context.xsd, http://www.springframework.org/schema/task/spring-task-4.0.xsd=org/springframework/scheduling/config/spring-task.xsd, http://www.springframework.org/schema/tool/spring-tool-3.0.xsd=org/springframework/beans/factory/xml/spring-tool.xsd, http://www.springframework.org/schema/tx/spring-tx-4.0.xsd=org/springframework/transaction/config/spring-tx.xsd, http://www.springframework.org/schema/aop/spring-aop-2.0.xsd=org/springframework/aop/config/spring-aop.xsd, http://www.springframework.org/schema/security/spring-security-3.2.xsd=org/springframework/security/config/spring-security-3.2.xsd, http://www.springframework.org/schema/jee/spring-jee-3.0.xsd=org/springframework/ejb/config/spring-jee.xsd, http://www.springframework.org/schema/util/spring-util-4.1.xsd=org/springframework/beans/factory/xml/spring-util.xsd, http://www.springframework.org/schema/task/spring-task-3.1.xsd=org/springframework/scheduling/config/spring-task.xsd, http://www.springframework.org/schema/beans/spring-beans-3.0.xsd=org/springframework/beans/factory/xml/spring-beans.xsd, http://www.springframework.org/schema/jee/spring-jee.xsd=org/springframework/ejb/config/spring-jee.xsd, http://www.springframework.org/schema/aop/spring-aop-2.5.xsd=org/springframework/aop/config/spring-aop.xsd, http://www.springframework.org/schema/aop/spring-aop-4.3.xsd=org/springframework/aop/config/spring-aop.xsd, http://www.springframework.org/schema/lang/spring-lang-2.0.xsd=org/springframework/scripting/config/spring-lang.xsd, http://www.springframework.org/schema/security/spring-security-4.1.xsd=org/springframework/security/config/spring-security-4.1.xsd, http://www.springframework.org/schema/jdbc/spring-jdbc-4.3.xsd=org/springframework/jdbc/config/spring-jdbc.xsd, http://www.springframework.org/schema/mvc/spring-mvc-4.3.xsd=org/springframework/web/servlet/config/spring-mvc.xsd, http://www.springframework.org/schema/util/spring-util-3.2.xsd=org/springframework/beans/factory/xml/spring-util.xsd, http://www.springframework.org/schema/task/spring-task.xsd=org/springframework/scheduling/config/spring-task.xsd, http://www.springframework.org/schema/tool/spring-tool-2.0.xsd=org/springframework/beans/factory/xml/spring-tool.xsd, http://www.springframework.org/schema/tx/spring-tx-3.0.xsd=org/springframework/transaction/config/spring-tx.xsd, http://www.springframework.org/schema/lang/spring-lang-2.5.xsd=org/springframework/scripting/config/spring-lang.xsd, http://www.springframework.org/schema/security/spring-security-5.0.xsd=org/springframework/security/config/spring-security-5.0.xsd, http://www.springframework.org/schema/lang/spring-lang-4.3.xsd=org/springframework/scripting/config/spring-lang.xsd, http://www.springframework.org/schema/context/spring-context-4.2.xsd=org/springframework/context/config/spring-context.xsd, http://www.springframework.org/schema/jee/spring-jee-2.0.xsd=org/springframework/ejb/config/spring-jee.xsd, http://www.springframework.org/schema/tool/spring-tool-4.3.xsd=org/springframework/beans/factory/xml/spring-tool.xsd, http://www.springframework.org/schema/tool/spring-tool-2.5.xsd=org/springframework/beans/factory/xml/spring-tool.xsd, http://www.springframework.org/schema/jee/spring-jee-4.3.xsd=org/springframework/ejb/config/spring-jee.xsd, http://www.springframework.org/schema/jee/spring-jee-2.5.xsd=org/springframework/ejb/config/spring-jee.xsd, http://www.springframework.org/schema/security/spring-security-3.1.xsd=org/springframework/security/config/spring-security-3.1.xsd, http://www.springframework.org/schema/util/spring-util-4.0.xsd=org/springframework/beans/factory/xml/spring-util.xsd, http://www.springframework.org/schema/task/spring-task-3.0.xsd=org/springframework/scheduling/config/spring-task.xsd, http://www.springframework.org/schema/cache/spring-cache-4.3.xsd=org/springframework/cache/config/spring-cache.xsd, http://www.springframework.org/schema/aop/spring-aop-4.2.xsd=org/springframework/aop/config/spring-aop.xsd, http://www.springframework.org/schema/security/spring-security-4.0.xsd=org/springframework/security/config/spring-security-4.0.xsd, http://www.springframework.org/schema/lang/spring-lang.xsd=org/springframework/scripting/config/spring-lang.xsd, http://www.springframework.org/schema/context/spring-context-3.2.xsd=org/springframework/context/config/spring-context.xsd, http://www.springframework.org/schema/jdbc/spring-jdbc-4.2.xsd=org/springframework/jdbc/config/spring-jdbc.xsd, http://www.springframework.org/schema/mvc/spring-mvc-4.2.xsd=org/springframework/web/servlet/config/spring-mvc.xsd, http://www.springframework.org/schema/util/spring-util-3.1.xsd=org/springframework/beans/factory/xml/spring-util.xsd, http://www.springframework.org/schema/beans/spring-beans-2.0.xsd=org/springframework/beans/factory/xml/spring-beans.xsd, http://www.springframework.org/schema/cache/spring-cache.xsd=org/springframework/cache/config/spring-cache.xsd, http://www.springframework.org/schema/tx/spring-tx.xsd=org/springframework/transaction/config/spring-tx.xsd, http://www.springframework.org/schema/security/spring-security-2.0.2.xsd=org/springframework/security/config/spring-security-2.0.2.xsd, http://www.springframework.org/schema/lang/spring-lang-4.2.xsd=org/springframework/scripting/config/spring-lang.xsd, http://www.springframework.org/schema/context/spring-context-4.1.xsd=org/springframework/context/config/spring-context.xsd, http://www.springframework.org/schema/beans/spring-beans-4.3.xsd=org/springframework/beans/factory/xml/spring-beans.xsd, http://www.springframework.org/schema/beans/spring-beans-2.5.xsd=org/springframework/beans/factory/xml/spring-beans.xsd, http://www.springframework.org/schema/tool/spring-tool-4.2.xsd=org/springframework/beans/factory/xml/spring-tool.xsd, http://www.springframework.org/schema/tx/spring-tx-2.0.xsd=org/springframework/transaction/config/spring-tx.xsd, http://www.springframework.org/schema/security/spring-security.xsd=org/springframework/security/config/spring-security-5.0.xsd, http://www.springframework.org/schema/security/spring-security-3.0.xsd=org/springframework/security/config/spring-security-3.0.xsd, http://www.springframework.org/schema/jee/spring-jee-4.2.xsd=org/springframework/ejb/config/spring-jee.xsd, http://www.springframework.org/schema/jdbc/spring-jdbc-3.2.xsd=org/springframework/jdbc/config/spring-jdbc.xsd, http://www.springframework.org/schema/task/spring-task-4.3.xsd=org/springframework/scheduling/config/spring-task.xsd, http://www.springframework.org/schema/aop/spring-aop.xsd=org/springframework/aop/config/spring-aop.xsd}
2020-04-25 21:46:35,212 1472   [           main] DEBUG ry.xml.PluggableSchemaResolver  - Found XML schema [http://www.springframework.org/schema/beans/spring-beans.xsd] in classpath: org/springframework/beans/factory/xml/spring-beans.xsd
2020-04-25 21:46:35,221 1481   [           main] DEBUG ry.xml.PluggableSchemaResolver  - Found XML schema [http://www.springframework.org/schema/context/spring-context.xsd] in classpath: org/springframework/context/config/spring-context.xsd
2020-04-25 21:46:35,224 1484   [           main] DEBUG ry.xml.PluggableSchemaResolver  - Found XML schema [http://www.springframework.org/schema/tool/spring-tool.xsd] in classpath: org/springframework/beans/factory/xml/spring-tool.xsd
2020-04-25 21:46:35,230 1490   [           main] DEBUG ry.xml.PluggableSchemaResolver  - Found XML schema [http://www.springframework.org/schema/tx/spring-tx.xsd] in classpath: org/springframework/transaction/config/spring-tx.xsd
2020-04-25 21:46:35,232 1492   [           main] DEBUG ltBeanDefinitionDocumentReader  - Loading bean definitions
2020-04-25 21:46:35,234 1494   [           main] DEBUG efaultNamespaceHandlerResolver  - Loaded NamespaceHandler mappings: {http://www.springframework.org/schema/p=org.springframework.beans.factory.xml.SimplePropertyNamespaceHandler, http://www.springframework.org/schema/mvc=org.springframework.web.servlet.config.MvcNamespaceHandler, http://www.springframework.org/schema/util=org.springframework.beans.factory.xml.UtilNamespaceHandler, http://www.springframework.org/schema/jee=org.springframework.ejb.config.JeeNamespaceHandler, http://www.springframework.org/schema/aop=org.springframework.aop.config.AopNamespaceHandler, http://www.springframework.org/schema/jdbc=org.springframework.jdbc.config.JdbcNamespaceHandler, http://www.springframework.org/schema/cache=org.springframework.cache.config.CacheNamespaceHandler, http://mybatis.org/schema/mybatis-spring=org.mybatis.spring.config.NamespaceHandler, http://www.springframework.org/schema/c=org.springframework.beans.factory.xml.SimpleConstructorNamespaceHandler, http://www.springframework.org/schema/security=org.springframework.security.config.SecurityNamespaceHandler, http://www.springframework.org/schema/tx=org.springframework.transaction.config.TxNamespaceHandler, http://www.springframework.org/schema/task=org.springframework.scheduling.config.TaskNamespaceHandler, http://www.springframework.org/schema/lang=org.springframework.scripting.config.LangNamespaceHandler, http://www.springframework.org/schema/context=org.springframework.context.config.ContextNamespaceHandler}
2020-04-25 21:46:35,234 1494   [           main] DEBUG ClassPathBeanDefinitionScanner  - JSR-250 'javax.annotation.ManagedBean' found and supported for component scanning
2020-04-25 21:46:35,235 1495   [           main] DEBUG atchingResourcePatternResolver  - Resolved classpath location [com/xumeng/service/] to resources [URL [jar:file:/D:/Code/IdeaProjects/manageSystem-ssm/ms-ssm-service/target/ms-ssm-service-1.0-SNAPSHOT.jar!/com/xumeng/service/]]
2020-04-25 21:46:35,235 1495   [           main] DEBUG atchingResourcePatternResolver  - Looking for matching resources in jar file [file:/D:/Code/IdeaProjects/manageSystem-ssm/ms-ssm-service/target/ms-ssm-service-1.0-SNAPSHOT.jar]
2020-04-25 21:46:35,236 1496   [           main] DEBUG atchingResourcePatternResolver  - Resolved location pattern [classpath*:com/xumeng/service/**/*.class] to resources [URL [jar:file:/D:/Code/IdeaProjects/manageSystem-ssm/ms-ssm-service/target/ms-ssm-service-1.0-SNAPSHOT.jar!/com/xumeng/service/IMemberService.class], URL [jar:file:/D:/Code/IdeaProjects/manageSystem-ssm/ms-ssm-service/target/ms-ssm-service-1.0-SNAPSHOT.jar!/com/xumeng/service/impl/MemberServiceImpl.class], URL [jar:file:/D:/Code/IdeaProjects/manageSystem-ssm/ms-ssm-service/target/ms-ssm-service-1.0-SNAPSHOT.jar!/com/xumeng/service/impl/OrderServiceImpl.class], URL [jar:file:/D:/Code/IdeaProjects/manageSystem-ssm/ms-ssm-service/target/ms-ssm-service-1.0-SNAPSHOT.jar!/com/xumeng/service/impl/PermissionServiceImpl.class], URL [jar:file:/D:/Code/IdeaProjects/manageSystem-ssm/ms-ssm-service/target/ms-ssm-service-1.0-SNAPSHOT.jar!/com/xumeng/service/impl/ProductServiceImpl.class], URL [jar:file:/D:/Code/IdeaProjects/manageSystem-ssm/ms-ssm-service/target/ms-ssm-service-1.0-SNAPSHOT.jar!/com/xumeng/service/impl/TravellerServiceImpl.class], URL [jar:file:/D:/Code/IdeaProjects/manageSystem-ssm/ms-ssm-service/target/ms-ssm-service-1.0-SNAPSHOT.jar!/com/xumeng/service/impl/UserServiceImpl.class], URL [jar:file:/D:/Code/IdeaProjects/manageSystem-ssm/ms-ssm-service/target/ms-ssm-service-1.0-SNAPSHOT.jar!/com/xumeng/service/IOrderService.class], URL [jar:file:/D:/Code/IdeaProjects/manageSystem-ssm/ms-ssm-service/target/ms-ssm-service-1.0-SNAPSHOT.jar!/com/xumeng/service/IPermissionService.class], URL [jar:file:/D:/Code/IdeaProjects/manageSystem-ssm/ms-ssm-service/target/ms-ssm-service-1.0-SNAPSHOT.jar!/com/xumeng/service/IProductService.class], URL [jar:file:/D:/Code/IdeaProjects/manageSystem-ssm/ms-ssm-service/target/ms-ssm-service-1.0-SNAPSHOT.jar!/com/xumeng/service/ITravellerService.class], URL [jar:file:/D:/Code/IdeaProjects/manageSystem-ssm/ms-ssm-service/target/ms-ssm-service-1.0-SNAPSHOT.jar!/com/xumeng/service/IUserService.class]]
2020-04-25 21:46:35,236 1496   [           main] DEBUG ClassPathBeanDefinitionScanner  - Identified candidate component class: URL [jar:file:/D:/Code/IdeaProjects/manageSystem-ssm/ms-ssm-service/target/ms-ssm-service-1.0-SNAPSHOT.jar!/com/xumeng/service/impl/MemberServiceImpl.class]
2020-04-25 21:46:35,237 1497   [           main] DEBUG ClassPathBeanDefinitionScanner  - Identified candidate component class: URL [jar:file:/D:/Code/IdeaProjects/manageSystem-ssm/ms-ssm-service/target/ms-ssm-service-1.0-SNAPSHOT.jar!/com/xumeng/service/impl/OrderServiceImpl.class]
2020-04-25 21:46:35,237 1497   [           main] DEBUG ClassPathBeanDefinitionScanner  - Identified candidate component class: URL [jar:file:/D:/Code/IdeaProjects/manageSystem-ssm/ms-ssm-service/target/ms-ssm-service-1.0-SNAPSHOT.jar!/com/xumeng/service/impl/PermissionServiceImpl.class]
2020-04-25 21:46:35,237 1497   [           main] DEBUG ClassPathBeanDefinitionScanner  - Identified candidate component class: URL [jar:file:/D:/Code/IdeaProjects/manageSystem-ssm/ms-ssm-service/target/ms-ssm-service-1.0-SNAPSHOT.jar!/com/xumeng/service/impl/ProductServiceImpl.class]
2020-04-25 21:46:35,238 1498   [           main] DEBUG ClassPathBeanDefinitionScanner  - Identified candidate component class: URL [jar:file:/D:/Code/IdeaProjects/manageSystem-ssm/ms-ssm-service/target/ms-ssm-service-1.0-SNAPSHOT.jar!/com/xumeng/service/impl/TravellerServiceImpl.class]
2020-04-25 21:46:35,238 1498   [           main] DEBUG ClassPathBeanDefinitionScanner  - Identified candidate component class: URL [jar:file:/D:/Code/IdeaProjects/manageSystem-ssm/ms-ssm-service/target/ms-ssm-service-1.0-SNAPSHOT.jar!/com/xumeng/service/impl/UserServiceImpl.class]
2020-04-25 21:46:35,240 1500   [           main] DEBUG ClassPathBeanDefinitionScanner  - JSR-250 'javax.annotation.ManagedBean' found and supported for component scanning
2020-04-25 21:46:35,241 1501   [           main] DEBUG atchingResourcePatternResolver  - Resolved classpath location [com/xumeng/dao/] to resources [URL [jar:file:/D:/Code/IdeaProjects/manageSystem-ssm/ms-ssm-dao/target/ms-ssm-dao-1.0-SNAPSHOT.jar!/com/xumeng/dao/]]
2020-04-25 21:46:35,241 1501   [           main] DEBUG atchingResourcePatternResolver  - Looking for matching resources in jar file [file:/D:/Code/IdeaProjects/manageSystem-ssm/ms-ssm-dao/target/ms-ssm-dao-1.0-SNAPSHOT.jar]
2020-04-25 21:46:35,241 1501   [           main] DEBUG atchingResourcePatternResolver  - Resolved location pattern [classpath*:com/xumeng/dao/**/*.class] to resources [URL [jar:file:/D:/Code/IdeaProjects/manageSystem-ssm/ms-ssm-dao/target/ms-ssm-dao-1.0-SNAPSHOT.jar!/com/xumeng/dao/IMemberDao.class], URL [jar:file:/D:/Code/IdeaProjects/manageSystem-ssm/ms-ssm-dao/target/ms-ssm-dao-1.0-SNAPSHOT.jar!/com/xumeng/dao/IOrderDao.class], URL [jar:file:/D:/Code/IdeaProjects/manageSystem-ssm/ms-ssm-dao/target/ms-ssm-dao-1.0-SNAPSHOT.jar!/com/xumeng/dao/IPermissionDao.class], URL [jar:file:/D:/Code/IdeaProjects/manageSystem-ssm/ms-ssm-dao/target/ms-ssm-dao-1.0-SNAPSHOT.jar!/com/xumeng/dao/IProductDao.class], URL [jar:file:/D:/Code/IdeaProjects/manageSystem-ssm/ms-ssm-dao/target/ms-ssm-dao-1.0-SNAPSHOT.jar!/com/xumeng/dao/IRoleDao.class], URL [jar:file:/D:/Code/IdeaProjects/manageSystem-ssm/ms-ssm-dao/target/ms-ssm-dao-1.0-SNAPSHOT.jar!/com/xumeng/dao/ITravellerDao.class], URL [jar:file:/D:/Code/IdeaProjects/manageSystem-ssm/ms-ssm-dao/target/ms-ssm-dao-1.0-SNAPSHOT.jar!/com/xumeng/dao/IUserDao.class]]
2020-04-25 21:46:35,243 1503   [           main] DEBUG l.BeanDefinitionParserDelegate  - Neither XML 'id' nor 'name' specified - using generated bean name [com.github.pagehelper.PageInterceptor#3c7c886c]
2020-04-25 21:46:35,243 1503   [           main] DEBUG ry.xml.XmlBeanDefinitionReader  - Loaded 22 bean definitions from location pattern [classpath:applicationContext.xml]
2020-04-25 21:46:35,244 1504   [           main] INFO  port.GenericApplicationContext  - Refreshing org.springframework.context.support.GenericApplicationContext@512baff6: startup date [Sat Apr 25 21:46:35 CST 2020]; root of context hierarchy
2020-04-25 21:46:35,244 1504   [           main] DEBUG port.GenericApplicationContext  - Bean factory for org.springframework.context.support.GenericApplicationContext@512baff6: org.springframework.beans.factory.support.DefaultListableBeanFactory@55493582: defining beans [memberServiceImpl,orderServiceImpl,permissionServiceImpl,productServiceImpl,travellerServiceImpl,userService,org.springframework.context.annotation.internalConfigurationAnnotationProcessor,org.springframework.context.annotation.internalAutowiredAnnotationProcessor,org.springframework.context.annotation.internalRequiredAnnotationProcessor,org.springframework.context.annotation.internalCommonAnnotationProcessor,org.springframework.context.event.internalEventListenerProcessor,org.springframework.context.event.internalEventListenerFactory,org.springframework.context.support.PropertySourcesPlaceholderConfigurer#0,dataSource,sqlSessionFactory,mapperScanner,transactionManager,org.springframework.transaction.config.internalTransactionalEventListenerFactory,org.springframework.aop.config.internalAutoProxyCreator,org.springframework.transaction.annotation.AnnotationTransactionAttributeSource#0,org.springframework.transaction.interceptor.TransactionInterceptor#0,org.springframework.transaction.config.internalTransactionAdvisor]; root of factory hierarchy
2020-04-25 21:46:35,244 1504   [           main] DEBUG ort.DefaultListableBeanFactory  - Creating shared instance of singleton bean 'org.springframework.context.annotation.internalConfigurationAnnotationProcessor'
2020-04-25 21:46:35,244 1504   [           main] DEBUG ort.DefaultListableBeanFactory  - Creating instance of bean 'org.springframework.context.annotation.internalConfigurationAnnotationProcessor'
2020-04-25 21:46:35,244 1504   [           main] DEBUG ort.DefaultListableBeanFactory  - Eagerly caching bean 'org.springframework.context.annotation.internalConfigurationAnnotationProcessor' to allow for resolving potential circular references
2020-04-25 21:46:35,244 1504   [           main] DEBUG ort.DefaultListableBeanFactory  - Finished creating instance of bean 'org.springframework.context.annotation.internalConfigurationAnnotationProcessor'
2020-04-25 21:46:35,258 1518   [           main] DEBUG ort.DefaultListableBeanFactory  - Creating shared instance of singleton bean 'mapperScanner'
2020-04-25 21:46:35,258 1518   [           main] DEBUG ort.DefaultListableBeanFactory  - Creating instance of bean 'mapperScanner'
2020-04-25 21:46:35,258 1518   [           main] DEBUG ort.DefaultListableBeanFactory  - Eagerly caching bean 'mapperScanner' to allow for resolving potential circular references
2020-04-25 21:46:35,260 1520   [           main] DEBUG ort.DefaultListableBeanFactory  - Invoking afterPropertiesSet() on bean with name 'mapperScanner'
2020-04-25 21:46:35,260 1520   [           main] DEBUG ort.DefaultListableBeanFactory  - Finished creating instance of bean 'mapperScanner'
2020-04-25 21:46:35,261 1521   [           main] DEBUG k.core.env.StandardEnvironment  - Adding PropertySource 'systemProperties' with lowest search precedence
2020-04-25 21:46:35,261 1521   [           main] DEBUG k.core.env.StandardEnvironment  - Adding PropertySource 'systemEnvironment' with lowest search precedence
2020-04-25 21:46:35,261 1521   [           main] DEBUG k.core.env.StandardEnvironment  - Initialized StandardEnvironment with PropertySources [MapPropertySource@1107530534 {name='systemProperties', properties={java.runtime.name=Java(TM) SE Runtime Environment, sun.boot.library.path=C:\Program Files\Java\jdk1.8.0_131\jre\bin, java.vm.version=25.131-b11, java.vm.vendor=Oracle Corporation, java.vendor.url=http://java.oracle.com/, path.separator=;, java.vm.name=Java HotSpot(TM) 64-Bit Server VM, file.encoding.pkg=sun.io, user.country=CN, user.script=, sun.java.launcher=SUN_STANDARD, sun.os.patch.level=, java.vm.specification.name=Java Virtual Machine Specification, user.dir=D:\Code\IdeaProjects\manageSystem-ssm\ms-ssm-web, java.runtime.version=1.8.0_131-b11, basedir=D:\Code\IdeaProjects\manageSystem-ssm\ms-ssm-web, java.awt.graphicsenv=sun.awt.Win32GraphicsEnvironment, java.endorsed.dirs=C:\Program Files\Java\jdk1.8.0_131\jre\lib\endorsed, os.arch=amd64, surefire.real.class.path=C:\Users\xm\AppData\Local\Temp\surefire7497552715305907156\surefirebooter6811015789613867580.jar, java.io.tmpdir=C:\Users\xm\AppData\Local\Temp\, line.separator=
, java.vm.specification.vendor=Oracle Corporation, user.variant=, os.name=Windows 10, sun.jnu.encoding=GBK, java.library.path=C:\Program Files\Java\jdk1.8.0_131\jre\bin;C:\Windows\Sun\Java\bin;C:\Windows\system32;C:\Windows;D:\MyProgram\orcl\bin;D:\MyProgram\Anaconda3;D:\MyProgram\Anaconda3\Library\mingw-w64\bin;D:\MyProgram\Anaconda3\Library\usr\bin;D:\MyProgram\Anaconda3\Library\bin;D:\MyProgram\Anaconda3\Scripts;C:\ProgramData\Oracle\Java\javapath;C:\Windows\system32;C:\Windows;C:\Windows\System32\Wbem;C:\Windows\System32\WindowsPowerShell\v1.0\;C:\Windows\System32\OpenSSH\;C:\Program Files\Java\jdk1.8.0_131\bin;C:\Program Files\Java\jdk1.8.0_131\jre\bin;C:\Program Files (x86)\MySQL\MySQL Server 5.5\bin;D:\MyProgram\Git\cmd;D:\Maven\bin\;D:\MyProgram\redis-2.8.9;D:\Maven_V_354\apache-maven-3.5.4\bin\;D:\MyProgram\nodejs\;D:\MyProgram\nodejs\npm_modules\;D:\MyProgram\erl10.4\bin;D:\MyProgram\ffmpeg\bin\;D:\MyProgram\OpenSSL-Win64\bin\;D:\MyProgram\Ruby25-x64\bin;C:\Users\xm\AppData\Local\Microsoft\WindowsApps;;D:\MyProgram\JetBrains\IntelliJ IDEA 2019.3.3\bin;;D:\MyProgram\Microsoft VS Code\bin;D:\MyProgram\JetBrains\PyCharm 2019.3.3\bin;;D:\MyProgram\JetBrains\WebStorm 2019.3.3\bin;;C:\Users\xm\AppData\Roaming\npm;., surefire.test.class.path=D:\Code\IdeaProjects\manageSystem-ssm\ms-ssm-web\target\test-classes;D:\Code\IdeaProjects\manageSystem-ssm\ms-ssm-web\target\classes;E:\maven-repository\junit\junit\4.12\junit-4.12.jar;E:\maven-repository\org\hamcrest\hamcrest-core\1.3\hamcrest-core-1.3.jar;D:\Code\IdeaProjects\manageSystem-ssm\ms-ssm-domain\target\ms-ssm-domain-1.0-SNAPSHOT.jar;D:\Code\IdeaProjects\manageSystem-ssm\ms-ssm-utils\target\ms-ssm-utils-1.0-SNAPSHOT.jar;D:\Code\IdeaProjects\manageSystem-ssm\ms-ssm-service\target\ms-ssm-service-1.0-SNAPSHOT.jar;D:\Code\IdeaProjects\manageSystem-ssm\ms-ssm-dao\target\ms-ssm-dao-1.0-SNAPSHOT.jar;E:\maven-repository\com\fasterxml\jackson\core\jackson-databind\2.9.7\jackson-databind-2.9.7.jar;E:\maven-repository\com\fasterxml\jackson\core\jackson-annotations\2.9.0\jackson-annotations-2.9.0.jar;E:\maven-repository\com\fasterxml\jackson\core\jackson-core\2.9.7\jackson-core-2.9.7.jar;E:\maven-repository\com\github\pagehelper\pagehelper\5.1.2\pagehelper-5.1.2.jar;E:\maven-repository\com\github\jsqlparser\jsqlparser\1.0\jsqlparser-1.0.jar;E:\maven-repository\javax\annotation\javax.annotation-api\1.3.1\javax.annotation-api-1.3.1.jar;E:\maven-repository\org\springframework\security\spring-security-web\5.0.1.RELEASE\spring-security-web-5.0.1.RELEASE.jar;E:\maven-repository\org\springframework\spring-expression\5.0.3.RELEASE\spring-expression-5.0.3.RELEASE.jar;E:\maven-repository\org\springframework\security\spring-security-config\5.0.1.RELEASE\spring-security-config-5.0.1.RELEASE.jar;E:\maven-repository\org\springframework\security\spring-security-core\5.0.1.RELEASE\spring-security-core-5.0.1.RELEASE.jar;E:\maven-repository\org\springframework\security\spring-security-taglibs\5.0.1.RELEASE\spring-security-taglibs-5.0.1.RELEASE.jar;E:\maven-repository\org\springframework\security\spring-security-acl\5.0.1.RELEASE\spring-security-acl-5.0.1.RELEASE.jar;E:\maven-repository\org\aspectj\aspectjweaver\1.6.8\aspectjweaver-1.6.8.jar;E:\maven-repository\org\springframework\spring-aop\5.0.2.RELEASE\spring-aop-5.0.2.RELEASE.jar;E:\maven-repository\org\springframework\spring-context\5.0.2.RELEASE\spring-context-5.0.2.RELEASE.jar;E:\maven-repository\org\springframework\spring-context-support\5.0.2.RELEASE\spring-context-support-5.0.2.RELEASE.jar;E:\maven-repository\org\springframework\spring-web\5.0.2.RELEASE\spring-web-5.0.2.RELEASE.jar;E:\maven-repository\org\springframework\spring-orm\5.0.2.RELEASE\spring-orm-5.0.2.RELEASE.jar;E:\maven-repository\org\springframework\spring-jdbc\5.0.2.RELEASE\spring-jdbc-5.0.2.RELEASE.jar;E:\maven-repository\org\springframework\spring-beans\5.0.2.RELEASE\spring-beans-5.0.2.RELEASE.jar;E:\maven-repository\org\springframework\spring-core\5.0.2.RELEASE\spring-core-5.0.2.RELEASE.jar;E:\maven-repository\org\springframework\spring-jcl\5.0.2.RELEASE\spring-jcl-5.0.2.RELEASE.jar;E:\maven-repository\org\springframework\spring-test\5.0.2.RELEASE\spring-test-5.0.2.RELEASE.jar;E:\maven-repository\org\springframework\spring-webmvc\5.0.2.RELEASE\spring-webmvc-5.0.2.RELEASE.jar;E:\maven-repository\org\springframework\spring-tx\5.0.2.RELEASE\spring-tx-5.0.2.RELEASE.jar;E:\maven-repository\javax\servlet\javax.servlet-api\3.1.0\javax.servlet-api-3.1.0.jar;E:\maven-repository\javax\servlet\jsp\jsp-api\2.0\jsp-api-2.0.jar;E:\maven-repository\jstl\jstl\1.2\jstl-1.2.jar;E:\maven-repository\log4j\log4j\1.2.12\log4j-1.2.12.jar;E:\maven-repository\org\slf4j\slf4j-api\1.6.6\slf4j-api-1.6.6.jar;E:\maven-repository\org\slf4j\slf4j-log4j12\1.6.6\slf4j-log4j12-1.6.6.jar;E:\maven-repository\org\mybatis\mybatis\3.4.5\mybatis-3.4.5.jar;E:\maven-repository\org\mybatis\mybatis-spring\1.3.0\mybatis-spring-1.3.0.jar;E:\maven-repository\c3p0\c3p0\0.9.1.2\c3p0-0.9.1.2.jar;E:\maven-repository\mysql\mysql-connector-java\5.1.6\mysql-connector-java-5.1.6.jar;E:\maven-repository\javax\annotation\jsr250-api\1.0\jsr250-api-1.0.jar;E:\maven-repository\org\projectlombok\lombok\1.16.16\lombok-1.16.16.jar;, java.specification.name=Java Platform API Specification, java.class.version=52.0, sun.management.compiler=HotSpot 64-Bit Tiered Compilers, maven.repo.local=E:\maven-repository, idea.version2019.3.3=true, os.version=10.0, user.home=C:\Users\xm, user.timezone=Asia/Shanghai, java.awt.printerjob=sun.awt.windows.WPrinterJob, file.encoding=GBK, java.specification.version=1.8, java.class.path=D:\Code\IdeaProjects\manageSystem-ssm\ms-ssm-web\target\test-classes;D:\Code\IdeaProjects\manageSystem-ssm\ms-ssm-web\target\classes;E:\maven-repository\junit\junit\4.12\junit-4.12.jar;E:\maven-repository\org\hamcrest\hamcrest-core\1.3\hamcrest-core-1.3.jar;D:\Code\IdeaProjects\manageSystem-ssm\ms-ssm-domain\target\ms-ssm-domain-1.0-SNAPSHOT.jar;D:\Code\IdeaProjects\manageSystem-ssm\ms-ssm-utils\target\ms-ssm-utils-1.0-SNAPSHOT.jar;D:\Code\IdeaProjects\manageSystem-ssm\ms-ssm-service\target\ms-ssm-service-1.0-SNAPSHOT.jar;D:\Code\IdeaProjects\manageSystem-ssm\ms-ssm-dao\target\ms-ssm-dao-1.0-SNAPSHOT.jar;E:\maven-repository\com\fasterxml\jackson\core\jackson-databind\2.9.7\jackson-databind-2.9.7.jar;E:\maven-repository\com\fasterxml\jackson\core\jackson-annotations\2.9.0\jackson-annotations-2.9.0.jar;E:\maven-repository\com\fasterxml\jackson\core\jackson-core\2.9.7\jackson-core-2.9.7.jar;E:\maven-repository\com\github\pagehelper\pagehelper\5.1.2\pagehelper-5.1.2.jar;E:\maven-repository\com\github\jsqlparser\jsqlparser\1.0\jsqlparser-1.0.jar;E:\maven-repository\javax\annotation\javax.annotation-api\1.3.1\javax.annotation-api-1.3.1.jar;E:\maven-repository\org\springframework\security\spring-security-web\5.0.1.RELEASE\spring-security-web-5.0.1.RELEASE.jar;E:\maven-repository\org\springframework\spring-expression\5.0.3.RELEASE\spring-expression-5.0.3.RELEASE.jar;E:\maven-repository\org\springframework\security\spring-security-config\5.0.1.RELEASE\spring-security-config-5.0.1.RELEASE.jar;E:\maven-repository\org\springframework\security\spring-security-core\5.0.1.RELEASE\spring-security-core-5.0.1.RELEASE.jar;E:\maven-repository\org\springframework\security\spring-security-taglibs\5.0.1.RELEASE\spring-security-taglibs-5.0.1.RELEASE.jar;E:\maven-repository\org\springframework\security\spring-security-acl\5.0.1.RELEASE\spring-security-acl-5.0.1.RELEASE.jar;E:\maven-repository\org\aspectj\aspectjweaver\1.6.8\aspectjweaver-1.6.8.jar;E:\maven-repository\org\springframework\spring-aop\5.0.2.RELEASE\spring-aop-5.0.2.RELEASE.jar;E:\maven-repository\org\springframework\spring-context\5.0.2.RELEASE\spring-context-5.0.2.RELEASE.jar;E:\maven-repository\org\springframework\spring-context-support\5.0.2.RELEASE\spring-context-support-5.0.2.RELEASE.jar;E:\maven-repository\org\springframework\spring-web\5.0.2.RELEASE\spring-web-5.0.2.RELEASE.jar;E:\maven-repository\org\springframework\spring-orm\5.0.2.RELEASE\spring-orm-5.0.2.RELEASE.jar;E:\maven-repository\org\springframework\spring-jdbc\5.0.2.RELEASE\spring-jdbc-5.0.2.RELEASE.jar;E:\maven-repository\org\springframework\spring-beans\5.0.2.RELEASE\spring-beans-5.0.2.RELEASE.jar;E:\maven-repository\org\springframework\spring-core\5.0.2.RELEASE\spring-core-5.0.2.RELEASE.jar;E:\maven-repository\org\springframework\spring-jcl\5.0.2.RELEASE\spring-jcl-5.0.2.RELEASE.jar;E:\maven-repository\org\springframework\spring-test\5.0.2.RELEASE\spring-test-5.0.2.RELEASE.jar;E:\maven-repository\org\springframework\spring-webmvc\5.0.2.RELEASE\spring-webmvc-5.0.2.RELEASE.jar;E:\maven-repository\org\springframework\spring-tx\5.0.2.RELEASE\spring-tx-5.0.2.RELEASE.jar;E:\maven-repository\javax\servlet\javax.servlet-api\3.1.0\javax.servlet-api-3.1.0.jar;E:\maven-repository\javax\servlet\jsp\jsp-api\2.0\jsp-api-2.0.jar;E:\maven-repository\jstl\jstl\1.2\jstl-1.2.jar;E:\maven-repository\log4j\log4j\1.2.12\log4j-1.2.12.jar;E:\maven-repository\org\slf4j\slf4j-api\1.6.6\slf4j-api-1.6.6.jar;E:\maven-repository\org\slf4j\slf4j-log4j12\1.6.6\slf4j-log4j12-1.6.6.jar;E:\maven-repository\org\mybatis\mybatis\3.4.5\mybatis-3.4.5.jar;E:\maven-repository\org\mybatis\mybatis-spring\1.3.0\mybatis-spring-1.3.0.jar;E:\maven-repository\c3p0\c3p0\0.9.1.2\c3p0-0.9.1.2.jar;E:\maven-repository\mysql\mysql-connector-java\5.1.6\mysql-connector-java-5.1.6.jar;E:\maven-repository\javax\annotation\jsr250-api\1.0\jsr250-api-1.0.jar;E:\maven-repository\org\projectlombok\lombok\1.16.16\lombok-1.16.16.jar;, user.name=xm, java.vm.specification.version=1.8, sun.java.command=C:\Users\xm\AppData\Local\Temp\surefire7497552715305907156\surefirebooter6811015789613867580.jar C:\Users\xm\AppData\Local\Temp\surefire7497552715305907156 2020-04-25T21-46-33_033-jvmRun1 surefire7780568927660488430tmp surefire_03629623413987528247tmp, java.home=C:\Program Files\Java\jdk1.8.0_131\jre, sun.arch.data.model=64, user.language=zh, java.specification.vendor=Oracle Corporation, awt.toolkit=sun.awt.windows.WToolkit, java.vm.info=mixed mode, java.version=1.8.0_131, java.ext.dirs=C:\Program Files\Java\jdk1.8.0_131\jre\lib\ext;C:\Windows\Sun\Java\lib\ext, sun.boot.class.path=C:\Program Files\Java\jdk1.8.0_131\jre\lib\resources.jar;C:\Program Files\Java\jdk1.8.0_131\jre\lib\rt.jar;C:\Program Files\Java\jdk1.8.0_131\jre\lib\sunrsasign.jar;C:\Program Files\Java\jdk1.8.0_131\jre\lib\jsse.jar;C:\Program Files\Java\jdk1.8.0_131\jre\lib\jce.jar;C:\Program Files\Java\jdk1.8.0_131\jre\lib\charsets.jar;C:\Program Files\Java\jdk1.8.0_131\jre\lib\jfr.jar;C:\Program Files\Java\jdk1.8.0_131\jre\classes, java.vendor=Oracle Corporation, localRepository=E:\maven-repository, file.separator=\, java.vendor.url.bug=http://bugreport.sun.com/bugreport/, sun.io.unicode.encoding=UnicodeLittle, sun.cpu.endian=little, sun.desktop=windows, sun.cpu.isalist=amd64}}, SystemEnvironmentPropertySource@858818438 {name='systemEnvironment', properties={PATH=D:\MyProgram\orcl\bin;D:\MyProgram\Anaconda3;D:\MyProgram\Anaconda3\Library\mingw-w64\bin;D:\MyProgram\Anaconda3\Library\usr\bin;D:\MyProgram\Anaconda3\Library\bin;D:\MyProgram\Anaconda3\Scripts;C:\ProgramData\Oracle\Java\javapath;C:\Windows\system32;C:\Windows;C:\Windows\System32\Wbem;C:\Windows\System32\WindowsPowerShell\v1.0\;C:\Windows\System32\OpenSSH\;C:\Program Files\Java\jdk1.8.0_131\bin;C:\Program Files\Java\jdk1.8.0_131\jre\bin;C:\Program Files (x86)\MySQL\MySQL Server 5.5\bin;D:\MyProgram\Git\cmd;D:\Maven\bin\;D:\MyProgram\redis-2.8.9;D:\Maven_V_354\apache-maven-3.5.4\bin\;D:\MyProgram\nodejs\;D:\MyProgram\nodejs\npm_modules\;D:\MyProgram\erl10.4\bin;D:\MyProgram\ffmpeg\bin\;D:\MyProgram\OpenSSL-Win64\bin\;D:\MyProgram\Ruby25-x64\bin;C:\Users\xm\AppData\Local\Microsoft\WindowsApps;;D:\MyProgram\JetBrains\IntelliJ IDEA 2019.3.3\bin;;D:\MyProgram\Microsoft VS Code\bin;D:\MyProgram\JetBrains\PyCharm 2019.3.3\bin;;D:\MyProgram\JetBrains\WebStorm 2019.3.3\bin;;C:\Users\xm\AppData\Roaming\npm, USERDOMAIN_ROAMINGPROFILE=DESKTOP-9ENUAHE, PROCESSOR_LEVEL=23, SYSTEMDRIVE=C:, SESSIONNAME=Console, ALLUSERSPROFILE=C:\ProgramData, PROCESSOR_ARCHITECTURE=AMD64, DRIVERDATA=C:\Windows\System32\Drivers\DriverData, MAVEN_HOME=D:\Maven, PROGRAMFILES=C:\Program Files, PSMODULEPATH=C:\Program Files\WindowsPowerShell\Modules;C:\Windows\system32\WindowsPowerShell\v1.0\Modules, PROGRAMDATA=C:\ProgramData, USERNAME=xm, FPS_BROWSER_USER_PROFILE_STRING=Default, ONEDRIVE=C:\Users\xm\OneDrive, PATHEXT=.COM;.EXE;.BAT;.CMD;.VBS;.VBE;.JS;.JSE;.WSF;.WSH;.MSC;.RB;.RBW, MAVEN_HOME2=D:\Maven_V_354\apache-maven-3.5.4, WINDIR=C:\Windows, HOMEPATH=\Users\xm, PROCESSOR_IDENTIFIER=AMD64 Family 23 Model 8 Stepping 2, AuthenticAMD, PUBLIC=C:\Users\Public, =::=::\, LOCALAPPDATA=C:\Users\xm\AppData\Local, COMMONPROGRAMFILES(X86)=C:\Program Files (x86)\Common Files, USERDOMAIN=DESKTOP-9ENUAHE, FPS_BROWSER_APP_PROFILE_STRING=Internet Explorer, LOGONSERVER=\\DESKTOP-9ENUAHE, JAVA_HOME=C:\Program Files\Java\jdk1.8.0_131, PROMPT=$P$G, PROGRAMFILES(X86)=C:\Program Files (x86), INTELLIJ IDEA=D:\MyProgram\JetBrains\IntelliJ IDEA 2019.3.3\bin;, ERLANG_HOME=D:\MyProgram\erl10.4, APPDATA=C:\Users\xm\AppData\Roaming, PROGRAMW6432=C:\Program Files, SYSTEMROOT=C:\Windows, PERL5LIB=D:\MyProgram\orcl\perl\5.8.3\lib\MSWin32-x86;D:\MyProgram\orcl\perl\5.8.3\lib;D:\MyProgram\orcl\perl\5.8.3\lib\MSWin32-x86;D:\MyProgram\orcl\perl\site\5.8.3;D:\MyProgram\orcl\perl\site\5.8.3\lib;D:\MyProgram\orcl\sysman\admin\scripts;, OS=Windows_NT, COMMONPROGRAMW6432=C:\Program Files\Common Files, COMPUTERNAME=DESKTOP-9ENUAHE, COMMONPROGRAMFILES=C:\Program Files\Common Files, COMSPEC=C:\Windows\system32\cmd.exe, CATALINA_HOME=D:\MyProgram\Tomcat\apache-tomcat-7.0.100, PROCESSOR_REVISION=0802, CLASSPATH=.;C:\Program Files\Java\jdk1.8.0_131\lib;C:\Program Files\Java\jdk1.8.0_131\lib\tools.jar, PYCHARM=D:\MyProgram\JetBrains\PyCharm 2019.3.3\bin;, RUBYOPT=-Eutf-8, =D:=D:\Code\IdeaProjects\manageSystem-ssm\ms-ssm-web, TEMP=C:\Users\xm\AppData\Local\Temp, HOMEDRIVE=C:, USERPROFILE=C:\Users\xm, TMP=C:\Users\xm\AppData\Local\Temp, WEBSTORM=D:\MyProgram\JetBrains\WebStorm 2019.3.3\bin;, NUMBER_OF_PROCESSORS=12, IDEA_INITIAL_DIRECTORY=C:\Users\xm\Desktop}}]
2020-04-25 21:46:35,263 1523   [           main] DEBUG atchingResourcePatternResolver  - Resolved classpath location [com/xumeng/dao/] to resources [URL [jar:file:/D:/Code/IdeaProjects/manageSystem-ssm/ms-ssm-dao/target/ms-ssm-dao-1.0-SNAPSHOT.jar!/com/xumeng/dao/]]
2020-04-25 21:46:35,263 1523   [           main] DEBUG atchingResourcePatternResolver  - Looking for matching resources in jar file [file:/D:/Code/IdeaProjects/manageSystem-ssm/ms-ssm-dao/target/ms-ssm-dao-1.0-SNAPSHOT.jar]
2020-04-25 21:46:35,263 1523   [           main] DEBUG atchingResourcePatternResolver  - Resolved location pattern [classpath*:com/xumeng/dao/**/*.class] to resources [URL [jar:file:/D:/Code/IdeaProjects/manageSystem-ssm/ms-ssm-dao/target/ms-ssm-dao-1.0-SNAPSHOT.jar!/com/xumeng/dao/IMemberDao.class], URL [jar:file:/D:/Code/IdeaProjects/manageSystem-ssm/ms-ssm-dao/target/ms-ssm-dao-1.0-SNAPSHOT.jar!/com/xumeng/dao/IOrderDao.class], URL [jar:file:/D:/Code/IdeaProjects/manageSystem-ssm/ms-ssm-dao/target/ms-ssm-dao-1.0-SNAPSHOT.jar!/com/xumeng/dao/IPermissionDao.class], URL [jar:file:/D:/Code/IdeaProjects/manageSystem-ssm/ms-ssm-dao/target/ms-ssm-dao-1.0-SNAPSHOT.jar!/com/xumeng/dao/IProductDao.class], URL [jar:file:/D:/Code/IdeaProjects/manageSystem-ssm/ms-ssm-dao/target/ms-ssm-dao-1.0-SNAPSHOT.jar!/com/xumeng/dao/IRoleDao.class], URL [jar:file:/D:/Code/IdeaProjects/manageSystem-ssm/ms-ssm-dao/target/ms-ssm-dao-1.0-SNAPSHOT.jar!/com/xumeng/dao/ITravellerDao.class], URL [jar:file:/D:/Code/IdeaProjects/manageSystem-ssm/ms-ssm-dao/target/ms-ssm-dao-1.0-SNAPSHOT.jar!/com/xumeng/dao/IUserDao.class]]
2020-04-25 21:46:35,264 1524   [           main] DEBUG .mapper.ClassPathMapperScanner  - Identified candidate component class: URL [jar:file:/D:/Code/IdeaProjects/manageSystem-ssm/ms-ssm-dao/target/ms-ssm-dao-1.0-SNAPSHOT.jar!/com/xumeng/dao/IMemberDao.class]
2020-04-25 21:46:35,264 1524   [           main] DEBUG .mapper.ClassPathMapperScanner  - Identified candidate component class: URL [jar:file:/D:/Code/IdeaProjects/manageSystem-ssm/ms-ssm-dao/target/ms-ssm-dao-1.0-SNAPSHOT.jar!/com/xumeng/dao/IOrderDao.class]
2020-04-25 21:46:35,264 1524   [           main] DEBUG .mapper.ClassPathMapperScanner  - Identified candidate component class: URL [jar:file:/D:/Code/IdeaProjects/manageSystem-ssm/ms-ssm-dao/target/ms-ssm-dao-1.0-SNAPSHOT.jar!/com/xumeng/dao/IPermissionDao.class]
2020-04-25 21:46:35,264 1524   [           main] DEBUG .mapper.ClassPathMapperScanner  - Identified candidate component class: URL [jar:file:/D:/Code/IdeaProjects/manageSystem-ssm/ms-ssm-dao/target/ms-ssm-dao-1.0-SNAPSHOT.jar!/com/xumeng/dao/IProductDao.class]
2020-04-25 21:46:35,264 1524   [           main] DEBUG .mapper.ClassPathMapperScanner  - Identified candidate component class: URL [jar:file:/D:/Code/IdeaProjects/manageSystem-ssm/ms-ssm-dao/target/ms-ssm-dao-1.0-SNAPSHOT.jar!/com/xumeng/dao/IRoleDao.class]
2020-04-25 21:46:35,264 1524   [           main] DEBUG .mapper.ClassPathMapperScanner  - Identified candidate component class: URL [jar:file:/D:/Code/IdeaProjects/manageSystem-ssm/ms-ssm-dao/target/ms-ssm-dao-1.0-SNAPSHOT.jar!/com/xumeng/dao/ITravellerDao.class]
2020-04-25 21:46:35,264 1524   [           main] DEBUG .mapper.ClassPathMapperScanner  - Identified candidate component class: URL [jar:file:/D:/Code/IdeaProjects/manageSystem-ssm/ms-ssm-dao/target/ms-ssm-dao-1.0-SNAPSHOT.jar!/com/xumeng/dao/IUserDao.class]
2020-04-25 21:46:35,264 1524   [           main] DEBUG .mapper.ClassPathMapperScanner  - Creating MapperFactoryBean with name 'IMemberDao' and 'com.xumeng.dao.IMemberDao' mapperInterface
2020-04-25 21:46:35,264 1524   [           main] DEBUG .mapper.ClassPathMapperScanner  - Enabling autowire by type for MapperFactoryBean with name 'IMemberDao'.
2020-04-25 21:46:35,264 1524   [           main] DEBUG .mapper.ClassPathMapperScanner  - Creating MapperFactoryBean with name 'IOrderDao' and 'com.xumeng.dao.IOrderDao' mapperInterface
2020-04-25 21:46:35,264 1524   [           main] DEBUG .mapper.ClassPathMapperScanner  - Enabling autowire by type for MapperFactoryBean with name 'IOrderDao'.
2020-04-25 21:46:35,264 1524   [           main] DEBUG .mapper.ClassPathMapperScanner  - Creating MapperFactoryBean with name 'IPermissionDao' and 'com.xumeng.dao.IPermissionDao' mapperInterface
2020-04-25 21:46:35,264 1524   [           main] DEBUG .mapper.ClassPathMapperScanner  - Enabling autowire by type for MapperFactoryBean with name 'IPermissionDao'.
2020-04-25 21:46:35,264 1524   [           main] DEBUG .mapper.ClassPathMapperScanner  - Creating MapperFactoryBean with name 'IProductDao' and 'com.xumeng.dao.IProductDao' mapperInterface
2020-04-25 21:46:35,264 1524   [           main] DEBUG .mapper.ClassPathMapperScanner  - Enabling autowire by type for MapperFactoryBean with name 'IProductDao'.
2020-04-25 21:46:35,264 1524   [           main] DEBUG .mapper.ClassPathMapperScanner  - Creating MapperFactoryBean with name 'IRoleDao' and 'com.xumeng.dao.IRoleDao' mapperInterface
2020-04-25 21:46:35,264 1524   [           main] DEBUG .mapper.ClassPathMapperScanner  - Enabling autowire by type for MapperFactoryBean with name 'IRoleDao'.
2020-04-25 21:46:35,264 1524   [           main] DEBUG .mapper.ClassPathMapperScanner  - Creating MapperFactoryBean with name 'ITravellerDao' and 'com.xumeng.dao.ITravellerDao' mapperInterface
2020-04-25 21:46:35,264 1524   [           main] DEBUG .mapper.ClassPathMapperScanner  - Enabling autowire by type for MapperFactoryBean with name 'ITravellerDao'.
2020-04-25 21:46:35,264 1524   [           main] DEBUG .mapper.ClassPathMapperScanner  - Creating MapperFactoryBean with name 'IUserDao' and 'com.xumeng.dao.IUserDao' mapperInterface
2020-04-25 21:46:35,264 1524   [           main] DEBUG .mapper.ClassPathMapperScanner  - Enabling autowire by type for MapperFactoryBean with name 'IUserDao'.
2020-04-25 21:46:35,265 1525   [           main] DEBUG ort.DefaultListableBeanFactory  - Creating shared instance of singleton bean 'org.springframework.context.support.PropertySourcesPlaceholderConfigurer#0'
2020-04-25 21:46:35,265 1525   [           main] DEBUG ort.DefaultListableBeanFactory  - Creating instance of bean 'org.springframework.context.support.PropertySourcesPlaceholderConfigurer#0'
2020-04-25 21:46:35,265 1525   [           main] DEBUG ort.DefaultListableBeanFactory  - Eagerly caching bean 'org.springframework.context.support.PropertySourcesPlaceholderConfigurer#0' to allow for resolving potential circular references
2020-04-25 21:46:35,269 1529   [           main] DEBUG ort.DefaultListableBeanFactory  - Finished creating instance of bean 'org.springframework.context.support.PropertySourcesPlaceholderConfigurer#0'
2020-04-25 21:46:35,269 1529   [           main] DEBUG ore.env.MutablePropertySources  - Adding PropertySource 'environmentProperties' with lowest search precedence
2020-04-25 21:46:35,269 1529   [           main] DEBUG tySourcesPlaceholderConfigurer  - Loading properties file from class path resource [db.properties]
2020-04-25 21:46:35,269 1529   [           main] DEBUG ore.env.MutablePropertySources  - Adding PropertySource 'localProperties' with lowest search precedence
2020-04-25 21:46:35,269 1529   [           main] DEBUG ropertySourcesPropertyResolver  - Could not find key 'jdbc.driver' in any property source
2020-04-25 21:46:35,269 1529   [           main] DEBUG ropertySourcesPropertyResolver  - Found key 'jdbc.driver' in PropertySource 'localProperties' with value of type String
2020-04-25 21:46:35,269 1529   [           main] DEBUG ropertySourcesPropertyResolver  - Could not find key 'jdbc.url' in any property source
2020-04-25 21:46:35,270 1530   [           main] DEBUG ropertySourcesPropertyResolver  - Found key 'jdbc.url' in PropertySource 'localProperties' with value of type String
2020-04-25 21:46:35,270 1530   [           main] DEBUG ropertySourcesPropertyResolver  - Could not find key 'jdbc.username' in any property source
2020-04-25 21:46:35,270 1530   [           main] DEBUG ropertySourcesPropertyResolver  - Found key 'jdbc.username' in PropertySource 'localProperties' with value of type String
2020-04-25 21:46:35,270 1530   [           main] DEBUG ropertySourcesPropertyResolver  - Could not find key 'jdbc.password' in any property source
2020-04-25 21:46:35,270 1530   [           main] DEBUG ropertySourcesPropertyResolver  - Found key 'jdbc.password' in PropertySource 'localProperties' with value of type String
2020-04-25 21:46:35,271 1531   [           main] DEBUG ort.DefaultListableBeanFactory  - Creating shared instance of singleton bean 'org.springframework.context.annotation.internalAutowiredAnnotationProcessor'
2020-04-25 21:46:35,271 1531   [           main] DEBUG ort.DefaultListableBeanFactory  - Creating instance of bean 'org.springframework.context.annotation.internalAutowiredAnnotationProcessor'
2020-04-25 21:46:35,271 1531   [           main] DEBUG ort.DefaultListableBeanFactory  - Eagerly caching bean 'org.springframework.context.annotation.internalAutowiredAnnotationProcessor' to allow for resolving potential circular references
2020-04-25 21:46:35,274 1534   [           main] DEBUG ort.DefaultListableBeanFactory  - Finished creating instance of bean 'org.springframework.context.annotation.internalAutowiredAnnotationProcessor'
2020-04-25 21:46:35,274 1534   [           main] DEBUG ort.DefaultListableBeanFactory  - Creating shared instance of singleton bean 'org.springframework.context.annotation.internalRequiredAnnotationProcessor'
2020-04-25 21:46:35,274 1534   [           main] DEBUG ort.DefaultListableBeanFactory  - Creating instance of bean 'org.springframework.context.annotation.internalRequiredAnnotationProcessor'
2020-04-25 21:46:35,274 1534   [           main] DEBUG ort.DefaultListableBeanFactory  - Eagerly caching bean 'org.springframework.context.annotation.internalRequiredAnnotationProcessor' to allow for resolving potential circular references
2020-04-25 21:46:35,275 1535   [           main] DEBUG ort.DefaultListableBeanFactory  - Finished creating instance of bean 'org.springframework.context.annotation.internalRequiredAnnotationProcessor'
2020-04-25 21:46:35,276 1536   [           main] DEBUG ort.DefaultListableBeanFactory  - Creating shared instance of singleton bean 'org.springframework.context.annotation.internalCommonAnnotationProcessor'
2020-04-25 21:46:35,276 1536   [           main] DEBUG ort.DefaultListableBeanFactory  - Creating instance of bean 'org.springframework.context.annotation.internalCommonAnnotationProcessor'
2020-04-25 21:46:35,276 1536   [           main] DEBUG ort.DefaultListableBeanFactory  - Eagerly caching bean 'org.springframework.context.annotation.internalCommonAnnotationProcessor' to allow for resolving potential circular references
2020-04-25 21:46:35,278 1538   [           main] DEBUG ort.DefaultListableBeanFactory  - Finished creating instance of bean 'org.springframework.context.annotation.internalCommonAnnotationProcessor'
2020-04-25 21:46:35,278 1538   [           main] DEBUG ort.DefaultListableBeanFactory  - Creating shared instance of singleton bean 'org.springframework.aop.config.internalAutoProxyCreator'
2020-04-25 21:46:35,278 1538   [           main] DEBUG ort.DefaultListableBeanFactory  - Creating instance of bean 'org.springframework.aop.config.internalAutoProxyCreator'
2020-04-25 21:46:35,280 1540   [           main] DEBUG ort.DefaultListableBeanFactory  - Eagerly caching bean 'org.springframework.aop.config.internalAutoProxyCreator' to allow for resolving potential circular references
2020-04-25 21:46:35,283 1543   [           main] DEBUG ort.DefaultListableBeanFactory  - Finished creating instance of bean 'org.springframework.aop.config.internalAutoProxyCreator'
2020-04-25 21:46:35,283 1543   [           main] DEBUG port.GenericApplicationContext  - Unable to locate MessageSource with name 'messageSource': using default [org.springframework.context.support.DelegatingMessageSource@5443d039]
2020-04-25 21:46:35,283 1543   [           main] DEBUG port.GenericApplicationContext  - Unable to locate ApplicationEventMulticaster with name 'applicationEventMulticaster': using default [org.springframework.context.event.SimpleApplicationEventMulticaster@63787180]
2020-04-25 21:46:35,284 1544   [           main] DEBUG ort.DefaultListableBeanFactory  - Pre-instantiating singletons in org.springframework.beans.factory.support.DefaultListableBeanFactory@55493582: defining beans [memberServiceImpl,orderServiceImpl,permissionServiceImpl,productServiceImpl,travellerServiceImpl,userService,org.springframework.context.annotation.internalConfigurationAnnotationProcessor,org.springframework.context.annotation.internalAutowiredAnnotationProcessor,org.springframework.context.annotation.internalRequiredAnnotationProcessor,org.springframework.context.annotation.internalCommonAnnotationProcessor,org.springframework.context.event.internalEventListenerProcessor,org.springframework.context.event.internalEventListenerFactory,org.springframework.context.support.PropertySourcesPlaceholderConfigurer#0,dataSource,sqlSessionFactory,mapperScanner,transactionManager,org.springframework.transaction.config.internalTransactionalEventListenerFactory,org.springframework.aop.config.internalAutoProxyCreator,org.springframework.transaction.annotation.AnnotationTransactionAttributeSource#0,org.springframework.transaction.interceptor.TransactionInterceptor#0,org.springframework.transaction.config.internalTransactionAdvisor,IMemberDao,IOrderDao,IPermissionDao,IProductDao,IRoleDao,ITravellerDao,IUserDao]; root of factory hierarchy
2020-04-25 21:46:35,284 1544   [           main] DEBUG ort.DefaultListableBeanFactory  - Creating shared instance of singleton bean 'memberServiceImpl'
2020-04-25 21:46:35,284 1544   [           main] DEBUG ort.DefaultListableBeanFactory  - Creating instance of bean 'memberServiceImpl'
2020-04-25 21:46:35,284 1544   [           main] DEBUG y.annotation.InjectionMetadata  - Registered injected element on class [com.xumeng.service.impl.MemberServiceImpl]: AutowiredFieldElement for private com.xumeng.dao.IMemberDao com.xumeng.service.impl.MemberServiceImpl.memberDao
2020-04-25 21:46:35,284 1544   [           main] DEBUG ort.DefaultListableBeanFactory  - Eagerly caching bean 'memberServiceImpl' to allow for resolving potential circular references
2020-04-25 21:46:35,285 1545   [           main] DEBUG y.annotation.InjectionMetadata  - Processing injected element of bean 'memberServiceImpl': AutowiredFieldElement for private com.xumeng.dao.IMemberDao com.xumeng.service.impl.MemberServiceImpl.memberDao
2020-04-25 21:46:35,285 1545   [           main] DEBUG ore.annotation.AnnotationUtils  - Failed to meta-introspect annotation [interface org.springframework.beans.factory.annotation.Autowired]: java.lang.IllegalArgumentException: Annotation must not be null
2020-04-25 21:46:35,287 1547   [           main] DEBUG ort.DefaultListableBeanFactory  - Creating shared instance of singleton bean 'IMemberDao'
2020-04-25 21:46:35,287 1547   [           main] DEBUG ort.DefaultListableBeanFactory  - Creating instance of bean 'IMemberDao'
2020-04-25 21:46:35,287 1547   [           main] DEBUG ort.DefaultListableBeanFactory  - Eagerly caching bean 'IMemberDao' to allow for resolving potential circular references
2020-04-25 21:46:35,289 1549   [           main] DEBUG ort.DefaultListableBeanFactory  - Creating shared instance of singleton bean 'sqlSessionFactory'
2020-04-25 21:46:35,289 1549   [           main] DEBUG ort.DefaultListableBeanFactory  - Creating instance of bean 'sqlSessionFactory'
2020-04-25 21:46:35,289 1549   [           main] DEBUG ort.DefaultListableBeanFactory  - Eagerly caching bean 'sqlSessionFactory' to allow for resolving potential circular references
2020-04-25 21:46:35,292 1552   [           main] DEBUG ort.DefaultListableBeanFactory  - Creating shared instance of singleton bean 'dataSource'
2020-04-25 21:46:35,292 1552   [           main] DEBUG ort.DefaultListableBeanFactory  - Creating instance of bean 'dataSource'
2020-04-25 21:46:35,299 1559   [           main] DEBUG icPooledDataSourceManagerMBean  - MBean: com.mchange.v2.c3p0:type=PooledDataSource[1hgetj5a91d9w7n61eddn0d|5e4bd84a] registered.
2020-04-25 21:46:35,300 1560   [           main] DEBUG ort.DefaultListableBeanFactory  - Eagerly caching bean 'dataSource' to allow for resolving potential circular references
2020-04-25 21:46:35,305 1565   [           main] DEBUG ort.DefaultListableBeanFactory  - Creating shared instance of singleton bean 'org.springframework.transaction.config.internalTransactionAdvisor'
2020-04-25 21:46:35,305 1565   [           main] DEBUG ort.DefaultListableBeanFactory  - Creating instance of bean 'org.springframework.transaction.config.internalTransactionAdvisor'
2020-04-25 21:46:35,306 1566   [           main] DEBUG ort.DefaultListableBeanFactory  - Eagerly caching bean 'org.springframework.transaction.config.internalTransactionAdvisor' to allow for resolving potential circular references
2020-04-25 21:46:35,308 1568   [           main] DEBUG ort.DefaultListableBeanFactory  - Creating shared instance of singleton bean 'org.springframework.transaction.annotation.AnnotationTransactionAttributeSource#0'
2020-04-25 21:46:35,308 1568   [           main] DEBUG ort.DefaultListableBeanFactory  - Creating instance of bean 'org.springframework.transaction.annotation.AnnotationTransactionAttributeSource#0'
2020-04-25 21:46:35,308 1568   [           main] DEBUG ort.DefaultListableBeanFactory  - Eagerly caching bean 'org.springframework.transaction.annotation.AnnotationTransactionAttributeSource#0' to allow for resolving potential circular references
2020-04-25 21:46:35,309 1569   [           main] DEBUG nFactoryAdvisorRetrievalHelper  - Skipping currently created advisor 'org.springframework.transaction.config.internalTransactionAdvisor'
2020-04-25 21:46:35,309 1569   [           main] DEBUG ort.DefaultListableBeanFactory  - Finished creating instance of bean 'org.springframework.transaction.annotation.AnnotationTransactionAttributeSource#0'
2020-04-25 21:46:35,310 1570   [           main] DEBUG ort.DefaultListableBeanFactory  - Finished creating instance of bean 'org.springframework.transaction.config.internalTransactionAdvisor'
2020-04-25 21:46:35,323 1583   [           main] DEBUG ort.DefaultListableBeanFactory  - Finished creating instance of bean 'dataSource'
2020-04-25 21:46:35,323 1583   [           main] DEBUG ort.DefaultListableBeanFactory  - Creating instance of bean 'com.github.pagehelper.PageInterceptor#3c7c886c'
2020-04-25 21:46:35,326 1586   [           main] DEBUG ort.DefaultListableBeanFactory  - Returning cached instance of singleton bean 'org.springframework.transaction.config.internalTransactionAdvisor'
2020-04-25 21:46:35,326 1586   [           main] DEBUG ort.DefaultListableBeanFactory  - Finished creating instance of bean 'com.github.pagehelper.PageInterceptor#3c7c886c'
2020-04-25 21:46:35,326 1586   [           main] DEBUG ort.DefaultListableBeanFactory  - Invoking afterPropertiesSet() on bean with name 'sqlSessionFactory'
2020-04-25 21:46:35,330 1590   [           main] DEBUG s.spring.SqlSessionFactoryBean  - Registered plugin: 'com.github.pagehelper.PageInterceptor@4ce1d6d0'
2020-04-25 21:46:35,387 1647   [           main] DEBUG s.spring.SqlSessionFactoryBean  - Parsed configuration file: 'class path resource [SqlMapConfig.xml]'
2020-04-25 21:46:35,387 1647   [           main] DEBUG s.spring.SqlSessionFactoryBean  - Property 'mapperLocations' was not specified or no matching resources found
2020-04-25 21:46:35,387 1647   [           main] DEBUG ort.DefaultListableBeanFactory  - Returning cached instance of singleton bean 'org.springframework.transaction.config.internalTransactionAdvisor'
2020-04-25 21:46:35,388 1648   [           main] DEBUG ort.DefaultListableBeanFactory  - Finished creating instance of bean 'sqlSessionFactory'
2020-04-25 21:46:35,388 1648   [           main] DEBUG ort.DefaultListableBeanFactory  - Returning cached instance of singleton bean 'org.springframework.transaction.config.internalTransactionAdvisor'
2020-04-25 21:46:35,388 1648   [           main] DEBUG ort.DefaultListableBeanFactory  - Autowiring by type from bean name 'IMemberDao' via property 'sqlSessionFactory' to bean named 'sqlSessionFactory'
2020-04-25 21:46:35,389 1649   [           main] DEBUG ort.DefaultListableBeanFactory  - Invoking afterPropertiesSet() on bean with name 'IMemberDao'
2020-04-25 21:46:35,389 1649   [           main] DEBUG ort.DefaultListableBeanFactory  - Returning cached instance of singleton bean 'org.springframework.transaction.config.internalTransactionAdvisor'
2020-04-25 21:46:35,390 1650   [           main] DEBUG ort.DefaultListableBeanFactory  - Finished creating instance of bean 'IMemberDao'
2020-04-25 21:46:35,390 1650   [           main] DEBUG ort.DefaultListableBeanFactory  - Returning cached instance of singleton bean 'org.springframework.transaction.config.internalTransactionAdvisor'
2020-04-25 21:46:35,390 1650   [           main] DEBUG redAnnotationBeanPostProcessor  - Autowiring by type from bean name 'memberServiceImpl' to bean named 'IMemberDao'
2020-04-25 21:46:35,391 1651   [           main] DEBUG ort.DefaultListableBeanFactory  - Returning cached instance of singleton bean 'org.springframework.transaction.config.internalTransactionAdvisor'
2020-04-25 21:46:35,391 1651   [           main] DEBUG ort.DefaultListableBeanFactory  - Finished creating instance of bean 'memberServiceImpl'
2020-04-25 21:46:35,391 1651   [           main] DEBUG ort.DefaultListableBeanFactory  - Creating shared instance of singleton bean 'orderServiceImpl'
2020-04-25 21:46:35,391 1651   [           main] DEBUG ort.DefaultListableBeanFactory  - Creating instance of bean 'orderServiceImpl'
2020-04-25 21:46:35,391 1651   [           main] DEBUG y.annotation.InjectionMetadata  - Registered injected element on class [com.xumeng.service.impl.OrderServiceImpl]: AutowiredFieldElement for private com.xumeng.dao.IOrderDao com.xumeng.service.impl.OrderServiceImpl.orderDao
2020-04-25 21:46:35,391 1651   [           main] DEBUG ort.DefaultListableBeanFactory  - Eagerly caching bean 'orderServiceImpl' to allow for resolving potential circular references
2020-04-25 21:46:35,392 1652   [           main] DEBUG y.annotation.InjectionMetadata  - Processing injected element of bean 'orderServiceImpl': AutowiredFieldElement for private com.xumeng.dao.IOrderDao com.xumeng.service.impl.OrderServiceImpl.orderDao
2020-04-25 21:46:35,392 1652   [           main] DEBUG ore.annotation.AnnotationUtils  - Failed to meta-introspect annotation [interface org.springframework.beans.factory.annotation.Autowired]: java.lang.IllegalArgumentException: Annotation must not be null
2020-04-25 21:46:35,392 1652   [           main] DEBUG ort.DefaultListableBeanFactory  - Creating shared instance of singleton bean 'IOrderDao'
2020-04-25 21:46:35,392 1652   [           main] DEBUG ort.DefaultListableBeanFactory  - Creating instance of bean 'IOrderDao'
2020-04-25 21:46:35,392 1652   [           main] DEBUG ort.DefaultListableBeanFactory  - Eagerly caching bean 'IOrderDao' to allow for resolving potential circular references
2020-04-25 21:46:35,393 1653   [           main] DEBUG ort.DefaultListableBeanFactory  - Returning cached instance of singleton bean 'sqlSessionFactory'
2020-04-25 21:46:35,393 1653   [           main] DEBUG ort.DefaultListableBeanFactory  - Autowiring by type from bean name 'IOrderDao' via property 'sqlSessionFactory' to bean named 'sqlSessionFactory'
2020-04-25 21:46:35,393 1653   [           main] DEBUG ort.DefaultListableBeanFactory  - Invoking afterPropertiesSet() on bean with name 'IOrderDao'
2020-04-25 21:46:35,393 1653   [           main] DEBUG ort.DefaultListableBeanFactory  - Returning cached instance of singleton bean 'org.springframework.transaction.config.internalTransactionAdvisor'
2020-04-25 21:46:35,393 1653   [           main] DEBUG ort.DefaultListableBeanFactory  - Finished creating instance of bean 'IOrderDao'
2020-04-25 21:46:35,393 1653   [           main] DEBUG ort.DefaultListableBeanFactory  - Returning cached instance of singleton bean 'org.springframework.transaction.config.internalTransactionAdvisor'
2020-04-25 21:46:35,394 1654   [           main] DEBUG redAnnotationBeanPostProcessor  - Autowiring by type from bean name 'orderServiceImpl' to bean named 'IOrderDao'
2020-04-25 21:46:35,394 1654   [           main] DEBUG ort.DefaultListableBeanFactory  - Returning cached instance of singleton bean 'org.springframework.transaction.config.internalTransactionAdvisor'
2020-04-25 21:46:35,394 1654   [           main] DEBUG ort.DefaultListableBeanFactory  - Finished creating instance of bean 'orderServiceImpl'
2020-04-25 21:46:35,394 1654   [           main] DEBUG ort.DefaultListableBeanFactory  - Creating shared instance of singleton bean 'permissionServiceImpl'
2020-04-25 21:46:35,394 1654   [           main] DEBUG ort.DefaultListableBeanFactory  - Creating instance of bean 'permissionServiceImpl'
2020-04-25 21:46:35,395 1655   [           main] DEBUG ort.DefaultListableBeanFactory  - Eagerly caching bean 'permissionServiceImpl' to allow for resolving potential circular references
2020-04-25 21:46:35,396 1656   [           main] DEBUG ort.DefaultListableBeanFactory  - Returning cached instance of singleton bean 'org.springframework.transaction.config.internalTransactionAdvisor'
2020-04-25 21:46:35,396 1656   [           main] DEBUG ort.DefaultListableBeanFactory  - Finished creating instance of bean 'permissionServiceImpl'
2020-04-25 21:46:35,396 1656   [           main] DEBUG ort.DefaultListableBeanFactory  - Creating shared instance of singleton bean 'productServiceImpl'
2020-04-25 21:46:35,396 1656   [           main] DEBUG ort.DefaultListableBeanFactory  - Creating instance of bean 'productServiceImpl'
2020-04-25 21:46:35,396 1656   [           main] DEBUG y.annotation.InjectionMetadata  - Registered injected element on class [com.xumeng.service.impl.ProductServiceImpl]: AutowiredFieldElement for private com.xumeng.dao.IProductDao com.xumeng.service.impl.ProductServiceImpl.productDao
2020-04-25 21:46:35,396 1656   [           main] DEBUG ort.DefaultListableBeanFactory  - Eagerly caching bean 'productServiceImpl' to allow for resolving potential circular references
2020-04-25 21:46:35,397 1657   [           main] DEBUG y.annotation.InjectionMetadata  - Processing injected element of bean 'productServiceImpl': AutowiredFieldElement for private com.xumeng.dao.IProductDao com.xumeng.service.impl.ProductServiceImpl.productDao
2020-04-25 21:46:35,397 1657   [           main] DEBUG ore.annotation.AnnotationUtils  - Failed to meta-introspect annotation [interface org.springframework.beans.factory.annotation.Autowired]: java.lang.IllegalArgumentException: Annotation must not be null
2020-04-25 21:46:35,398 1658   [           main] DEBUG ort.DefaultListableBeanFactory  - Creating shared instance of singleton bean 'IProductDao'
2020-04-25 21:46:35,398 1658   [           main] DEBUG ort.DefaultListableBeanFactory  - Creating instance of bean 'IProductDao'
2020-04-25 21:46:35,398 1658   [           main] DEBUG ort.DefaultListableBeanFactory  - Eagerly caching bean 'IProductDao' to allow for resolving potential circular references
2020-04-25 21:46:35,399 1659   [           main] DEBUG ort.DefaultListableBeanFactory  - Returning cached instance of singleton bean 'sqlSessionFactory'
2020-04-25 21:46:35,399 1659   [           main] DEBUG ort.DefaultListableBeanFactory  - Autowiring by type from bean name 'IProductDao' via property 'sqlSessionFactory' to bean named 'sqlSessionFactory'
2020-04-25 21:46:35,399 1659   [           main] DEBUG ort.DefaultListableBeanFactory  - Invoking afterPropertiesSet() on bean with name 'IProductDao'
2020-04-25 21:46:35,399 1659   [           main] DEBUG ort.DefaultListableBeanFactory  - Returning cached instance of singleton bean 'org.springframework.transaction.config.internalTransactionAdvisor'
2020-04-25 21:46:35,399 1659   [           main] DEBUG ort.DefaultListableBeanFactory  - Finished creating instance of bean 'IProductDao'
2020-04-25 21:46:35,399 1659   [           main] DEBUG ort.DefaultListableBeanFactory  - Returning cached instance of singleton bean 'org.springframework.transaction.config.internalTransactionAdvisor'
2020-04-25 21:46:35,400 1660   [           main] DEBUG redAnnotationBeanPostProcessor  - Autowiring by type from bean name 'productServiceImpl' to bean named 'IProductDao'
2020-04-25 21:46:35,400 1660   [           main] DEBUG ort.DefaultListableBeanFactory  - Returning cached instance of singleton bean 'org.springframework.transaction.config.internalTransactionAdvisor'
2020-04-25 21:46:35,400 1660   [           main] DEBUG tionTransactionAttributeSource  - Adding transactional method 'com.xumeng.service.impl.ProductServiceImpl.delete' with attribute: PROPAGATION_REQUIRED,ISOLATION_DEFAULT; ''
2020-04-25 21:46:35,400 1660   [           main] DEBUG ructureAdvisorAutoProxyCreator  - Creating implicit proxy for bean 'productServiceImpl' with 0 common interceptors and 1 specific interceptors
2020-04-25 21:46:35,400 1660   [           main] DEBUG p.framework.JdkDynamicAopProxy  - Creating JDK dynamic proxy: target source is SingletonTargetSource for target object [com.xumeng.service.impl.ProductServiceImpl@79517588]
2020-04-25 21:46:35,400 1660   [           main] DEBUG ort.DefaultListableBeanFactory  - Finished creating instance of bean 'productServiceImpl'
2020-04-25 21:46:35,401 1661   [           main] DEBUG ort.DefaultListableBeanFactory  - Creating shared instance of singleton bean 'travellerServiceImpl'
2020-04-25 21:46:35,401 1661   [           main] DEBUG ort.DefaultListableBeanFactory  - Creating instance of bean 'travellerServiceImpl'
2020-04-25 21:46:35,401 1661   [           main] DEBUG y.annotation.InjectionMetadata  - Registered injected element on class [com.xumeng.service.impl.TravellerServiceImpl]: AutowiredFieldElement for private com.xumeng.dao.ITravellerDao com.xumeng.service.impl.TravellerServiceImpl.travellerDao
2020-04-25 21:46:35,401 1661   [           main] DEBUG y.annotation.InjectionMetadata  - Registered injected element on class [com.xumeng.service.impl.TravellerServiceImpl]: AutowiredFieldElement for private com.xumeng.dao.IOrderDao com.xumeng.service.impl.TravellerServiceImpl.orderDao
2020-04-25 21:46:35,401 1661   [           main] DEBUG ort.DefaultListableBeanFactory  - Eagerly caching bean 'travellerServiceImpl' to allow for resolving potential circular references
2020-04-25 21:46:35,402 1662   [           main] DEBUG y.annotation.InjectionMetadata  - Processing injected element of bean 'travellerServiceImpl': AutowiredFieldElement for private com.xumeng.dao.ITravellerDao com.xumeng.service.impl.TravellerServiceImpl.travellerDao
2020-04-25 21:46:35,402 1662   [           main] DEBUG ore.annotation.AnnotationUtils  - Failed to meta-introspect annotation [interface org.springframework.beans.factory.annotation.Autowired]: java.lang.IllegalArgumentException: Annotation must not be null
2020-04-25 21:46:35,403 1663   [           main] DEBUG ort.DefaultListableBeanFactory  - Creating shared instance of singleton bean 'ITravellerDao'
2020-04-25 21:46:35,403 1663   [           main] DEBUG ort.DefaultListableBeanFactory  - Creating instance of bean 'ITravellerDao'
2020-04-25 21:46:35,403 1663   [           main] DEBUG ort.DefaultListableBeanFactory  - Eagerly caching bean 'ITravellerDao' to allow for resolving potential circular references
2020-04-25 21:46:35,403 1663   [           main] DEBUG ort.DefaultListableBeanFactory  - Returning cached instance of singleton bean 'sqlSessionFactory'
2020-04-25 21:46:35,403 1663   [           main] DEBUG ort.DefaultListableBeanFactory  - Autowiring by type from bean name 'ITravellerDao' via property 'sqlSessionFactory' to bean named 'sqlSessionFactory'
2020-04-25 21:46:35,403 1663   [           main] DEBUG ort.DefaultListableBeanFactory  - Invoking afterPropertiesSet() on bean with name 'ITravellerDao'
2020-04-25 21:46:35,403 1663   [           main] DEBUG ort.DefaultListableBeanFactory  - Returning cached instance of singleton bean 'org.springframework.transaction.config.internalTransactionAdvisor'
2020-04-25 21:46:35,403 1663   [           main] DEBUG ort.DefaultListableBeanFactory  - Finished creating instance of bean 'ITravellerDao'
2020-04-25 21:46:35,404 1664   [           main] DEBUG ort.DefaultListableBeanFactory  - Returning cached instance of singleton bean 'org.springframework.transaction.config.internalTransactionAdvisor'
2020-04-25 21:46:35,404 1664   [           main] DEBUG redAnnotationBeanPostProcessor  - Autowiring by type from bean name 'travellerServiceImpl' to bean named 'ITravellerDao'
2020-04-25 21:46:35,404 1664   [           main] DEBUG y.annotation.InjectionMetadata  - Processing injected element of bean 'travellerServiceImpl': AutowiredFieldElement for private com.xumeng.dao.IOrderDao com.xumeng.service.impl.TravellerServiceImpl.orderDao
2020-04-25 21:46:35,404 1664   [           main] DEBUG ore.annotation.AnnotationUtils  - Failed to meta-introspect annotation [interface org.springframework.beans.factory.annotation.Autowired]: java.lang.IllegalArgumentException: Annotation must not be null
2020-04-25 21:46:35,404 1664   [           main] DEBUG ort.DefaultListableBeanFactory  - Returning cached instance of singleton bean 'IOrderDao'
2020-04-25 21:46:35,404 1664   [           main] DEBUG redAnnotationBeanPostProcessor  - Autowiring by type from bean name 'travellerServiceImpl' to bean named 'IOrderDao'
2020-04-25 21:46:35,404 1664   [           main] DEBUG ort.DefaultListableBeanFactory  - Returning cached instance of singleton bean 'org.springframework.transaction.config.internalTransactionAdvisor'
2020-04-25 21:46:35,404 1664   [           main] DEBUG tionTransactionAttributeSource  - Adding transactional method 'com.xumeng.service.impl.TravellerServiceImpl.findAll' with attribute: PROPAGATION_REQUIRED,ISOLATION_DEFAULT; ''
2020-04-25 21:46:35,404 1664   [           main] DEBUG ructureAdvisorAutoProxyCreator  - Creating implicit proxy for bean 'travellerServiceImpl' with 0 common interceptors and 1 specific interceptors
2020-04-25 21:46:35,404 1664   [           main] DEBUG p.framework.JdkDynamicAopProxy  - Creating JDK dynamic proxy: target source is SingletonTargetSource for target object [com.xumeng.service.impl.TravellerServiceImpl@503ecb24]
2020-04-25 21:46:35,404 1664   [           main] DEBUG ort.DefaultListableBeanFactory  - Finished creating instance of bean 'travellerServiceImpl'
2020-04-25 21:46:35,405 1665   [           main] DEBUG ort.DefaultListableBeanFactory  - Creating shared instance of singleton bean 'userService'
2020-04-25 21:46:35,405 1665   [           main] DEBUG ort.DefaultListableBeanFactory  - Creating instance of bean 'userService'
2020-04-25 21:46:35,405 1665   [           main] DEBUG y.annotation.InjectionMetadata  - Registered injected element on class [com.xumeng.service.impl.UserServiceImpl]: AutowiredFieldElement for private com.xumeng.dao.IUserDao com.xumeng.service.impl.UserServiceImpl.userDao
2020-04-25 21:46:35,405 1665   [           main] DEBUG y.annotation.InjectionMetadata  - Registered injected element on class [com.xumeng.service.impl.UserServiceImpl]: AutowiredFieldElement for private org.springframework.security.crypto.password.PasswordEncoder com.xumeng.service.impl.UserServiceImpl.passwordEncoder
2020-04-25 21:46:35,405 1665   [           main] DEBUG ort.DefaultListableBeanFactory  - Eagerly caching bean 'userService' to allow for resolving potential circular references
2020-04-25 21:46:35,405 1665   [           main] DEBUG y.annotation.InjectionMetadata  - Processing injected element of bean 'userService': AutowiredFieldElement for private com.xumeng.dao.IUserDao com.xumeng.service.impl.UserServiceImpl.userDao
2020-04-25 21:46:35,405 1665   [           main] DEBUG ore.annotation.AnnotationUtils  - Failed to meta-introspect annotation [interface org.springframework.beans.factory.annotation.Autowired]: java.lang.IllegalArgumentException: Annotation must not be null
2020-04-25 21:46:35,406 1666   [           main] DEBUG ort.DefaultListableBeanFactory  - Creating shared instance of singleton bean 'IUserDao'
2020-04-25 21:46:35,406 1666   [           main] DEBUG ort.DefaultListableBeanFactory  - Creating instance of bean 'IUserDao'
2020-04-25 21:46:35,406 1666   [           main] DEBUG ort.DefaultListableBeanFactory  - Eagerly caching bean 'IUserDao' to allow for resolving potential circular references
2020-04-25 21:46:35,406 1666   [           main] DEBUG ort.DefaultListableBeanFactory  - Returning cached instance of singleton bean 'sqlSessionFactory'
2020-04-25 21:46:35,406 1666   [           main] DEBUG ort.DefaultListableBeanFactory  - Autowiring by type from bean name 'IUserDao' via property 'sqlSessionFactory' to bean named 'sqlSessionFactory'
2020-04-25 21:46:35,406 1666   [           main] DEBUG ort.DefaultListableBeanFactory  - Invoking afterPropertiesSet() on bean with name 'IUserDao'
2020-04-25 21:46:35,406 1666   [           main] DEBUG ort.DefaultListableBeanFactory  - Returning cached instance of singleton bean 'org.springframework.transaction.config.internalTransactionAdvisor'
2020-04-25 21:46:35,407 1667   [           main] DEBUG ort.DefaultListableBeanFactory  - Finished creating instance of bean 'IUserDao'
2020-04-25 21:46:35,407 1667   [           main] DEBUG ort.DefaultListableBeanFactory  - Returning cached instance of singleton bean 'org.springframework.transaction.config.internalTransactionAdvisor'
2020-04-25 21:46:35,407 1667   [           main] DEBUG redAnnotationBeanPostProcessor  - Autowiring by type from bean name 'userService' to bean named 'IUserDao'
2020-04-25 21:46:35,407 1667   [           main] DEBUG y.annotation.InjectionMetadata  - Processing injected element of bean 'userService': AutowiredFieldElement for private org.springframework.security.crypto.password.PasswordEncoder com.xumeng.service.impl.UserServiceImpl.passwordEncoder
2020-04-25 21:46:35,407 1667   [           main] DEBUG ore.annotation.AnnotationUtils  - Failed to meta-introspect annotation [interface org.springframework.beans.factory.annotation.Autowired]: java.lang.IllegalArgumentException: Annotation must not be null
2020-04-25 21:46:35,407 1667   [           main] WARN  port.GenericApplicationContext  - Exception encountered during context initialization - cancelling refresh attempt: org.springframework.beans.factory.UnsatisfiedDependencyException: Error creating bean with name 'userService': Unsatisfied dependency expressed through field 'passwordEncoder'; nested exception is org.springframework.beans.factory.NoSuchBeanDefinitionException: No qualifying bean of type 'org.springframework.security.crypto.password.PasswordEncoder' available: expected at least 1 bean which qualifies as autowire candidate. Dependency annotations: {@org.springframework.beans.factory.annotation.Autowired(required=true)}
2020-04-25 21:46:35,407 1667   [           main] DEBUG ort.DefaultListableBeanFactory  - Destroying singletons in org.springframework.beans.factory.support.DefaultListableBeanFactory@55493582: defining beans [memberServiceImpl,orderServiceImpl,permissionServiceImpl,productServiceImpl,travellerServiceImpl,userService,org.springframework.context.annotation.internalConfigurationAnnotationProcessor,org.springframework.context.annotation.internalAutowiredAnnotationProcessor,org.springframework.context.annotation.internalRequiredAnnotationProcessor,org.springframework.context.annotation.internalCommonAnnotationProcessor,org.springframework.context.event.internalEventListenerProcessor,org.springframework.context.event.internalEventListenerFactory,org.springframework.context.support.PropertySourcesPlaceholderConfigurer#0,dataSource,sqlSessionFactory,mapperScanner,transactionManager,org.springframework.transaction.config.internalTransactionalEventListenerFactory,org.springframework.aop.config.internalAutoProxyCreator,org.springframework.transaction.annotation.AnnotationTransactionAttributeSource#0,org.springframework.transaction.interceptor.TransactionInterceptor#0,org.springframework.transaction.config.internalTransactionAdvisor,IMemberDao,IOrderDao,IPermissionDao,IProductDao,IRoleDao,ITravellerDao,IUserDao]; root of factory hierarchy
2020-04-25 21:46:35,407 1667   [           main] DEBUG ort.DefaultListableBeanFactory  - Retrieved dependent beans for bean 'sqlSessionFactory': [IMemberDao, IOrderDao, IProductDao, ITravellerDao, IUserDao]
2020-04-25 21:46:35,407 1667   [           main] DEBUG ort.DefaultListableBeanFactory  - Retrieved dependent beans for bean 'IMemberDao': [memberServiceImpl]
2020-04-25 21:46:35,408 1668   [           main] DEBUG ort.DefaultListableBeanFactory  - Retrieved dependent beans for bean 'IOrderDao': [orderServiceImpl, travellerServiceImpl]
2020-04-25 21:46:35,408 1668   [           main] DEBUG ort.DefaultListableBeanFactory  - Retrieved dependent beans for bean 'IProductDao': [productServiceImpl]
2020-04-25 21:46:35,408 1668   [           main] DEBUG ort.DefaultListableBeanFactory  - Retrieved dependent beans for bean 'com.github.pagehelper.PageInterceptor#3c7c886c': [sqlSessionFactory]
2020-04-25 21:46:35,408 1668   [           main] ERROR est.context.TestContextManager  - Caught exception while allowing TestExecutionListener [org.springframework.test.context.support.DependencyInjectionTestExecutionListener@46daef40] to prepare test instance [com.xumeng.test.TestIOderDao@4ae9cfc1]
java.lang.IllegalStateException: Failed to load ApplicationContext
	at org.springframework.test.context.cache.DefaultCacheAwareContextLoaderDelegate.loadContext(DefaultCacheAwareContextLoaderDelegate.java:125)
	at org.springframework.test.context.support.DefaultTestContext.getApplicationContext(DefaultTestContext.java:107)
	at org.springframework.test.context.support.DependencyInjectionTestExecutionListener.injectDependencies(DependencyInjectionTestExecutionListener.java:117)
	at org.springframework.test.context.support.DependencyInjectionTestExecutionListener.prepareTestInstance(DependencyInjectionTestExecutionListener.java:83)
	at org.springframework.test.context.TestContextManager.prepareTestInstance(TestContextManager.java:242)
	at org.springframework.test.context.junit4.SpringJUnit4ClassRunner.createTest(SpringJUnit4ClassRunner.java:227)
	at org.springframework.test.context.junit4.SpringJUnit4ClassRunner$1.runReflectiveCall(SpringJUnit4ClassRunner.java:289)
	at org.junit.internal.runners.model.ReflectiveCallable.run(ReflectiveCallable.java:12)
	at org.springframework.test.context.junit4.SpringJUnit4ClassRunner.methodBlock(SpringJUnit4ClassRunner.java:291)
	at org.springframework.test.context.junit4.SpringJUnit4ClassRunner.runChild(SpringJUnit4ClassRunner.java:246)
	at org.springframework.test.context.junit4.SpringJUnit4ClassRunner.runChild(SpringJUnit4ClassRunner.java:97)
	at org.junit.runners.ParentRunner$3.run(ParentRunner.java:290)
	at org.junit.runners.ParentRunner$1.schedule(ParentRunner.java:71)
	at org.junit.runners.ParentRunner.runChildren(ParentRunner.java:288)
	at org.junit.runners.ParentRunner.access$000(ParentRunner.java:58)
	at org.junit.runners.ParentRunner$2.evaluate(ParentRunner.java:268)
	at org.springframework.test.context.junit4.statements.RunBeforeTestClassCallbacks.evaluate(RunBeforeTestClassCallbacks.java:61)
	at org.springframework.test.context.junit4.statements.RunAfterTestClassCallbacks.evaluate(RunAfterTestClassCallbacks.java:70)
	at org.junit.runners.ParentRunner.run(ParentRunner.java:363)
	at org.springframework.test.context.junit4.SpringJUnit4ClassRunner.run(SpringJUnit4ClassRunner.java:190)
	at org.apache.maven.surefire.junit4.JUnit4Provider.execute(JUnit4Provider.java:365)
	at org.apache.maven.surefire.junit4.JUnit4Provider.executeWithRerun(JUnit4Provider.java:273)
	at org.apache.maven.surefire.junit4.JUnit4Provider.executeTestSet(JUnit4Provider.java:238)
	at org.apache.maven.surefire.junit4.JUnit4Provider.invoke(JUnit4Provider.java:159)
	at org.apache.maven.surefire.booter.ForkedBooter.invokeProviderInSameClassLoader(ForkedBooter.java:384)
	at org.apache.maven.surefire.booter.ForkedBooter.runSuitesInProcess(ForkedBooter.java:345)
	at org.apache.maven.surefire.booter.ForkedBooter.execute(ForkedBooter.java:126)
	at org.apache.maven.surefire.booter.ForkedBooter.main(ForkedBooter.java:418)
Caused by: org.springframework.beans.factory.UnsatisfiedDependencyException: Error creating bean with name 'userService': Unsatisfied dependency expressed through field 'passwordEncoder'; nested exception is org.springframework.beans.factory.NoSuchBeanDefinitionException: No qualifying bean of type 'org.springframework.security.crypto.password.PasswordEncoder' available: expected at least 1 bean which qualifies as autowire candidate. Dependency annotations: {@org.springframework.beans.factory.annotation.Autowired(required=true)}
	at org.springframework.beans.factory.annotation.AutowiredAnnotationBeanPostProcessor$AutowiredFieldElement.inject(AutowiredAnnotationBeanPostProcessor.java:586)
	at org.springframework.beans.factory.annotation.InjectionMetadata.inject(InjectionMetadata.java:91)
	at org.springframework.beans.factory.annotation.AutowiredAnnotationBeanPostProcessor.postProcessPropertyValues(AutowiredAnnotationBeanPostProcessor.java:372)
	at org.springframework.beans.factory.support.AbstractAutowireCapableBeanFactory.populateBean(AbstractAutowireCapableBeanFactory.java:1344)
	at org.springframework.beans.factory.support.AbstractAutowireCapableBeanFactory.doCreateBean(AbstractAutowireCapableBeanFactory.java:582)
	at org.springframework.beans.factory.support.AbstractAutowireCapableBeanFactory.createBean(AbstractAutowireCapableBeanFactory.java:502)
	at org.springframework.beans.factory.support.AbstractBeanFactory.lambda$doGetBean$0(AbstractBeanFactory.java:312)
	at org.springframework.beans.factory.support.DefaultSingletonBeanRegistry.getSingleton(DefaultSingletonBeanRegistry.java:228)
	at org.springframework.beans.factory.support.AbstractBeanFactory.doGetBean(AbstractBeanFactory.java:310)
	at org.springframework.beans.factory.support.AbstractBeanFactory.getBean(AbstractBeanFactory.java:200)
	at org.springframework.beans.factory.support.DefaultListableBeanFactory.preInstantiateSingletons(DefaultListableBeanFactory.java:758)
	at org.springframework.context.support.AbstractApplicationContext.finishBeanFactoryInitialization(AbstractApplicationContext.java:868)
	at org.springframework.context.support.AbstractApplicationContext.refresh(AbstractApplicationContext.java:549)
	at org.springframework.test.context.support.AbstractGenericContextLoader.loadContext(AbstractGenericContextLoader.java:128)
	at org.springframework.test.context.support.AbstractGenericContextLoader.loadContext(AbstractGenericContextLoader.java:60)
	at org.springframework.test.context.support.AbstractDelegatingSmartContextLoader.delegateLoading(AbstractDelegatingSmartContextLoader.java:109)
	at org.springframework.test.context.support.AbstractDelegatingSmartContextLoader.loadContext(AbstractDelegatingSmartContextLoader.java:246)
	at org.springframework.test.context.cache.DefaultCacheAwareContextLoaderDelegate.loadContextInternal(DefaultCacheAwareContextLoaderDelegate.java:99)
	at org.springframework.test.context.cache.DefaultCacheAwareContextLoaderDelegate.loadContext(DefaultCacheAwareContextLoaderDelegate.java:117)
	... 27 more
Caused by: org.springframework.beans.factory.NoSuchBeanDefinitionException: No qualifying bean of type 'org.springframework.security.crypto.password.PasswordEncoder' available: expected at least 1 bean which qualifies as autowire candidate. Dependency annotations: {@org.springframework.beans.factory.annotation.Autowired(required=true)}
	at org.springframework.beans.factory.support.DefaultListableBeanFactory.raiseNoMatchingBeanFound(DefaultListableBeanFactory.java:1504)
	at org.springframework.beans.factory.support.DefaultListableBeanFactory.doResolveDependency(DefaultListableBeanFactory.java:1101)
	at org.springframework.beans.factory.support.DefaultListableBeanFactory.resolveDependency(DefaultListableBeanFactory.java:1062)
	at org.springframework.beans.factory.annotation.AutowiredAnnotationBeanPostProcessor$AutowiredFieldElement.inject(AutowiredAnnotationBeanPostProcessor.java:583)
	... 45 more
]]></system-out>
  </testcase>
  <testcase name="testUserDao" classname="com.xumeng.test.TestIOderDao" time="0">
    <error message="Failed to load ApplicationContext" type="java.lang.IllegalStateException">java.lang.IllegalStateException: Failed to load ApplicationContext
Caused by: org.springframework.beans.factory.UnsatisfiedDependencyException: Error creating bean with name 'userService': Unsatisfied dependency expressed through field 'passwordEncoder'; nested exception is org.springframework.beans.factory.NoSuchBeanDefinitionException: No qualifying bean of type 'org.springframework.security.crypto.password.PasswordEncoder' available: expected at least 1 bean which qualifies as autowire candidate. Dependency annotations: {@org.springframework.beans.factory.annotation.Autowired(required=true)}
Caused by: org.springframework.beans.factory.NoSuchBeanDefinitionException: No qualifying bean of type 'org.springframework.security.crypto.password.PasswordEncoder' available: expected at least 1 bean which qualifies as autowire candidate. Dependency annotations: {@org.springframework.beans.factory.annotation.Autowired(required=true)}
</error>
    <system-out><![CDATA[2020-04-25 21:46:35,409 1669   [           main] DEBUG t.annotation.ProfileValueUtils  - Retrieved @ProfileValueSourceConfiguration [null] for test class [com.xumeng.test.TestIOderDao]
2020-04-25 21:46:35,409 1669   [           main] DEBUG t.annotation.ProfileValueUtils  - Retrieved ProfileValueSource type [class org.springframework.test.annotation.SystemProfileValueSource] for class [com.xumeng.test.TestIOderDao]
2020-04-25 21:46:35,410 1670   [           main] DEBUG InjectionTestExecutionListener  - Performing dependency injection for test context [[DefaultTestContext@1b26f7b2 testClass = TestIOderDao, testInstance = com.xumeng.test.TestIOderDao@4b1d6571, testMethod = [null], testException = [null], mergedContextConfiguration = [MergedContextConfiguration@491cc5c9 testClass = TestIOderDao, locations = '{classpath:applicationContext.xml}', classes = '{}', contextInitializerClasses = '[]', activeProfiles = '{}', propertySourceLocations = '{}', propertySourceProperties = '{}', contextCustomizers = set[[empty]], contextLoader = 'org.springframework.test.context.support.DelegatingSmartContextLoader', parent = [null]], attributes = map[[empty]]]].
2020-04-25 21:46:35,410 1670   [           main] DEBUG ctDelegatingSmartContextLoader  - Delegating to GenericXmlContextLoader to load context from [MergedContextConfiguration@491cc5c9 testClass = TestIOderDao, locations = '{classpath:applicationContext.xml}', classes = '{}', contextInitializerClasses = '[]', activeProfiles = '{}', propertySourceLocations = '{}', propertySourceProperties = '{}', contextCustomizers = set[[empty]], contextLoader = 'org.springframework.test.context.support.DelegatingSmartContextLoader', parent = [null]].
2020-04-25 21:46:35,410 1670   [           main] DEBUG t.AbstractGenericContextLoader  - Loading ApplicationContext for merged context configuration [[MergedContextConfiguration@491cc5c9 testClass = TestIOderDao, locations = '{classpath:applicationContext.xml}', classes = '{}', contextInitializerClasses = '[]', activeProfiles = '{}', propertySourceLocations = '{}', propertySourceProperties = '{}', contextCustomizers = set[[empty]], contextLoader = 'org.springframework.test.context.support.DelegatingSmartContextLoader', parent = [null]]].
2020-04-25 21:46:35,410 1670   [           main] DEBUG k.core.env.StandardEnvironment  - Adding PropertySource 'systemProperties' with lowest search precedence
2020-04-25 21:46:35,410 1670   [           main] DEBUG k.core.env.StandardEnvironment  - Adding PropertySource 'systemEnvironment' with lowest search precedence
2020-04-25 21:46:35,410 1670   [           main] DEBUG k.core.env.StandardEnvironment  - Initialized StandardEnvironment with PropertySources [MapPropertySource@894024873 {name='systemProperties', properties={java.runtime.name=Java(TM) SE Runtime Environment, sun.boot.library.path=C:\Program Files\Java\jdk1.8.0_131\jre\bin, java.vm.version=25.131-b11, java.vm.vendor=Oracle Corporation, java.vendor.url=http://java.oracle.com/, path.separator=;, java.vm.name=Java HotSpot(TM) 64-Bit Server VM, file.encoding.pkg=sun.io, user.country=CN, user.script=, sun.java.launcher=SUN_STANDARD, sun.os.patch.level=, java.vm.specification.name=Java Virtual Machine Specification, user.dir=D:\Code\IdeaProjects\manageSystem-ssm\ms-ssm-web, java.runtime.version=1.8.0_131-b11, basedir=D:\Code\IdeaProjects\manageSystem-ssm\ms-ssm-web, java.awt.graphicsenv=sun.awt.Win32GraphicsEnvironment, java.endorsed.dirs=C:\Program Files\Java\jdk1.8.0_131\jre\lib\endorsed, os.arch=amd64, surefire.real.class.path=C:\Users\xm\AppData\Local\Temp\surefire7497552715305907156\surefirebooter6811015789613867580.jar, java.io.tmpdir=C:\Users\xm\AppData\Local\Temp\, line.separator=
, java.vm.specification.vendor=Oracle Corporation, user.variant=, os.name=Windows 10, sun.jnu.encoding=GBK, java.library.path=C:\Program Files\Java\jdk1.8.0_131\jre\bin;C:\Windows\Sun\Java\bin;C:\Windows\system32;C:\Windows;D:\MyProgram\orcl\bin;D:\MyProgram\Anaconda3;D:\MyProgram\Anaconda3\Library\mingw-w64\bin;D:\MyProgram\Anaconda3\Library\usr\bin;D:\MyProgram\Anaconda3\Library\bin;D:\MyProgram\Anaconda3\Scripts;C:\ProgramData\Oracle\Java\javapath;C:\Windows\system32;C:\Windows;C:\Windows\System32\Wbem;C:\Windows\System32\WindowsPowerShell\v1.0\;C:\Windows\System32\OpenSSH\;C:\Program Files\Java\jdk1.8.0_131\bin;C:\Program Files\Java\jdk1.8.0_131\jre\bin;C:\Program Files (x86)\MySQL\MySQL Server 5.5\bin;D:\MyProgram\Git\cmd;D:\Maven\bin\;D:\MyProgram\redis-2.8.9;D:\Maven_V_354\apache-maven-3.5.4\bin\;D:\MyProgram\nodejs\;D:\MyProgram\nodejs\npm_modules\;D:\MyProgram\erl10.4\bin;D:\MyProgram\ffmpeg\bin\;D:\MyProgram\OpenSSL-Win64\bin\;D:\MyProgram\Ruby25-x64\bin;C:\Users\xm\AppData\Local\Microsoft\WindowsApps;;D:\MyProgram\JetBrains\IntelliJ IDEA 2019.3.3\bin;;D:\MyProgram\Microsoft VS Code\bin;D:\MyProgram\JetBrains\PyCharm 2019.3.3\bin;;D:\MyProgram\JetBrains\WebStorm 2019.3.3\bin;;C:\Users\xm\AppData\Roaming\npm;., surefire.test.class.path=D:\Code\IdeaProjects\manageSystem-ssm\ms-ssm-web\target\test-classes;D:\Code\IdeaProjects\manageSystem-ssm\ms-ssm-web\target\classes;E:\maven-repository\junit\junit\4.12\junit-4.12.jar;E:\maven-repository\org\hamcrest\hamcrest-core\1.3\hamcrest-core-1.3.jar;D:\Code\IdeaProjects\manageSystem-ssm\ms-ssm-domain\target\ms-ssm-domain-1.0-SNAPSHOT.jar;D:\Code\IdeaProjects\manageSystem-ssm\ms-ssm-utils\target\ms-ssm-utils-1.0-SNAPSHOT.jar;D:\Code\IdeaProjects\manageSystem-ssm\ms-ssm-service\target\ms-ssm-service-1.0-SNAPSHOT.jar;D:\Code\IdeaProjects\manageSystem-ssm\ms-ssm-dao\target\ms-ssm-dao-1.0-SNAPSHOT.jar;E:\maven-repository\com\fasterxml\jackson\core\jackson-databind\2.9.7\jackson-databind-2.9.7.jar;E:\maven-repository\com\fasterxml\jackson\core\jackson-annotations\2.9.0\jackson-annotations-2.9.0.jar;E:\maven-repository\com\fasterxml\jackson\core\jackson-core\2.9.7\jackson-core-2.9.7.jar;E:\maven-repository\com\github\pagehelper\pagehelper\5.1.2\pagehelper-5.1.2.jar;E:\maven-repository\com\github\jsqlparser\jsqlparser\1.0\jsqlparser-1.0.jar;E:\maven-repository\javax\annotation\javax.annotation-api\1.3.1\javax.annotation-api-1.3.1.jar;E:\maven-repository\org\springframework\security\spring-security-web\5.0.1.RELEASE\spring-security-web-5.0.1.RELEASE.jar;E:\maven-repository\org\springframework\spring-expression\5.0.3.RELEASE\spring-expression-5.0.3.RELEASE.jar;E:\maven-repository\org\springframework\security\spring-security-config\5.0.1.RELEASE\spring-security-config-5.0.1.RELEASE.jar;E:\maven-repository\org\springframework\security\spring-security-core\5.0.1.RELEASE\spring-security-core-5.0.1.RELEASE.jar;E:\maven-repository\org\springframework\security\spring-security-taglibs\5.0.1.RELEASE\spring-security-taglibs-5.0.1.RELEASE.jar;E:\maven-repository\org\springframework\security\spring-security-acl\5.0.1.RELEASE\spring-security-acl-5.0.1.RELEASE.jar;E:\maven-repository\org\aspectj\aspectjweaver\1.6.8\aspectjweaver-1.6.8.jar;E:\maven-repository\org\springframework\spring-aop\5.0.2.RELEASE\spring-aop-5.0.2.RELEASE.jar;E:\maven-repository\org\springframework\spring-context\5.0.2.RELEASE\spring-context-5.0.2.RELEASE.jar;E:\maven-repository\org\springframework\spring-context-support\5.0.2.RELEASE\spring-context-support-5.0.2.RELEASE.jar;E:\maven-repository\org\springframework\spring-web\5.0.2.RELEASE\spring-web-5.0.2.RELEASE.jar;E:\maven-repository\org\springframework\spring-orm\5.0.2.RELEASE\spring-orm-5.0.2.RELEASE.jar;E:\maven-repository\org\springframework\spring-jdbc\5.0.2.RELEASE\spring-jdbc-5.0.2.RELEASE.jar;E:\maven-repository\org\springframework\spring-beans\5.0.2.RELEASE\spring-beans-5.0.2.RELEASE.jar;E:\maven-repository\org\springframework\spring-core\5.0.2.RELEASE\spring-core-5.0.2.RELEASE.jar;E:\maven-repository\org\springframework\spring-jcl\5.0.2.RELEASE\spring-jcl-5.0.2.RELEASE.jar;E:\maven-repository\org\springframework\spring-test\5.0.2.RELEASE\spring-test-5.0.2.RELEASE.jar;E:\maven-repository\org\springframework\spring-webmvc\5.0.2.RELEASE\spring-webmvc-5.0.2.RELEASE.jar;E:\maven-repository\org\springframework\spring-tx\5.0.2.RELEASE\spring-tx-5.0.2.RELEASE.jar;E:\maven-repository\javax\servlet\javax.servlet-api\3.1.0\javax.servlet-api-3.1.0.jar;E:\maven-repository\javax\servlet\jsp\jsp-api\2.0\jsp-api-2.0.jar;E:\maven-repository\jstl\jstl\1.2\jstl-1.2.jar;E:\maven-repository\log4j\log4j\1.2.12\log4j-1.2.12.jar;E:\maven-repository\org\slf4j\slf4j-api\1.6.6\slf4j-api-1.6.6.jar;E:\maven-repository\org\slf4j\slf4j-log4j12\1.6.6\slf4j-log4j12-1.6.6.jar;E:\maven-repository\org\mybatis\mybatis\3.4.5\mybatis-3.4.5.jar;E:\maven-repository\org\mybatis\mybatis-spring\1.3.0\mybatis-spring-1.3.0.jar;E:\maven-repository\c3p0\c3p0\0.9.1.2\c3p0-0.9.1.2.jar;E:\maven-repository\mysql\mysql-connector-java\5.1.6\mysql-connector-java-5.1.6.jar;E:\maven-repository\javax\annotation\jsr250-api\1.0\jsr250-api-1.0.jar;E:\maven-repository\org\projectlombok\lombok\1.16.16\lombok-1.16.16.jar;, java.specification.name=Java Platform API Specification, java.class.version=52.0, sun.management.compiler=HotSpot 64-Bit Tiered Compilers, maven.repo.local=E:\maven-repository, idea.version2019.3.3=true, os.version=10.0, user.home=C:\Users\xm, user.timezone=Asia/Shanghai, java.awt.printerjob=sun.awt.windows.WPrinterJob, file.encoding=GBK, java.specification.version=1.8, java.class.path=D:\Code\IdeaProjects\manageSystem-ssm\ms-ssm-web\target\test-classes;D:\Code\IdeaProjects\manageSystem-ssm\ms-ssm-web\target\classes;E:\maven-repository\junit\junit\4.12\junit-4.12.jar;E:\maven-repository\org\hamcrest\hamcrest-core\1.3\hamcrest-core-1.3.jar;D:\Code\IdeaProjects\manageSystem-ssm\ms-ssm-domain\target\ms-ssm-domain-1.0-SNAPSHOT.jar;D:\Code\IdeaProjects\manageSystem-ssm\ms-ssm-utils\target\ms-ssm-utils-1.0-SNAPSHOT.jar;D:\Code\IdeaProjects\manageSystem-ssm\ms-ssm-service\target\ms-ssm-service-1.0-SNAPSHOT.jar;D:\Code\IdeaProjects\manageSystem-ssm\ms-ssm-dao\target\ms-ssm-dao-1.0-SNAPSHOT.jar;E:\maven-repository\com\fasterxml\jackson\core\jackson-databind\2.9.7\jackson-databind-2.9.7.jar;E:\maven-repository\com\fasterxml\jackson\core\jackson-annotations\2.9.0\jackson-annotations-2.9.0.jar;E:\maven-repository\com\fasterxml\jackson\core\jackson-core\2.9.7\jackson-core-2.9.7.jar;E:\maven-repository\com\github\pagehelper\pagehelper\5.1.2\pagehelper-5.1.2.jar;E:\maven-repository\com\github\jsqlparser\jsqlparser\1.0\jsqlparser-1.0.jar;E:\maven-repository\javax\annotation\javax.annotation-api\1.3.1\javax.annotation-api-1.3.1.jar;E:\maven-repository\org\springframework\security\spring-security-web\5.0.1.RELEASE\spring-security-web-5.0.1.RELEASE.jar;E:\maven-repository\org\springframework\spring-expression\5.0.3.RELEASE\spring-expression-5.0.3.RELEASE.jar;E:\maven-repository\org\springframework\security\spring-security-config\5.0.1.RELEASE\spring-security-config-5.0.1.RELEASE.jar;E:\maven-repository\org\springframework\security\spring-security-core\5.0.1.RELEASE\spring-security-core-5.0.1.RELEASE.jar;E:\maven-repository\org\springframework\security\spring-security-taglibs\5.0.1.RELEASE\spring-security-taglibs-5.0.1.RELEASE.jar;E:\maven-repository\org\springframework\security\spring-security-acl\5.0.1.RELEASE\spring-security-acl-5.0.1.RELEASE.jar;E:\maven-repository\org\aspectj\aspectjweaver\1.6.8\aspectjweaver-1.6.8.jar;E:\maven-repository\org\springframework\spring-aop\5.0.2.RELEASE\spring-aop-5.0.2.RELEASE.jar;E:\maven-repository\org\springframework\spring-context\5.0.2.RELEASE\spring-context-5.0.2.RELEASE.jar;E:\maven-repository\org\springframework\spring-context-support\5.0.2.RELEASE\spring-context-support-5.0.2.RELEASE.jar;E:\maven-repository\org\springframework\spring-web\5.0.2.RELEASE\spring-web-5.0.2.RELEASE.jar;E:\maven-repository\org\springframework\spring-orm\5.0.2.RELEASE\spring-orm-5.0.2.RELEASE.jar;E:\maven-repository\org\springframework\spring-jdbc\5.0.2.RELEASE\spring-jdbc-5.0.2.RELEASE.jar;E:\maven-repository\org\springframework\spring-beans\5.0.2.RELEASE\spring-beans-5.0.2.RELEASE.jar;E:\maven-repository\org\springframework\spring-core\5.0.2.RELEASE\spring-core-5.0.2.RELEASE.jar;E:\maven-repository\org\springframework\spring-jcl\5.0.2.RELEASE\spring-jcl-5.0.2.RELEASE.jar;E:\maven-repository\org\springframework\spring-test\5.0.2.RELEASE\spring-test-5.0.2.RELEASE.jar;E:\maven-repository\org\springframework\spring-webmvc\5.0.2.RELEASE\spring-webmvc-5.0.2.RELEASE.jar;E:\maven-repository\org\springframework\spring-tx\5.0.2.RELEASE\spring-tx-5.0.2.RELEASE.jar;E:\maven-repository\javax\servlet\javax.servlet-api\3.1.0\javax.servlet-api-3.1.0.jar;E:\maven-repository\javax\servlet\jsp\jsp-api\2.0\jsp-api-2.0.jar;E:\maven-repository\jstl\jstl\1.2\jstl-1.2.jar;E:\maven-repository\log4j\log4j\1.2.12\log4j-1.2.12.jar;E:\maven-repository\org\slf4j\slf4j-api\1.6.6\slf4j-api-1.6.6.jar;E:\maven-repository\org\slf4j\slf4j-log4j12\1.6.6\slf4j-log4j12-1.6.6.jar;E:\maven-repository\org\mybatis\mybatis\3.4.5\mybatis-3.4.5.jar;E:\maven-repository\org\mybatis\mybatis-spring\1.3.0\mybatis-spring-1.3.0.jar;E:\maven-repository\c3p0\c3p0\0.9.1.2\c3p0-0.9.1.2.jar;E:\maven-repository\mysql\mysql-connector-java\5.1.6\mysql-connector-java-5.1.6.jar;E:\maven-repository\javax\annotation\jsr250-api\1.0\jsr250-api-1.0.jar;E:\maven-repository\org\projectlombok\lombok\1.16.16\lombok-1.16.16.jar;, user.name=xm, java.vm.specification.version=1.8, sun.java.command=C:\Users\xm\AppData\Local\Temp\surefire7497552715305907156\surefirebooter6811015789613867580.jar C:\Users\xm\AppData\Local\Temp\surefire7497552715305907156 2020-04-25T21-46-33_033-jvmRun1 surefire7780568927660488430tmp surefire_03629623413987528247tmp, java.home=C:\Program Files\Java\jdk1.8.0_131\jre, sun.arch.data.model=64, user.language=zh, java.specification.vendor=Oracle Corporation, awt.toolkit=sun.awt.windows.WToolkit, java.vm.info=mixed mode, java.version=1.8.0_131, java.ext.dirs=C:\Program Files\Java\jdk1.8.0_131\jre\lib\ext;C:\Windows\Sun\Java\lib\ext, sun.boot.class.path=C:\Program Files\Java\jdk1.8.0_131\jre\lib\resources.jar;C:\Program Files\Java\jdk1.8.0_131\jre\lib\rt.jar;C:\Program Files\Java\jdk1.8.0_131\jre\lib\sunrsasign.jar;C:\Program Files\Java\jdk1.8.0_131\jre\lib\jsse.jar;C:\Program Files\Java\jdk1.8.0_131\jre\lib\jce.jar;C:\Program Files\Java\jdk1.8.0_131\jre\lib\charsets.jar;C:\Program Files\Java\jdk1.8.0_131\jre\lib\jfr.jar;C:\Program Files\Java\jdk1.8.0_131\jre\classes, java.vendor=Oracle Corporation, localRepository=E:\maven-repository, file.separator=\, java.vendor.url.bug=http://bugreport.sun.com/bugreport/, sun.io.unicode.encoding=UnicodeLittle, sun.cpu.endian=little, sun.desktop=windows, sun.cpu.isalist=amd64}}, SystemEnvironmentPropertySource@1327871893 {name='systemEnvironment', properties={PATH=D:\MyProgram\orcl\bin;D:\MyProgram\Anaconda3;D:\MyProgram\Anaconda3\Library\mingw-w64\bin;D:\MyProgram\Anaconda3\Library\usr\bin;D:\MyProgram\Anaconda3\Library\bin;D:\MyProgram\Anaconda3\Scripts;C:\ProgramData\Oracle\Java\javapath;C:\Windows\system32;C:\Windows;C:\Windows\System32\Wbem;C:\Windows\System32\WindowsPowerShell\v1.0\;C:\Windows\System32\OpenSSH\;C:\Program Files\Java\jdk1.8.0_131\bin;C:\Program Files\Java\jdk1.8.0_131\jre\bin;C:\Program Files (x86)\MySQL\MySQL Server 5.5\bin;D:\MyProgram\Git\cmd;D:\Maven\bin\;D:\MyProgram\redis-2.8.9;D:\Maven_V_354\apache-maven-3.5.4\bin\;D:\MyProgram\nodejs\;D:\MyProgram\nodejs\npm_modules\;D:\MyProgram\erl10.4\bin;D:\MyProgram\ffmpeg\bin\;D:\MyProgram\OpenSSL-Win64\bin\;D:\MyProgram\Ruby25-x64\bin;C:\Users\xm\AppData\Local\Microsoft\WindowsApps;;D:\MyProgram\JetBrains\IntelliJ IDEA 2019.3.3\bin;;D:\MyProgram\Microsoft VS Code\bin;D:\MyProgram\JetBrains\PyCharm 2019.3.3\bin;;D:\MyProgram\JetBrains\WebStorm 2019.3.3\bin;;C:\Users\xm\AppData\Roaming\npm, USERDOMAIN_ROAMINGPROFILE=DESKTOP-9ENUAHE, PROCESSOR_LEVEL=23, SYSTEMDRIVE=C:, SESSIONNAME=Console, ALLUSERSPROFILE=C:\ProgramData, PROCESSOR_ARCHITECTURE=AMD64, DRIVERDATA=C:\Windows\System32\Drivers\DriverData, MAVEN_HOME=D:\Maven, PROGRAMFILES=C:\Program Files, PSMODULEPATH=C:\Program Files\WindowsPowerShell\Modules;C:\Windows\system32\WindowsPowerShell\v1.0\Modules, PROGRAMDATA=C:\ProgramData, USERNAME=xm, FPS_BROWSER_USER_PROFILE_STRING=Default, ONEDRIVE=C:\Users\xm\OneDrive, PATHEXT=.COM;.EXE;.BAT;.CMD;.VBS;.VBE;.JS;.JSE;.WSF;.WSH;.MSC;.RB;.RBW, MAVEN_HOME2=D:\Maven_V_354\apache-maven-3.5.4, WINDIR=C:\Windows, HOMEPATH=\Users\xm, PROCESSOR_IDENTIFIER=AMD64 Family 23 Model 8 Stepping 2, AuthenticAMD, PUBLIC=C:\Users\Public, =::=::\, LOCALAPPDATA=C:\Users\xm\AppData\Local, COMMONPROGRAMFILES(X86)=C:\Program Files (x86)\Common Files, USERDOMAIN=DESKTOP-9ENUAHE, FPS_BROWSER_APP_PROFILE_STRING=Internet Explorer, LOGONSERVER=\\DESKTOP-9ENUAHE, JAVA_HOME=C:\Program Files\Java\jdk1.8.0_131, PROMPT=$P$G, PROGRAMFILES(X86)=C:\Program Files (x86), INTELLIJ IDEA=D:\MyProgram\JetBrains\IntelliJ IDEA 2019.3.3\bin;, ERLANG_HOME=D:\MyProgram\erl10.4, APPDATA=C:\Users\xm\AppData\Roaming, PROGRAMW6432=C:\Program Files, SYSTEMROOT=C:\Windows, PERL5LIB=D:\MyProgram\orcl\perl\5.8.3\lib\MSWin32-x86;D:\MyProgram\orcl\perl\5.8.3\lib;D:\MyProgram\orcl\perl\5.8.3\lib\MSWin32-x86;D:\MyProgram\orcl\perl\site\5.8.3;D:\MyProgram\orcl\perl\site\5.8.3\lib;D:\MyProgram\orcl\sysman\admin\scripts;, OS=Windows_NT, COMMONPROGRAMW6432=C:\Program Files\Common Files, COMPUTERNAME=DESKTOP-9ENUAHE, COMMONPROGRAMFILES=C:\Program Files\Common Files, COMSPEC=C:\Windows\system32\cmd.exe, CATALINA_HOME=D:\MyProgram\Tomcat\apache-tomcat-7.0.100, PROCESSOR_REVISION=0802, CLASSPATH=.;C:\Program Files\Java\jdk1.8.0_131\lib;C:\Program Files\Java\jdk1.8.0_131\lib\tools.jar, PYCHARM=D:\MyProgram\JetBrains\PyCharm 2019.3.3\bin;, RUBYOPT=-Eutf-8, =D:=D:\Code\IdeaProjects\manageSystem-ssm\ms-ssm-web, TEMP=C:\Users\xm\AppData\Local\Temp, HOMEDRIVE=C:, USERPROFILE=C:\Users\xm, TMP=C:\Users\xm\AppData\Local\Temp, WEBSTORM=D:\MyProgram\JetBrains\WebStorm 2019.3.3\bin;, NUMBER_OF_PROCESSORS=12, IDEA_INITIAL_DIRECTORY=C:\Users\xm\Desktop}}]
2020-04-25 21:46:35,411 1671   [           main] INFO  ry.xml.XmlBeanDefinitionReader  - Loading XML bean definitions from class path resource [applicationContext.xml]
2020-04-25 21:46:35,412 1672   [           main] DEBUG tory.xml.DefaultDocumentLoader  - Using JAXP provider [com.sun.org.apache.xerces.internal.jaxp.DocumentBuilderFactoryImpl]
2020-04-25 21:46:35,413 1673   [           main] DEBUG ry.xml.PluggableSchemaResolver  - Loading schema mappings from [META-INF/spring.schemas]
2020-04-25 21:46:35,416 1676   [           main] DEBUG ry.xml.PluggableSchemaResolver  - Loaded schema mappings: {http://www.springframework.org/schema/tx/spring-tx-4.3.xsd=org/springframework/transaction/config/spring-tx.xsd, http://www.springframework.org/schema/tx/spring-tx-2.5.xsd=org/springframework/transaction/config/spring-tx.xsd, http://www.springframework.org/schema/cache/spring-cache-4.2.xsd=org/springframework/cache/config/spring-cache.xsd, http://www.springframework.org/schema/aop/spring-aop-4.1.xsd=org/springframework/aop/config/spring-aop.xsd, http://www.springframework.org/schema/context/spring-context-3.1.xsd=org/springframework/context/config/spring-context.xsd, http://www.springframework.org/schema/jdbc/spring-jdbc-4.1.xsd=org/springframework/jdbc/config/spring-jdbc.xsd, http://www.springframework.org/schema/mvc/spring-mvc-4.1.xsd=org/springframework/web/servlet/config/spring-mvc.xsd, http://www.springframework.org/schema/util/spring-util-3.0.xsd=org/springframework/beans/factory/xml/spring-util.xsd, http://www.springframework.org/schema/security/spring-security-3.0.3.xsd=org/springframework/security/config/spring-security-3.0.3.xsd, http://mybatis.org/schema/mybatis-spring-1.2.xsd=org/mybatis/spring/config/mybatis-spring-1.2.xsd, http://www.springframework.org/schema/tool/spring-tool.xsd=org/springframework/beans/factory/xml/spring-tool.xsd, http://www.springframework.org/schema/aop/spring-aop-3.2.xsd=org/springframework/aop/config/spring-aop.xsd, http://www.springframework.org/schema/security/spring-security-2.0.1.xsd=org/springframework/security/config/spring-security-2.0.1.xsd, http://www.springframework.org/schema/lang/spring-lang-4.1.xsd=org/springframework/scripting/config/spring-lang.xsd, http://www.springframework.org/schema/context/spring-context-4.0.xsd=org/springframework/context/config/spring-context.xsd, http://www.springframework.org/schema/mvc/spring-mvc-3.2.xsd=org/springframework/web/servlet/config/spring-mvc.xsd, http://www.springframework.org/schema/beans/spring-beans-4.2.xsd=org/springframework/beans/factory/xml/spring-beans.xsd, http://www.springframework.org/schema/tool/spring-tool-4.1.xsd=org/springframework/beans/factory/xml/spring-tool.xsd, http://www.springframework.org/schema/lang/spring-lang-3.2.xsd=org/springframework/scripting/config/spring-lang.xsd, http://www.springframework.org/schema/cache/spring-cache-3.2.xsd=org/springframework/cache/config/spring-cache.xsd, http://www.springframework.org/schema/jee/spring-jee-4.1.xsd=org/springframework/ejb/config/spring-jee.xsd, http://www.springframework.org/schema/jdbc/spring-jdbc-3.1.xsd=org/springframework/jdbc/config/spring-jdbc.xsd, http://www.springframework.org/schema/util/spring-util-2.0.xsd=org/springframework/beans/factory/xml/spring-util.xsd, http://www.springframework.org/schema/task/spring-task-4.2.xsd=org/springframework/scheduling/config/spring-task.xsd, http://www.springframework.org/schema/tool/spring-tool-3.2.xsd=org/springframework/beans/factory/xml/spring-tool.xsd, http://www.springframework.org/schema/context/spring-context.xsd=org/springframework/context/config/spring-context.xsd, http://www.springframework.org/schema/tx/spring-tx-4.2.xsd=org/springframework/transaction/config/spring-tx.xsd, http://www.springframework.org/schema/cache/spring-cache-4.1.xsd=org/springframework/cache/config/spring-cache.xsd, http://www.springframework.org/schema/aop/spring-aop-4.0.xsd=org/springframework/aop/config/spring-aop.xsd, http://www.springframework.org/schema/security/spring-security-2.0.xsd=org/springframework/security/config/spring-security-2.0.xsd, http://www.springframework.org/schema/jee/spring-jee-3.2.xsd=org/springframework/ejb/config/spring-jee.xsd, http://www.springframework.org/schema/context/spring-context-3.0.xsd=org/springframework/context/config/spring-context.xsd, http://www.springframework.org/schema/jdbc/spring-jdbc-4.0.xsd=org/springframework/jdbc/config/spring-jdbc.xsd, http://www.springframework.org/schema/mvc/spring-mvc-4.0.xsd=org/springframework/web/servlet/config/spring-mvc.xsd, http://www.springframework.org/schema/util/spring-util-4.3.xsd=org/springframework/beans/factory/xml/spring-util.xsd, http://www.springframework.org/schema/util/spring-util-2.5.xsd=org/springframework/beans/factory/xml/spring-util.xsd, http://www.springframework.org/schema/beans/spring-beans-3.2.xsd=org/springframework/beans/factory/xml/spring-beans.xsd, http://www.springframework.org/schema/aop/spring-aop-3.1.xsd=org/springframework/aop/config/spring-aop.xsd, http://www.springframework.org/schema/lang/spring-lang-4.0.xsd=org/springframework/scripting/config/spring-lang.xsd, http://www.springframework.org/schema/mvc/spring-mvc.xsd=org/springframework/web/servlet/config/spring-mvc.xsd, http://www.springframework.org/schema/mvc/spring-mvc-3.1.xsd=org/springframework/web/servlet/config/spring-mvc.xsd, http://www.springframework.org/schema/beans/spring-beans-4.1.xsd=org/springframework/beans/factory/xml/spring-beans.xsd, http://www.springframework.org/schema/tool/spring-tool-4.0.xsd=org/springframework/beans/factory/xml/spring-tool.xsd, http://www.springframework.org/schema/tx/spring-tx-3.2.xsd=org/springframework/transaction/config/spring-tx.xsd, http://www.springframework.org/schema/lang/spring-lang-3.1.xsd=org/springframework/scripting/config/spring-lang.xsd, http://www.springframework.org/schema/cache/spring-cache-3.1.xsd=org/springframework/cache/config/spring-cache.xsd, http://www.springframework.org/schema/jee/spring-jee-4.0.xsd=org/springframework/ejb/config/spring-jee.xsd, http://www.springframework.org/schema/jdbc/spring-jdbc-3.0.xsd=org/springframework/jdbc/config/spring-jdbc.xsd, http://www.springframework.org/schema/task/spring-task-4.1.xsd=org/springframework/scheduling/config/spring-task.xsd, http://www.springframework.org/schema/tool/spring-tool-3.1.xsd=org/springframework/beans/factory/xml/spring-tool.xsd, http://www.springframework.org/schema/jdbc/spring-jdbc.xsd=org/springframework/jdbc/config/spring-jdbc.xsd, http://www.springframework.org/schema/tx/spring-tx-4.1.xsd=org/springframework/transaction/config/spring-tx.xsd, http://www.springframework.org/schema/cache/spring-cache-4.0.xsd=org/springframework/cache/config/spring-cache.xsd, http://www.springframework.org/schema/jee/spring-jee-3.1.xsd=org/springframework/ejb/config/spring-jee.xsd, http://www.springframework.org/schema/util/spring-util-4.2.xsd=org/springframework/beans/factory/xml/spring-util.xsd, http://www.springframework.org/schema/task/spring-task-3.2.xsd=org/springframework/scheduling/config/spring-task.xsd, http://www.springframework.org/schema/beans/spring-beans-3.1.xsd=org/springframework/beans/factory/xml/spring-beans.xsd, http://www.springframework.org/schema/util/spring-util.xsd=org/springframework/beans/factory/xml/spring-util.xsd, http://www.springframework.org/schema/aop/spring-aop-3.0.xsd=org/springframework/aop/config/spring-aop.xsd, http://www.springframework.org/schema/security/spring-security-4.2.xsd=org/springframework/security/config/spring-security-4.2.xsd, http://www.springframework.org/schema/mvc/spring-mvc-3.0.xsd=org/springframework/web/servlet/config/spring-mvc.xsd, http://www.springframework.org/schema/beans/spring-beans-4.0.xsd=org/springframework/beans/factory/xml/spring-beans.xsd, http://www.springframework.org/schema/beans/spring-beans.xsd=org/springframework/beans/factory/xml/spring-beans.xsd, http://www.springframework.org/schema/security/spring-security-2.0.4.xsd=org/springframework/security/config/spring-security-2.0.4.xsd, http://mybatis.org/schema/mybatis-spring.xsd=org/mybatis/spring/config/mybatis-spring-1.2.xsd, http://www.springframework.org/schema/tx/spring-tx-3.1.xsd=org/springframework/transaction/config/spring-tx.xsd, http://www.springframework.org/schema/lang/spring-lang-3.0.xsd=org/springframework/scripting/config/spring-lang.xsd, http://www.springframework.org/schema/context/spring-context-2.5.xsd=org/springframework/context/config/spring-context.xsd, http://www.springframework.org/schema/context/spring-context-4.3.xsd=org/springframework/context/config/spring-context.xsd, http://www.springframework.org/schema/task/spring-task-4.0.xsd=org/springframework/scheduling/config/spring-task.xsd, http://www.springframework.org/schema/tool/spring-tool-3.0.xsd=org/springframework/beans/factory/xml/spring-tool.xsd, http://www.springframework.org/schema/tx/spring-tx-4.0.xsd=org/springframework/transaction/config/spring-tx.xsd, http://www.springframework.org/schema/aop/spring-aop-2.0.xsd=org/springframework/aop/config/spring-aop.xsd, http://www.springframework.org/schema/security/spring-security-3.2.xsd=org/springframework/security/config/spring-security-3.2.xsd, http://www.springframework.org/schema/jee/spring-jee-3.0.xsd=org/springframework/ejb/config/spring-jee.xsd, http://www.springframework.org/schema/util/spring-util-4.1.xsd=org/springframework/beans/factory/xml/spring-util.xsd, http://www.springframework.org/schema/task/spring-task-3.1.xsd=org/springframework/scheduling/config/spring-task.xsd, http://www.springframework.org/schema/beans/spring-beans-3.0.xsd=org/springframework/beans/factory/xml/spring-beans.xsd, http://www.springframework.org/schema/jee/spring-jee.xsd=org/springframework/ejb/config/spring-jee.xsd, http://www.springframework.org/schema/aop/spring-aop-2.5.xsd=org/springframework/aop/config/spring-aop.xsd, http://www.springframework.org/schema/aop/spring-aop-4.3.xsd=org/springframework/aop/config/spring-aop.xsd, http://www.springframework.org/schema/lang/spring-lang-2.0.xsd=org/springframework/scripting/config/spring-lang.xsd, http://www.springframework.org/schema/security/spring-security-4.1.xsd=org/springframework/security/config/spring-security-4.1.xsd, http://www.springframework.org/schema/jdbc/spring-jdbc-4.3.xsd=org/springframework/jdbc/config/spring-jdbc.xsd, http://www.springframework.org/schema/mvc/spring-mvc-4.3.xsd=org/springframework/web/servlet/config/spring-mvc.xsd, http://www.springframework.org/schema/util/spring-util-3.2.xsd=org/springframework/beans/factory/xml/spring-util.xsd, http://www.springframework.org/schema/task/spring-task.xsd=org/springframework/scheduling/config/spring-task.xsd, http://www.springframework.org/schema/tool/spring-tool-2.0.xsd=org/springframework/beans/factory/xml/spring-tool.xsd, http://www.springframework.org/schema/tx/spring-tx-3.0.xsd=org/springframework/transaction/config/spring-tx.xsd, http://www.springframework.org/schema/lang/spring-lang-2.5.xsd=org/springframework/scripting/config/spring-lang.xsd, http://www.springframework.org/schema/security/spring-security-5.0.xsd=org/springframework/security/config/spring-security-5.0.xsd, http://www.springframework.org/schema/lang/spring-lang-4.3.xsd=org/springframework/scripting/config/spring-lang.xsd, http://www.springframework.org/schema/context/spring-context-4.2.xsd=org/springframework/context/config/spring-context.xsd, http://www.springframework.org/schema/jee/spring-jee-2.0.xsd=org/springframework/ejb/config/spring-jee.xsd, http://www.springframework.org/schema/tool/spring-tool-4.3.xsd=org/springframework/beans/factory/xml/spring-tool.xsd, http://www.springframework.org/schema/tool/spring-tool-2.5.xsd=org/springframework/beans/factory/xml/spring-tool.xsd, http://www.springframework.org/schema/jee/spring-jee-4.3.xsd=org/springframework/ejb/config/spring-jee.xsd, http://www.springframework.org/schema/jee/spring-jee-2.5.xsd=org/springframework/ejb/config/spring-jee.xsd, http://www.springframework.org/schema/security/spring-security-3.1.xsd=org/springframework/security/config/spring-security-3.1.xsd, http://www.springframework.org/schema/util/spring-util-4.0.xsd=org/springframework/beans/factory/xml/spring-util.xsd, http://www.springframework.org/schema/task/spring-task-3.0.xsd=org/springframework/scheduling/config/spring-task.xsd, http://www.springframework.org/schema/cache/spring-cache-4.3.xsd=org/springframework/cache/config/spring-cache.xsd, http://www.springframework.org/schema/aop/spring-aop-4.2.xsd=org/springframework/aop/config/spring-aop.xsd, http://www.springframework.org/schema/security/spring-security-4.0.xsd=org/springframework/security/config/spring-security-4.0.xsd, http://www.springframework.org/schema/lang/spring-lang.xsd=org/springframework/scripting/config/spring-lang.xsd, http://www.springframework.org/schema/context/spring-context-3.2.xsd=org/springframework/context/config/spring-context.xsd, http://www.springframework.org/schema/jdbc/spring-jdbc-4.2.xsd=org/springframework/jdbc/config/spring-jdbc.xsd, http://www.springframework.org/schema/mvc/spring-mvc-4.2.xsd=org/springframework/web/servlet/config/spring-mvc.xsd, http://www.springframework.org/schema/util/spring-util-3.1.xsd=org/springframework/beans/factory/xml/spring-util.xsd, http://www.springframework.org/schema/beans/spring-beans-2.0.xsd=org/springframework/beans/factory/xml/spring-beans.xsd, http://www.springframework.org/schema/cache/spring-cache.xsd=org/springframework/cache/config/spring-cache.xsd, http://www.springframework.org/schema/tx/spring-tx.xsd=org/springframework/transaction/config/spring-tx.xsd, http://www.springframework.org/schema/security/spring-security-2.0.2.xsd=org/springframework/security/config/spring-security-2.0.2.xsd, http://www.springframework.org/schema/lang/spring-lang-4.2.xsd=org/springframework/scripting/config/spring-lang.xsd, http://www.springframework.org/schema/context/spring-context-4.1.xsd=org/springframework/context/config/spring-context.xsd, http://www.springframework.org/schema/beans/spring-beans-4.3.xsd=org/springframework/beans/factory/xml/spring-beans.xsd, http://www.springframework.org/schema/beans/spring-beans-2.5.xsd=org/springframework/beans/factory/xml/spring-beans.xsd, http://www.springframework.org/schema/tool/spring-tool-4.2.xsd=org/springframework/beans/factory/xml/spring-tool.xsd, http://www.springframework.org/schema/tx/spring-tx-2.0.xsd=org/springframework/transaction/config/spring-tx.xsd, http://www.springframework.org/schema/security/spring-security.xsd=org/springframework/security/config/spring-security-5.0.xsd, http://www.springframework.org/schema/security/spring-security-3.0.xsd=org/springframework/security/config/spring-security-3.0.xsd, http://www.springframework.org/schema/jee/spring-jee-4.2.xsd=org/springframework/ejb/config/spring-jee.xsd, http://www.springframework.org/schema/jdbc/spring-jdbc-3.2.xsd=org/springframework/jdbc/config/spring-jdbc.xsd, http://www.springframework.org/schema/task/spring-task-4.3.xsd=org/springframework/scheduling/config/spring-task.xsd, http://www.springframework.org/schema/aop/spring-aop.xsd=org/springframework/aop/config/spring-aop.xsd}
2020-04-25 21:46:35,416 1676   [           main] DEBUG ry.xml.PluggableSchemaResolver  - Found XML schema [http://www.springframework.org/schema/beans/spring-beans.xsd] in classpath: org/springframework/beans/factory/xml/spring-beans.xsd
2020-04-25 21:46:35,424 1684   [           main] DEBUG ry.xml.PluggableSchemaResolver  - Found XML schema [http://www.springframework.org/schema/context/spring-context.xsd] in classpath: org/springframework/context/config/spring-context.xsd
2020-04-25 21:46:35,427 1687   [           main] DEBUG ry.xml.PluggableSchemaResolver  - Found XML schema [http://www.springframework.org/schema/tool/spring-tool.xsd] in classpath: org/springframework/beans/factory/xml/spring-tool.xsd
2020-04-25 21:46:35,431 1691   [           main] DEBUG ry.xml.PluggableSchemaResolver  - Found XML schema [http://www.springframework.org/schema/tx/spring-tx.xsd] in classpath: org/springframework/transaction/config/spring-tx.xsd
2020-04-25 21:46:35,433 1693   [           main] DEBUG ltBeanDefinitionDocumentReader  - Loading bean definitions
2020-04-25 21:46:35,435 1695   [           main] DEBUG efaultNamespaceHandlerResolver  - Loaded NamespaceHandler mappings: {http://www.springframework.org/schema/p=org.springframework.beans.factory.xml.SimplePropertyNamespaceHandler, http://www.springframework.org/schema/mvc=org.springframework.web.servlet.config.MvcNamespaceHandler, http://www.springframework.org/schema/util=org.springframework.beans.factory.xml.UtilNamespaceHandler, http://www.springframework.org/schema/jee=org.springframework.ejb.config.JeeNamespaceHandler, http://www.springframework.org/schema/aop=org.springframework.aop.config.AopNamespaceHandler, http://www.springframework.org/schema/jdbc=org.springframework.jdbc.config.JdbcNamespaceHandler, http://www.springframework.org/schema/cache=org.springframework.cache.config.CacheNamespaceHandler, http://mybatis.org/schema/mybatis-spring=org.mybatis.spring.config.NamespaceHandler, http://www.springframework.org/schema/c=org.springframework.beans.factory.xml.SimpleConstructorNamespaceHandler, http://www.springframework.org/schema/security=org.springframework.security.config.SecurityNamespaceHandler, http://www.springframework.org/schema/tx=org.springframework.transaction.config.TxNamespaceHandler, http://www.springframework.org/schema/task=org.springframework.scheduling.config.TaskNamespaceHandler, http://www.springframework.org/schema/lang=org.springframework.scripting.config.LangNamespaceHandler, http://www.springframework.org/schema/context=org.springframework.context.config.ContextNamespaceHandler}
2020-04-25 21:46:35,435 1695   [           main] DEBUG ClassPathBeanDefinitionScanner  - JSR-250 'javax.annotation.ManagedBean' found and supported for component scanning
2020-04-25 21:46:35,436 1696   [           main] DEBUG atchingResourcePatternResolver  - Resolved classpath location [com/xumeng/service/] to resources [URL [jar:file:/D:/Code/IdeaProjects/manageSystem-ssm/ms-ssm-service/target/ms-ssm-service-1.0-SNAPSHOT.jar!/com/xumeng/service/]]
2020-04-25 21:46:35,436 1696   [           main] DEBUG atchingResourcePatternResolver  - Looking for matching resources in jar file [file:/D:/Code/IdeaProjects/manageSystem-ssm/ms-ssm-service/target/ms-ssm-service-1.0-SNAPSHOT.jar]
2020-04-25 21:46:35,437 1697   [           main] DEBUG atchingResourcePatternResolver  - Resolved location pattern [classpath*:com/xumeng/service/**/*.class] to resources [URL [jar:file:/D:/Code/IdeaProjects/manageSystem-ssm/ms-ssm-service/target/ms-ssm-service-1.0-SNAPSHOT.jar!/com/xumeng/service/IMemberService.class], URL [jar:file:/D:/Code/IdeaProjects/manageSystem-ssm/ms-ssm-service/target/ms-ssm-service-1.0-SNAPSHOT.jar!/com/xumeng/service/impl/MemberServiceImpl.class], URL [jar:file:/D:/Code/IdeaProjects/manageSystem-ssm/ms-ssm-service/target/ms-ssm-service-1.0-SNAPSHOT.jar!/com/xumeng/service/impl/OrderServiceImpl.class], URL [jar:file:/D:/Code/IdeaProjects/manageSystem-ssm/ms-ssm-service/target/ms-ssm-service-1.0-SNAPSHOT.jar!/com/xumeng/service/impl/PermissionServiceImpl.class], URL [jar:file:/D:/Code/IdeaProjects/manageSystem-ssm/ms-ssm-service/target/ms-ssm-service-1.0-SNAPSHOT.jar!/com/xumeng/service/impl/ProductServiceImpl.class], URL [jar:file:/D:/Code/IdeaProjects/manageSystem-ssm/ms-ssm-service/target/ms-ssm-service-1.0-SNAPSHOT.jar!/com/xumeng/service/impl/TravellerServiceImpl.class], URL [jar:file:/D:/Code/IdeaProjects/manageSystem-ssm/ms-ssm-service/target/ms-ssm-service-1.0-SNAPSHOT.jar!/com/xumeng/service/impl/UserServiceImpl.class], URL [jar:file:/D:/Code/IdeaProjects/manageSystem-ssm/ms-ssm-service/target/ms-ssm-service-1.0-SNAPSHOT.jar!/com/xumeng/service/IOrderService.class], URL [jar:file:/D:/Code/IdeaProjects/manageSystem-ssm/ms-ssm-service/target/ms-ssm-service-1.0-SNAPSHOT.jar!/com/xumeng/service/IPermissionService.class], URL [jar:file:/D:/Code/IdeaProjects/manageSystem-ssm/ms-ssm-service/target/ms-ssm-service-1.0-SNAPSHOT.jar!/com/xumeng/service/IProductService.class], URL [jar:file:/D:/Code/IdeaProjects/manageSystem-ssm/ms-ssm-service/target/ms-ssm-service-1.0-SNAPSHOT.jar!/com/xumeng/service/ITravellerService.class], URL [jar:file:/D:/Code/IdeaProjects/manageSystem-ssm/ms-ssm-service/target/ms-ssm-service-1.0-SNAPSHOT.jar!/com/xumeng/service/IUserService.class]]
2020-04-25 21:46:35,438 1698   [           main] DEBUG ClassPathBeanDefinitionScanner  - Identified candidate component class: URL [jar:file:/D:/Code/IdeaProjects/manageSystem-ssm/ms-ssm-service/target/ms-ssm-service-1.0-SNAPSHOT.jar!/com/xumeng/service/impl/MemberServiceImpl.class]
2020-04-25 21:46:35,438 1698   [           main] DEBUG ClassPathBeanDefinitionScanner  - Identified candidate component class: URL [jar:file:/D:/Code/IdeaProjects/manageSystem-ssm/ms-ssm-service/target/ms-ssm-service-1.0-SNAPSHOT.jar!/com/xumeng/service/impl/OrderServiceImpl.class]
2020-04-25 21:46:35,438 1698   [           main] DEBUG ClassPathBeanDefinitionScanner  - Identified candidate component class: URL [jar:file:/D:/Code/IdeaProjects/manageSystem-ssm/ms-ssm-service/target/ms-ssm-service-1.0-SNAPSHOT.jar!/com/xumeng/service/impl/PermissionServiceImpl.class]
2020-04-25 21:46:35,439 1699   [           main] DEBUG ClassPathBeanDefinitionScanner  - Identified candidate component class: URL [jar:file:/D:/Code/IdeaProjects/manageSystem-ssm/ms-ssm-service/target/ms-ssm-service-1.0-SNAPSHOT.jar!/com/xumeng/service/impl/ProductServiceImpl.class]
2020-04-25 21:46:35,439 1699   [           main] DEBUG ClassPathBeanDefinitionScanner  - Identified candidate component class: URL [jar:file:/D:/Code/IdeaProjects/manageSystem-ssm/ms-ssm-service/target/ms-ssm-service-1.0-SNAPSHOT.jar!/com/xumeng/service/impl/TravellerServiceImpl.class]
2020-04-25 21:46:35,439 1699   [           main] DEBUG ClassPathBeanDefinitionScanner  - Identified candidate component class: URL [jar:file:/D:/Code/IdeaProjects/manageSystem-ssm/ms-ssm-service/target/ms-ssm-service-1.0-SNAPSHOT.jar!/com/xumeng/service/impl/UserServiceImpl.class]
2020-04-25 21:46:35,441 1701   [           main] DEBUG ClassPathBeanDefinitionScanner  - JSR-250 'javax.annotation.ManagedBean' found and supported for component scanning
2020-04-25 21:46:35,442 1702   [           main] DEBUG atchingResourcePatternResolver  - Resolved classpath location [com/xumeng/dao/] to resources [URL [jar:file:/D:/Code/IdeaProjects/manageSystem-ssm/ms-ssm-dao/target/ms-ssm-dao-1.0-SNAPSHOT.jar!/com/xumeng/dao/]]
2020-04-25 21:46:35,442 1702   [           main] DEBUG atchingResourcePatternResolver  - Looking for matching resources in jar file [file:/D:/Code/IdeaProjects/manageSystem-ssm/ms-ssm-dao/target/ms-ssm-dao-1.0-SNAPSHOT.jar]
2020-04-25 21:46:35,443 1703   [           main] DEBUG atchingResourcePatternResolver  - Resolved location pattern [classpath*:com/xumeng/dao/**/*.class] to resources [URL [jar:file:/D:/Code/IdeaProjects/manageSystem-ssm/ms-ssm-dao/target/ms-ssm-dao-1.0-SNAPSHOT.jar!/com/xumeng/dao/IMemberDao.class], URL [jar:file:/D:/Code/IdeaProjects/manageSystem-ssm/ms-ssm-dao/target/ms-ssm-dao-1.0-SNAPSHOT.jar!/com/xumeng/dao/IOrderDao.class], URL [jar:file:/D:/Code/IdeaProjects/manageSystem-ssm/ms-ssm-dao/target/ms-ssm-dao-1.0-SNAPSHOT.jar!/com/xumeng/dao/IPermissionDao.class], URL [jar:file:/D:/Code/IdeaProjects/manageSystem-ssm/ms-ssm-dao/target/ms-ssm-dao-1.0-SNAPSHOT.jar!/com/xumeng/dao/IProductDao.class], URL [jar:file:/D:/Code/IdeaProjects/manageSystem-ssm/ms-ssm-dao/target/ms-ssm-dao-1.0-SNAPSHOT.jar!/com/xumeng/dao/IRoleDao.class], URL [jar:file:/D:/Code/IdeaProjects/manageSystem-ssm/ms-ssm-dao/target/ms-ssm-dao-1.0-SNAPSHOT.jar!/com/xumeng/dao/ITravellerDao.class], URL [jar:file:/D:/Code/IdeaProjects/manageSystem-ssm/ms-ssm-dao/target/ms-ssm-dao-1.0-SNAPSHOT.jar!/com/xumeng/dao/IUserDao.class]]
2020-04-25 21:46:35,445 1705   [           main] DEBUG l.BeanDefinitionParserDelegate  - Neither XML 'id' nor 'name' specified - using generated bean name [com.github.pagehelper.PageInterceptor#3da05287]
2020-04-25 21:46:35,445 1705   [           main] DEBUG ry.xml.XmlBeanDefinitionReader  - Loaded 22 bean definitions from location pattern [classpath:applicationContext.xml]
2020-04-25 21:46:35,445 1705   [           main] INFO  port.GenericApplicationContext  - Refreshing org.springframework.context.support.GenericApplicationContext@1b835480: startup date [Sat Apr 25 21:46:35 CST 2020]; root of context hierarchy
2020-04-25 21:46:35,445 1705   [           main] DEBUG port.GenericApplicationContext  - Bean factory for org.springframework.context.support.GenericApplicationContext@1b835480: org.springframework.beans.factory.support.DefaultListableBeanFactory@1e636ea3: defining beans [memberServiceImpl,orderServiceImpl,permissionServiceImpl,productServiceImpl,travellerServiceImpl,userService,org.springframework.context.annotation.internalConfigurationAnnotationProcessor,org.springframework.context.annotation.internalAutowiredAnnotationProcessor,org.springframework.context.annotation.internalRequiredAnnotationProcessor,org.springframework.context.annotation.internalCommonAnnotationProcessor,org.springframework.context.event.internalEventListenerProcessor,org.springframework.context.event.internalEventListenerFactory,org.springframework.context.support.PropertySourcesPlaceholderConfigurer#0,dataSource,sqlSessionFactory,mapperScanner,transactionManager,org.springframework.transaction.config.internalTransactionalEventListenerFactory,org.springframework.aop.config.internalAutoProxyCreator,org.springframework.transaction.annotation.AnnotationTransactionAttributeSource#0,org.springframework.transaction.interceptor.TransactionInterceptor#0,org.springframework.transaction.config.internalTransactionAdvisor]; root of factory hierarchy
2020-04-25 21:46:35,446 1706   [           main] DEBUG ort.DefaultListableBeanFactory  - Creating shared instance of singleton bean 'org.springframework.context.annotation.internalConfigurationAnnotationProcessor'
2020-04-25 21:46:35,446 1706   [           main] DEBUG ort.DefaultListableBeanFactory  - Creating instance of bean 'org.springframework.context.annotation.internalConfigurationAnnotationProcessor'
2020-04-25 21:46:35,446 1706   [           main] DEBUG ort.DefaultListableBeanFactory  - Eagerly caching bean 'org.springframework.context.annotation.internalConfigurationAnnotationProcessor' to allow for resolving potential circular references
2020-04-25 21:46:35,446 1706   [           main] DEBUG ort.DefaultListableBeanFactory  - Finished creating instance of bean 'org.springframework.context.annotation.internalConfigurationAnnotationProcessor'
2020-04-25 21:46:35,457 1717   [           main] DEBUG ort.DefaultListableBeanFactory  - Creating shared instance of singleton bean 'mapperScanner'
2020-04-25 21:46:35,457 1717   [           main] DEBUG ort.DefaultListableBeanFactory  - Creating instance of bean 'mapperScanner'
2020-04-25 21:46:35,457 1717   [           main] DEBUG ort.DefaultListableBeanFactory  - Eagerly caching bean 'mapperScanner' to allow for resolving potential circular references
2020-04-25 21:46:35,459 1719   [           main] DEBUG ort.DefaultListableBeanFactory  - Invoking afterPropertiesSet() on bean with name 'mapperScanner'
2020-04-25 21:46:35,459 1719   [           main] DEBUG ort.DefaultListableBeanFactory  - Finished creating instance of bean 'mapperScanner'
2020-04-25 21:46:35,459 1719   [           main] DEBUG k.core.env.StandardEnvironment  - Adding PropertySource 'systemProperties' with lowest search precedence
2020-04-25 21:46:35,459 1719   [           main] DEBUG k.core.env.StandardEnvironment  - Adding PropertySource 'systemEnvironment' with lowest search precedence
2020-04-25 21:46:35,459 1719   [           main] DEBUG k.core.env.StandardEnvironment  - Initialized StandardEnvironment with PropertySources [MapPropertySource@295304806 {name='systemProperties', properties={java.runtime.name=Java(TM) SE Runtime Environment, sun.boot.library.path=C:\Program Files\Java\jdk1.8.0_131\jre\bin, java.vm.version=25.131-b11, java.vm.vendor=Oracle Corporation, java.vendor.url=http://java.oracle.com/, path.separator=;, java.vm.name=Java HotSpot(TM) 64-Bit Server VM, file.encoding.pkg=sun.io, user.country=CN, user.script=, sun.java.launcher=SUN_STANDARD, sun.os.patch.level=, java.vm.specification.name=Java Virtual Machine Specification, user.dir=D:\Code\IdeaProjects\manageSystem-ssm\ms-ssm-web, java.runtime.version=1.8.0_131-b11, basedir=D:\Code\IdeaProjects\manageSystem-ssm\ms-ssm-web, java.awt.graphicsenv=sun.awt.Win32GraphicsEnvironment, java.endorsed.dirs=C:\Program Files\Java\jdk1.8.0_131\jre\lib\endorsed, os.arch=amd64, surefire.real.class.path=C:\Users\xm\AppData\Local\Temp\surefire7497552715305907156\surefirebooter6811015789613867580.jar, java.io.tmpdir=C:\Users\xm\AppData\Local\Temp\, line.separator=
, java.vm.specification.vendor=Oracle Corporation, user.variant=, os.name=Windows 10, sun.jnu.encoding=GBK, java.library.path=C:\Program Files\Java\jdk1.8.0_131\jre\bin;C:\Windows\Sun\Java\bin;C:\Windows\system32;C:\Windows;D:\MyProgram\orcl\bin;D:\MyProgram\Anaconda3;D:\MyProgram\Anaconda3\Library\mingw-w64\bin;D:\MyProgram\Anaconda3\Library\usr\bin;D:\MyProgram\Anaconda3\Library\bin;D:\MyProgram\Anaconda3\Scripts;C:\ProgramData\Oracle\Java\javapath;C:\Windows\system32;C:\Windows;C:\Windows\System32\Wbem;C:\Windows\System32\WindowsPowerShell\v1.0\;C:\Windows\System32\OpenSSH\;C:\Program Files\Java\jdk1.8.0_131\bin;C:\Program Files\Java\jdk1.8.0_131\jre\bin;C:\Program Files (x86)\MySQL\MySQL Server 5.5\bin;D:\MyProgram\Git\cmd;D:\Maven\bin\;D:\MyProgram\redis-2.8.9;D:\Maven_V_354\apache-maven-3.5.4\bin\;D:\MyProgram\nodejs\;D:\MyProgram\nodejs\npm_modules\;D:\MyProgram\erl10.4\bin;D:\MyProgram\ffmpeg\bin\;D:\MyProgram\OpenSSL-Win64\bin\;D:\MyProgram\Ruby25-x64\bin;C:\Users\xm\AppData\Local\Microsoft\WindowsApps;;D:\MyProgram\JetBrains\IntelliJ IDEA 2019.3.3\bin;;D:\MyProgram\Microsoft VS Code\bin;D:\MyProgram\JetBrains\PyCharm 2019.3.3\bin;;D:\MyProgram\JetBrains\WebStorm 2019.3.3\bin;;C:\Users\xm\AppData\Roaming\npm;., surefire.test.class.path=D:\Code\IdeaProjects\manageSystem-ssm\ms-ssm-web\target\test-classes;D:\Code\IdeaProjects\manageSystem-ssm\ms-ssm-web\target\classes;E:\maven-repository\junit\junit\4.12\junit-4.12.jar;E:\maven-repository\org\hamcrest\hamcrest-core\1.3\hamcrest-core-1.3.jar;D:\Code\IdeaProjects\manageSystem-ssm\ms-ssm-domain\target\ms-ssm-domain-1.0-SNAPSHOT.jar;D:\Code\IdeaProjects\manageSystem-ssm\ms-ssm-utils\target\ms-ssm-utils-1.0-SNAPSHOT.jar;D:\Code\IdeaProjects\manageSystem-ssm\ms-ssm-service\target\ms-ssm-service-1.0-SNAPSHOT.jar;D:\Code\IdeaProjects\manageSystem-ssm\ms-ssm-dao\target\ms-ssm-dao-1.0-SNAPSHOT.jar;E:\maven-repository\com\fasterxml\jackson\core\jackson-databind\2.9.7\jackson-databind-2.9.7.jar;E:\maven-repository\com\fasterxml\jackson\core\jackson-annotations\2.9.0\jackson-annotations-2.9.0.jar;E:\maven-repository\com\fasterxml\jackson\core\jackson-core\2.9.7\jackson-core-2.9.7.jar;E:\maven-repository\com\github\pagehelper\pagehelper\5.1.2\pagehelper-5.1.2.jar;E:\maven-repository\com\github\jsqlparser\jsqlparser\1.0\jsqlparser-1.0.jar;E:\maven-repository\javax\annotation\javax.annotation-api\1.3.1\javax.annotation-api-1.3.1.jar;E:\maven-repository\org\springframework\security\spring-security-web\5.0.1.RELEASE\spring-security-web-5.0.1.RELEASE.jar;E:\maven-repository\org\springframework\spring-expression\5.0.3.RELEASE\spring-expression-5.0.3.RELEASE.jar;E:\maven-repository\org\springframework\security\spring-security-config\5.0.1.RELEASE\spring-security-config-5.0.1.RELEASE.jar;E:\maven-repository\org\springframework\security\spring-security-core\5.0.1.RELEASE\spring-security-core-5.0.1.RELEASE.jar;E:\maven-repository\org\springframework\security\spring-security-taglibs\5.0.1.RELEASE\spring-security-taglibs-5.0.1.RELEASE.jar;E:\maven-repository\org\springframework\security\spring-security-acl\5.0.1.RELEASE\spring-security-acl-5.0.1.RELEASE.jar;E:\maven-repository\org\aspectj\aspectjweaver\1.6.8\aspectjweaver-1.6.8.jar;E:\maven-repository\org\springframework\spring-aop\5.0.2.RELEASE\spring-aop-5.0.2.RELEASE.jar;E:\maven-repository\org\springframework\spring-context\5.0.2.RELEASE\spring-context-5.0.2.RELEASE.jar;E:\maven-repository\org\springframework\spring-context-support\5.0.2.RELEASE\spring-context-support-5.0.2.RELEASE.jar;E:\maven-repository\org\springframework\spring-web\5.0.2.RELEASE\spring-web-5.0.2.RELEASE.jar;E:\maven-repository\org\springframework\spring-orm\5.0.2.RELEASE\spring-orm-5.0.2.RELEASE.jar;E:\maven-repository\org\springframework\spring-jdbc\5.0.2.RELEASE\spring-jdbc-5.0.2.RELEASE.jar;E:\maven-repository\org\springframework\spring-beans\5.0.2.RELEASE\spring-beans-5.0.2.RELEASE.jar;E:\maven-repository\org\springframework\spring-core\5.0.2.RELEASE\spring-core-5.0.2.RELEASE.jar;E:\maven-repository\org\springframework\spring-jcl\5.0.2.RELEASE\spring-jcl-5.0.2.RELEASE.jar;E:\maven-repository\org\springframework\spring-test\5.0.2.RELEASE\spring-test-5.0.2.RELEASE.jar;E:\maven-repository\org\springframework\spring-webmvc\5.0.2.RELEASE\spring-webmvc-5.0.2.RELEASE.jar;E:\maven-repository\org\springframework\spring-tx\5.0.2.RELEASE\spring-tx-5.0.2.RELEASE.jar;E:\maven-repository\javax\servlet\javax.servlet-api\3.1.0\javax.servlet-api-3.1.0.jar;E:\maven-repository\javax\servlet\jsp\jsp-api\2.0\jsp-api-2.0.jar;E:\maven-repository\jstl\jstl\1.2\jstl-1.2.jar;E:\maven-repository\log4j\log4j\1.2.12\log4j-1.2.12.jar;E:\maven-repository\org\slf4j\slf4j-api\1.6.6\slf4j-api-1.6.6.jar;E:\maven-repository\org\slf4j\slf4j-log4j12\1.6.6\slf4j-log4j12-1.6.6.jar;E:\maven-repository\org\mybatis\mybatis\3.4.5\mybatis-3.4.5.jar;E:\maven-repository\org\mybatis\mybatis-spring\1.3.0\mybatis-spring-1.3.0.jar;E:\maven-repository\c3p0\c3p0\0.9.1.2\c3p0-0.9.1.2.jar;E:\maven-repository\mysql\mysql-connector-java\5.1.6\mysql-connector-java-5.1.6.jar;E:\maven-repository\javax\annotation\jsr250-api\1.0\jsr250-api-1.0.jar;E:\maven-repository\org\projectlombok\lombok\1.16.16\lombok-1.16.16.jar;, java.specification.name=Java Platform API Specification, java.class.version=52.0, sun.management.compiler=HotSpot 64-Bit Tiered Compilers, maven.repo.local=E:\maven-repository, idea.version2019.3.3=true, os.version=10.0, user.home=C:\Users\xm, user.timezone=Asia/Shanghai, java.awt.printerjob=sun.awt.windows.WPrinterJob, file.encoding=GBK, java.specification.version=1.8, java.class.path=D:\Code\IdeaProjects\manageSystem-ssm\ms-ssm-web\target\test-classes;D:\Code\IdeaProjects\manageSystem-ssm\ms-ssm-web\target\classes;E:\maven-repository\junit\junit\4.12\junit-4.12.jar;E:\maven-repository\org\hamcrest\hamcrest-core\1.3\hamcrest-core-1.3.jar;D:\Code\IdeaProjects\manageSystem-ssm\ms-ssm-domain\target\ms-ssm-domain-1.0-SNAPSHOT.jar;D:\Code\IdeaProjects\manageSystem-ssm\ms-ssm-utils\target\ms-ssm-utils-1.0-SNAPSHOT.jar;D:\Code\IdeaProjects\manageSystem-ssm\ms-ssm-service\target\ms-ssm-service-1.0-SNAPSHOT.jar;D:\Code\IdeaProjects\manageSystem-ssm\ms-ssm-dao\target\ms-ssm-dao-1.0-SNAPSHOT.jar;E:\maven-repository\com\fasterxml\jackson\core\jackson-databind\2.9.7\jackson-databind-2.9.7.jar;E:\maven-repository\com\fasterxml\jackson\core\jackson-annotations\2.9.0\jackson-annotations-2.9.0.jar;E:\maven-repository\com\fasterxml\jackson\core\jackson-core\2.9.7\jackson-core-2.9.7.jar;E:\maven-repository\com\github\pagehelper\pagehelper\5.1.2\pagehelper-5.1.2.jar;E:\maven-repository\com\github\jsqlparser\jsqlparser\1.0\jsqlparser-1.0.jar;E:\maven-repository\javax\annotation\javax.annotation-api\1.3.1\javax.annotation-api-1.3.1.jar;E:\maven-repository\org\springframework\security\spring-security-web\5.0.1.RELEASE\spring-security-web-5.0.1.RELEASE.jar;E:\maven-repository\org\springframework\spring-expression\5.0.3.RELEASE\spring-expression-5.0.3.RELEASE.jar;E:\maven-repository\org\springframework\security\spring-security-config\5.0.1.RELEASE\spring-security-config-5.0.1.RELEASE.jar;E:\maven-repository\org\springframework\security\spring-security-core\5.0.1.RELEASE\spring-security-core-5.0.1.RELEASE.jar;E:\maven-repository\org\springframework\security\spring-security-taglibs\5.0.1.RELEASE\spring-security-taglibs-5.0.1.RELEASE.jar;E:\maven-repository\org\springframework\security\spring-security-acl\5.0.1.RELEASE\spring-security-acl-5.0.1.RELEASE.jar;E:\maven-repository\org\aspectj\aspectjweaver\1.6.8\aspectjweaver-1.6.8.jar;E:\maven-repository\org\springframework\spring-aop\5.0.2.RELEASE\spring-aop-5.0.2.RELEASE.jar;E:\maven-repository\org\springframework\spring-context\5.0.2.RELEASE\spring-context-5.0.2.RELEASE.jar;E:\maven-repository\org\springframework\spring-context-support\5.0.2.RELEASE\spring-context-support-5.0.2.RELEASE.jar;E:\maven-repository\org\springframework\spring-web\5.0.2.RELEASE\spring-web-5.0.2.RELEASE.jar;E:\maven-repository\org\springframework\spring-orm\5.0.2.RELEASE\spring-orm-5.0.2.RELEASE.jar;E:\maven-repository\org\springframework\spring-jdbc\5.0.2.RELEASE\spring-jdbc-5.0.2.RELEASE.jar;E:\maven-repository\org\springframework\spring-beans\5.0.2.RELEASE\spring-beans-5.0.2.RELEASE.jar;E:\maven-repository\org\springframework\spring-core\5.0.2.RELEASE\spring-core-5.0.2.RELEASE.jar;E:\maven-repository\org\springframework\spring-jcl\5.0.2.RELEASE\spring-jcl-5.0.2.RELEASE.jar;E:\maven-repository\org\springframework\spring-test\5.0.2.RELEASE\spring-test-5.0.2.RELEASE.jar;E:\maven-repository\org\springframework\spring-webmvc\5.0.2.RELEASE\spring-webmvc-5.0.2.RELEASE.jar;E:\maven-repository\org\springframework\spring-tx\5.0.2.RELEASE\spring-tx-5.0.2.RELEASE.jar;E:\maven-repository\javax\servlet\javax.servlet-api\3.1.0\javax.servlet-api-3.1.0.jar;E:\maven-repository\javax\servlet\jsp\jsp-api\2.0\jsp-api-2.0.jar;E:\maven-repository\jstl\jstl\1.2\jstl-1.2.jar;E:\maven-repository\log4j\log4j\1.2.12\log4j-1.2.12.jar;E:\maven-repository\org\slf4j\slf4j-api\1.6.6\slf4j-api-1.6.6.jar;E:\maven-repository\org\slf4j\slf4j-log4j12\1.6.6\slf4j-log4j12-1.6.6.jar;E:\maven-repository\org\mybatis\mybatis\3.4.5\mybatis-3.4.5.jar;E:\maven-repository\org\mybatis\mybatis-spring\1.3.0\mybatis-spring-1.3.0.jar;E:\maven-repository\c3p0\c3p0\0.9.1.2\c3p0-0.9.1.2.jar;E:\maven-repository\mysql\mysql-connector-java\5.1.6\mysql-connector-java-5.1.6.jar;E:\maven-repository\javax\annotation\jsr250-api\1.0\jsr250-api-1.0.jar;E:\maven-repository\org\projectlombok\lombok\1.16.16\lombok-1.16.16.jar;, user.name=xm, java.vm.specification.version=1.8, sun.java.command=C:\Users\xm\AppData\Local\Temp\surefire7497552715305907156\surefirebooter6811015789613867580.jar C:\Users\xm\AppData\Local\Temp\surefire7497552715305907156 2020-04-25T21-46-33_033-jvmRun1 surefire7780568927660488430tmp surefire_03629623413987528247tmp, java.home=C:\Program Files\Java\jdk1.8.0_131\jre, sun.arch.data.model=64, user.language=zh, java.specification.vendor=Oracle Corporation, awt.toolkit=sun.awt.windows.WToolkit, java.vm.info=mixed mode, java.version=1.8.0_131, java.ext.dirs=C:\Program Files\Java\jdk1.8.0_131\jre\lib\ext;C:\Windows\Sun\Java\lib\ext, sun.boot.class.path=C:\Program Files\Java\jdk1.8.0_131\jre\lib\resources.jar;C:\Program Files\Java\jdk1.8.0_131\jre\lib\rt.jar;C:\Program Files\Java\jdk1.8.0_131\jre\lib\sunrsasign.jar;C:\Program Files\Java\jdk1.8.0_131\jre\lib\jsse.jar;C:\Program Files\Java\jdk1.8.0_131\jre\lib\jce.jar;C:\Program Files\Java\jdk1.8.0_131\jre\lib\charsets.jar;C:\Program Files\Java\jdk1.8.0_131\jre\lib\jfr.jar;C:\Program Files\Java\jdk1.8.0_131\jre\classes, java.vendor=Oracle Corporation, localRepository=E:\maven-repository, file.separator=\, java.vendor.url.bug=http://bugreport.sun.com/bugreport/, sun.io.unicode.encoding=UnicodeLittle, sun.cpu.endian=little, sun.desktop=windows, sun.cpu.isalist=amd64}}, SystemEnvironmentPropertySource@1632497828 {name='systemEnvironment', properties={PATH=D:\MyProgram\orcl\bin;D:\MyProgram\Anaconda3;D:\MyProgram\Anaconda3\Library\mingw-w64\bin;D:\MyProgram\Anaconda3\Library\usr\bin;D:\MyProgram\Anaconda3\Library\bin;D:\MyProgram\Anaconda3\Scripts;C:\ProgramData\Oracle\Java\javapath;C:\Windows\system32;C:\Windows;C:\Windows\System32\Wbem;C:\Windows\System32\WindowsPowerShell\v1.0\;C:\Windows\System32\OpenSSH\;C:\Program Files\Java\jdk1.8.0_131\bin;C:\Program Files\Java\jdk1.8.0_131\jre\bin;C:\Program Files (x86)\MySQL\MySQL Server 5.5\bin;D:\MyProgram\Git\cmd;D:\Maven\bin\;D:\MyProgram\redis-2.8.9;D:\Maven_V_354\apache-maven-3.5.4\bin\;D:\MyProgram\nodejs\;D:\MyProgram\nodejs\npm_modules\;D:\MyProgram\erl10.4\bin;D:\MyProgram\ffmpeg\bin\;D:\MyProgram\OpenSSL-Win64\bin\;D:\MyProgram\Ruby25-x64\bin;C:\Users\xm\AppData\Local\Microsoft\WindowsApps;;D:\MyProgram\JetBrains\IntelliJ IDEA 2019.3.3\bin;;D:\MyProgram\Microsoft VS Code\bin;D:\MyProgram\JetBrains\PyCharm 2019.3.3\bin;;D:\MyProgram\JetBrains\WebStorm 2019.3.3\bin;;C:\Users\xm\AppData\Roaming\npm, USERDOMAIN_ROAMINGPROFILE=DESKTOP-9ENUAHE, PROCESSOR_LEVEL=23, SYSTEMDRIVE=C:, SESSIONNAME=Console, ALLUSERSPROFILE=C:\ProgramData, PROCESSOR_ARCHITECTURE=AMD64, DRIVERDATA=C:\Windows\System32\Drivers\DriverData, MAVEN_HOME=D:\Maven, PROGRAMFILES=C:\Program Files, PSMODULEPATH=C:\Program Files\WindowsPowerShell\Modules;C:\Windows\system32\WindowsPowerShell\v1.0\Modules, PROGRAMDATA=C:\ProgramData, USERNAME=xm, FPS_BROWSER_USER_PROFILE_STRING=Default, ONEDRIVE=C:\Users\xm\OneDrive, PATHEXT=.COM;.EXE;.BAT;.CMD;.VBS;.VBE;.JS;.JSE;.WSF;.WSH;.MSC;.RB;.RBW, MAVEN_HOME2=D:\Maven_V_354\apache-maven-3.5.4, WINDIR=C:\Windows, HOMEPATH=\Users\xm, PROCESSOR_IDENTIFIER=AMD64 Family 23 Model 8 Stepping 2, AuthenticAMD, PUBLIC=C:\Users\Public, =::=::\, LOCALAPPDATA=C:\Users\xm\AppData\Local, COMMONPROGRAMFILES(X86)=C:\Program Files (x86)\Common Files, USERDOMAIN=DESKTOP-9ENUAHE, FPS_BROWSER_APP_PROFILE_STRING=Internet Explorer, LOGONSERVER=\\DESKTOP-9ENUAHE, JAVA_HOME=C:\Program Files\Java\jdk1.8.0_131, PROMPT=$P$G, PROGRAMFILES(X86)=C:\Program Files (x86), INTELLIJ IDEA=D:\MyProgram\JetBrains\IntelliJ IDEA 2019.3.3\bin;, ERLANG_HOME=D:\MyProgram\erl10.4, APPDATA=C:\Users\xm\AppData\Roaming, PROGRAMW6432=C:\Program Files, SYSTEMROOT=C:\Windows, PERL5LIB=D:\MyProgram\orcl\perl\5.8.3\lib\MSWin32-x86;D:\MyProgram\orcl\perl\5.8.3\lib;D:\MyProgram\orcl\perl\5.8.3\lib\MSWin32-x86;D:\MyProgram\orcl\perl\site\5.8.3;D:\MyProgram\orcl\perl\site\5.8.3\lib;D:\MyProgram\orcl\sysman\admin\scripts;, OS=Windows_NT, COMMONPROGRAMW6432=C:\Program Files\Common Files, COMPUTERNAME=DESKTOP-9ENUAHE, COMMONPROGRAMFILES=C:\Program Files\Common Files, COMSPEC=C:\Windows\system32\cmd.exe, CATALINA_HOME=D:\MyProgram\Tomcat\apache-tomcat-7.0.100, PROCESSOR_REVISION=0802, CLASSPATH=.;C:\Program Files\Java\jdk1.8.0_131\lib;C:\Program Files\Java\jdk1.8.0_131\lib\tools.jar, PYCHARM=D:\MyProgram\JetBrains\PyCharm 2019.3.3\bin;, RUBYOPT=-Eutf-8, =D:=D:\Code\IdeaProjects\manageSystem-ssm\ms-ssm-web, TEMP=C:\Users\xm\AppData\Local\Temp, HOMEDRIVE=C:, USERPROFILE=C:\Users\xm, TMP=C:\Users\xm\AppData\Local\Temp, WEBSTORM=D:\MyProgram\JetBrains\WebStorm 2019.3.3\bin;, NUMBER_OF_PROCESSORS=12, IDEA_INITIAL_DIRECTORY=C:\Users\xm\Desktop}}]
2020-04-25 21:46:35,460 1720   [           main] DEBUG atchingResourcePatternResolver  - Resolved classpath location [com/xumeng/dao/] to resources [URL [jar:file:/D:/Code/IdeaProjects/manageSystem-ssm/ms-ssm-dao/target/ms-ssm-dao-1.0-SNAPSHOT.jar!/com/xumeng/dao/]]
2020-04-25 21:46:35,460 1720   [           main] DEBUG atchingResourcePatternResolver  - Looking for matching resources in jar file [file:/D:/Code/IdeaProjects/manageSystem-ssm/ms-ssm-dao/target/ms-ssm-dao-1.0-SNAPSHOT.jar]
2020-04-25 21:46:35,461 1721   [           main] DEBUG atchingResourcePatternResolver  - Resolved location pattern [classpath*:com/xumeng/dao/**/*.class] to resources [URL [jar:file:/D:/Code/IdeaProjects/manageSystem-ssm/ms-ssm-dao/target/ms-ssm-dao-1.0-SNAPSHOT.jar!/com/xumeng/dao/IMemberDao.class], URL [jar:file:/D:/Code/IdeaProjects/manageSystem-ssm/ms-ssm-dao/target/ms-ssm-dao-1.0-SNAPSHOT.jar!/com/xumeng/dao/IOrderDao.class], URL [jar:file:/D:/Code/IdeaProjects/manageSystem-ssm/ms-ssm-dao/target/ms-ssm-dao-1.0-SNAPSHOT.jar!/com/xumeng/dao/IPermissionDao.class], URL [jar:file:/D:/Code/IdeaProjects/manageSystem-ssm/ms-ssm-dao/target/ms-ssm-dao-1.0-SNAPSHOT.jar!/com/xumeng/dao/IProductDao.class], URL [jar:file:/D:/Code/IdeaProjects/manageSystem-ssm/ms-ssm-dao/target/ms-ssm-dao-1.0-SNAPSHOT.jar!/com/xumeng/dao/IRoleDao.class], URL [jar:file:/D:/Code/IdeaProjects/manageSystem-ssm/ms-ssm-dao/target/ms-ssm-dao-1.0-SNAPSHOT.jar!/com/xumeng/dao/ITravellerDao.class], URL [jar:file:/D:/Code/IdeaProjects/manageSystem-ssm/ms-ssm-dao/target/ms-ssm-dao-1.0-SNAPSHOT.jar!/com/xumeng/dao/IUserDao.class]]
2020-04-25 21:46:35,461 1721   [           main] DEBUG .mapper.ClassPathMapperScanner  - Identified candidate component class: URL [jar:file:/D:/Code/IdeaProjects/manageSystem-ssm/ms-ssm-dao/target/ms-ssm-dao-1.0-SNAPSHOT.jar!/com/xumeng/dao/IMemberDao.class]
2020-04-25 21:46:35,461 1721   [           main] DEBUG .mapper.ClassPathMapperScanner  - Identified candidate component class: URL [jar:file:/D:/Code/IdeaProjects/manageSystem-ssm/ms-ssm-dao/target/ms-ssm-dao-1.0-SNAPSHOT.jar!/com/xumeng/dao/IOrderDao.class]
2020-04-25 21:46:35,461 1721   [           main] DEBUG .mapper.ClassPathMapperScanner  - Identified candidate component class: URL [jar:file:/D:/Code/IdeaProjects/manageSystem-ssm/ms-ssm-dao/target/ms-ssm-dao-1.0-SNAPSHOT.jar!/com/xumeng/dao/IPermissionDao.class]
2020-04-25 21:46:35,461 1721   [           main] DEBUG .mapper.ClassPathMapperScanner  - Identified candidate component class: URL [jar:file:/D:/Code/IdeaProjects/manageSystem-ssm/ms-ssm-dao/target/ms-ssm-dao-1.0-SNAPSHOT.jar!/com/xumeng/dao/IProductDao.class]
2020-04-25 21:46:35,461 1721   [           main] DEBUG .mapper.ClassPathMapperScanner  - Identified candidate component class: URL [jar:file:/D:/Code/IdeaProjects/manageSystem-ssm/ms-ssm-dao/target/ms-ssm-dao-1.0-SNAPSHOT.jar!/com/xumeng/dao/IRoleDao.class]
2020-04-25 21:46:35,461 1721   [           main] DEBUG .mapper.ClassPathMapperScanner  - Identified candidate component class: URL [jar:file:/D:/Code/IdeaProjects/manageSystem-ssm/ms-ssm-dao/target/ms-ssm-dao-1.0-SNAPSHOT.jar!/com/xumeng/dao/ITravellerDao.class]
2020-04-25 21:46:35,461 1721   [           main] DEBUG .mapper.ClassPathMapperScanner  - Identified candidate component class: URL [jar:file:/D:/Code/IdeaProjects/manageSystem-ssm/ms-ssm-dao/target/ms-ssm-dao-1.0-SNAPSHOT.jar!/com/xumeng/dao/IUserDao.class]
2020-04-25 21:46:35,461 1721   [           main] DEBUG .mapper.ClassPathMapperScanner  - Creating MapperFactoryBean with name 'IMemberDao' and 'com.xumeng.dao.IMemberDao' mapperInterface
2020-04-25 21:46:35,461 1721   [           main] DEBUG .mapper.ClassPathMapperScanner  - Enabling autowire by type for MapperFactoryBean with name 'IMemberDao'.
2020-04-25 21:46:35,461 1721   [           main] DEBUG .mapper.ClassPathMapperScanner  - Creating MapperFactoryBean with name 'IOrderDao' and 'com.xumeng.dao.IOrderDao' mapperInterface
2020-04-25 21:46:35,461 1721   [           main] DEBUG .mapper.ClassPathMapperScanner  - Enabling autowire by type for MapperFactoryBean with name 'IOrderDao'.
2020-04-25 21:46:35,461 1721   [           main] DEBUG .mapper.ClassPathMapperScanner  - Creating MapperFactoryBean with name 'IPermissionDao' and 'com.xumeng.dao.IPermissionDao' mapperInterface
2020-04-25 21:46:35,461 1721   [           main] DEBUG .mapper.ClassPathMapperScanner  - Enabling autowire by type for MapperFactoryBean with name 'IPermissionDao'.
2020-04-25 21:46:35,461 1721   [           main] DEBUG .mapper.ClassPathMapperScanner  - Creating MapperFactoryBean with name 'IProductDao' and 'com.xumeng.dao.IProductDao' mapperInterface
2020-04-25 21:46:35,461 1721   [           main] DEBUG .mapper.ClassPathMapperScanner  - Enabling autowire by type for MapperFactoryBean with name 'IProductDao'.
2020-04-25 21:46:35,461 1721   [           main] DEBUG .mapper.ClassPathMapperScanner  - Creating MapperFactoryBean with name 'IRoleDao' and 'com.xumeng.dao.IRoleDao' mapperInterface
2020-04-25 21:46:35,461 1721   [           main] DEBUG .mapper.ClassPathMapperScanner  - Enabling autowire by type for MapperFactoryBean with name 'IRoleDao'.
2020-04-25 21:46:35,461 1721   [           main] DEBUG .mapper.ClassPathMapperScanner  - Creating MapperFactoryBean with name 'ITravellerDao' and 'com.xumeng.dao.ITravellerDao' mapperInterface
2020-04-25 21:46:35,461 1721   [           main] DEBUG .mapper.ClassPathMapperScanner  - Enabling autowire by type for MapperFactoryBean with name 'ITravellerDao'.
2020-04-25 21:46:35,461 1721   [           main] DEBUG .mapper.ClassPathMapperScanner  - Creating MapperFactoryBean with name 'IUserDao' and 'com.xumeng.dao.IUserDao' mapperInterface
2020-04-25 21:46:35,461 1721   [           main] DEBUG .mapper.ClassPathMapperScanner  - Enabling autowire by type for MapperFactoryBean with name 'IUserDao'.
2020-04-25 21:46:35,462 1722   [           main] DEBUG ort.DefaultListableBeanFactory  - Creating shared instance of singleton bean 'org.springframework.context.support.PropertySourcesPlaceholderConfigurer#0'
2020-04-25 21:46:35,462 1722   [           main] DEBUG ort.DefaultListableBeanFactory  - Creating instance of bean 'org.springframework.context.support.PropertySourcesPlaceholderConfigurer#0'
2020-04-25 21:46:35,462 1722   [           main] DEBUG ort.DefaultListableBeanFactory  - Eagerly caching bean 'org.springframework.context.support.PropertySourcesPlaceholderConfigurer#0' to allow for resolving potential circular references
2020-04-25 21:46:35,464 1724   [           main] DEBUG ort.DefaultListableBeanFactory  - Finished creating instance of bean 'org.springframework.context.support.PropertySourcesPlaceholderConfigurer#0'
2020-04-25 21:46:35,464 1724   [           main] DEBUG ore.env.MutablePropertySources  - Adding PropertySource 'environmentProperties' with lowest search precedence
2020-04-25 21:46:35,464 1724   [           main] DEBUG tySourcesPlaceholderConfigurer  - Loading properties file from class path resource [db.properties]
2020-04-25 21:46:35,465 1725   [           main] DEBUG ore.env.MutablePropertySources  - Adding PropertySource 'localProperties' with lowest search precedence
2020-04-25 21:46:35,465 1725   [           main] DEBUG ropertySourcesPropertyResolver  - Could not find key 'jdbc.driver' in any property source
2020-04-25 21:46:35,465 1725   [           main] DEBUG ropertySourcesPropertyResolver  - Found key 'jdbc.driver' in PropertySource 'localProperties' with value of type String
2020-04-25 21:46:35,465 1725   [           main] DEBUG ropertySourcesPropertyResolver  - Could not find key 'jdbc.url' in any property source
2020-04-25 21:46:35,465 1725   [           main] DEBUG ropertySourcesPropertyResolver  - Found key 'jdbc.url' in PropertySource 'localProperties' with value of type String
2020-04-25 21:46:35,465 1725   [           main] DEBUG ropertySourcesPropertyResolver  - Could not find key 'jdbc.username' in any property source
2020-04-25 21:46:35,465 1725   [           main] DEBUG ropertySourcesPropertyResolver  - Found key 'jdbc.username' in PropertySource 'localProperties' with value of type String
2020-04-25 21:46:35,465 1725   [           main] DEBUG ropertySourcesPropertyResolver  - Could not find key 'jdbc.password' in any property source
2020-04-25 21:46:35,465 1725   [           main] DEBUG ropertySourcesPropertyResolver  - Found key 'jdbc.password' in PropertySource 'localProperties' with value of type String
2020-04-25 21:46:35,466 1726   [           main] DEBUG ort.DefaultListableBeanFactory  - Creating shared instance of singleton bean 'org.springframework.context.annotation.internalAutowiredAnnotationProcessor'
2020-04-25 21:46:35,466 1726   [           main] DEBUG ort.DefaultListableBeanFactory  - Creating instance of bean 'org.springframework.context.annotation.internalAutowiredAnnotationProcessor'
2020-04-25 21:46:35,466 1726   [           main] DEBUG ort.DefaultListableBeanFactory  - Eagerly caching bean 'org.springframework.context.annotation.internalAutowiredAnnotationProcessor' to allow for resolving potential circular references
2020-04-25 21:46:35,467 1727   [           main] DEBUG ort.DefaultListableBeanFactory  - Finished creating instance of bean 'org.springframework.context.annotation.internalAutowiredAnnotationProcessor'
2020-04-25 21:46:35,468 1728   [           main] DEBUG ort.DefaultListableBeanFactory  - Creating shared instance of singleton bean 'org.springframework.context.annotation.internalRequiredAnnotationProcessor'
2020-04-25 21:46:35,468 1728   [           main] DEBUG ort.DefaultListableBeanFactory  - Creating instance of bean 'org.springframework.context.annotation.internalRequiredAnnotationProcessor'
2020-04-25 21:46:35,468 1728   [           main] DEBUG ort.DefaultListableBeanFactory  - Eagerly caching bean 'org.springframework.context.annotation.internalRequiredAnnotationProcessor' to allow for resolving potential circular references
2020-04-25 21:46:35,469 1729   [           main] DEBUG ort.DefaultListableBeanFactory  - Finished creating instance of bean 'org.springframework.context.annotation.internalRequiredAnnotationProcessor'
2020-04-25 21:46:35,469 1729   [           main] DEBUG ort.DefaultListableBeanFactory  - Creating shared instance of singleton bean 'org.springframework.context.annotation.internalCommonAnnotationProcessor'
2020-04-25 21:46:35,469 1729   [           main] DEBUG ort.DefaultListableBeanFactory  - Creating instance of bean 'org.springframework.context.annotation.internalCommonAnnotationProcessor'
2020-04-25 21:46:35,469 1729   [           main] DEBUG ort.DefaultListableBeanFactory  - Eagerly caching bean 'org.springframework.context.annotation.internalCommonAnnotationProcessor' to allow for resolving potential circular references
2020-04-25 21:46:35,472 1732   [           main] DEBUG ort.DefaultListableBeanFactory  - Finished creating instance of bean 'org.springframework.context.annotation.internalCommonAnnotationProcessor'
2020-04-25 21:46:35,472 1732   [           main] DEBUG ort.DefaultListableBeanFactory  - Creating shared instance of singleton bean 'org.springframework.aop.config.internalAutoProxyCreator'
2020-04-25 21:46:35,472 1732   [           main] DEBUG ort.DefaultListableBeanFactory  - Creating instance of bean 'org.springframework.aop.config.internalAutoProxyCreator'
2020-04-25 21:46:35,473 1733   [           main] DEBUG ort.DefaultListableBeanFactory  - Eagerly caching bean 'org.springframework.aop.config.internalAutoProxyCreator' to allow for resolving potential circular references
2020-04-25 21:46:35,476 1736   [           main] DEBUG ort.DefaultListableBeanFactory  - Finished creating instance of bean 'org.springframework.aop.config.internalAutoProxyCreator'
2020-04-25 21:46:35,476 1736   [           main] DEBUG port.GenericApplicationContext  - Unable to locate MessageSource with name 'messageSource': using default [org.springframework.context.support.DelegatingMessageSource@73a2e526]
2020-04-25 21:46:35,476 1736   [           main] DEBUG port.GenericApplicationContext  - Unable to locate ApplicationEventMulticaster with name 'applicationEventMulticaster': using default [org.springframework.context.event.SimpleApplicationEventMulticaster@7d64e326]
2020-04-25 21:46:35,476 1736   [           main] DEBUG ort.DefaultListableBeanFactory  - Pre-instantiating singletons in org.springframework.beans.factory.support.DefaultListableBeanFactory@1e636ea3: defining beans [memberServiceImpl,orderServiceImpl,permissionServiceImpl,productServiceImpl,travellerServiceImpl,userService,org.springframework.context.annotation.internalConfigurationAnnotationProcessor,org.springframework.context.annotation.internalAutowiredAnnotationProcessor,org.springframework.context.annotation.internalRequiredAnnotationProcessor,org.springframework.context.annotation.internalCommonAnnotationProcessor,org.springframework.context.event.internalEventListenerProcessor,org.springframework.context.event.internalEventListenerFactory,org.springframework.context.support.PropertySourcesPlaceholderConfigurer#0,dataSource,sqlSessionFactory,mapperScanner,transactionManager,org.springframework.transaction.config.internalTransactionalEventListenerFactory,org.springframework.aop.config.internalAutoProxyCreator,org.springframework.transaction.annotation.AnnotationTransactionAttributeSource#0,org.springframework.transaction.interceptor.TransactionInterceptor#0,org.springframework.transaction.config.internalTransactionAdvisor,IMemberDao,IOrderDao,IPermissionDao,IProductDao,IRoleDao,ITravellerDao,IUserDao]; root of factory hierarchy
2020-04-25 21:46:35,477 1737   [           main] DEBUG ort.DefaultListableBeanFactory  - Creating shared instance of singleton bean 'memberServiceImpl'
2020-04-25 21:46:35,477 1737   [           main] DEBUG ort.DefaultListableBeanFactory  - Creating instance of bean 'memberServiceImpl'
2020-04-25 21:46:35,477 1737   [           main] DEBUG y.annotation.InjectionMetadata  - Registered injected element on class [com.xumeng.service.impl.MemberServiceImpl]: AutowiredFieldElement for private com.xumeng.dao.IMemberDao com.xumeng.service.impl.MemberServiceImpl.memberDao
2020-04-25 21:46:35,477 1737   [           main] DEBUG ort.DefaultListableBeanFactory  - Eagerly caching bean 'memberServiceImpl' to allow for resolving potential circular references
2020-04-25 21:46:35,478 1738   [           main] DEBUG y.annotation.InjectionMetadata  - Processing injected element of bean 'memberServiceImpl': AutowiredFieldElement for private com.xumeng.dao.IMemberDao com.xumeng.service.impl.MemberServiceImpl.memberDao
2020-04-25 21:46:35,478 1738   [           main] DEBUG ore.annotation.AnnotationUtils  - Failed to meta-introspect annotation [interface org.springframework.beans.factory.annotation.Autowired]: java.lang.IllegalArgumentException: Annotation must not be null
2020-04-25 21:46:35,481 1741   [           main] DEBUG ort.DefaultListableBeanFactory  - Creating shared instance of singleton bean 'IMemberDao'
2020-04-25 21:46:35,481 1741   [           main] DEBUG ort.DefaultListableBeanFactory  - Creating instance of bean 'IMemberDao'
2020-04-25 21:46:35,481 1741   [           main] DEBUG ort.DefaultListableBeanFactory  - Eagerly caching bean 'IMemberDao' to allow for resolving potential circular references
2020-04-25 21:46:35,483 1743   [           main] DEBUG ort.DefaultListableBeanFactory  - Creating shared instance of singleton bean 'sqlSessionFactory'
2020-04-25 21:46:35,483 1743   [           main] DEBUG ort.DefaultListableBeanFactory  - Creating instance of bean 'sqlSessionFactory'
2020-04-25 21:46:35,483 1743   [           main] DEBUG ort.DefaultListableBeanFactory  - Eagerly caching bean 'sqlSessionFactory' to allow for resolving potential circular references
2020-04-25 21:46:35,485 1745   [           main] DEBUG ort.DefaultListableBeanFactory  - Creating shared instance of singleton bean 'dataSource'
2020-04-25 21:46:35,486 1746   [           main] DEBUG ort.DefaultListableBeanFactory  - Creating instance of bean 'dataSource'
2020-04-25 21:46:35,496 1756   [           main] DEBUG icPooledDataSourceManagerMBean  - MBean: com.mchange.v2.c3p0:type=PooledDataSource[1hgetj5a91d9w7n61eddn0d|37091312] registered.
2020-04-25 21:46:35,497 1757   [           main] DEBUG ort.DefaultListableBeanFactory  - Eagerly caching bean 'dataSource' to allow for resolving potential circular references
2020-04-25 21:46:35,501 1761   [           main] DEBUG ort.DefaultListableBeanFactory  - Creating shared instance of singleton bean 'org.springframework.transaction.config.internalTransactionAdvisor'
2020-04-25 21:46:35,501 1761   [           main] DEBUG ort.DefaultListableBeanFactory  - Creating instance of bean 'org.springframework.transaction.config.internalTransactionAdvisor'
2020-04-25 21:46:35,502 1762   [           main] DEBUG ort.DefaultListableBeanFactory  - Eagerly caching bean 'org.springframework.transaction.config.internalTransactionAdvisor' to allow for resolving potential circular references
2020-04-25 21:46:35,504 1764   [           main] DEBUG ort.DefaultListableBeanFactory  - Creating shared instance of singleton bean 'org.springframework.transaction.annotation.AnnotationTransactionAttributeSource#0'
2020-04-25 21:46:35,504 1764   [           main] DEBUG ort.DefaultListableBeanFactory  - Creating instance of bean 'org.springframework.transaction.annotation.AnnotationTransactionAttributeSource#0'
2020-04-25 21:46:35,504 1764   [           main] DEBUG ort.DefaultListableBeanFactory  - Eagerly caching bean 'org.springframework.transaction.annotation.AnnotationTransactionAttributeSource#0' to allow for resolving potential circular references
2020-04-25 21:46:35,505 1765   [           main] DEBUG nFactoryAdvisorRetrievalHelper  - Skipping currently created advisor 'org.springframework.transaction.config.internalTransactionAdvisor'
2020-04-25 21:46:35,505 1765   [           main] DEBUG ort.DefaultListableBeanFactory  - Finished creating instance of bean 'org.springframework.transaction.annotation.AnnotationTransactionAttributeSource#0'
2020-04-25 21:46:35,505 1765   [           main] DEBUG ort.DefaultListableBeanFactory  - Finished creating instance of bean 'org.springframework.transaction.config.internalTransactionAdvisor'
2020-04-25 21:46:35,519 1779   [           main] DEBUG ort.DefaultListableBeanFactory  - Finished creating instance of bean 'dataSource'
2020-04-25 21:46:35,519 1779   [           main] DEBUG ort.DefaultListableBeanFactory  - Creating instance of bean 'com.github.pagehelper.PageInterceptor#3da05287'
2020-04-25 21:46:35,522 1782   [           main] DEBUG ort.DefaultListableBeanFactory  - Returning cached instance of singleton bean 'org.springframework.transaction.config.internalTransactionAdvisor'
2020-04-25 21:46:35,522 1782   [           main] DEBUG ort.DefaultListableBeanFactory  - Finished creating instance of bean 'com.github.pagehelper.PageInterceptor#3da05287'
2020-04-25 21:46:35,522 1782   [           main] DEBUG ort.DefaultListableBeanFactory  - Invoking afterPropertiesSet() on bean with name 'sqlSessionFactory'
2020-04-25 21:46:35,526 1786   [           main] DEBUG s.spring.SqlSessionFactoryBean  - Registered plugin: 'com.github.pagehelper.PageInterceptor@584f54e6'
2020-04-25 21:46:35,576 1836   [           main] DEBUG s.spring.SqlSessionFactoryBean  - Parsed configuration file: 'class path resource [SqlMapConfig.xml]'
2020-04-25 21:46:35,576 1836   [           main] DEBUG s.spring.SqlSessionFactoryBean  - Property 'mapperLocations' was not specified or no matching resources found
2020-04-25 21:46:35,576 1836   [           main] DEBUG ort.DefaultListableBeanFactory  - Returning cached instance of singleton bean 'org.springframework.transaction.config.internalTransactionAdvisor'
2020-04-25 21:46:35,578 1838   [           main] DEBUG ort.DefaultListableBeanFactory  - Finished creating instance of bean 'sqlSessionFactory'
2020-04-25 21:46:35,578 1838   [           main] DEBUG ort.DefaultListableBeanFactory  - Returning cached instance of singleton bean 'org.springframework.transaction.config.internalTransactionAdvisor'
2020-04-25 21:46:35,578 1838   [           main] DEBUG ort.DefaultListableBeanFactory  - Autowiring by type from bean name 'IMemberDao' via property 'sqlSessionFactory' to bean named 'sqlSessionFactory'
2020-04-25 21:46:35,579 1839   [           main] DEBUG ort.DefaultListableBeanFactory  - Invoking afterPropertiesSet() on bean with name 'IMemberDao'
2020-04-25 21:46:35,579 1839   [           main] DEBUG ort.DefaultListableBeanFactory  - Returning cached instance of singleton bean 'org.springframework.transaction.config.internalTransactionAdvisor'
2020-04-25 21:46:35,579 1839   [           main] DEBUG ort.DefaultListableBeanFactory  - Finished creating instance of bean 'IMemberDao'
2020-04-25 21:46:35,579 1839   [           main] DEBUG ort.DefaultListableBeanFactory  - Returning cached instance of singleton bean 'org.springframework.transaction.config.internalTransactionAdvisor'
2020-04-25 21:46:35,579 1839   [           main] DEBUG redAnnotationBeanPostProcessor  - Autowiring by type from bean name 'memberServiceImpl' to bean named 'IMemberDao'
2020-04-25 21:46:35,579 1839   [           main] DEBUG ort.DefaultListableBeanFactory  - Returning cached instance of singleton bean 'org.springframework.transaction.config.internalTransactionAdvisor'
2020-04-25 21:46:35,580 1840   [           main] DEBUG ort.DefaultListableBeanFactory  - Finished creating instance of bean 'memberServiceImpl'
2020-04-25 21:46:35,580 1840   [           main] DEBUG ort.DefaultListableBeanFactory  - Creating shared instance of singleton bean 'orderServiceImpl'
2020-04-25 21:46:35,580 1840   [           main] DEBUG ort.DefaultListableBeanFactory  - Creating instance of bean 'orderServiceImpl'
2020-04-25 21:46:35,580 1840   [           main] DEBUG y.annotation.InjectionMetadata  - Registered injected element on class [com.xumeng.service.impl.OrderServiceImpl]: AutowiredFieldElement for private com.xumeng.dao.IOrderDao com.xumeng.service.impl.OrderServiceImpl.orderDao
2020-04-25 21:46:35,580 1840   [           main] DEBUG ort.DefaultListableBeanFactory  - Eagerly caching bean 'orderServiceImpl' to allow for resolving potential circular references
2020-04-25 21:46:35,581 1841   [           main] DEBUG y.annotation.InjectionMetadata  - Processing injected element of bean 'orderServiceImpl': AutowiredFieldElement for private com.xumeng.dao.IOrderDao com.xumeng.service.impl.OrderServiceImpl.orderDao
2020-04-25 21:46:35,581 1841   [           main] DEBUG ore.annotation.AnnotationUtils  - Failed to meta-introspect annotation [interface org.springframework.beans.factory.annotation.Autowired]: java.lang.IllegalArgumentException: Annotation must not be null
2020-04-25 21:46:35,582 1842   [           main] DEBUG ort.DefaultListableBeanFactory  - Creating shared instance of singleton bean 'IOrderDao'
2020-04-25 21:46:35,582 1842   [           main] DEBUG ort.DefaultListableBeanFactory  - Creating instance of bean 'IOrderDao'
2020-04-25 21:46:35,582 1842   [           main] DEBUG ort.DefaultListableBeanFactory  - Eagerly caching bean 'IOrderDao' to allow for resolving potential circular references
2020-04-25 21:46:35,582 1842   [           main] DEBUG ort.DefaultListableBeanFactory  - Returning cached instance of singleton bean 'sqlSessionFactory'
2020-04-25 21:46:35,582 1842   [           main] DEBUG ort.DefaultListableBeanFactory  - Autowiring by type from bean name 'IOrderDao' via property 'sqlSessionFactory' to bean named 'sqlSessionFactory'
2020-04-25 21:46:35,583 1843   [           main] DEBUG ort.DefaultListableBeanFactory  - Invoking afterPropertiesSet() on bean with name 'IOrderDao'
2020-04-25 21:46:35,583 1843   [           main] DEBUG ort.DefaultListableBeanFactory  - Returning cached instance of singleton bean 'org.springframework.transaction.config.internalTransactionAdvisor'
2020-04-25 21:46:35,583 1843   [           main] DEBUG ort.DefaultListableBeanFactory  - Finished creating instance of bean 'IOrderDao'
2020-04-25 21:46:35,583 1843   [           main] DEBUG ort.DefaultListableBeanFactory  - Returning cached instance of singleton bean 'org.springframework.transaction.config.internalTransactionAdvisor'
2020-04-25 21:46:35,583 1843   [           main] DEBUG redAnnotationBeanPostProcessor  - Autowiring by type from bean name 'orderServiceImpl' to bean named 'IOrderDao'
2020-04-25 21:46:35,583 1843   [           main] DEBUG ort.DefaultListableBeanFactory  - Returning cached instance of singleton bean 'org.springframework.transaction.config.internalTransactionAdvisor'
2020-04-25 21:46:35,583 1843   [           main] DEBUG ort.DefaultListableBeanFactory  - Finished creating instance of bean 'orderServiceImpl'
2020-04-25 21:46:35,583 1843   [           main] DEBUG ort.DefaultListableBeanFactory  - Creating shared instance of singleton bean 'permissionServiceImpl'
2020-04-25 21:46:35,583 1843   [           main] DEBUG ort.DefaultListableBeanFactory  - Creating instance of bean 'permissionServiceImpl'
2020-04-25 21:46:35,584 1844   [           main] DEBUG ort.DefaultListableBeanFactory  - Eagerly caching bean 'permissionServiceImpl' to allow for resolving potential circular references
2020-04-25 21:46:35,584 1844   [           main] DEBUG ort.DefaultListableBeanFactory  - Returning cached instance of singleton bean 'org.springframework.transaction.config.internalTransactionAdvisor'
2020-04-25 21:46:35,584 1844   [           main] DEBUG ort.DefaultListableBeanFactory  - Finished creating instance of bean 'permissionServiceImpl'
2020-04-25 21:46:35,585 1845   [           main] DEBUG ort.DefaultListableBeanFactory  - Creating shared instance of singleton bean 'productServiceImpl'
2020-04-25 21:46:35,585 1845   [           main] DEBUG ort.DefaultListableBeanFactory  - Creating instance of bean 'productServiceImpl'
2020-04-25 21:46:35,585 1845   [           main] DEBUG y.annotation.InjectionMetadata  - Registered injected element on class [com.xumeng.service.impl.ProductServiceImpl]: AutowiredFieldElement for private com.xumeng.dao.IProductDao com.xumeng.service.impl.ProductServiceImpl.productDao
2020-04-25 21:46:35,585 1845   [           main] DEBUG ort.DefaultListableBeanFactory  - Eagerly caching bean 'productServiceImpl' to allow for resolving potential circular references
2020-04-25 21:46:35,586 1846   [           main] DEBUG y.annotation.InjectionMetadata  - Processing injected element of bean 'productServiceImpl': AutowiredFieldElement for private com.xumeng.dao.IProductDao com.xumeng.service.impl.ProductServiceImpl.productDao
2020-04-25 21:46:35,586 1846   [           main] DEBUG ore.annotation.AnnotationUtils  - Failed to meta-introspect annotation [interface org.springframework.beans.factory.annotation.Autowired]: java.lang.IllegalArgumentException: Annotation must not be null
2020-04-25 21:46:35,587 1847   [           main] DEBUG ort.DefaultListableBeanFactory  - Creating shared instance of singleton bean 'IProductDao'
2020-04-25 21:46:35,587 1847   [           main] DEBUG ort.DefaultListableBeanFactory  - Creating instance of bean 'IProductDao'
2020-04-25 21:46:35,587 1847   [           main] DEBUG ort.DefaultListableBeanFactory  - Eagerly caching bean 'IProductDao' to allow for resolving potential circular references
2020-04-25 21:46:35,587 1847   [           main] DEBUG ort.DefaultListableBeanFactory  - Returning cached instance of singleton bean 'sqlSessionFactory'
2020-04-25 21:46:35,587 1847   [           main] DEBUG ort.DefaultListableBeanFactory  - Autowiring by type from bean name 'IProductDao' via property 'sqlSessionFactory' to bean named 'sqlSessionFactory'
2020-04-25 21:46:35,588 1848   [           main] DEBUG ort.DefaultListableBeanFactory  - Invoking afterPropertiesSet() on bean with name 'IProductDao'
2020-04-25 21:46:35,588 1848   [           main] DEBUG ort.DefaultListableBeanFactory  - Returning cached instance of singleton bean 'org.springframework.transaction.config.internalTransactionAdvisor'
2020-04-25 21:46:35,588 1848   [           main] DEBUG ort.DefaultListableBeanFactory  - Finished creating instance of bean 'IProductDao'
2020-04-25 21:46:35,588 1848   [           main] DEBUG ort.DefaultListableBeanFactory  - Returning cached instance of singleton bean 'org.springframework.transaction.config.internalTransactionAdvisor'
2020-04-25 21:46:35,588 1848   [           main] DEBUG redAnnotationBeanPostProcessor  - Autowiring by type from bean name 'productServiceImpl' to bean named 'IProductDao'
2020-04-25 21:46:35,588 1848   [           main] DEBUG ort.DefaultListableBeanFactory  - Returning cached instance of singleton bean 'org.springframework.transaction.config.internalTransactionAdvisor'
2020-04-25 21:46:35,589 1849   [           main] DEBUG tionTransactionAttributeSource  - Adding transactional method 'com.xumeng.service.impl.ProductServiceImpl.delete' with attribute: PROPAGATION_REQUIRED,ISOLATION_DEFAULT; ''
2020-04-25 21:46:35,589 1849   [           main] DEBUG ructureAdvisorAutoProxyCreator  - Creating implicit proxy for bean 'productServiceImpl' with 0 common interceptors and 1 specific interceptors
2020-04-25 21:46:35,589 1849   [           main] DEBUG p.framework.JdkDynamicAopProxy  - Creating JDK dynamic proxy: target source is SingletonTargetSource for target object [com.xumeng.service.impl.ProductServiceImpl@34cdeda2]
2020-04-25 21:46:35,589 1849   [           main] DEBUG ort.DefaultListableBeanFactory  - Finished creating instance of bean 'productServiceImpl'
2020-04-25 21:46:35,589 1849   [           main] DEBUG ort.DefaultListableBeanFactory  - Creating shared instance of singleton bean 'travellerServiceImpl'
2020-04-25 21:46:35,589 1849   [           main] DEBUG ort.DefaultListableBeanFactory  - Creating instance of bean 'travellerServiceImpl'
2020-04-25 21:46:35,589 1849   [           main] DEBUG y.annotation.InjectionMetadata  - Registered injected element on class [com.xumeng.service.impl.TravellerServiceImpl]: AutowiredFieldElement for private com.xumeng.dao.ITravellerDao com.xumeng.service.impl.TravellerServiceImpl.travellerDao
2020-04-25 21:46:35,589 1849   [           main] DEBUG y.annotation.InjectionMetadata  - Registered injected element on class [com.xumeng.service.impl.TravellerServiceImpl]: AutowiredFieldElement for private com.xumeng.dao.IOrderDao com.xumeng.service.impl.TravellerServiceImpl.orderDao
2020-04-25 21:46:35,589 1849   [           main] DEBUG ort.DefaultListableBeanFactory  - Eagerly caching bean 'travellerServiceImpl' to allow for resolving potential circular references
2020-04-25 21:46:35,591 1851   [           main] DEBUG y.annotation.InjectionMetadata  - Processing injected element of bean 'travellerServiceImpl': AutowiredFieldElement for private com.xumeng.dao.ITravellerDao com.xumeng.service.impl.TravellerServiceImpl.travellerDao
2020-04-25 21:46:35,591 1851   [           main] DEBUG ore.annotation.AnnotationUtils  - Failed to meta-introspect annotation [interface org.springframework.beans.factory.annotation.Autowired]: java.lang.IllegalArgumentException: Annotation must not be null
2020-04-25 21:46:35,591 1851   [           main] DEBUG ort.DefaultListableBeanFactory  - Creating shared instance of singleton bean 'ITravellerDao'
2020-04-25 21:46:35,591 1851   [           main] DEBUG ort.DefaultListableBeanFactory  - Creating instance of bean 'ITravellerDao'
2020-04-25 21:46:35,592 1852   [           main] DEBUG ort.DefaultListableBeanFactory  - Eagerly caching bean 'ITravellerDao' to allow for resolving potential circular references
2020-04-25 21:46:35,592 1852   [           main] DEBUG ort.DefaultListableBeanFactory  - Returning cached instance of singleton bean 'sqlSessionFactory'
2020-04-25 21:46:35,592 1852   [           main] DEBUG ort.DefaultListableBeanFactory  - Autowiring by type from bean name 'ITravellerDao' via property 'sqlSessionFactory' to bean named 'sqlSessionFactory'
2020-04-25 21:46:35,592 1852   [           main] DEBUG ort.DefaultListableBeanFactory  - Invoking afterPropertiesSet() on bean with name 'ITravellerDao'
2020-04-25 21:46:35,592 1852   [           main] DEBUG ort.DefaultListableBeanFactory  - Returning cached instance of singleton bean 'org.springframework.transaction.config.internalTransactionAdvisor'
2020-04-25 21:46:35,592 1852   [           main] DEBUG ort.DefaultListableBeanFactory  - Finished creating instance of bean 'ITravellerDao'
2020-04-25 21:46:35,592 1852   [           main] DEBUG ort.DefaultListableBeanFactory  - Returning cached instance of singleton bean 'org.springframework.transaction.config.internalTransactionAdvisor'
2020-04-25 21:46:35,592 1852   [           main] DEBUG redAnnotationBeanPostProcessor  - Autowiring by type from bean name 'travellerServiceImpl' to bean named 'ITravellerDao'
2020-04-25 21:46:35,592 1852   [           main] DEBUG y.annotation.InjectionMetadata  - Processing injected element of bean 'travellerServiceImpl': AutowiredFieldElement for private com.xumeng.dao.IOrderDao com.xumeng.service.impl.TravellerServiceImpl.orderDao
2020-04-25 21:46:35,593 1853   [           main] DEBUG ore.annotation.AnnotationUtils  - Failed to meta-introspect annotation [interface org.springframework.beans.factory.annotation.Autowired]: java.lang.IllegalArgumentException: Annotation must not be null
2020-04-25 21:46:35,593 1853   [           main] DEBUG ort.DefaultListableBeanFactory  - Returning cached instance of singleton bean 'IOrderDao'
2020-04-25 21:46:35,593 1853   [           main] DEBUG redAnnotationBeanPostProcessor  - Autowiring by type from bean name 'travellerServiceImpl' to bean named 'IOrderDao'
2020-04-25 21:46:35,593 1853   [           main] DEBUG ort.DefaultListableBeanFactory  - Returning cached instance of singleton bean 'org.springframework.transaction.config.internalTransactionAdvisor'
2020-04-25 21:46:35,593 1853   [           main] DEBUG tionTransactionAttributeSource  - Adding transactional method 'com.xumeng.service.impl.TravellerServiceImpl.findAll' with attribute: PROPAGATION_REQUIRED,ISOLATION_DEFAULT; ''
2020-04-25 21:46:35,593 1853   [           main] DEBUG ructureAdvisorAutoProxyCreator  - Creating implicit proxy for bean 'travellerServiceImpl' with 0 common interceptors and 1 specific interceptors
2020-04-25 21:46:35,593 1853   [           main] DEBUG p.framework.JdkDynamicAopProxy  - Creating JDK dynamic proxy: target source is SingletonTargetSource for target object [com.xumeng.service.impl.TravellerServiceImpl@4b41e4dd]
2020-04-25 21:46:35,593 1853   [           main] DEBUG ort.DefaultListableBeanFactory  - Finished creating instance of bean 'travellerServiceImpl'
2020-04-25 21:46:35,593 1853   [           main] DEBUG ort.DefaultListableBeanFactory  - Creating shared instance of singleton bean 'userService'
2020-04-25 21:46:35,593 1853   [           main] DEBUG ort.DefaultListableBeanFactory  - Creating instance of bean 'userService'
2020-04-25 21:46:35,594 1854   [           main] DEBUG y.annotation.InjectionMetadata  - Registered injected element on class [com.xumeng.service.impl.UserServiceImpl]: AutowiredFieldElement for private com.xumeng.dao.IUserDao com.xumeng.service.impl.UserServiceImpl.userDao
2020-04-25 21:46:35,594 1854   [           main] DEBUG y.annotation.InjectionMetadata  - Registered injected element on class [com.xumeng.service.impl.UserServiceImpl]: AutowiredFieldElement for private org.springframework.security.crypto.password.PasswordEncoder com.xumeng.service.impl.UserServiceImpl.passwordEncoder
2020-04-25 21:46:35,594 1854   [           main] DEBUG ort.DefaultListableBeanFactory  - Eagerly caching bean 'userService' to allow for resolving potential circular references
2020-04-25 21:46:35,594 1854   [           main] DEBUG y.annotation.InjectionMetadata  - Processing injected element of bean 'userService': AutowiredFieldElement for private com.xumeng.dao.IUserDao com.xumeng.service.impl.UserServiceImpl.userDao
2020-04-25 21:46:35,594 1854   [           main] DEBUG ore.annotation.AnnotationUtils  - Failed to meta-introspect annotation [interface org.springframework.beans.factory.annotation.Autowired]: java.lang.IllegalArgumentException: Annotation must not be null
2020-04-25 21:46:35,595 1855   [           main] DEBUG ort.DefaultListableBeanFactory  - Creating shared instance of singleton bean 'IUserDao'
2020-04-25 21:46:35,595 1855   [           main] DEBUG ort.DefaultListableBeanFactory  - Creating instance of bean 'IUserDao'
2020-04-25 21:46:35,595 1855   [           main] DEBUG ort.DefaultListableBeanFactory  - Eagerly caching bean 'IUserDao' to allow for resolving potential circular references
2020-04-25 21:46:35,595 1855   [           main] DEBUG ort.DefaultListableBeanFactory  - Returning cached instance of singleton bean 'sqlSessionFactory'
2020-04-25 21:46:35,595 1855   [           main] DEBUG ort.DefaultListableBeanFactory  - Autowiring by type from bean name 'IUserDao' via property 'sqlSessionFactory' to bean named 'sqlSessionFactory'
2020-04-25 21:46:35,595 1855   [           main] DEBUG ort.DefaultListableBeanFactory  - Invoking afterPropertiesSet() on bean with name 'IUserDao'
2020-04-25 21:46:35,595 1855   [           main] DEBUG ort.DefaultListableBeanFactory  - Returning cached instance of singleton bean 'org.springframework.transaction.config.internalTransactionAdvisor'
2020-04-25 21:46:35,595 1855   [           main] DEBUG ort.DefaultListableBeanFactory  - Finished creating instance of bean 'IUserDao'
2020-04-25 21:46:35,595 1855   [           main] DEBUG ort.DefaultListableBeanFactory  - Returning cached instance of singleton bean 'org.springframework.transaction.config.internalTransactionAdvisor'
2020-04-25 21:46:35,596 1856   [           main] DEBUG redAnnotationBeanPostProcessor  - Autowiring by type from bean name 'userService' to bean named 'IUserDao'
2020-04-25 21:46:35,596 1856   [           main] DEBUG y.annotation.InjectionMetadata  - Processing injected element of bean 'userService': AutowiredFieldElement for private org.springframework.security.crypto.password.PasswordEncoder com.xumeng.service.impl.UserServiceImpl.passwordEncoder
2020-04-25 21:46:35,596 1856   [           main] DEBUG ore.annotation.AnnotationUtils  - Failed to meta-introspect annotation [interface org.springframework.beans.factory.annotation.Autowired]: java.lang.IllegalArgumentException: Annotation must not be null
2020-04-25 21:46:35,597 1857   [           main] WARN  port.GenericApplicationContext  - Exception encountered during context initialization - cancelling refresh attempt: org.springframework.beans.factory.UnsatisfiedDependencyException: Error creating bean with name 'userService': Unsatisfied dependency expressed through field 'passwordEncoder'; nested exception is org.springframework.beans.factory.NoSuchBeanDefinitionException: No qualifying bean of type 'org.springframework.security.crypto.password.PasswordEncoder' available: expected at least 1 bean which qualifies as autowire candidate. Dependency annotations: {@org.springframework.beans.factory.annotation.Autowired(required=true)}
2020-04-25 21:46:35,597 1857   [           main] DEBUG ort.DefaultListableBeanFactory  - Destroying singletons in org.springframework.beans.factory.support.DefaultListableBeanFactory@1e636ea3: defining beans [memberServiceImpl,orderServiceImpl,permissionServiceImpl,productServiceImpl,travellerServiceImpl,userService,org.springframework.context.annotation.internalConfigurationAnnotationProcessor,org.springframework.context.annotation.internalAutowiredAnnotationProcessor,org.springframework.context.annotation.internalRequiredAnnotationProcessor,org.springframework.context.annotation.internalCommonAnnotationProcessor,org.springframework.context.event.internalEventListenerProcessor,org.springframework.context.event.internalEventListenerFactory,org.springframework.context.support.PropertySourcesPlaceholderConfigurer#0,dataSource,sqlSessionFactory,mapperScanner,transactionManager,org.springframework.transaction.config.internalTransactionalEventListenerFactory,org.springframework.aop.config.internalAutoProxyCreator,org.springframework.transaction.annotation.AnnotationTransactionAttributeSource#0,org.springframework.transaction.interceptor.TransactionInterceptor#0,org.springframework.transaction.config.internalTransactionAdvisor,IMemberDao,IOrderDao,IPermissionDao,IProductDao,IRoleDao,ITravellerDao,IUserDao]; root of factory hierarchy
2020-04-25 21:46:35,597 1857   [           main] DEBUG ort.DefaultListableBeanFactory  - Retrieved dependent beans for bean 'sqlSessionFactory': [IMemberDao, IOrderDao, IProductDao, ITravellerDao, IUserDao]
2020-04-25 21:46:35,597 1857   [           main] DEBUG ort.DefaultListableBeanFactory  - Retrieved dependent beans for bean 'IMemberDao': [memberServiceImpl]
2020-04-25 21:46:35,597 1857   [           main] DEBUG ort.DefaultListableBeanFactory  - Retrieved dependent beans for bean 'IOrderDao': [orderServiceImpl, travellerServiceImpl]
2020-04-25 21:46:35,597 1857   [           main] DEBUG ort.DefaultListableBeanFactory  - Retrieved dependent beans for bean 'IProductDao': [productServiceImpl]
2020-04-25 21:46:35,597 1857   [           main] DEBUG ort.DefaultListableBeanFactory  - Retrieved dependent beans for bean 'com.github.pagehelper.PageInterceptor#3da05287': [sqlSessionFactory]
2020-04-25 21:46:35,597 1857   [           main] ERROR est.context.TestContextManager  - Caught exception while allowing TestExecutionListener [org.springframework.test.context.support.DependencyInjectionTestExecutionListener@46daef40] to prepare test instance [com.xumeng.test.TestIOderDao@4b1d6571]
java.lang.IllegalStateException: Failed to load ApplicationContext
	at org.springframework.test.context.cache.DefaultCacheAwareContextLoaderDelegate.loadContext(DefaultCacheAwareContextLoaderDelegate.java:125)
	at org.springframework.test.context.support.DefaultTestContext.getApplicationContext(DefaultTestContext.java:107)
	at org.springframework.test.context.support.DependencyInjectionTestExecutionListener.injectDependencies(DependencyInjectionTestExecutionListener.java:117)
	at org.springframework.test.context.support.DependencyInjectionTestExecutionListener.prepareTestInstance(DependencyInjectionTestExecutionListener.java:83)
	at org.springframework.test.context.TestContextManager.prepareTestInstance(TestContextManager.java:242)
	at org.springframework.test.context.junit4.SpringJUnit4ClassRunner.createTest(SpringJUnit4ClassRunner.java:227)
	at org.springframework.test.context.junit4.SpringJUnit4ClassRunner$1.runReflectiveCall(SpringJUnit4ClassRunner.java:289)
	at org.junit.internal.runners.model.ReflectiveCallable.run(ReflectiveCallable.java:12)
	at org.springframework.test.context.junit4.SpringJUnit4ClassRunner.methodBlock(SpringJUnit4ClassRunner.java:291)
	at org.springframework.test.context.junit4.SpringJUnit4ClassRunner.runChild(SpringJUnit4ClassRunner.java:246)
	at org.springframework.test.context.junit4.SpringJUnit4ClassRunner.runChild(SpringJUnit4ClassRunner.java:97)
	at org.junit.runners.ParentRunner$3.run(ParentRunner.java:290)
	at org.junit.runners.ParentRunner$1.schedule(ParentRunner.java:71)
	at org.junit.runners.ParentRunner.runChildren(ParentRunner.java:288)
	at org.junit.runners.ParentRunner.access$000(ParentRunner.java:58)
	at org.junit.runners.ParentRunner$2.evaluate(ParentRunner.java:268)
	at org.springframework.test.context.junit4.statements.RunBeforeTestClassCallbacks.evaluate(RunBeforeTestClassCallbacks.java:61)
	at org.springframework.test.context.junit4.statements.RunAfterTestClassCallbacks.evaluate(RunAfterTestClassCallbacks.java:70)
	at org.junit.runners.ParentRunner.run(ParentRunner.java:363)
	at org.springframework.test.context.junit4.SpringJUnit4ClassRunner.run(SpringJUnit4ClassRunner.java:190)
	at org.apache.maven.surefire.junit4.JUnit4Provider.execute(JUnit4Provider.java:365)
	at org.apache.maven.surefire.junit4.JUnit4Provider.executeWithRerun(JUnit4Provider.java:273)
	at org.apache.maven.surefire.junit4.JUnit4Provider.executeTestSet(JUnit4Provider.java:238)
	at org.apache.maven.surefire.junit4.JUnit4Provider.invoke(JUnit4Provider.java:159)
	at org.apache.maven.surefire.booter.ForkedBooter.invokeProviderInSameClassLoader(ForkedBooter.java:384)
	at org.apache.maven.surefire.booter.ForkedBooter.runSuitesInProcess(ForkedBooter.java:345)
	at org.apache.maven.surefire.booter.ForkedBooter.execute(ForkedBooter.java:126)
	at org.apache.maven.surefire.booter.ForkedBooter.main(ForkedBooter.java:418)
Caused by: org.springframework.beans.factory.UnsatisfiedDependencyException: Error creating bean with name 'userService': Unsatisfied dependency expressed through field 'passwordEncoder'; nested exception is org.springframework.beans.factory.NoSuchBeanDefinitionException: No qualifying bean of type 'org.springframework.security.crypto.password.PasswordEncoder' available: expected at least 1 bean which qualifies as autowire candidate. Dependency annotations: {@org.springframework.beans.factory.annotation.Autowired(required=true)}
	at org.springframework.beans.factory.annotation.AutowiredAnnotationBeanPostProcessor$AutowiredFieldElement.inject(AutowiredAnnotationBeanPostProcessor.java:586)
	at org.springframework.beans.factory.annotation.InjectionMetadata.inject(InjectionMetadata.java:91)
	at org.springframework.beans.factory.annotation.AutowiredAnnotationBeanPostProcessor.postProcessPropertyValues(AutowiredAnnotationBeanPostProcessor.java:372)
	at org.springframework.beans.factory.support.AbstractAutowireCapableBeanFactory.populateBean(AbstractAutowireCapableBeanFactory.java:1344)
	at org.springframework.beans.factory.support.AbstractAutowireCapableBeanFactory.doCreateBean(AbstractAutowireCapableBeanFactory.java:582)
	at org.springframework.beans.factory.support.AbstractAutowireCapableBeanFactory.createBean(AbstractAutowireCapableBeanFactory.java:502)
	at org.springframework.beans.factory.support.AbstractBeanFactory.lambda$doGetBean$0(AbstractBeanFactory.java:312)
	at org.springframework.beans.factory.support.DefaultSingletonBeanRegistry.getSingleton(DefaultSingletonBeanRegistry.java:228)
	at org.springframework.beans.factory.support.AbstractBeanFactory.doGetBean(AbstractBeanFactory.java:310)
	at org.springframework.beans.factory.support.AbstractBeanFactory.getBean(AbstractBeanFactory.java:200)
	at org.springframework.beans.factory.support.DefaultListableBeanFactory.preInstantiateSingletons(DefaultListableBeanFactory.java:758)
	at org.springframework.context.support.AbstractApplicationContext.finishBeanFactoryInitialization(AbstractApplicationContext.java:868)
	at org.springframework.context.support.AbstractApplicationContext.refresh(AbstractApplicationContext.java:549)
	at org.springframework.test.context.support.AbstractGenericContextLoader.loadContext(AbstractGenericContextLoader.java:128)
	at org.springframework.test.context.support.AbstractGenericContextLoader.loadContext(AbstractGenericContextLoader.java:60)
	at org.springframework.test.context.support.AbstractDelegatingSmartContextLoader.delegateLoading(AbstractDelegatingSmartContextLoader.java:109)
	at org.springframework.test.context.support.AbstractDelegatingSmartContextLoader.loadContext(AbstractDelegatingSmartContextLoader.java:246)
	at org.springframework.test.context.cache.DefaultCacheAwareContextLoaderDelegate.loadContextInternal(DefaultCacheAwareContextLoaderDelegate.java:99)
	at org.springframework.test.context.cache.DefaultCacheAwareContextLoaderDelegate.loadContext(DefaultCacheAwareContextLoaderDelegate.java:117)
	... 27 more
Caused by: org.springframework.beans.factory.NoSuchBeanDefinitionException: No qualifying bean of type 'org.springframework.security.crypto.password.PasswordEncoder' available: expected at least 1 bean which qualifies as autowire candidate. Dependency annotations: {@org.springframework.beans.factory.annotation.Autowired(required=true)}
	at org.springframework.beans.factory.support.DefaultListableBeanFactory.raiseNoMatchingBeanFound(DefaultListableBeanFactory.java:1504)
	at org.springframework.beans.factory.support.DefaultListableBeanFactory.doResolveDependency(DefaultListableBeanFactory.java:1101)
	at org.springframework.beans.factory.support.DefaultListableBeanFactory.resolveDependency(DefaultListableBeanFactory.java:1062)
	at org.springframework.beans.factory.annotation.AutowiredAnnotationBeanPostProcessor$AutowiredFieldElement.inject(AutowiredAnnotationBeanPostProcessor.java:583)
	... 45 more
]]></system-out>
  </testcase>
  <testcase name="findRoleByUserId" classname="com.xumeng.test.TestIOderDao" time="0">
    <error message="Failed to load ApplicationContext" type="java.lang.IllegalStateException">java.lang.IllegalStateException: Failed to load ApplicationContext
Caused by: org.springframework.beans.factory.UnsatisfiedDependencyException: Error creating bean with name 'userService': Unsatisfied dependency expressed through field 'passwordEncoder'; nested exception is org.springframework.beans.factory.NoSuchBeanDefinitionException: No qualifying bean of type 'org.springframework.security.crypto.password.PasswordEncoder' available: expected at least 1 bean which qualifies as autowire candidate. Dependency annotations: {@org.springframework.beans.factory.annotation.Autowired(required=true)}
Caused by: org.springframework.beans.factory.NoSuchBeanDefinitionException: No qualifying bean of type 'org.springframework.security.crypto.password.PasswordEncoder' available: expected at least 1 bean which qualifies as autowire candidate. Dependency annotations: {@org.springframework.beans.factory.annotation.Autowired(required=true)}
</error>
    <system-out><![CDATA[2020-04-25 21:46:35,598 1858   [           main] DEBUG t.annotation.ProfileValueUtils  - Retrieved @ProfileValueSourceConfiguration [null] for test class [com.xumeng.test.TestIOderDao]
2020-04-25 21:46:35,598 1858   [           main] DEBUG t.annotation.ProfileValueUtils  - Retrieved ProfileValueSource type [class org.springframework.test.annotation.SystemProfileValueSource] for class [com.xumeng.test.TestIOderDao]
2020-04-25 21:46:35,598 1858   [           main] DEBUG InjectionTestExecutionListener  - Performing dependency injection for test context [[DefaultTestContext@1b26f7b2 testClass = TestIOderDao, testInstance = com.xumeng.test.TestIOderDao@28e8dde3, testMethod = [null], testException = [null], mergedContextConfiguration = [MergedContextConfiguration@491cc5c9 testClass = TestIOderDao, locations = '{classpath:applicationContext.xml}', classes = '{}', contextInitializerClasses = '[]', activeProfiles = '{}', propertySourceLocations = '{}', propertySourceProperties = '{}', contextCustomizers = set[[empty]], contextLoader = 'org.springframework.test.context.support.DelegatingSmartContextLoader', parent = [null]], attributes = map[[empty]]]].
2020-04-25 21:46:35,598 1858   [           main] DEBUG ctDelegatingSmartContextLoader  - Delegating to GenericXmlContextLoader to load context from [MergedContextConfiguration@491cc5c9 testClass = TestIOderDao, locations = '{classpath:applicationContext.xml}', classes = '{}', contextInitializerClasses = '[]', activeProfiles = '{}', propertySourceLocations = '{}', propertySourceProperties = '{}', contextCustomizers = set[[empty]], contextLoader = 'org.springframework.test.context.support.DelegatingSmartContextLoader', parent = [null]].
2020-04-25 21:46:35,598 1858   [           main] DEBUG t.AbstractGenericContextLoader  - Loading ApplicationContext for merged context configuration [[MergedContextConfiguration@491cc5c9 testClass = TestIOderDao, locations = '{classpath:applicationContext.xml}', classes = '{}', contextInitializerClasses = '[]', activeProfiles = '{}', propertySourceLocations = '{}', propertySourceProperties = '{}', contextCustomizers = set[[empty]], contextLoader = 'org.springframework.test.context.support.DelegatingSmartContextLoader', parent = [null]]].
2020-04-25 21:46:35,598 1858   [           main] DEBUG k.core.env.StandardEnvironment  - Adding PropertySource 'systemProperties' with lowest search precedence
2020-04-25 21:46:35,598 1858   [           main] DEBUG k.core.env.StandardEnvironment  - Adding PropertySource 'systemEnvironment' with lowest search precedence
2020-04-25 21:46:35,599 1859   [           main] DEBUG k.core.env.StandardEnvironment  - Initialized StandardEnvironment with PropertySources [MapPropertySource@1423768154 {name='systemProperties', properties={java.runtime.name=Java(TM) SE Runtime Environment, sun.boot.library.path=C:\Program Files\Java\jdk1.8.0_131\jre\bin, java.vm.version=25.131-b11, java.vm.vendor=Oracle Corporation, java.vendor.url=http://java.oracle.com/, path.separator=;, java.vm.name=Java HotSpot(TM) 64-Bit Server VM, file.encoding.pkg=sun.io, user.country=CN, user.script=, sun.java.launcher=SUN_STANDARD, sun.os.patch.level=, java.vm.specification.name=Java Virtual Machine Specification, user.dir=D:\Code\IdeaProjects\manageSystem-ssm\ms-ssm-web, java.runtime.version=1.8.0_131-b11, basedir=D:\Code\IdeaProjects\manageSystem-ssm\ms-ssm-web, java.awt.graphicsenv=sun.awt.Win32GraphicsEnvironment, java.endorsed.dirs=C:\Program Files\Java\jdk1.8.0_131\jre\lib\endorsed, os.arch=amd64, surefire.real.class.path=C:\Users\xm\AppData\Local\Temp\surefire7497552715305907156\surefirebooter6811015789613867580.jar, java.io.tmpdir=C:\Users\xm\AppData\Local\Temp\, line.separator=
, java.vm.specification.vendor=Oracle Corporation, user.variant=, os.name=Windows 10, sun.jnu.encoding=GBK, java.library.path=C:\Program Files\Java\jdk1.8.0_131\jre\bin;C:\Windows\Sun\Java\bin;C:\Windows\system32;C:\Windows;D:\MyProgram\orcl\bin;D:\MyProgram\Anaconda3;D:\MyProgram\Anaconda3\Library\mingw-w64\bin;D:\MyProgram\Anaconda3\Library\usr\bin;D:\MyProgram\Anaconda3\Library\bin;D:\MyProgram\Anaconda3\Scripts;C:\ProgramData\Oracle\Java\javapath;C:\Windows\system32;C:\Windows;C:\Windows\System32\Wbem;C:\Windows\System32\WindowsPowerShell\v1.0\;C:\Windows\System32\OpenSSH\;C:\Program Files\Java\jdk1.8.0_131\bin;C:\Program Files\Java\jdk1.8.0_131\jre\bin;C:\Program Files (x86)\MySQL\MySQL Server 5.5\bin;D:\MyProgram\Git\cmd;D:\Maven\bin\;D:\MyProgram\redis-2.8.9;D:\Maven_V_354\apache-maven-3.5.4\bin\;D:\MyProgram\nodejs\;D:\MyProgram\nodejs\npm_modules\;D:\MyProgram\erl10.4\bin;D:\MyProgram\ffmpeg\bin\;D:\MyProgram\OpenSSL-Win64\bin\;D:\MyProgram\Ruby25-x64\bin;C:\Users\xm\AppData\Local\Microsoft\WindowsApps;;D:\MyProgram\JetBrains\IntelliJ IDEA 2019.3.3\bin;;D:\MyProgram\Microsoft VS Code\bin;D:\MyProgram\JetBrains\PyCharm 2019.3.3\bin;;D:\MyProgram\JetBrains\WebStorm 2019.3.3\bin;;C:\Users\xm\AppData\Roaming\npm;., surefire.test.class.path=D:\Code\IdeaProjects\manageSystem-ssm\ms-ssm-web\target\test-classes;D:\Code\IdeaProjects\manageSystem-ssm\ms-ssm-web\target\classes;E:\maven-repository\junit\junit\4.12\junit-4.12.jar;E:\maven-repository\org\hamcrest\hamcrest-core\1.3\hamcrest-core-1.3.jar;D:\Code\IdeaProjects\manageSystem-ssm\ms-ssm-domain\target\ms-ssm-domain-1.0-SNAPSHOT.jar;D:\Code\IdeaProjects\manageSystem-ssm\ms-ssm-utils\target\ms-ssm-utils-1.0-SNAPSHOT.jar;D:\Code\IdeaProjects\manageSystem-ssm\ms-ssm-service\target\ms-ssm-service-1.0-SNAPSHOT.jar;D:\Code\IdeaProjects\manageSystem-ssm\ms-ssm-dao\target\ms-ssm-dao-1.0-SNAPSHOT.jar;E:\maven-repository\com\fasterxml\jackson\core\jackson-databind\2.9.7\jackson-databind-2.9.7.jar;E:\maven-repository\com\fasterxml\jackson\core\jackson-annotations\2.9.0\jackson-annotations-2.9.0.jar;E:\maven-repository\com\fasterxml\jackson\core\jackson-core\2.9.7\jackson-core-2.9.7.jar;E:\maven-repository\com\github\pagehelper\pagehelper\5.1.2\pagehelper-5.1.2.jar;E:\maven-repository\com\github\jsqlparser\jsqlparser\1.0\jsqlparser-1.0.jar;E:\maven-repository\javax\annotation\javax.annotation-api\1.3.1\javax.annotation-api-1.3.1.jar;E:\maven-repository\org\springframework\security\spring-security-web\5.0.1.RELEASE\spring-security-web-5.0.1.RELEASE.jar;E:\maven-repository\org\springframework\spring-expression\5.0.3.RELEASE\spring-expression-5.0.3.RELEASE.jar;E:\maven-repository\org\springframework\security\spring-security-config\5.0.1.RELEASE\spring-security-config-5.0.1.RELEASE.jar;E:\maven-repository\org\springframework\security\spring-security-core\5.0.1.RELEASE\spring-security-core-5.0.1.RELEASE.jar;E:\maven-repository\org\springframework\security\spring-security-taglibs\5.0.1.RELEASE\spring-security-taglibs-5.0.1.RELEASE.jar;E:\maven-repository\org\springframework\security\spring-security-acl\5.0.1.RELEASE\spring-security-acl-5.0.1.RELEASE.jar;E:\maven-repository\org\aspectj\aspectjweaver\1.6.8\aspectjweaver-1.6.8.jar;E:\maven-repository\org\springframework\spring-aop\5.0.2.RELEASE\spring-aop-5.0.2.RELEASE.jar;E:\maven-repository\org\springframework\spring-context\5.0.2.RELEASE\spring-context-5.0.2.RELEASE.jar;E:\maven-repository\org\springframework\spring-context-support\5.0.2.RELEASE\spring-context-support-5.0.2.RELEASE.jar;E:\maven-repository\org\springframework\spring-web\5.0.2.RELEASE\spring-web-5.0.2.RELEASE.jar;E:\maven-repository\org\springframework\spring-orm\5.0.2.RELEASE\spring-orm-5.0.2.RELEASE.jar;E:\maven-repository\org\springframework\spring-jdbc\5.0.2.RELEASE\spring-jdbc-5.0.2.RELEASE.jar;E:\maven-repository\org\springframework\spring-beans\5.0.2.RELEASE\spring-beans-5.0.2.RELEASE.jar;E:\maven-repository\org\springframework\spring-core\5.0.2.RELEASE\spring-core-5.0.2.RELEASE.jar;E:\maven-repository\org\springframework\spring-jcl\5.0.2.RELEASE\spring-jcl-5.0.2.RELEASE.jar;E:\maven-repository\org\springframework\spring-test\5.0.2.RELEASE\spring-test-5.0.2.RELEASE.jar;E:\maven-repository\org\springframework\spring-webmvc\5.0.2.RELEASE\spring-webmvc-5.0.2.RELEASE.jar;E:\maven-repository\org\springframework\spring-tx\5.0.2.RELEASE\spring-tx-5.0.2.RELEASE.jar;E:\maven-repository\javax\servlet\javax.servlet-api\3.1.0\javax.servlet-api-3.1.0.jar;E:\maven-repository\javax\servlet\jsp\jsp-api\2.0\jsp-api-2.0.jar;E:\maven-repository\jstl\jstl\1.2\jstl-1.2.jar;E:\maven-repository\log4j\log4j\1.2.12\log4j-1.2.12.jar;E:\maven-repository\org\slf4j\slf4j-api\1.6.6\slf4j-api-1.6.6.jar;E:\maven-repository\org\slf4j\slf4j-log4j12\1.6.6\slf4j-log4j12-1.6.6.jar;E:\maven-repository\org\mybatis\mybatis\3.4.5\mybatis-3.4.5.jar;E:\maven-repository\org\mybatis\mybatis-spring\1.3.0\mybatis-spring-1.3.0.jar;E:\maven-repository\c3p0\c3p0\0.9.1.2\c3p0-0.9.1.2.jar;E:\maven-repository\mysql\mysql-connector-java\5.1.6\mysql-connector-java-5.1.6.jar;E:\maven-repository\javax\annotation\jsr250-api\1.0\jsr250-api-1.0.jar;E:\maven-repository\org\projectlombok\lombok\1.16.16\lombok-1.16.16.jar;, java.specification.name=Java Platform API Specification, java.class.version=52.0, sun.management.compiler=HotSpot 64-Bit Tiered Compilers, maven.repo.local=E:\maven-repository, idea.version2019.3.3=true, os.version=10.0, user.home=C:\Users\xm, user.timezone=Asia/Shanghai, java.awt.printerjob=sun.awt.windows.WPrinterJob, file.encoding=GBK, java.specification.version=1.8, java.class.path=D:\Code\IdeaProjects\manageSystem-ssm\ms-ssm-web\target\test-classes;D:\Code\IdeaProjects\manageSystem-ssm\ms-ssm-web\target\classes;E:\maven-repository\junit\junit\4.12\junit-4.12.jar;E:\maven-repository\org\hamcrest\hamcrest-core\1.3\hamcrest-core-1.3.jar;D:\Code\IdeaProjects\manageSystem-ssm\ms-ssm-domain\target\ms-ssm-domain-1.0-SNAPSHOT.jar;D:\Code\IdeaProjects\manageSystem-ssm\ms-ssm-utils\target\ms-ssm-utils-1.0-SNAPSHOT.jar;D:\Code\IdeaProjects\manageSystem-ssm\ms-ssm-service\target\ms-ssm-service-1.0-SNAPSHOT.jar;D:\Code\IdeaProjects\manageSystem-ssm\ms-ssm-dao\target\ms-ssm-dao-1.0-SNAPSHOT.jar;E:\maven-repository\com\fasterxml\jackson\core\jackson-databind\2.9.7\jackson-databind-2.9.7.jar;E:\maven-repository\com\fasterxml\jackson\core\jackson-annotations\2.9.0\jackson-annotations-2.9.0.jar;E:\maven-repository\com\fasterxml\jackson\core\jackson-core\2.9.7\jackson-core-2.9.7.jar;E:\maven-repository\com\github\pagehelper\pagehelper\5.1.2\pagehelper-5.1.2.jar;E:\maven-repository\com\github\jsqlparser\jsqlparser\1.0\jsqlparser-1.0.jar;E:\maven-repository\javax\annotation\javax.annotation-api\1.3.1\javax.annotation-api-1.3.1.jar;E:\maven-repository\org\springframework\security\spring-security-web\5.0.1.RELEASE\spring-security-web-5.0.1.RELEASE.jar;E:\maven-repository\org\springframework\spring-expression\5.0.3.RELEASE\spring-expression-5.0.3.RELEASE.jar;E:\maven-repository\org\springframework\security\spring-security-config\5.0.1.RELEASE\spring-security-config-5.0.1.RELEASE.jar;E:\maven-repository\org\springframework\security\spring-security-core\5.0.1.RELEASE\spring-security-core-5.0.1.RELEASE.jar;E:\maven-repository\org\springframework\security\spring-security-taglibs\5.0.1.RELEASE\spring-security-taglibs-5.0.1.RELEASE.jar;E:\maven-repository\org\springframework\security\spring-security-acl\5.0.1.RELEASE\spring-security-acl-5.0.1.RELEASE.jar;E:\maven-repository\org\aspectj\aspectjweaver\1.6.8\aspectjweaver-1.6.8.jar;E:\maven-repository\org\springframework\spring-aop\5.0.2.RELEASE\spring-aop-5.0.2.RELEASE.jar;E:\maven-repository\org\springframework\spring-context\5.0.2.RELEASE\spring-context-5.0.2.RELEASE.jar;E:\maven-repository\org\springframework\spring-context-support\5.0.2.RELEASE\spring-context-support-5.0.2.RELEASE.jar;E:\maven-repository\org\springframework\spring-web\5.0.2.RELEASE\spring-web-5.0.2.RELEASE.jar;E:\maven-repository\org\springframework\spring-orm\5.0.2.RELEASE\spring-orm-5.0.2.RELEASE.jar;E:\maven-repository\org\springframework\spring-jdbc\5.0.2.RELEASE\spring-jdbc-5.0.2.RELEASE.jar;E:\maven-repository\org\springframework\spring-beans\5.0.2.RELEASE\spring-beans-5.0.2.RELEASE.jar;E:\maven-repository\org\springframework\spring-core\5.0.2.RELEASE\spring-core-5.0.2.RELEASE.jar;E:\maven-repository\org\springframework\spring-jcl\5.0.2.RELEASE\spring-jcl-5.0.2.RELEASE.jar;E:\maven-repository\org\springframework\spring-test\5.0.2.RELEASE\spring-test-5.0.2.RELEASE.jar;E:\maven-repository\org\springframework\spring-webmvc\5.0.2.RELEASE\spring-webmvc-5.0.2.RELEASE.jar;E:\maven-repository\org\springframework\spring-tx\5.0.2.RELEASE\spring-tx-5.0.2.RELEASE.jar;E:\maven-repository\javax\servlet\javax.servlet-api\3.1.0\javax.servlet-api-3.1.0.jar;E:\maven-repository\javax\servlet\jsp\jsp-api\2.0\jsp-api-2.0.jar;E:\maven-repository\jstl\jstl\1.2\jstl-1.2.jar;E:\maven-repository\log4j\log4j\1.2.12\log4j-1.2.12.jar;E:\maven-repository\org\slf4j\slf4j-api\1.6.6\slf4j-api-1.6.6.jar;E:\maven-repository\org\slf4j\slf4j-log4j12\1.6.6\slf4j-log4j12-1.6.6.jar;E:\maven-repository\org\mybatis\mybatis\3.4.5\mybatis-3.4.5.jar;E:\maven-repository\org\mybatis\mybatis-spring\1.3.0\mybatis-spring-1.3.0.jar;E:\maven-repository\c3p0\c3p0\0.9.1.2\c3p0-0.9.1.2.jar;E:\maven-repository\mysql\mysql-connector-java\5.1.6\mysql-connector-java-5.1.6.jar;E:\maven-repository\javax\annotation\jsr250-api\1.0\jsr250-api-1.0.jar;E:\maven-repository\org\projectlombok\lombok\1.16.16\lombok-1.16.16.jar;, user.name=xm, java.vm.specification.version=1.8, sun.java.command=C:\Users\xm\AppData\Local\Temp\surefire7497552715305907156\surefirebooter6811015789613867580.jar C:\Users\xm\AppData\Local\Temp\surefire7497552715305907156 2020-04-25T21-46-33_033-jvmRun1 surefire7780568927660488430tmp surefire_03629623413987528247tmp, java.home=C:\Program Files\Java\jdk1.8.0_131\jre, sun.arch.data.model=64, user.language=zh, java.specification.vendor=Oracle Corporation, awt.toolkit=sun.awt.windows.WToolkit, java.vm.info=mixed mode, java.version=1.8.0_131, java.ext.dirs=C:\Program Files\Java\jdk1.8.0_131\jre\lib\ext;C:\Windows\Sun\Java\lib\ext, sun.boot.class.path=C:\Program Files\Java\jdk1.8.0_131\jre\lib\resources.jar;C:\Program Files\Java\jdk1.8.0_131\jre\lib\rt.jar;C:\Program Files\Java\jdk1.8.0_131\jre\lib\sunrsasign.jar;C:\Program Files\Java\jdk1.8.0_131\jre\lib\jsse.jar;C:\Program Files\Java\jdk1.8.0_131\jre\lib\jce.jar;C:\Program Files\Java\jdk1.8.0_131\jre\lib\charsets.jar;C:\Program Files\Java\jdk1.8.0_131\jre\lib\jfr.jar;C:\Program Files\Java\jdk1.8.0_131\jre\classes, java.vendor=Oracle Corporation, localRepository=E:\maven-repository, file.separator=\, java.vendor.url.bug=http://bugreport.sun.com/bugreport/, sun.io.unicode.encoding=UnicodeLittle, sun.cpu.endian=little, sun.desktop=windows, sun.cpu.isalist=amd64}}, SystemEnvironmentPropertySource@404222443 {name='systemEnvironment', properties={PATH=D:\MyProgram\orcl\bin;D:\MyProgram\Anaconda3;D:\MyProgram\Anaconda3\Library\mingw-w64\bin;D:\MyProgram\Anaconda3\Library\usr\bin;D:\MyProgram\Anaconda3\Library\bin;D:\MyProgram\Anaconda3\Scripts;C:\ProgramData\Oracle\Java\javapath;C:\Windows\system32;C:\Windows;C:\Windows\System32\Wbem;C:\Windows\System32\WindowsPowerShell\v1.0\;C:\Windows\System32\OpenSSH\;C:\Program Files\Java\jdk1.8.0_131\bin;C:\Program Files\Java\jdk1.8.0_131\jre\bin;C:\Program Files (x86)\MySQL\MySQL Server 5.5\bin;D:\MyProgram\Git\cmd;D:\Maven\bin\;D:\MyProgram\redis-2.8.9;D:\Maven_V_354\apache-maven-3.5.4\bin\;D:\MyProgram\nodejs\;D:\MyProgram\nodejs\npm_modules\;D:\MyProgram\erl10.4\bin;D:\MyProgram\ffmpeg\bin\;D:\MyProgram\OpenSSL-Win64\bin\;D:\MyProgram\Ruby25-x64\bin;C:\Users\xm\AppData\Local\Microsoft\WindowsApps;;D:\MyProgram\JetBrains\IntelliJ IDEA 2019.3.3\bin;;D:\MyProgram\Microsoft VS Code\bin;D:\MyProgram\JetBrains\PyCharm 2019.3.3\bin;;D:\MyProgram\JetBrains\WebStorm 2019.3.3\bin;;C:\Users\xm\AppData\Roaming\npm, USERDOMAIN_ROAMINGPROFILE=DESKTOP-9ENUAHE, PROCESSOR_LEVEL=23, SYSTEMDRIVE=C:, SESSIONNAME=Console, ALLUSERSPROFILE=C:\ProgramData, PROCESSOR_ARCHITECTURE=AMD64, DRIVERDATA=C:\Windows\System32\Drivers\DriverData, MAVEN_HOME=D:\Maven, PROGRAMFILES=C:\Program Files, PSMODULEPATH=C:\Program Files\WindowsPowerShell\Modules;C:\Windows\system32\WindowsPowerShell\v1.0\Modules, PROGRAMDATA=C:\ProgramData, USERNAME=xm, FPS_BROWSER_USER_PROFILE_STRING=Default, ONEDRIVE=C:\Users\xm\OneDrive, PATHEXT=.COM;.EXE;.BAT;.CMD;.VBS;.VBE;.JS;.JSE;.WSF;.WSH;.MSC;.RB;.RBW, MAVEN_HOME2=D:\Maven_V_354\apache-maven-3.5.4, WINDIR=C:\Windows, HOMEPATH=\Users\xm, PROCESSOR_IDENTIFIER=AMD64 Family 23 Model 8 Stepping 2, AuthenticAMD, PUBLIC=C:\Users\Public, =::=::\, LOCALAPPDATA=C:\Users\xm\AppData\Local, COMMONPROGRAMFILES(X86)=C:\Program Files (x86)\Common Files, USERDOMAIN=DESKTOP-9ENUAHE, FPS_BROWSER_APP_PROFILE_STRING=Internet Explorer, LOGONSERVER=\\DESKTOP-9ENUAHE, JAVA_HOME=C:\Program Files\Java\jdk1.8.0_131, PROMPT=$P$G, PROGRAMFILES(X86)=C:\Program Files (x86), INTELLIJ IDEA=D:\MyProgram\JetBrains\IntelliJ IDEA 2019.3.3\bin;, ERLANG_HOME=D:\MyProgram\erl10.4, APPDATA=C:\Users\xm\AppData\Roaming, PROGRAMW6432=C:\Program Files, SYSTEMROOT=C:\Windows, PERL5LIB=D:\MyProgram\orcl\perl\5.8.3\lib\MSWin32-x86;D:\MyProgram\orcl\perl\5.8.3\lib;D:\MyProgram\orcl\perl\5.8.3\lib\MSWin32-x86;D:\MyProgram\orcl\perl\site\5.8.3;D:\MyProgram\orcl\perl\site\5.8.3\lib;D:\MyProgram\orcl\sysman\admin\scripts;, OS=Windows_NT, COMMONPROGRAMW6432=C:\Program Files\Common Files, COMPUTERNAME=DESKTOP-9ENUAHE, COMMONPROGRAMFILES=C:\Program Files\Common Files, COMSPEC=C:\Windows\system32\cmd.exe, CATALINA_HOME=D:\MyProgram\Tomcat\apache-tomcat-7.0.100, PROCESSOR_REVISION=0802, CLASSPATH=.;C:\Program Files\Java\jdk1.8.0_131\lib;C:\Program Files\Java\jdk1.8.0_131\lib\tools.jar, PYCHARM=D:\MyProgram\JetBrains\PyCharm 2019.3.3\bin;, RUBYOPT=-Eutf-8, =D:=D:\Code\IdeaProjects\manageSystem-ssm\ms-ssm-web, TEMP=C:\Users\xm\AppData\Local\Temp, HOMEDRIVE=C:, USERPROFILE=C:\Users\xm, TMP=C:\Users\xm\AppData\Local\Temp, WEBSTORM=D:\MyProgram\JetBrains\WebStorm 2019.3.3\bin;, NUMBER_OF_PROCESSORS=12, IDEA_INITIAL_DIRECTORY=C:\Users\xm\Desktop}}]
2020-04-25 21:46:35,599 1859   [           main] INFO  ry.xml.XmlBeanDefinitionReader  - Loading XML bean definitions from class path resource [applicationContext.xml]
2020-04-25 21:46:35,600 1860   [           main] DEBUG tory.xml.DefaultDocumentLoader  - Using JAXP provider [com.sun.org.apache.xerces.internal.jaxp.DocumentBuilderFactoryImpl]
2020-04-25 21:46:35,602 1862   [           main] DEBUG ry.xml.PluggableSchemaResolver  - Loading schema mappings from [META-INF/spring.schemas]
2020-04-25 21:46:35,605 1865   [           main] DEBUG ry.xml.PluggableSchemaResolver  - Loaded schema mappings: {http://www.springframework.org/schema/tx/spring-tx-4.3.xsd=org/springframework/transaction/config/spring-tx.xsd, http://www.springframework.org/schema/tx/spring-tx-2.5.xsd=org/springframework/transaction/config/spring-tx.xsd, http://www.springframework.org/schema/cache/spring-cache-4.2.xsd=org/springframework/cache/config/spring-cache.xsd, http://www.springframework.org/schema/aop/spring-aop-4.1.xsd=org/springframework/aop/config/spring-aop.xsd, http://www.springframework.org/schema/context/spring-context-3.1.xsd=org/springframework/context/config/spring-context.xsd, http://www.springframework.org/schema/jdbc/spring-jdbc-4.1.xsd=org/springframework/jdbc/config/spring-jdbc.xsd, http://www.springframework.org/schema/mvc/spring-mvc-4.1.xsd=org/springframework/web/servlet/config/spring-mvc.xsd, http://www.springframework.org/schema/util/spring-util-3.0.xsd=org/springframework/beans/factory/xml/spring-util.xsd, http://www.springframework.org/schema/security/spring-security-3.0.3.xsd=org/springframework/security/config/spring-security-3.0.3.xsd, http://mybatis.org/schema/mybatis-spring-1.2.xsd=org/mybatis/spring/config/mybatis-spring-1.2.xsd, http://www.springframework.org/schema/tool/spring-tool.xsd=org/springframework/beans/factory/xml/spring-tool.xsd, http://www.springframework.org/schema/aop/spring-aop-3.2.xsd=org/springframework/aop/config/spring-aop.xsd, http://www.springframework.org/schema/security/spring-security-2.0.1.xsd=org/springframework/security/config/spring-security-2.0.1.xsd, http://www.springframework.org/schema/lang/spring-lang-4.1.xsd=org/springframework/scripting/config/spring-lang.xsd, http://www.springframework.org/schema/context/spring-context-4.0.xsd=org/springframework/context/config/spring-context.xsd, http://www.springframework.org/schema/mvc/spring-mvc-3.2.xsd=org/springframework/web/servlet/config/spring-mvc.xsd, http://www.springframework.org/schema/beans/spring-beans-4.2.xsd=org/springframework/beans/factory/xml/spring-beans.xsd, http://www.springframework.org/schema/tool/spring-tool-4.1.xsd=org/springframework/beans/factory/xml/spring-tool.xsd, http://www.springframework.org/schema/lang/spring-lang-3.2.xsd=org/springframework/scripting/config/spring-lang.xsd, http://www.springframework.org/schema/cache/spring-cache-3.2.xsd=org/springframework/cache/config/spring-cache.xsd, http://www.springframework.org/schema/jee/spring-jee-4.1.xsd=org/springframework/ejb/config/spring-jee.xsd, http://www.springframework.org/schema/jdbc/spring-jdbc-3.1.xsd=org/springframework/jdbc/config/spring-jdbc.xsd, http://www.springframework.org/schema/util/spring-util-2.0.xsd=org/springframework/beans/factory/xml/spring-util.xsd, http://www.springframework.org/schema/task/spring-task-4.2.xsd=org/springframework/scheduling/config/spring-task.xsd, http://www.springframework.org/schema/tool/spring-tool-3.2.xsd=org/springframework/beans/factory/xml/spring-tool.xsd, http://www.springframework.org/schema/context/spring-context.xsd=org/springframework/context/config/spring-context.xsd, http://www.springframework.org/schema/tx/spring-tx-4.2.xsd=org/springframework/transaction/config/spring-tx.xsd, http://www.springframework.org/schema/cache/spring-cache-4.1.xsd=org/springframework/cache/config/spring-cache.xsd, http://www.springframework.org/schema/aop/spring-aop-4.0.xsd=org/springframework/aop/config/spring-aop.xsd, http://www.springframework.org/schema/security/spring-security-2.0.xsd=org/springframework/security/config/spring-security-2.0.xsd, http://www.springframework.org/schema/jee/spring-jee-3.2.xsd=org/springframework/ejb/config/spring-jee.xsd, http://www.springframework.org/schema/context/spring-context-3.0.xsd=org/springframework/context/config/spring-context.xsd, http://www.springframework.org/schema/jdbc/spring-jdbc-4.0.xsd=org/springframework/jdbc/config/spring-jdbc.xsd, http://www.springframework.org/schema/mvc/spring-mvc-4.0.xsd=org/springframework/web/servlet/config/spring-mvc.xsd, http://www.springframework.org/schema/util/spring-util-4.3.xsd=org/springframework/beans/factory/xml/spring-util.xsd, http://www.springframework.org/schema/util/spring-util-2.5.xsd=org/springframework/beans/factory/xml/spring-util.xsd, http://www.springframework.org/schema/beans/spring-beans-3.2.xsd=org/springframework/beans/factory/xml/spring-beans.xsd, http://www.springframework.org/schema/aop/spring-aop-3.1.xsd=org/springframework/aop/config/spring-aop.xsd, http://www.springframework.org/schema/lang/spring-lang-4.0.xsd=org/springframework/scripting/config/spring-lang.xsd, http://www.springframework.org/schema/mvc/spring-mvc.xsd=org/springframework/web/servlet/config/spring-mvc.xsd, http://www.springframework.org/schema/mvc/spring-mvc-3.1.xsd=org/springframework/web/servlet/config/spring-mvc.xsd, http://www.springframework.org/schema/beans/spring-beans-4.1.xsd=org/springframework/beans/factory/xml/spring-beans.xsd, http://www.springframework.org/schema/tool/spring-tool-4.0.xsd=org/springframework/beans/factory/xml/spring-tool.xsd, http://www.springframework.org/schema/tx/spring-tx-3.2.xsd=org/springframework/transaction/config/spring-tx.xsd, http://www.springframework.org/schema/lang/spring-lang-3.1.xsd=org/springframework/scripting/config/spring-lang.xsd, http://www.springframework.org/schema/cache/spring-cache-3.1.xsd=org/springframework/cache/config/spring-cache.xsd, http://www.springframework.org/schema/jee/spring-jee-4.0.xsd=org/springframework/ejb/config/spring-jee.xsd, http://www.springframework.org/schema/jdbc/spring-jdbc-3.0.xsd=org/springframework/jdbc/config/spring-jdbc.xsd, http://www.springframework.org/schema/task/spring-task-4.1.xsd=org/springframework/scheduling/config/spring-task.xsd, http://www.springframework.org/schema/tool/spring-tool-3.1.xsd=org/springframework/beans/factory/xml/spring-tool.xsd, http://www.springframework.org/schema/jdbc/spring-jdbc.xsd=org/springframework/jdbc/config/spring-jdbc.xsd, http://www.springframework.org/schema/tx/spring-tx-4.1.xsd=org/springframework/transaction/config/spring-tx.xsd, http://www.springframework.org/schema/cache/spring-cache-4.0.xsd=org/springframework/cache/config/spring-cache.xsd, http://www.springframework.org/schema/jee/spring-jee-3.1.xsd=org/springframework/ejb/config/spring-jee.xsd, http://www.springframework.org/schema/util/spring-util-4.2.xsd=org/springframework/beans/factory/xml/spring-util.xsd, http://www.springframework.org/schema/task/spring-task-3.2.xsd=org/springframework/scheduling/config/spring-task.xsd, http://www.springframework.org/schema/beans/spring-beans-3.1.xsd=org/springframework/beans/factory/xml/spring-beans.xsd, http://www.springframework.org/schema/util/spring-util.xsd=org/springframework/beans/factory/xml/spring-util.xsd, http://www.springframework.org/schema/aop/spring-aop-3.0.xsd=org/springframework/aop/config/spring-aop.xsd, http://www.springframework.org/schema/security/spring-security-4.2.xsd=org/springframework/security/config/spring-security-4.2.xsd, http://www.springframework.org/schema/mvc/spring-mvc-3.0.xsd=org/springframework/web/servlet/config/spring-mvc.xsd, http://www.springframework.org/schema/beans/spring-beans-4.0.xsd=org/springframework/beans/factory/xml/spring-beans.xsd, http://www.springframework.org/schema/beans/spring-beans.xsd=org/springframework/beans/factory/xml/spring-beans.xsd, http://www.springframework.org/schema/security/spring-security-2.0.4.xsd=org/springframework/security/config/spring-security-2.0.4.xsd, http://mybatis.org/schema/mybatis-spring.xsd=org/mybatis/spring/config/mybatis-spring-1.2.xsd, http://www.springframework.org/schema/tx/spring-tx-3.1.xsd=org/springframework/transaction/config/spring-tx.xsd, http://www.springframework.org/schema/lang/spring-lang-3.0.xsd=org/springframework/scripting/config/spring-lang.xsd, http://www.springframework.org/schema/context/spring-context-2.5.xsd=org/springframework/context/config/spring-context.xsd, http://www.springframework.org/schema/context/spring-context-4.3.xsd=org/springframework/context/config/spring-context.xsd, http://www.springframework.org/schema/task/spring-task-4.0.xsd=org/springframework/scheduling/config/spring-task.xsd, http://www.springframework.org/schema/tool/spring-tool-3.0.xsd=org/springframework/beans/factory/xml/spring-tool.xsd, http://www.springframework.org/schema/tx/spring-tx-4.0.xsd=org/springframework/transaction/config/spring-tx.xsd, http://www.springframework.org/schema/aop/spring-aop-2.0.xsd=org/springframework/aop/config/spring-aop.xsd, http://www.springframework.org/schema/security/spring-security-3.2.xsd=org/springframework/security/config/spring-security-3.2.xsd, http://www.springframework.org/schema/jee/spring-jee-3.0.xsd=org/springframework/ejb/config/spring-jee.xsd, http://www.springframework.org/schema/util/spring-util-4.1.xsd=org/springframework/beans/factory/xml/spring-util.xsd, http://www.springframework.org/schema/task/spring-task-3.1.xsd=org/springframework/scheduling/config/spring-task.xsd, http://www.springframework.org/schema/beans/spring-beans-3.0.xsd=org/springframework/beans/factory/xml/spring-beans.xsd, http://www.springframework.org/schema/jee/spring-jee.xsd=org/springframework/ejb/config/spring-jee.xsd, http://www.springframework.org/schema/aop/spring-aop-2.5.xsd=org/springframework/aop/config/spring-aop.xsd, http://www.springframework.org/schema/aop/spring-aop-4.3.xsd=org/springframework/aop/config/spring-aop.xsd, http://www.springframework.org/schema/lang/spring-lang-2.0.xsd=org/springframework/scripting/config/spring-lang.xsd, http://www.springframework.org/schema/security/spring-security-4.1.xsd=org/springframework/security/config/spring-security-4.1.xsd, http://www.springframework.org/schema/jdbc/spring-jdbc-4.3.xsd=org/springframework/jdbc/config/spring-jdbc.xsd, http://www.springframework.org/schema/mvc/spring-mvc-4.3.xsd=org/springframework/web/servlet/config/spring-mvc.xsd, http://www.springframework.org/schema/util/spring-util-3.2.xsd=org/springframework/beans/factory/xml/spring-util.xsd, http://www.springframework.org/schema/task/spring-task.xsd=org/springframework/scheduling/config/spring-task.xsd, http://www.springframework.org/schema/tool/spring-tool-2.0.xsd=org/springframework/beans/factory/xml/spring-tool.xsd, http://www.springframework.org/schema/tx/spring-tx-3.0.xsd=org/springframework/transaction/config/spring-tx.xsd, http://www.springframework.org/schema/lang/spring-lang-2.5.xsd=org/springframework/scripting/config/spring-lang.xsd, http://www.springframework.org/schema/security/spring-security-5.0.xsd=org/springframework/security/config/spring-security-5.0.xsd, http://www.springframework.org/schema/lang/spring-lang-4.3.xsd=org/springframework/scripting/config/spring-lang.xsd, http://www.springframework.org/schema/context/spring-context-4.2.xsd=org/springframework/context/config/spring-context.xsd, http://www.springframework.org/schema/jee/spring-jee-2.0.xsd=org/springframework/ejb/config/spring-jee.xsd, http://www.springframework.org/schema/tool/spring-tool-4.3.xsd=org/springframework/beans/factory/xml/spring-tool.xsd, http://www.springframework.org/schema/tool/spring-tool-2.5.xsd=org/springframework/beans/factory/xml/spring-tool.xsd, http://www.springframework.org/schema/jee/spring-jee-4.3.xsd=org/springframework/ejb/config/spring-jee.xsd, http://www.springframework.org/schema/jee/spring-jee-2.5.xsd=org/springframework/ejb/config/spring-jee.xsd, http://www.springframework.org/schema/security/spring-security-3.1.xsd=org/springframework/security/config/spring-security-3.1.xsd, http://www.springframework.org/schema/util/spring-util-4.0.xsd=org/springframework/beans/factory/xml/spring-util.xsd, http://www.springframework.org/schema/task/spring-task-3.0.xsd=org/springframework/scheduling/config/spring-task.xsd, http://www.springframework.org/schema/cache/spring-cache-4.3.xsd=org/springframework/cache/config/spring-cache.xsd, http://www.springframework.org/schema/aop/spring-aop-4.2.xsd=org/springframework/aop/config/spring-aop.xsd, http://www.springframework.org/schema/security/spring-security-4.0.xsd=org/springframework/security/config/spring-security-4.0.xsd, http://www.springframework.org/schema/lang/spring-lang.xsd=org/springframework/scripting/config/spring-lang.xsd, http://www.springframework.org/schema/context/spring-context-3.2.xsd=org/springframework/context/config/spring-context.xsd, http://www.springframework.org/schema/jdbc/spring-jdbc-4.2.xsd=org/springframework/jdbc/config/spring-jdbc.xsd, http://www.springframework.org/schema/mvc/spring-mvc-4.2.xsd=org/springframework/web/servlet/config/spring-mvc.xsd, http://www.springframework.org/schema/util/spring-util-3.1.xsd=org/springframework/beans/factory/xml/spring-util.xsd, http://www.springframework.org/schema/beans/spring-beans-2.0.xsd=org/springframework/beans/factory/xml/spring-beans.xsd, http://www.springframework.org/schema/cache/spring-cache.xsd=org/springframework/cache/config/spring-cache.xsd, http://www.springframework.org/schema/tx/spring-tx.xsd=org/springframework/transaction/config/spring-tx.xsd, http://www.springframework.org/schema/security/spring-security-2.0.2.xsd=org/springframework/security/config/spring-security-2.0.2.xsd, http://www.springframework.org/schema/lang/spring-lang-4.2.xsd=org/springframework/scripting/config/spring-lang.xsd, http://www.springframework.org/schema/context/spring-context-4.1.xsd=org/springframework/context/config/spring-context.xsd, http://www.springframework.org/schema/beans/spring-beans-4.3.xsd=org/springframework/beans/factory/xml/spring-beans.xsd, http://www.springframework.org/schema/beans/spring-beans-2.5.xsd=org/springframework/beans/factory/xml/spring-beans.xsd, http://www.springframework.org/schema/tool/spring-tool-4.2.xsd=org/springframework/beans/factory/xml/spring-tool.xsd, http://www.springframework.org/schema/tx/spring-tx-2.0.xsd=org/springframework/transaction/config/spring-tx.xsd, http://www.springframework.org/schema/security/spring-security.xsd=org/springframework/security/config/spring-security-5.0.xsd, http://www.springframework.org/schema/security/spring-security-3.0.xsd=org/springframework/security/config/spring-security-3.0.xsd, http://www.springframework.org/schema/jee/spring-jee-4.2.xsd=org/springframework/ejb/config/spring-jee.xsd, http://www.springframework.org/schema/jdbc/spring-jdbc-3.2.xsd=org/springframework/jdbc/config/spring-jdbc.xsd, http://www.springframework.org/schema/task/spring-task-4.3.xsd=org/springframework/scheduling/config/spring-task.xsd, http://www.springframework.org/schema/aop/spring-aop.xsd=org/springframework/aop/config/spring-aop.xsd}
2020-04-25 21:46:35,606 1866   [           main] DEBUG ry.xml.PluggableSchemaResolver  - Found XML schema [http://www.springframework.org/schema/beans/spring-beans.xsd] in classpath: org/springframework/beans/factory/xml/spring-beans.xsd
2020-04-25 21:46:35,613 1873   [           main] DEBUG ry.xml.PluggableSchemaResolver  - Found XML schema [http://www.springframework.org/schema/context/spring-context.xsd] in classpath: org/springframework/context/config/spring-context.xsd
2020-04-25 21:46:35,616 1876   [           main] DEBUG ry.xml.PluggableSchemaResolver  - Found XML schema [http://www.springframework.org/schema/tool/spring-tool.xsd] in classpath: org/springframework/beans/factory/xml/spring-tool.xsd
2020-04-25 21:46:35,620 1880   [           main] DEBUG ry.xml.PluggableSchemaResolver  - Found XML schema [http://www.springframework.org/schema/tx/spring-tx.xsd] in classpath: org/springframework/transaction/config/spring-tx.xsd
2020-04-25 21:46:35,623 1883   [           main] DEBUG ltBeanDefinitionDocumentReader  - Loading bean definitions
2020-04-25 21:46:35,624 1884   [           main] DEBUG efaultNamespaceHandlerResolver  - Loaded NamespaceHandler mappings: {http://www.springframework.org/schema/p=org.springframework.beans.factory.xml.SimplePropertyNamespaceHandler, http://www.springframework.org/schema/mvc=org.springframework.web.servlet.config.MvcNamespaceHandler, http://www.springframework.org/schema/util=org.springframework.beans.factory.xml.UtilNamespaceHandler, http://www.springframework.org/schema/jee=org.springframework.ejb.config.JeeNamespaceHandler, http://www.springframework.org/schema/aop=org.springframework.aop.config.AopNamespaceHandler, http://www.springframework.org/schema/jdbc=org.springframework.jdbc.config.JdbcNamespaceHandler, http://www.springframework.org/schema/cache=org.springframework.cache.config.CacheNamespaceHandler, http://mybatis.org/schema/mybatis-spring=org.mybatis.spring.config.NamespaceHandler, http://www.springframework.org/schema/c=org.springframework.beans.factory.xml.SimpleConstructorNamespaceHandler, http://www.springframework.org/schema/security=org.springframework.security.config.SecurityNamespaceHandler, http://www.springframework.org/schema/tx=org.springframework.transaction.config.TxNamespaceHandler, http://www.springframework.org/schema/task=org.springframework.scheduling.config.TaskNamespaceHandler, http://www.springframework.org/schema/lang=org.springframework.scripting.config.LangNamespaceHandler, http://www.springframework.org/schema/context=org.springframework.context.config.ContextNamespaceHandler}
2020-04-25 21:46:35,624 1884   [           main] DEBUG ClassPathBeanDefinitionScanner  - JSR-250 'javax.annotation.ManagedBean' found and supported for component scanning
2020-04-25 21:46:35,625 1885   [           main] DEBUG atchingResourcePatternResolver  - Resolved classpath location [com/xumeng/service/] to resources [URL [jar:file:/D:/Code/IdeaProjects/manageSystem-ssm/ms-ssm-service/target/ms-ssm-service-1.0-SNAPSHOT.jar!/com/xumeng/service/]]
2020-04-25 21:46:35,625 1885   [           main] DEBUG atchingResourcePatternResolver  - Looking for matching resources in jar file [file:/D:/Code/IdeaProjects/manageSystem-ssm/ms-ssm-service/target/ms-ssm-service-1.0-SNAPSHOT.jar]
2020-04-25 21:46:35,626 1886   [           main] DEBUG atchingResourcePatternResolver  - Resolved location pattern [classpath*:com/xumeng/service/**/*.class] to resources [URL [jar:file:/D:/Code/IdeaProjects/manageSystem-ssm/ms-ssm-service/target/ms-ssm-service-1.0-SNAPSHOT.jar!/com/xumeng/service/IMemberService.class], URL [jar:file:/D:/Code/IdeaProjects/manageSystem-ssm/ms-ssm-service/target/ms-ssm-service-1.0-SNAPSHOT.jar!/com/xumeng/service/impl/MemberServiceImpl.class], URL [jar:file:/D:/Code/IdeaProjects/manageSystem-ssm/ms-ssm-service/target/ms-ssm-service-1.0-SNAPSHOT.jar!/com/xumeng/service/impl/OrderServiceImpl.class], URL [jar:file:/D:/Code/IdeaProjects/manageSystem-ssm/ms-ssm-service/target/ms-ssm-service-1.0-SNAPSHOT.jar!/com/xumeng/service/impl/PermissionServiceImpl.class], URL [jar:file:/D:/Code/IdeaProjects/manageSystem-ssm/ms-ssm-service/target/ms-ssm-service-1.0-SNAPSHOT.jar!/com/xumeng/service/impl/ProductServiceImpl.class], URL [jar:file:/D:/Code/IdeaProjects/manageSystem-ssm/ms-ssm-service/target/ms-ssm-service-1.0-SNAPSHOT.jar!/com/xumeng/service/impl/TravellerServiceImpl.class], URL [jar:file:/D:/Code/IdeaProjects/manageSystem-ssm/ms-ssm-service/target/ms-ssm-service-1.0-SNAPSHOT.jar!/com/xumeng/service/impl/UserServiceImpl.class], URL [jar:file:/D:/Code/IdeaProjects/manageSystem-ssm/ms-ssm-service/target/ms-ssm-service-1.0-SNAPSHOT.jar!/com/xumeng/service/IOrderService.class], URL [jar:file:/D:/Code/IdeaProjects/manageSystem-ssm/ms-ssm-service/target/ms-ssm-service-1.0-SNAPSHOT.jar!/com/xumeng/service/IPermissionService.class], URL [jar:file:/D:/Code/IdeaProjects/manageSystem-ssm/ms-ssm-service/target/ms-ssm-service-1.0-SNAPSHOT.jar!/com/xumeng/service/IProductService.class], URL [jar:file:/D:/Code/IdeaProjects/manageSystem-ssm/ms-ssm-service/target/ms-ssm-service-1.0-SNAPSHOT.jar!/com/xumeng/service/ITravellerService.class], URL [jar:file:/D:/Code/IdeaProjects/manageSystem-ssm/ms-ssm-service/target/ms-ssm-service-1.0-SNAPSHOT.jar!/com/xumeng/service/IUserService.class]]
2020-04-25 21:46:35,626 1886   [           main] DEBUG ClassPathBeanDefinitionScanner  - Identified candidate component class: URL [jar:file:/D:/Code/IdeaProjects/manageSystem-ssm/ms-ssm-service/target/ms-ssm-service-1.0-SNAPSHOT.jar!/com/xumeng/service/impl/MemberServiceImpl.class]
2020-04-25 21:46:35,627 1887   [           main] DEBUG ClassPathBeanDefinitionScanner  - Identified candidate component class: URL [jar:file:/D:/Code/IdeaProjects/manageSystem-ssm/ms-ssm-service/target/ms-ssm-service-1.0-SNAPSHOT.jar!/com/xumeng/service/impl/OrderServiceImpl.class]
2020-04-25 21:46:35,627 1887   [           main] DEBUG ClassPathBeanDefinitionScanner  - Identified candidate component class: URL [jar:file:/D:/Code/IdeaProjects/manageSystem-ssm/ms-ssm-service/target/ms-ssm-service-1.0-SNAPSHOT.jar!/com/xumeng/service/impl/PermissionServiceImpl.class]
2020-04-25 21:46:35,627 1887   [           main] DEBUG ClassPathBeanDefinitionScanner  - Identified candidate component class: URL [jar:file:/D:/Code/IdeaProjects/manageSystem-ssm/ms-ssm-service/target/ms-ssm-service-1.0-SNAPSHOT.jar!/com/xumeng/service/impl/ProductServiceImpl.class]
2020-04-25 21:46:35,628 1888   [           main] DEBUG ClassPathBeanDefinitionScanner  - Identified candidate component class: URL [jar:file:/D:/Code/IdeaProjects/manageSystem-ssm/ms-ssm-service/target/ms-ssm-service-1.0-SNAPSHOT.jar!/com/xumeng/service/impl/TravellerServiceImpl.class]
2020-04-25 21:46:35,628 1888   [           main] DEBUG ClassPathBeanDefinitionScanner  - Identified candidate component class: URL [jar:file:/D:/Code/IdeaProjects/manageSystem-ssm/ms-ssm-service/target/ms-ssm-service-1.0-SNAPSHOT.jar!/com/xumeng/service/impl/UserServiceImpl.class]
2020-04-25 21:46:35,630 1890   [           main] DEBUG ClassPathBeanDefinitionScanner  - JSR-250 'javax.annotation.ManagedBean' found and supported for component scanning
2020-04-25 21:46:35,631 1891   [           main] DEBUG atchingResourcePatternResolver  - Resolved classpath location [com/xumeng/dao/] to resources [URL [jar:file:/D:/Code/IdeaProjects/manageSystem-ssm/ms-ssm-dao/target/ms-ssm-dao-1.0-SNAPSHOT.jar!/com/xumeng/dao/]]
2020-04-25 21:46:35,631 1891   [           main] DEBUG atchingResourcePatternResolver  - Looking for matching resources in jar file [file:/D:/Code/IdeaProjects/manageSystem-ssm/ms-ssm-dao/target/ms-ssm-dao-1.0-SNAPSHOT.jar]
2020-04-25 21:46:35,631 1891   [           main] DEBUG atchingResourcePatternResolver  - Resolved location pattern [classpath*:com/xumeng/dao/**/*.class] to resources [URL [jar:file:/D:/Code/IdeaProjects/manageSystem-ssm/ms-ssm-dao/target/ms-ssm-dao-1.0-SNAPSHOT.jar!/com/xumeng/dao/IMemberDao.class], URL [jar:file:/D:/Code/IdeaProjects/manageSystem-ssm/ms-ssm-dao/target/ms-ssm-dao-1.0-SNAPSHOT.jar!/com/xumeng/dao/IOrderDao.class], URL [jar:file:/D:/Code/IdeaProjects/manageSystem-ssm/ms-ssm-dao/target/ms-ssm-dao-1.0-SNAPSHOT.jar!/com/xumeng/dao/IPermissionDao.class], URL [jar:file:/D:/Code/IdeaProjects/manageSystem-ssm/ms-ssm-dao/target/ms-ssm-dao-1.0-SNAPSHOT.jar!/com/xumeng/dao/IProductDao.class], URL [jar:file:/D:/Code/IdeaProjects/manageSystem-ssm/ms-ssm-dao/target/ms-ssm-dao-1.0-SNAPSHOT.jar!/com/xumeng/dao/IRoleDao.class], URL [jar:file:/D:/Code/IdeaProjects/manageSystem-ssm/ms-ssm-dao/target/ms-ssm-dao-1.0-SNAPSHOT.jar!/com/xumeng/dao/ITravellerDao.class], URL [jar:file:/D:/Code/IdeaProjects/manageSystem-ssm/ms-ssm-dao/target/ms-ssm-dao-1.0-SNAPSHOT.jar!/com/xumeng/dao/IUserDao.class]]
2020-04-25 21:46:35,634 1894   [           main] DEBUG l.BeanDefinitionParserDelegate  - Neither XML 'id' nor 'name' specified - using generated bean name [com.github.pagehelper.PageInterceptor#753432a2]
2020-04-25 21:46:35,634 1894   [           main] DEBUG ry.xml.XmlBeanDefinitionReader  - Loaded 22 bean definitions from location pattern [classpath:applicationContext.xml]
2020-04-25 21:46:35,634 1894   [           main] INFO  port.GenericApplicationContext  - Refreshing org.springframework.context.support.GenericApplicationContext@6d23017e: startup date [Sat Apr 25 21:46:35 CST 2020]; root of context hierarchy
2020-04-25 21:46:35,635 1895   [           main] DEBUG port.GenericApplicationContext  - Bean factory for org.springframework.context.support.GenericApplicationContext@6d23017e: org.springframework.beans.factory.support.DefaultListableBeanFactory@23bff419: defining beans [memberServiceImpl,orderServiceImpl,permissionServiceImpl,productServiceImpl,travellerServiceImpl,userService,org.springframework.context.annotation.internalConfigurationAnnotationProcessor,org.springframework.context.annotation.internalAutowiredAnnotationProcessor,org.springframework.context.annotation.internalRequiredAnnotationProcessor,org.springframework.context.annotation.internalCommonAnnotationProcessor,org.springframework.context.event.internalEventListenerProcessor,org.springframework.context.event.internalEventListenerFactory,org.springframework.context.support.PropertySourcesPlaceholderConfigurer#0,dataSource,sqlSessionFactory,mapperScanner,transactionManager,org.springframework.transaction.config.internalTransactionalEventListenerFactory,org.springframework.aop.config.internalAutoProxyCreator,org.springframework.transaction.annotation.AnnotationTransactionAttributeSource#0,org.springframework.transaction.interceptor.TransactionInterceptor#0,org.springframework.transaction.config.internalTransactionAdvisor]; root of factory hierarchy
2020-04-25 21:46:35,635 1895   [           main] DEBUG ort.DefaultListableBeanFactory  - Creating shared instance of singleton bean 'org.springframework.context.annotation.internalConfigurationAnnotationProcessor'
2020-04-25 21:46:35,635 1895   [           main] DEBUG ort.DefaultListableBeanFactory  - Creating instance of bean 'org.springframework.context.annotation.internalConfigurationAnnotationProcessor'
2020-04-25 21:46:35,635 1895   [           main] DEBUG ort.DefaultListableBeanFactory  - Eagerly caching bean 'org.springframework.context.annotation.internalConfigurationAnnotationProcessor' to allow for resolving potential circular references
2020-04-25 21:46:35,635 1895   [           main] DEBUG ort.DefaultListableBeanFactory  - Finished creating instance of bean 'org.springframework.context.annotation.internalConfigurationAnnotationProcessor'
2020-04-25 21:46:35,649 1909   [           main] DEBUG ort.DefaultListableBeanFactory  - Creating shared instance of singleton bean 'mapperScanner'
2020-04-25 21:46:35,649 1909   [           main] DEBUG ort.DefaultListableBeanFactory  - Creating instance of bean 'mapperScanner'
2020-04-25 21:46:35,649 1909   [           main] DEBUG ort.DefaultListableBeanFactory  - Eagerly caching bean 'mapperScanner' to allow for resolving potential circular references
2020-04-25 21:46:35,651 1911   [           main] DEBUG ort.DefaultListableBeanFactory  - Invoking afterPropertiesSet() on bean with name 'mapperScanner'
2020-04-25 21:46:35,651 1911   [           main] DEBUG ort.DefaultListableBeanFactory  - Finished creating instance of bean 'mapperScanner'
2020-04-25 21:46:35,651 1911   [           main] DEBUG k.core.env.StandardEnvironment  - Adding PropertySource 'systemProperties' with lowest search precedence
2020-04-25 21:46:35,651 1911   [           main] DEBUG k.core.env.StandardEnvironment  - Adding PropertySource 'systemEnvironment' with lowest search precedence
2020-04-25 21:46:35,652 1912   [           main] DEBUG k.core.env.StandardEnvironment  - Initialized StandardEnvironment with PropertySources [MapPropertySource@1479140596 {name='systemProperties', properties={java.runtime.name=Java(TM) SE Runtime Environment, sun.boot.library.path=C:\Program Files\Java\jdk1.8.0_131\jre\bin, java.vm.version=25.131-b11, java.vm.vendor=Oracle Corporation, java.vendor.url=http://java.oracle.com/, path.separator=;, java.vm.name=Java HotSpot(TM) 64-Bit Server VM, file.encoding.pkg=sun.io, user.country=CN, user.script=, sun.java.launcher=SUN_STANDARD, sun.os.patch.level=, java.vm.specification.name=Java Virtual Machine Specification, user.dir=D:\Code\IdeaProjects\manageSystem-ssm\ms-ssm-web, java.runtime.version=1.8.0_131-b11, basedir=D:\Code\IdeaProjects\manageSystem-ssm\ms-ssm-web, java.awt.graphicsenv=sun.awt.Win32GraphicsEnvironment, java.endorsed.dirs=C:\Program Files\Java\jdk1.8.0_131\jre\lib\endorsed, os.arch=amd64, surefire.real.class.path=C:\Users\xm\AppData\Local\Temp\surefire7497552715305907156\surefirebooter6811015789613867580.jar, java.io.tmpdir=C:\Users\xm\AppData\Local\Temp\, line.separator=
, java.vm.specification.vendor=Oracle Corporation, user.variant=, os.name=Windows 10, sun.jnu.encoding=GBK, java.library.path=C:\Program Files\Java\jdk1.8.0_131\jre\bin;C:\Windows\Sun\Java\bin;C:\Windows\system32;C:\Windows;D:\MyProgram\orcl\bin;D:\MyProgram\Anaconda3;D:\MyProgram\Anaconda3\Library\mingw-w64\bin;D:\MyProgram\Anaconda3\Library\usr\bin;D:\MyProgram\Anaconda3\Library\bin;D:\MyProgram\Anaconda3\Scripts;C:\ProgramData\Oracle\Java\javapath;C:\Windows\system32;C:\Windows;C:\Windows\System32\Wbem;C:\Windows\System32\WindowsPowerShell\v1.0\;C:\Windows\System32\OpenSSH\;C:\Program Files\Java\jdk1.8.0_131\bin;C:\Program Files\Java\jdk1.8.0_131\jre\bin;C:\Program Files (x86)\MySQL\MySQL Server 5.5\bin;D:\MyProgram\Git\cmd;D:\Maven\bin\;D:\MyProgram\redis-2.8.9;D:\Maven_V_354\apache-maven-3.5.4\bin\;D:\MyProgram\nodejs\;D:\MyProgram\nodejs\npm_modules\;D:\MyProgram\erl10.4\bin;D:\MyProgram\ffmpeg\bin\;D:\MyProgram\OpenSSL-Win64\bin\;D:\MyProgram\Ruby25-x64\bin;C:\Users\xm\AppData\Local\Microsoft\WindowsApps;;D:\MyProgram\JetBrains\IntelliJ IDEA 2019.3.3\bin;;D:\MyProgram\Microsoft VS Code\bin;D:\MyProgram\JetBrains\PyCharm 2019.3.3\bin;;D:\MyProgram\JetBrains\WebStorm 2019.3.3\bin;;C:\Users\xm\AppData\Roaming\npm;., surefire.test.class.path=D:\Code\IdeaProjects\manageSystem-ssm\ms-ssm-web\target\test-classes;D:\Code\IdeaProjects\manageSystem-ssm\ms-ssm-web\target\classes;E:\maven-repository\junit\junit\4.12\junit-4.12.jar;E:\maven-repository\org\hamcrest\hamcrest-core\1.3\hamcrest-core-1.3.jar;D:\Code\IdeaProjects\manageSystem-ssm\ms-ssm-domain\target\ms-ssm-domain-1.0-SNAPSHOT.jar;D:\Code\IdeaProjects\manageSystem-ssm\ms-ssm-utils\target\ms-ssm-utils-1.0-SNAPSHOT.jar;D:\Code\IdeaProjects\manageSystem-ssm\ms-ssm-service\target\ms-ssm-service-1.0-SNAPSHOT.jar;D:\Code\IdeaProjects\manageSystem-ssm\ms-ssm-dao\target\ms-ssm-dao-1.0-SNAPSHOT.jar;E:\maven-repository\com\fasterxml\jackson\core\jackson-databind\2.9.7\jackson-databind-2.9.7.jar;E:\maven-repository\com\fasterxml\jackson\core\jackson-annotations\2.9.0\jackson-annotations-2.9.0.jar;E:\maven-repository\com\fasterxml\jackson\core\jackson-core\2.9.7\jackson-core-2.9.7.jar;E:\maven-repository\com\github\pagehelper\pagehelper\5.1.2\pagehelper-5.1.2.jar;E:\maven-repository\com\github\jsqlparser\jsqlparser\1.0\jsqlparser-1.0.jar;E:\maven-repository\javax\annotation\javax.annotation-api\1.3.1\javax.annotation-api-1.3.1.jar;E:\maven-repository\org\springframework\security\spring-security-web\5.0.1.RELEASE\spring-security-web-5.0.1.RELEASE.jar;E:\maven-repository\org\springframework\spring-expression\5.0.3.RELEASE\spring-expression-5.0.3.RELEASE.jar;E:\maven-repository\org\springframework\security\spring-security-config\5.0.1.RELEASE\spring-security-config-5.0.1.RELEASE.jar;E:\maven-repository\org\springframework\security\spring-security-core\5.0.1.RELEASE\spring-security-core-5.0.1.RELEASE.jar;E:\maven-repository\org\springframework\security\spring-security-taglibs\5.0.1.RELEASE\spring-security-taglibs-5.0.1.RELEASE.jar;E:\maven-repository\org\springframework\security\spring-security-acl\5.0.1.RELEASE\spring-security-acl-5.0.1.RELEASE.jar;E:\maven-repository\org\aspectj\aspectjweaver\1.6.8\aspectjweaver-1.6.8.jar;E:\maven-repository\org\springframework\spring-aop\5.0.2.RELEASE\spring-aop-5.0.2.RELEASE.jar;E:\maven-repository\org\springframework\spring-context\5.0.2.RELEASE\spring-context-5.0.2.RELEASE.jar;E:\maven-repository\org\springframework\spring-context-support\5.0.2.RELEASE\spring-context-support-5.0.2.RELEASE.jar;E:\maven-repository\org\springframework\spring-web\5.0.2.RELEASE\spring-web-5.0.2.RELEASE.jar;E:\maven-repository\org\springframework\spring-orm\5.0.2.RELEASE\spring-orm-5.0.2.RELEASE.jar;E:\maven-repository\org\springframework\spring-jdbc\5.0.2.RELEASE\spring-jdbc-5.0.2.RELEASE.jar;E:\maven-repository\org\springframework\spring-beans\5.0.2.RELEASE\spring-beans-5.0.2.RELEASE.jar;E:\maven-repository\org\springframework\spring-core\5.0.2.RELEASE\spring-core-5.0.2.RELEASE.jar;E:\maven-repository\org\springframework\spring-jcl\5.0.2.RELEASE\spring-jcl-5.0.2.RELEASE.jar;E:\maven-repository\org\springframework\spring-test\5.0.2.RELEASE\spring-test-5.0.2.RELEASE.jar;E:\maven-repository\org\springframework\spring-webmvc\5.0.2.RELEASE\spring-webmvc-5.0.2.RELEASE.jar;E:\maven-repository\org\springframework\spring-tx\5.0.2.RELEASE\spring-tx-5.0.2.RELEASE.jar;E:\maven-repository\javax\servlet\javax.servlet-api\3.1.0\javax.servlet-api-3.1.0.jar;E:\maven-repository\javax\servlet\jsp\jsp-api\2.0\jsp-api-2.0.jar;E:\maven-repository\jstl\jstl\1.2\jstl-1.2.jar;E:\maven-repository\log4j\log4j\1.2.12\log4j-1.2.12.jar;E:\maven-repository\org\slf4j\slf4j-api\1.6.6\slf4j-api-1.6.6.jar;E:\maven-repository\org\slf4j\slf4j-log4j12\1.6.6\slf4j-log4j12-1.6.6.jar;E:\maven-repository\org\mybatis\mybatis\3.4.5\mybatis-3.4.5.jar;E:\maven-repository\org\mybatis\mybatis-spring\1.3.0\mybatis-spring-1.3.0.jar;E:\maven-repository\c3p0\c3p0\0.9.1.2\c3p0-0.9.1.2.jar;E:\maven-repository\mysql\mysql-connector-java\5.1.6\mysql-connector-java-5.1.6.jar;E:\maven-repository\javax\annotation\jsr250-api\1.0\jsr250-api-1.0.jar;E:\maven-repository\org\projectlombok\lombok\1.16.16\lombok-1.16.16.jar;, java.specification.name=Java Platform API Specification, java.class.version=52.0, sun.management.compiler=HotSpot 64-Bit Tiered Compilers, maven.repo.local=E:\maven-repository, idea.version2019.3.3=true, os.version=10.0, user.home=C:\Users\xm, user.timezone=Asia/Shanghai, java.awt.printerjob=sun.awt.windows.WPrinterJob, file.encoding=GBK, java.specification.version=1.8, java.class.path=D:\Code\IdeaProjects\manageSystem-ssm\ms-ssm-web\target\test-classes;D:\Code\IdeaProjects\manageSystem-ssm\ms-ssm-web\target\classes;E:\maven-repository\junit\junit\4.12\junit-4.12.jar;E:\maven-repository\org\hamcrest\hamcrest-core\1.3\hamcrest-core-1.3.jar;D:\Code\IdeaProjects\manageSystem-ssm\ms-ssm-domain\target\ms-ssm-domain-1.0-SNAPSHOT.jar;D:\Code\IdeaProjects\manageSystem-ssm\ms-ssm-utils\target\ms-ssm-utils-1.0-SNAPSHOT.jar;D:\Code\IdeaProjects\manageSystem-ssm\ms-ssm-service\target\ms-ssm-service-1.0-SNAPSHOT.jar;D:\Code\IdeaProjects\manageSystem-ssm\ms-ssm-dao\target\ms-ssm-dao-1.0-SNAPSHOT.jar;E:\maven-repository\com\fasterxml\jackson\core\jackson-databind\2.9.7\jackson-databind-2.9.7.jar;E:\maven-repository\com\fasterxml\jackson\core\jackson-annotations\2.9.0\jackson-annotations-2.9.0.jar;E:\maven-repository\com\fasterxml\jackson\core\jackson-core\2.9.7\jackson-core-2.9.7.jar;E:\maven-repository\com\github\pagehelper\pagehelper\5.1.2\pagehelper-5.1.2.jar;E:\maven-repository\com\github\jsqlparser\jsqlparser\1.0\jsqlparser-1.0.jar;E:\maven-repository\javax\annotation\javax.annotation-api\1.3.1\javax.annotation-api-1.3.1.jar;E:\maven-repository\org\springframework\security\spring-security-web\5.0.1.RELEASE\spring-security-web-5.0.1.RELEASE.jar;E:\maven-repository\org\springframework\spring-expression\5.0.3.RELEASE\spring-expression-5.0.3.RELEASE.jar;E:\maven-repository\org\springframework\security\spring-security-config\5.0.1.RELEASE\spring-security-config-5.0.1.RELEASE.jar;E:\maven-repository\org\springframework\security\spring-security-core\5.0.1.RELEASE\spring-security-core-5.0.1.RELEASE.jar;E:\maven-repository\org\springframework\security\spring-security-taglibs\5.0.1.RELEASE\spring-security-taglibs-5.0.1.RELEASE.jar;E:\maven-repository\org\springframework\security\spring-security-acl\5.0.1.RELEASE\spring-security-acl-5.0.1.RELEASE.jar;E:\maven-repository\org\aspectj\aspectjweaver\1.6.8\aspectjweaver-1.6.8.jar;E:\maven-repository\org\springframework\spring-aop\5.0.2.RELEASE\spring-aop-5.0.2.RELEASE.jar;E:\maven-repository\org\springframework\spring-context\5.0.2.RELEASE\spring-context-5.0.2.RELEASE.jar;E:\maven-repository\org\springframework\spring-context-support\5.0.2.RELEASE\spring-context-support-5.0.2.RELEASE.jar;E:\maven-repository\org\springframework\spring-web\5.0.2.RELEASE\spring-web-5.0.2.RELEASE.jar;E:\maven-repository\org\springframework\spring-orm\5.0.2.RELEASE\spring-orm-5.0.2.RELEASE.jar;E:\maven-repository\org\springframework\spring-jdbc\5.0.2.RELEASE\spring-jdbc-5.0.2.RELEASE.jar;E:\maven-repository\org\springframework\spring-beans\5.0.2.RELEASE\spring-beans-5.0.2.RELEASE.jar;E:\maven-repository\org\springframework\spring-core\5.0.2.RELEASE\spring-core-5.0.2.RELEASE.jar;E:\maven-repository\org\springframework\spring-jcl\5.0.2.RELEASE\spring-jcl-5.0.2.RELEASE.jar;E:\maven-repository\org\springframework\spring-test\5.0.2.RELEASE\spring-test-5.0.2.RELEASE.jar;E:\maven-repository\org\springframework\spring-webmvc\5.0.2.RELEASE\spring-webmvc-5.0.2.RELEASE.jar;E:\maven-repository\org\springframework\spring-tx\5.0.2.RELEASE\spring-tx-5.0.2.RELEASE.jar;E:\maven-repository\javax\servlet\javax.servlet-api\3.1.0\javax.servlet-api-3.1.0.jar;E:\maven-repository\javax\servlet\jsp\jsp-api\2.0\jsp-api-2.0.jar;E:\maven-repository\jstl\jstl\1.2\jstl-1.2.jar;E:\maven-repository\log4j\log4j\1.2.12\log4j-1.2.12.jar;E:\maven-repository\org\slf4j\slf4j-api\1.6.6\slf4j-api-1.6.6.jar;E:\maven-repository\org\slf4j\slf4j-log4j12\1.6.6\slf4j-log4j12-1.6.6.jar;E:\maven-repository\org\mybatis\mybatis\3.4.5\mybatis-3.4.5.jar;E:\maven-repository\org\mybatis\mybatis-spring\1.3.0\mybatis-spring-1.3.0.jar;E:\maven-repository\c3p0\c3p0\0.9.1.2\c3p0-0.9.1.2.jar;E:\maven-repository\mysql\mysql-connector-java\5.1.6\mysql-connector-java-5.1.6.jar;E:\maven-repository\javax\annotation\jsr250-api\1.0\jsr250-api-1.0.jar;E:\maven-repository\org\projectlombok\lombok\1.16.16\lombok-1.16.16.jar;, user.name=xm, java.vm.specification.version=1.8, sun.java.command=C:\Users\xm\AppData\Local\Temp\surefire7497552715305907156\surefirebooter6811015789613867580.jar C:\Users\xm\AppData\Local\Temp\surefire7497552715305907156 2020-04-25T21-46-33_033-jvmRun1 surefire7780568927660488430tmp surefire_03629623413987528247tmp, java.home=C:\Program Files\Java\jdk1.8.0_131\jre, sun.arch.data.model=64, user.language=zh, java.specification.vendor=Oracle Corporation, awt.toolkit=sun.awt.windows.WToolkit, java.vm.info=mixed mode, java.version=1.8.0_131, java.ext.dirs=C:\Program Files\Java\jdk1.8.0_131\jre\lib\ext;C:\Windows\Sun\Java\lib\ext, sun.boot.class.path=C:\Program Files\Java\jdk1.8.0_131\jre\lib\resources.jar;C:\Program Files\Java\jdk1.8.0_131\jre\lib\rt.jar;C:\Program Files\Java\jdk1.8.0_131\jre\lib\sunrsasign.jar;C:\Program Files\Java\jdk1.8.0_131\jre\lib\jsse.jar;C:\Program Files\Java\jdk1.8.0_131\jre\lib\jce.jar;C:\Program Files\Java\jdk1.8.0_131\jre\lib\charsets.jar;C:\Program Files\Java\jdk1.8.0_131\jre\lib\jfr.jar;C:\Program Files\Java\jdk1.8.0_131\jre\classes, java.vendor=Oracle Corporation, localRepository=E:\maven-repository, file.separator=\, java.vendor.url.bug=http://bugreport.sun.com/bugreport/, sun.io.unicode.encoding=UnicodeLittle, sun.cpu.endian=little, sun.desktop=windows, sun.cpu.isalist=amd64}}, SystemEnvironmentPropertySource@1108889615 {name='systemEnvironment', properties={PATH=D:\MyProgram\orcl\bin;D:\MyProgram\Anaconda3;D:\MyProgram\Anaconda3\Library\mingw-w64\bin;D:\MyProgram\Anaconda3\Library\usr\bin;D:\MyProgram\Anaconda3\Library\bin;D:\MyProgram\Anaconda3\Scripts;C:\ProgramData\Oracle\Java\javapath;C:\Windows\system32;C:\Windows;C:\Windows\System32\Wbem;C:\Windows\System32\WindowsPowerShell\v1.0\;C:\Windows\System32\OpenSSH\;C:\Program Files\Java\jdk1.8.0_131\bin;C:\Program Files\Java\jdk1.8.0_131\jre\bin;C:\Program Files (x86)\MySQL\MySQL Server 5.5\bin;D:\MyProgram\Git\cmd;D:\Maven\bin\;D:\MyProgram\redis-2.8.9;D:\Maven_V_354\apache-maven-3.5.4\bin\;D:\MyProgram\nodejs\;D:\MyProgram\nodejs\npm_modules\;D:\MyProgram\erl10.4\bin;D:\MyProgram\ffmpeg\bin\;D:\MyProgram\OpenSSL-Win64\bin\;D:\MyProgram\Ruby25-x64\bin;C:\Users\xm\AppData\Local\Microsoft\WindowsApps;;D:\MyProgram\JetBrains\IntelliJ IDEA 2019.3.3\bin;;D:\MyProgram\Microsoft VS Code\bin;D:\MyProgram\JetBrains\PyCharm 2019.3.3\bin;;D:\MyProgram\JetBrains\WebStorm 2019.3.3\bin;;C:\Users\xm\AppData\Roaming\npm, USERDOMAIN_ROAMINGPROFILE=DESKTOP-9ENUAHE, PROCESSOR_LEVEL=23, SYSTEMDRIVE=C:, SESSIONNAME=Console, ALLUSERSPROFILE=C:\ProgramData, PROCESSOR_ARCHITECTURE=AMD64, DRIVERDATA=C:\Windows\System32\Drivers\DriverData, MAVEN_HOME=D:\Maven, PROGRAMFILES=C:\Program Files, PSMODULEPATH=C:\Program Files\WindowsPowerShell\Modules;C:\Windows\system32\WindowsPowerShell\v1.0\Modules, PROGRAMDATA=C:\ProgramData, USERNAME=xm, FPS_BROWSER_USER_PROFILE_STRING=Default, ONEDRIVE=C:\Users\xm\OneDrive, PATHEXT=.COM;.EXE;.BAT;.CMD;.VBS;.VBE;.JS;.JSE;.WSF;.WSH;.MSC;.RB;.RBW, MAVEN_HOME2=D:\Maven_V_354\apache-maven-3.5.4, WINDIR=C:\Windows, HOMEPATH=\Users\xm, PROCESSOR_IDENTIFIER=AMD64 Family 23 Model 8 Stepping 2, AuthenticAMD, PUBLIC=C:\Users\Public, =::=::\, LOCALAPPDATA=C:\Users\xm\AppData\Local, COMMONPROGRAMFILES(X86)=C:\Program Files (x86)\Common Files, USERDOMAIN=DESKTOP-9ENUAHE, FPS_BROWSER_APP_PROFILE_STRING=Internet Explorer, LOGONSERVER=\\DESKTOP-9ENUAHE, JAVA_HOME=C:\Program Files\Java\jdk1.8.0_131, PROMPT=$P$G, PROGRAMFILES(X86)=C:\Program Files (x86), INTELLIJ IDEA=D:\MyProgram\JetBrains\IntelliJ IDEA 2019.3.3\bin;, ERLANG_HOME=D:\MyProgram\erl10.4, APPDATA=C:\Users\xm\AppData\Roaming, PROGRAMW6432=C:\Program Files, SYSTEMROOT=C:\Windows, PERL5LIB=D:\MyProgram\orcl\perl\5.8.3\lib\MSWin32-x86;D:\MyProgram\orcl\perl\5.8.3\lib;D:\MyProgram\orcl\perl\5.8.3\lib\MSWin32-x86;D:\MyProgram\orcl\perl\site\5.8.3;D:\MyProgram\orcl\perl\site\5.8.3\lib;D:\MyProgram\orcl\sysman\admin\scripts;, OS=Windows_NT, COMMONPROGRAMW6432=C:\Program Files\Common Files, COMPUTERNAME=DESKTOP-9ENUAHE, COMMONPROGRAMFILES=C:\Program Files\Common Files, COMSPEC=C:\Windows\system32\cmd.exe, CATALINA_HOME=D:\MyProgram\Tomcat\apache-tomcat-7.0.100, PROCESSOR_REVISION=0802, CLASSPATH=.;C:\Program Files\Java\jdk1.8.0_131\lib;C:\Program Files\Java\jdk1.8.0_131\lib\tools.jar, PYCHARM=D:\MyProgram\JetBrains\PyCharm 2019.3.3\bin;, RUBYOPT=-Eutf-8, =D:=D:\Code\IdeaProjects\manageSystem-ssm\ms-ssm-web, TEMP=C:\Users\xm\AppData\Local\Temp, HOMEDRIVE=C:, USERPROFILE=C:\Users\xm, TMP=C:\Users\xm\AppData\Local\Temp, WEBSTORM=D:\MyProgram\JetBrains\WebStorm 2019.3.3\bin;, NUMBER_OF_PROCESSORS=12, IDEA_INITIAL_DIRECTORY=C:\Users\xm\Desktop}}]
2020-04-25 21:46:35,653 1913   [           main] DEBUG atchingResourcePatternResolver  - Resolved classpath location [com/xumeng/dao/] to resources [URL [jar:file:/D:/Code/IdeaProjects/manageSystem-ssm/ms-ssm-dao/target/ms-ssm-dao-1.0-SNAPSHOT.jar!/com/xumeng/dao/]]
2020-04-25 21:46:35,654 1914   [           main] DEBUG atchingResourcePatternResolver  - Looking for matching resources in jar file [file:/D:/Code/IdeaProjects/manageSystem-ssm/ms-ssm-dao/target/ms-ssm-dao-1.0-SNAPSHOT.jar]
2020-04-25 21:46:35,654 1914   [           main] DEBUG atchingResourcePatternResolver  - Resolved location pattern [classpath*:com/xumeng/dao/**/*.class] to resources [URL [jar:file:/D:/Code/IdeaProjects/manageSystem-ssm/ms-ssm-dao/target/ms-ssm-dao-1.0-SNAPSHOT.jar!/com/xumeng/dao/IMemberDao.class], URL [jar:file:/D:/Code/IdeaProjects/manageSystem-ssm/ms-ssm-dao/target/ms-ssm-dao-1.0-SNAPSHOT.jar!/com/xumeng/dao/IOrderDao.class], URL [jar:file:/D:/Code/IdeaProjects/manageSystem-ssm/ms-ssm-dao/target/ms-ssm-dao-1.0-SNAPSHOT.jar!/com/xumeng/dao/IPermissionDao.class], URL [jar:file:/D:/Code/IdeaProjects/manageSystem-ssm/ms-ssm-dao/target/ms-ssm-dao-1.0-SNAPSHOT.jar!/com/xumeng/dao/IProductDao.class], URL [jar:file:/D:/Code/IdeaProjects/manageSystem-ssm/ms-ssm-dao/target/ms-ssm-dao-1.0-SNAPSHOT.jar!/com/xumeng/dao/IRoleDao.class], URL [jar:file:/D:/Code/IdeaProjects/manageSystem-ssm/ms-ssm-dao/target/ms-ssm-dao-1.0-SNAPSHOT.jar!/com/xumeng/dao/ITravellerDao.class], URL [jar:file:/D:/Code/IdeaProjects/manageSystem-ssm/ms-ssm-dao/target/ms-ssm-dao-1.0-SNAPSHOT.jar!/com/xumeng/dao/IUserDao.class]]
2020-04-25 21:46:35,654 1914   [           main] DEBUG .mapper.ClassPathMapperScanner  - Identified candidate component class: URL [jar:file:/D:/Code/IdeaProjects/manageSystem-ssm/ms-ssm-dao/target/ms-ssm-dao-1.0-SNAPSHOT.jar!/com/xumeng/dao/IMemberDao.class]
2020-04-25 21:46:35,654 1914   [           main] DEBUG .mapper.ClassPathMapperScanner  - Identified candidate component class: URL [jar:file:/D:/Code/IdeaProjects/manageSystem-ssm/ms-ssm-dao/target/ms-ssm-dao-1.0-SNAPSHOT.jar!/com/xumeng/dao/IOrderDao.class]
2020-04-25 21:46:35,654 1914   [           main] DEBUG .mapper.ClassPathMapperScanner  - Identified candidate component class: URL [jar:file:/D:/Code/IdeaProjects/manageSystem-ssm/ms-ssm-dao/target/ms-ssm-dao-1.0-SNAPSHOT.jar!/com/xumeng/dao/IPermissionDao.class]
2020-04-25 21:46:35,654 1914   [           main] DEBUG .mapper.ClassPathMapperScanner  - Identified candidate component class: URL [jar:file:/D:/Code/IdeaProjects/manageSystem-ssm/ms-ssm-dao/target/ms-ssm-dao-1.0-SNAPSHOT.jar!/com/xumeng/dao/IProductDao.class]
2020-04-25 21:46:35,654 1914   [           main] DEBUG .mapper.ClassPathMapperScanner  - Identified candidate component class: URL [jar:file:/D:/Code/IdeaProjects/manageSystem-ssm/ms-ssm-dao/target/ms-ssm-dao-1.0-SNAPSHOT.jar!/com/xumeng/dao/IRoleDao.class]
2020-04-25 21:46:35,654 1914   [           main] DEBUG .mapper.ClassPathMapperScanner  - Identified candidate component class: URL [jar:file:/D:/Code/IdeaProjects/manageSystem-ssm/ms-ssm-dao/target/ms-ssm-dao-1.0-SNAPSHOT.jar!/com/xumeng/dao/ITravellerDao.class]
2020-04-25 21:46:35,654 1914   [           main] DEBUG .mapper.ClassPathMapperScanner  - Identified candidate component class: URL [jar:file:/D:/Code/IdeaProjects/manageSystem-ssm/ms-ssm-dao/target/ms-ssm-dao-1.0-SNAPSHOT.jar!/com/xumeng/dao/IUserDao.class]
2020-04-25 21:46:35,655 1915   [           main] DEBUG .mapper.ClassPathMapperScanner  - Creating MapperFactoryBean with name 'IMemberDao' and 'com.xumeng.dao.IMemberDao' mapperInterface
2020-04-25 21:46:35,655 1915   [           main] DEBUG .mapper.ClassPathMapperScanner  - Enabling autowire by type for MapperFactoryBean with name 'IMemberDao'.
2020-04-25 21:46:35,655 1915   [           main] DEBUG .mapper.ClassPathMapperScanner  - Creating MapperFactoryBean with name 'IOrderDao' and 'com.xumeng.dao.IOrderDao' mapperInterface
2020-04-25 21:46:35,655 1915   [           main] DEBUG .mapper.ClassPathMapperScanner  - Enabling autowire by type for MapperFactoryBean with name 'IOrderDao'.
2020-04-25 21:46:35,655 1915   [           main] DEBUG .mapper.ClassPathMapperScanner  - Creating MapperFactoryBean with name 'IPermissionDao' and 'com.xumeng.dao.IPermissionDao' mapperInterface
2020-04-25 21:46:35,655 1915   [           main] DEBUG .mapper.ClassPathMapperScanner  - Enabling autowire by type for MapperFactoryBean with name 'IPermissionDao'.
2020-04-25 21:46:35,655 1915   [           main] DEBUG .mapper.ClassPathMapperScanner  - Creating MapperFactoryBean with name 'IProductDao' and 'com.xumeng.dao.IProductDao' mapperInterface
2020-04-25 21:46:35,655 1915   [           main] DEBUG .mapper.ClassPathMapperScanner  - Enabling autowire by type for MapperFactoryBean with name 'IProductDao'.
2020-04-25 21:46:35,655 1915   [           main] DEBUG .mapper.ClassPathMapperScanner  - Creating MapperFactoryBean with name 'IRoleDao' and 'com.xumeng.dao.IRoleDao' mapperInterface
2020-04-25 21:46:35,655 1915   [           main] DEBUG .mapper.ClassPathMapperScanner  - Enabling autowire by type for MapperFactoryBean with name 'IRoleDao'.
2020-04-25 21:46:35,655 1915   [           main] DEBUG .mapper.ClassPathMapperScanner  - Creating MapperFactoryBean with name 'ITravellerDao' and 'com.xumeng.dao.ITravellerDao' mapperInterface
2020-04-25 21:46:35,655 1915   [           main] DEBUG .mapper.ClassPathMapperScanner  - Enabling autowire by type for MapperFactoryBean with name 'ITravellerDao'.
2020-04-25 21:46:35,655 1915   [           main] DEBUG .mapper.ClassPathMapperScanner  - Creating MapperFactoryBean with name 'IUserDao' and 'com.xumeng.dao.IUserDao' mapperInterface
2020-04-25 21:46:35,655 1915   [           main] DEBUG .mapper.ClassPathMapperScanner  - Enabling autowire by type for MapperFactoryBean with name 'IUserDao'.
2020-04-25 21:46:35,655 1915   [           main] DEBUG ort.DefaultListableBeanFactory  - Creating shared instance of singleton bean 'org.springframework.context.support.PropertySourcesPlaceholderConfigurer#0'
2020-04-25 21:46:35,655 1915   [           main] DEBUG ort.DefaultListableBeanFactory  - Creating instance of bean 'org.springframework.context.support.PropertySourcesPlaceholderConfigurer#0'
2020-04-25 21:46:35,656 1916   [           main] DEBUG ort.DefaultListableBeanFactory  - Eagerly caching bean 'org.springframework.context.support.PropertySourcesPlaceholderConfigurer#0' to allow for resolving potential circular references
2020-04-25 21:46:35,659 1919   [           main] DEBUG ort.DefaultListableBeanFactory  - Finished creating instance of bean 'org.springframework.context.support.PropertySourcesPlaceholderConfigurer#0'
2020-04-25 21:46:35,659 1919   [           main] DEBUG ore.env.MutablePropertySources  - Adding PropertySource 'environmentProperties' with lowest search precedence
2020-04-25 21:46:35,659 1919   [           main] DEBUG tySourcesPlaceholderConfigurer  - Loading properties file from class path resource [db.properties]
2020-04-25 21:46:35,660 1920   [           main] DEBUG ore.env.MutablePropertySources  - Adding PropertySource 'localProperties' with lowest search precedence
2020-04-25 21:46:35,660 1920   [           main] DEBUG ropertySourcesPropertyResolver  - Could not find key 'jdbc.driver' in any property source
2020-04-25 21:46:35,660 1920   [           main] DEBUG ropertySourcesPropertyResolver  - Found key 'jdbc.driver' in PropertySource 'localProperties' with value of type String
2020-04-25 21:46:35,660 1920   [           main] DEBUG ropertySourcesPropertyResolver  - Could not find key 'jdbc.url' in any property source
2020-04-25 21:46:35,660 1920   [           main] DEBUG ropertySourcesPropertyResolver  - Found key 'jdbc.url' in PropertySource 'localProperties' with value of type String
2020-04-25 21:46:35,660 1920   [           main] DEBUG ropertySourcesPropertyResolver  - Could not find key 'jdbc.username' in any property source
2020-04-25 21:46:35,660 1920   [           main] DEBUG ropertySourcesPropertyResolver  - Found key 'jdbc.username' in PropertySource 'localProperties' with value of type String
2020-04-25 21:46:35,660 1920   [           main] DEBUG ropertySourcesPropertyResolver  - Could not find key 'jdbc.password' in any property source
2020-04-25 21:46:35,660 1920   [           main] DEBUG ropertySourcesPropertyResolver  - Found key 'jdbc.password' in PropertySource 'localProperties' with value of type String
2020-04-25 21:46:35,661 1921   [           main] DEBUG ort.DefaultListableBeanFactory  - Creating shared instance of singleton bean 'org.springframework.context.annotation.internalAutowiredAnnotationProcessor'
2020-04-25 21:46:35,661 1921   [           main] DEBUG ort.DefaultListableBeanFactory  - Creating instance of bean 'org.springframework.context.annotation.internalAutowiredAnnotationProcessor'
2020-04-25 21:46:35,661 1921   [           main] DEBUG ort.DefaultListableBeanFactory  - Eagerly caching bean 'org.springframework.context.annotation.internalAutowiredAnnotationProcessor' to allow for resolving potential circular references
2020-04-25 21:46:35,663 1923   [           main] DEBUG ort.DefaultListableBeanFactory  - Finished creating instance of bean 'org.springframework.context.annotation.internalAutowiredAnnotationProcessor'
2020-04-25 21:46:35,663 1923   [           main] DEBUG ort.DefaultListableBeanFactory  - Creating shared instance of singleton bean 'org.springframework.context.annotation.internalRequiredAnnotationProcessor'
2020-04-25 21:46:35,663 1923   [           main] DEBUG ort.DefaultListableBeanFactory  - Creating instance of bean 'org.springframework.context.annotation.internalRequiredAnnotationProcessor'
2020-04-25 21:46:35,664 1924   [           main] DEBUG ort.DefaultListableBeanFactory  - Eagerly caching bean 'org.springframework.context.annotation.internalRequiredAnnotationProcessor' to allow for resolving potential circular references
2020-04-25 21:46:35,665 1925   [           main] DEBUG ort.DefaultListableBeanFactory  - Finished creating instance of bean 'org.springframework.context.annotation.internalRequiredAnnotationProcessor'
2020-04-25 21:46:35,665 1925   [           main] DEBUG ort.DefaultListableBeanFactory  - Creating shared instance of singleton bean 'org.springframework.context.annotation.internalCommonAnnotationProcessor'
2020-04-25 21:46:35,665 1925   [           main] DEBUG ort.DefaultListableBeanFactory  - Creating instance of bean 'org.springframework.context.annotation.internalCommonAnnotationProcessor'
2020-04-25 21:46:35,665 1925   [           main] DEBUG ort.DefaultListableBeanFactory  - Eagerly caching bean 'org.springframework.context.annotation.internalCommonAnnotationProcessor' to allow for resolving potential circular references
2020-04-25 21:46:35,668 1928   [           main] DEBUG ort.DefaultListableBeanFactory  - Finished creating instance of bean 'org.springframework.context.annotation.internalCommonAnnotationProcessor'
2020-04-25 21:46:35,668 1928   [           main] DEBUG ort.DefaultListableBeanFactory  - Creating shared instance of singleton bean 'org.springframework.aop.config.internalAutoProxyCreator'
2020-04-25 21:46:35,668 1928   [           main] DEBUG ort.DefaultListableBeanFactory  - Creating instance of bean 'org.springframework.aop.config.internalAutoProxyCreator'
2020-04-25 21:46:35,669 1929   [           main] DEBUG ort.DefaultListableBeanFactory  - Eagerly caching bean 'org.springframework.aop.config.internalAutoProxyCreator' to allow for resolving potential circular references
2020-04-25 21:46:35,672 1932   [           main] DEBUG ort.DefaultListableBeanFactory  - Finished creating instance of bean 'org.springframework.aop.config.internalAutoProxyCreator'
2020-04-25 21:46:35,672 1932   [           main] DEBUG port.GenericApplicationContext  - Unable to locate MessageSource with name 'messageSource': using default [org.springframework.context.support.DelegatingMessageSource@c35172e]
2020-04-25 21:46:35,672 1932   [           main] DEBUG port.GenericApplicationContext  - Unable to locate ApplicationEventMulticaster with name 'applicationEventMulticaster': using default [org.springframework.context.event.SimpleApplicationEventMulticaster@c2db68f]
2020-04-25 21:46:35,672 1932   [           main] DEBUG ort.DefaultListableBeanFactory  - Pre-instantiating singletons in org.springframework.beans.factory.support.DefaultListableBeanFactory@23bff419: defining beans [memberServiceImpl,orderServiceImpl,permissionServiceImpl,productServiceImpl,travellerServiceImpl,userService,org.springframework.context.annotation.internalConfigurationAnnotationProcessor,org.springframework.context.annotation.internalAutowiredAnnotationProcessor,org.springframework.context.annotation.internalRequiredAnnotationProcessor,org.springframework.context.annotation.internalCommonAnnotationProcessor,org.springframework.context.event.internalEventListenerProcessor,org.springframework.context.event.internalEventListenerFactory,org.springframework.context.support.PropertySourcesPlaceholderConfigurer#0,dataSource,sqlSessionFactory,mapperScanner,transactionManager,org.springframework.transaction.config.internalTransactionalEventListenerFactory,org.springframework.aop.config.internalAutoProxyCreator,org.springframework.transaction.annotation.AnnotationTransactionAttributeSource#0,org.springframework.transaction.interceptor.TransactionInterceptor#0,org.springframework.transaction.config.internalTransactionAdvisor,IMemberDao,IOrderDao,IPermissionDao,IProductDao,IRoleDao,ITravellerDao,IUserDao]; root of factory hierarchy
2020-04-25 21:46:35,672 1932   [           main] DEBUG ort.DefaultListableBeanFactory  - Creating shared instance of singleton bean 'memberServiceImpl'
2020-04-25 21:46:35,673 1933   [           main] DEBUG ort.DefaultListableBeanFactory  - Creating instance of bean 'memberServiceImpl'
2020-04-25 21:46:35,673 1933   [           main] DEBUG y.annotation.InjectionMetadata  - Registered injected element on class [com.xumeng.service.impl.MemberServiceImpl]: AutowiredFieldElement for private com.xumeng.dao.IMemberDao com.xumeng.service.impl.MemberServiceImpl.memberDao
2020-04-25 21:46:35,673 1933   [           main] DEBUG ort.DefaultListableBeanFactory  - Eagerly caching bean 'memberServiceImpl' to allow for resolving potential circular references
2020-04-25 21:46:35,673 1933   [           main] DEBUG y.annotation.InjectionMetadata  - Processing injected element of bean 'memberServiceImpl': AutowiredFieldElement for private com.xumeng.dao.IMemberDao com.xumeng.service.impl.MemberServiceImpl.memberDao
2020-04-25 21:46:35,673 1933   [           main] DEBUG ore.annotation.AnnotationUtils  - Failed to meta-introspect annotation [interface org.springframework.beans.factory.annotation.Autowired]: java.lang.IllegalArgumentException: Annotation must not be null
2020-04-25 21:46:35,675 1935   [           main] DEBUG ort.DefaultListableBeanFactory  - Creating shared instance of singleton bean 'IMemberDao'
2020-04-25 21:46:35,675 1935   [           main] DEBUG ort.DefaultListableBeanFactory  - Creating instance of bean 'IMemberDao'
2020-04-25 21:46:35,676 1936   [           main] DEBUG ort.DefaultListableBeanFactory  - Eagerly caching bean 'IMemberDao' to allow for resolving potential circular references
2020-04-25 21:46:35,678 1938   [           main] DEBUG ort.DefaultListableBeanFactory  - Creating shared instance of singleton bean 'sqlSessionFactory'
2020-04-25 21:46:35,678 1938   [           main] DEBUG ort.DefaultListableBeanFactory  - Creating instance of bean 'sqlSessionFactory'
2020-04-25 21:46:35,678 1938   [           main] DEBUG ort.DefaultListableBeanFactory  - Eagerly caching bean 'sqlSessionFactory' to allow for resolving potential circular references
2020-04-25 21:46:35,679 1939   [           main] DEBUG ort.DefaultListableBeanFactory  - Creating shared instance of singleton bean 'dataSource'
2020-04-25 21:46:35,679 1939   [           main] DEBUG ort.DefaultListableBeanFactory  - Creating instance of bean 'dataSource'
2020-04-25 21:46:35,684 1944   [           main] DEBUG icPooledDataSourceManagerMBean  - MBean: com.mchange.v2.c3p0:type=PooledDataSource[1hgetj5a91d9w7n61eddn0d|333dd51e] registered.
2020-04-25 21:46:35,684 1944   [           main] DEBUG ort.DefaultListableBeanFactory  - Eagerly caching bean 'dataSource' to allow for resolving potential circular references
2020-04-25 21:46:35,688 1948   [           main] DEBUG ort.DefaultListableBeanFactory  - Creating shared instance of singleton bean 'org.springframework.transaction.config.internalTransactionAdvisor'
2020-04-25 21:46:35,688 1948   [           main] DEBUG ort.DefaultListableBeanFactory  - Creating instance of bean 'org.springframework.transaction.config.internalTransactionAdvisor'
2020-04-25 21:46:35,689 1949   [           main] DEBUG ort.DefaultListableBeanFactory  - Eagerly caching bean 'org.springframework.transaction.config.internalTransactionAdvisor' to allow for resolving potential circular references
2020-04-25 21:46:35,690 1950   [           main] DEBUG ort.DefaultListableBeanFactory  - Creating shared instance of singleton bean 'org.springframework.transaction.annotation.AnnotationTransactionAttributeSource#0'
2020-04-25 21:46:35,690 1950   [           main] DEBUG ort.DefaultListableBeanFactory  - Creating instance of bean 'org.springframework.transaction.annotation.AnnotationTransactionAttributeSource#0'
2020-04-25 21:46:35,691 1951   [           main] DEBUG ort.DefaultListableBeanFactory  - Eagerly caching bean 'org.springframework.transaction.annotation.AnnotationTransactionAttributeSource#0' to allow for resolving potential circular references
2020-04-25 21:46:35,691 1951   [           main] DEBUG nFactoryAdvisorRetrievalHelper  - Skipping currently created advisor 'org.springframework.transaction.config.internalTransactionAdvisor'
2020-04-25 21:46:35,691 1951   [           main] DEBUG ort.DefaultListableBeanFactory  - Finished creating instance of bean 'org.springframework.transaction.annotation.AnnotationTransactionAttributeSource#0'
2020-04-25 21:46:35,692 1952   [           main] DEBUG ort.DefaultListableBeanFactory  - Finished creating instance of bean 'org.springframework.transaction.config.internalTransactionAdvisor'
2020-04-25 21:46:35,705 1965   [           main] DEBUG ort.DefaultListableBeanFactory  - Finished creating instance of bean 'dataSource'
2020-04-25 21:46:35,705 1965   [           main] DEBUG ort.DefaultListableBeanFactory  - Creating instance of bean 'com.github.pagehelper.PageInterceptor#753432a2'
2020-04-25 21:46:35,708 1968   [           main] DEBUG ort.DefaultListableBeanFactory  - Returning cached instance of singleton bean 'org.springframework.transaction.config.internalTransactionAdvisor'
2020-04-25 21:46:35,708 1968   [           main] DEBUG ort.DefaultListableBeanFactory  - Finished creating instance of bean 'com.github.pagehelper.PageInterceptor#753432a2'
2020-04-25 21:46:35,709 1969   [           main] DEBUG ort.DefaultListableBeanFactory  - Invoking afterPropertiesSet() on bean with name 'sqlSessionFactory'
2020-04-25 21:46:35,712 1972   [           main] DEBUG s.spring.SqlSessionFactoryBean  - Registered plugin: 'com.github.pagehelper.PageInterceptor@3d9f6567'
2020-04-25 21:46:35,753 2013   [           main] DEBUG s.spring.SqlSessionFactoryBean  - Parsed configuration file: 'class path resource [SqlMapConfig.xml]'
2020-04-25 21:46:35,753 2013   [           main] DEBUG s.spring.SqlSessionFactoryBean  - Property 'mapperLocations' was not specified or no matching resources found
2020-04-25 21:46:35,753 2013   [           main] DEBUG ort.DefaultListableBeanFactory  - Returning cached instance of singleton bean 'org.springframework.transaction.config.internalTransactionAdvisor'
2020-04-25 21:46:35,755 2015   [           main] DEBUG ort.DefaultListableBeanFactory  - Finished creating instance of bean 'sqlSessionFactory'
2020-04-25 21:46:35,755 2015   [           main] DEBUG ort.DefaultListableBeanFactory  - Returning cached instance of singleton bean 'org.springframework.transaction.config.internalTransactionAdvisor'
2020-04-25 21:46:35,755 2015   [           main] DEBUG ort.DefaultListableBeanFactory  - Autowiring by type from bean name 'IMemberDao' via property 'sqlSessionFactory' to bean named 'sqlSessionFactory'
2020-04-25 21:46:35,757 2017   [           main] DEBUG ort.DefaultListableBeanFactory  - Invoking afterPropertiesSet() on bean with name 'IMemberDao'
2020-04-25 21:46:35,757 2017   [           main] DEBUG ort.DefaultListableBeanFactory  - Returning cached instance of singleton bean 'org.springframework.transaction.config.internalTransactionAdvisor'
2020-04-25 21:46:35,758 2018   [           main] DEBUG ort.DefaultListableBeanFactory  - Finished creating instance of bean 'IMemberDao'
2020-04-25 21:46:35,758 2018   [           main] DEBUG ort.DefaultListableBeanFactory  - Returning cached instance of singleton bean 'org.springframework.transaction.config.internalTransactionAdvisor'
2020-04-25 21:46:35,758 2018   [           main] DEBUG redAnnotationBeanPostProcessor  - Autowiring by type from bean name 'memberServiceImpl' to bean named 'IMemberDao'
2020-04-25 21:46:35,759 2019   [           main] DEBUG ort.DefaultListableBeanFactory  - Returning cached instance of singleton bean 'org.springframework.transaction.config.internalTransactionAdvisor'
2020-04-25 21:46:35,759 2019   [           main] DEBUG ort.DefaultListableBeanFactory  - Finished creating instance of bean 'memberServiceImpl'
2020-04-25 21:46:35,759 2019   [           main] DEBUG ort.DefaultListableBeanFactory  - Creating shared instance of singleton bean 'orderServiceImpl'
2020-04-25 21:46:35,759 2019   [           main] DEBUG ort.DefaultListableBeanFactory  - Creating instance of bean 'orderServiceImpl'
2020-04-25 21:46:35,759 2019   [           main] DEBUG y.annotation.InjectionMetadata  - Registered injected element on class [com.xumeng.service.impl.OrderServiceImpl]: AutowiredFieldElement for private com.xumeng.dao.IOrderDao com.xumeng.service.impl.OrderServiceImpl.orderDao
2020-04-25 21:46:35,759 2019   [           main] DEBUG ort.DefaultListableBeanFactory  - Eagerly caching bean 'orderServiceImpl' to allow for resolving potential circular references
2020-04-25 21:46:35,760 2020   [           main] DEBUG y.annotation.InjectionMetadata  - Processing injected element of bean 'orderServiceImpl': AutowiredFieldElement for private com.xumeng.dao.IOrderDao com.xumeng.service.impl.OrderServiceImpl.orderDao
2020-04-25 21:46:35,760 2020   [           main] DEBUG ore.annotation.AnnotationUtils  - Failed to meta-introspect annotation [interface org.springframework.beans.factory.annotation.Autowired]: java.lang.IllegalArgumentException: Annotation must not be null
2020-04-25 21:46:35,760 2020   [           main] DEBUG ort.DefaultListableBeanFactory  - Creating shared instance of singleton bean 'IOrderDao'
2020-04-25 21:46:35,760 2020   [           main] DEBUG ort.DefaultListableBeanFactory  - Creating instance of bean 'IOrderDao'
2020-04-25 21:46:35,760 2020   [           main] DEBUG ort.DefaultListableBeanFactory  - Eagerly caching bean 'IOrderDao' to allow for resolving potential circular references
2020-04-25 21:46:35,761 2021   [           main] DEBUG ort.DefaultListableBeanFactory  - Returning cached instance of singleton bean 'sqlSessionFactory'
2020-04-25 21:46:35,761 2021   [           main] DEBUG ort.DefaultListableBeanFactory  - Autowiring by type from bean name 'IOrderDao' via property 'sqlSessionFactory' to bean named 'sqlSessionFactory'
2020-04-25 21:46:35,761 2021   [           main] DEBUG ort.DefaultListableBeanFactory  - Invoking afterPropertiesSet() on bean with name 'IOrderDao'
2020-04-25 21:46:35,761 2021   [           main] DEBUG ort.DefaultListableBeanFactory  - Returning cached instance of singleton bean 'org.springframework.transaction.config.internalTransactionAdvisor'
2020-04-25 21:46:35,761 2021   [           main] DEBUG ort.DefaultListableBeanFactory  - Finished creating instance of bean 'IOrderDao'
2020-04-25 21:46:35,761 2021   [           main] DEBUG ort.DefaultListableBeanFactory  - Returning cached instance of singleton bean 'org.springframework.transaction.config.internalTransactionAdvisor'
2020-04-25 21:46:35,762 2022   [           main] DEBUG redAnnotationBeanPostProcessor  - Autowiring by type from bean name 'orderServiceImpl' to bean named 'IOrderDao'
2020-04-25 21:46:35,762 2022   [           main] DEBUG ort.DefaultListableBeanFactory  - Returning cached instance of singleton bean 'org.springframework.transaction.config.internalTransactionAdvisor'
2020-04-25 21:46:35,762 2022   [           main] DEBUG ort.DefaultListableBeanFactory  - Finished creating instance of bean 'orderServiceImpl'
2020-04-25 21:46:35,762 2022   [           main] DEBUG ort.DefaultListableBeanFactory  - Creating shared instance of singleton bean 'permissionServiceImpl'
2020-04-25 21:46:35,762 2022   [           main] DEBUG ort.DefaultListableBeanFactory  - Creating instance of bean 'permissionServiceImpl'
2020-04-25 21:46:35,762 2022   [           main] DEBUG ort.DefaultListableBeanFactory  - Eagerly caching bean 'permissionServiceImpl' to allow for resolving potential circular references
2020-04-25 21:46:35,763 2023   [           main] DEBUG ort.DefaultListableBeanFactory  - Returning cached instance of singleton bean 'org.springframework.transaction.config.internalTransactionAdvisor'
2020-04-25 21:46:35,763 2023   [           main] DEBUG ort.DefaultListableBeanFactory  - Finished creating instance of bean 'permissionServiceImpl'
2020-04-25 21:46:35,763 2023   [           main] DEBUG ort.DefaultListableBeanFactory  - Creating shared instance of singleton bean 'productServiceImpl'
2020-04-25 21:46:35,763 2023   [           main] DEBUG ort.DefaultListableBeanFactory  - Creating instance of bean 'productServiceImpl'
2020-04-25 21:46:35,763 2023   [           main] DEBUG y.annotation.InjectionMetadata  - Registered injected element on class [com.xumeng.service.impl.ProductServiceImpl]: AutowiredFieldElement for private com.xumeng.dao.IProductDao com.xumeng.service.impl.ProductServiceImpl.productDao
2020-04-25 21:46:35,763 2023   [           main] DEBUG ort.DefaultListableBeanFactory  - Eagerly caching bean 'productServiceImpl' to allow for resolving potential circular references
2020-04-25 21:46:35,764 2024   [           main] DEBUG y.annotation.InjectionMetadata  - Processing injected element of bean 'productServiceImpl': AutowiredFieldElement for private com.xumeng.dao.IProductDao com.xumeng.service.impl.ProductServiceImpl.productDao
2020-04-25 21:46:35,764 2024   [           main] DEBUG ore.annotation.AnnotationUtils  - Failed to meta-introspect annotation [interface org.springframework.beans.factory.annotation.Autowired]: java.lang.IllegalArgumentException: Annotation must not be null
2020-04-25 21:46:35,764 2024   [           main] DEBUG ort.DefaultListableBeanFactory  - Creating shared instance of singleton bean 'IProductDao'
2020-04-25 21:46:35,764 2024   [           main] DEBUG ort.DefaultListableBeanFactory  - Creating instance of bean 'IProductDao'
2020-04-25 21:46:35,765 2025   [           main] DEBUG ort.DefaultListableBeanFactory  - Eagerly caching bean 'IProductDao' to allow for resolving potential circular references
2020-04-25 21:46:35,765 2025   [           main] DEBUG ort.DefaultListableBeanFactory  - Returning cached instance of singleton bean 'sqlSessionFactory'
2020-04-25 21:46:35,765 2025   [           main] DEBUG ort.DefaultListableBeanFactory  - Autowiring by type from bean name 'IProductDao' via property 'sqlSessionFactory' to bean named 'sqlSessionFactory'
2020-04-25 21:46:35,765 2025   [           main] DEBUG ort.DefaultListableBeanFactory  - Invoking afterPropertiesSet() on bean with name 'IProductDao'
2020-04-25 21:46:35,765 2025   [           main] DEBUG ort.DefaultListableBeanFactory  - Returning cached instance of singleton bean 'org.springframework.transaction.config.internalTransactionAdvisor'
2020-04-25 21:46:35,765 2025   [           main] DEBUG ort.DefaultListableBeanFactory  - Finished creating instance of bean 'IProductDao'
2020-04-25 21:46:35,765 2025   [           main] DEBUG ort.DefaultListableBeanFactory  - Returning cached instance of singleton bean 'org.springframework.transaction.config.internalTransactionAdvisor'
2020-04-25 21:46:35,766 2026   [           main] DEBUG redAnnotationBeanPostProcessor  - Autowiring by type from bean name 'productServiceImpl' to bean named 'IProductDao'
2020-04-25 21:46:35,766 2026   [           main] DEBUG ort.DefaultListableBeanFactory  - Returning cached instance of singleton bean 'org.springframework.transaction.config.internalTransactionAdvisor'
2020-04-25 21:46:35,766 2026   [           main] DEBUG tionTransactionAttributeSource  - Adding transactional method 'com.xumeng.service.impl.ProductServiceImpl.delete' with attribute: PROPAGATION_REQUIRED,ISOLATION_DEFAULT; ''
2020-04-25 21:46:35,766 2026   [           main] DEBUG ructureAdvisorAutoProxyCreator  - Creating implicit proxy for bean 'productServiceImpl' with 0 common interceptors and 1 specific interceptors
2020-04-25 21:46:35,766 2026   [           main] DEBUG p.framework.JdkDynamicAopProxy  - Creating JDK dynamic proxy: target source is SingletonTargetSource for target object [com.xumeng.service.impl.ProductServiceImpl@23d1e5d0]
2020-04-25 21:46:35,766 2026   [           main] DEBUG ort.DefaultListableBeanFactory  - Finished creating instance of bean 'productServiceImpl'
2020-04-25 21:46:35,766 2026   [           main] DEBUG ort.DefaultListableBeanFactory  - Creating shared instance of singleton bean 'travellerServiceImpl'
2020-04-25 21:46:35,766 2026   [           main] DEBUG ort.DefaultListableBeanFactory  - Creating instance of bean 'travellerServiceImpl'
2020-04-25 21:46:35,766 2026   [           main] DEBUG y.annotation.InjectionMetadata  - Registered injected element on class [com.xumeng.service.impl.TravellerServiceImpl]: AutowiredFieldElement for private com.xumeng.dao.ITravellerDao com.xumeng.service.impl.TravellerServiceImpl.travellerDao
2020-04-25 21:46:35,767 2027   [           main] DEBUG y.annotation.InjectionMetadata  - Registered injected element on class [com.xumeng.service.impl.TravellerServiceImpl]: AutowiredFieldElement for private com.xumeng.dao.IOrderDao com.xumeng.service.impl.TravellerServiceImpl.orderDao
2020-04-25 21:46:35,767 2027   [           main] DEBUG ort.DefaultListableBeanFactory  - Eagerly caching bean 'travellerServiceImpl' to allow for resolving potential circular references
2020-04-25 21:46:35,767 2027   [           main] DEBUG y.annotation.InjectionMetadata  - Processing injected element of bean 'travellerServiceImpl': AutowiredFieldElement for private com.xumeng.dao.ITravellerDao com.xumeng.service.impl.TravellerServiceImpl.travellerDao
2020-04-25 21:46:35,767 2027   [           main] DEBUG ore.annotation.AnnotationUtils  - Failed to meta-introspect annotation [interface org.springframework.beans.factory.annotation.Autowired]: java.lang.IllegalArgumentException: Annotation must not be null
2020-04-25 21:46:35,767 2027   [           main] DEBUG ort.DefaultListableBeanFactory  - Creating shared instance of singleton bean 'ITravellerDao'
2020-04-25 21:46:35,768 2028   [           main] DEBUG ort.DefaultListableBeanFactory  - Creating instance of bean 'ITravellerDao'
2020-04-25 21:46:35,768 2028   [           main] DEBUG ort.DefaultListableBeanFactory  - Eagerly caching bean 'ITravellerDao' to allow for resolving potential circular references
2020-04-25 21:46:35,768 2028   [           main] DEBUG ort.DefaultListableBeanFactory  - Returning cached instance of singleton bean 'sqlSessionFactory'
2020-04-25 21:46:35,768 2028   [           main] DEBUG ort.DefaultListableBeanFactory  - Autowiring by type from bean name 'ITravellerDao' via property 'sqlSessionFactory' to bean named 'sqlSessionFactory'
2020-04-25 21:46:35,768 2028   [           main] DEBUG ort.DefaultListableBeanFactory  - Invoking afterPropertiesSet() on bean with name 'ITravellerDao'
2020-04-25 21:46:35,769 2029   [           main] DEBUG ort.DefaultListableBeanFactory  - Returning cached instance of singleton bean 'org.springframework.transaction.config.internalTransactionAdvisor'
2020-04-25 21:46:35,769 2029   [           main] DEBUG ort.DefaultListableBeanFactory  - Finished creating instance of bean 'ITravellerDao'
2020-04-25 21:46:35,769 2029   [           main] DEBUG ort.DefaultListableBeanFactory  - Returning cached instance of singleton bean 'org.springframework.transaction.config.internalTransactionAdvisor'
2020-04-25 21:46:35,770 2030   [           main] DEBUG redAnnotationBeanPostProcessor  - Autowiring by type from bean name 'travellerServiceImpl' to bean named 'ITravellerDao'
2020-04-25 21:46:35,770 2030   [           main] DEBUG y.annotation.InjectionMetadata  - Processing injected element of bean 'travellerServiceImpl': AutowiredFieldElement for private com.xumeng.dao.IOrderDao com.xumeng.service.impl.TravellerServiceImpl.orderDao
2020-04-25 21:46:35,770 2030   [           main] DEBUG ore.annotation.AnnotationUtils  - Failed to meta-introspect annotation [interface org.springframework.beans.factory.annotation.Autowired]: java.lang.IllegalArgumentException: Annotation must not be null
2020-04-25 21:46:35,770 2030   [           main] DEBUG ort.DefaultListableBeanFactory  - Returning cached instance of singleton bean 'IOrderDao'
2020-04-25 21:46:35,770 2030   [           main] DEBUG redAnnotationBeanPostProcessor  - Autowiring by type from bean name 'travellerServiceImpl' to bean named 'IOrderDao'
2020-04-25 21:46:35,770 2030   [           main] DEBUG ort.DefaultListableBeanFactory  - Returning cached instance of singleton bean 'org.springframework.transaction.config.internalTransactionAdvisor'
2020-04-25 21:46:35,771 2031   [           main] DEBUG tionTransactionAttributeSource  - Adding transactional method 'com.xumeng.service.impl.TravellerServiceImpl.findAll' with attribute: PROPAGATION_REQUIRED,ISOLATION_DEFAULT; ''
2020-04-25 21:46:35,771 2031   [           main] DEBUG ructureAdvisorAutoProxyCreator  - Creating implicit proxy for bean 'travellerServiceImpl' with 0 common interceptors and 1 specific interceptors
2020-04-25 21:46:35,771 2031   [           main] DEBUG p.framework.JdkDynamicAopProxy  - Creating JDK dynamic proxy: target source is SingletonTargetSource for target object [com.xumeng.service.impl.TravellerServiceImpl@dfddc9a]
2020-04-25 21:46:35,771 2031   [           main] DEBUG ort.DefaultListableBeanFactory  - Finished creating instance of bean 'travellerServiceImpl'
2020-04-25 21:46:35,771 2031   [           main] DEBUG ort.DefaultListableBeanFactory  - Creating shared instance of singleton bean 'userService'
2020-04-25 21:46:35,771 2031   [           main] DEBUG ort.DefaultListableBeanFactory  - Creating instance of bean 'userService'
2020-04-25 21:46:35,771 2031   [           main] DEBUG y.annotation.InjectionMetadata  - Registered injected element on class [com.xumeng.service.impl.UserServiceImpl]: AutowiredFieldElement for private com.xumeng.dao.IUserDao com.xumeng.service.impl.UserServiceImpl.userDao
2020-04-25 21:46:35,771 2031   [           main] DEBUG y.annotation.InjectionMetadata  - Registered injected element on class [com.xumeng.service.impl.UserServiceImpl]: AutowiredFieldElement for private org.springframework.security.crypto.password.PasswordEncoder com.xumeng.service.impl.UserServiceImpl.passwordEncoder
2020-04-25 21:46:35,771 2031   [           main] DEBUG ort.DefaultListableBeanFactory  - Eagerly caching bean 'userService' to allow for resolving potential circular references
2020-04-25 21:46:35,772 2032   [           main] DEBUG y.annotation.InjectionMetadata  - Processing injected element of bean 'userService': AutowiredFieldElement for private com.xumeng.dao.IUserDao com.xumeng.service.impl.UserServiceImpl.userDao
2020-04-25 21:46:35,772 2032   [           main] DEBUG ore.annotation.AnnotationUtils  - Failed to meta-introspect annotation [interface org.springframework.beans.factory.annotation.Autowired]: java.lang.IllegalArgumentException: Annotation must not be null
2020-04-25 21:46:35,773 2033   [           main] DEBUG ort.DefaultListableBeanFactory  - Creating shared instance of singleton bean 'IUserDao'
2020-04-25 21:46:35,773 2033   [           main] DEBUG ort.DefaultListableBeanFactory  - Creating instance of bean 'IUserDao'
2020-04-25 21:46:35,773 2033   [           main] DEBUG ort.DefaultListableBeanFactory  - Eagerly caching bean 'IUserDao' to allow for resolving potential circular references
2020-04-25 21:46:35,773 2033   [           main] DEBUG ort.DefaultListableBeanFactory  - Returning cached instance of singleton bean 'sqlSessionFactory'
2020-04-25 21:46:35,773 2033   [           main] DEBUG ort.DefaultListableBeanFactory  - Autowiring by type from bean name 'IUserDao' via property 'sqlSessionFactory' to bean named 'sqlSessionFactory'
2020-04-25 21:46:35,773 2033   [           main] DEBUG ort.DefaultListableBeanFactory  - Invoking afterPropertiesSet() on bean with name 'IUserDao'
2020-04-25 21:46:35,773 2033   [           main] DEBUG ort.DefaultListableBeanFactory  - Returning cached instance of singleton bean 'org.springframework.transaction.config.internalTransactionAdvisor'
2020-04-25 21:46:35,773 2033   [           main] DEBUG ort.DefaultListableBeanFactory  - Finished creating instance of bean 'IUserDao'
2020-04-25 21:46:35,773 2033   [           main] DEBUG ort.DefaultListableBeanFactory  - Returning cached instance of singleton bean 'org.springframework.transaction.config.internalTransactionAdvisor'
2020-04-25 21:46:35,774 2034   [           main] DEBUG redAnnotationBeanPostProcessor  - Autowiring by type from bean name 'userService' to bean named 'IUserDao'
2020-04-25 21:46:35,774 2034   [           main] DEBUG y.annotation.InjectionMetadata  - Processing injected element of bean 'userService': AutowiredFieldElement for private org.springframework.security.crypto.password.PasswordEncoder com.xumeng.service.impl.UserServiceImpl.passwordEncoder
2020-04-25 21:46:35,774 2034   [           main] DEBUG ore.annotation.AnnotationUtils  - Failed to meta-introspect annotation [interface org.springframework.beans.factory.annotation.Autowired]: java.lang.IllegalArgumentException: Annotation must not be null
2020-04-25 21:46:35,774 2034   [           main] WARN  port.GenericApplicationContext  - Exception encountered during context initialization - cancelling refresh attempt: org.springframework.beans.factory.UnsatisfiedDependencyException: Error creating bean with name 'userService': Unsatisfied dependency expressed through field 'passwordEncoder'; nested exception is org.springframework.beans.factory.NoSuchBeanDefinitionException: No qualifying bean of type 'org.springframework.security.crypto.password.PasswordEncoder' available: expected at least 1 bean which qualifies as autowire candidate. Dependency annotations: {@org.springframework.beans.factory.annotation.Autowired(required=true)}
2020-04-25 21:46:35,775 2035   [           main] DEBUG ort.DefaultListableBeanFactory  - Destroying singletons in org.springframework.beans.factory.support.DefaultListableBeanFactory@23bff419: defining beans [memberServiceImpl,orderServiceImpl,permissionServiceImpl,productServiceImpl,travellerServiceImpl,userService,org.springframework.context.annotation.internalConfigurationAnnotationProcessor,org.springframework.context.annotation.internalAutowiredAnnotationProcessor,org.springframework.context.annotation.internalRequiredAnnotationProcessor,org.springframework.context.annotation.internalCommonAnnotationProcessor,org.springframework.context.event.internalEventListenerProcessor,org.springframework.context.event.internalEventListenerFactory,org.springframework.context.support.PropertySourcesPlaceholderConfigurer#0,dataSource,sqlSessionFactory,mapperScanner,transactionManager,org.springframework.transaction.config.internalTransactionalEventListenerFactory,org.springframework.aop.config.internalAutoProxyCreator,org.springframework.transaction.annotation.AnnotationTransactionAttributeSource#0,org.springframework.transaction.interceptor.TransactionInterceptor#0,org.springframework.transaction.config.internalTransactionAdvisor,IMemberDao,IOrderDao,IPermissionDao,IProductDao,IRoleDao,ITravellerDao,IUserDao]; root of factory hierarchy
2020-04-25 21:46:35,775 2035   [           main] DEBUG ort.DefaultListableBeanFactory  - Retrieved dependent beans for bean 'sqlSessionFactory': [IMemberDao, IOrderDao, IProductDao, ITravellerDao, IUserDao]
2020-04-25 21:46:35,775 2035   [           main] DEBUG ort.DefaultListableBeanFactory  - Retrieved dependent beans for bean 'IMemberDao': [memberServiceImpl]
2020-04-25 21:46:35,775 2035   [           main] DEBUG ort.DefaultListableBeanFactory  - Retrieved dependent beans for bean 'IOrderDao': [orderServiceImpl, travellerServiceImpl]
2020-04-25 21:46:35,775 2035   [           main] DEBUG ort.DefaultListableBeanFactory  - Retrieved dependent beans for bean 'IProductDao': [productServiceImpl]
2020-04-25 21:46:35,775 2035   [           main] DEBUG ort.DefaultListableBeanFactory  - Retrieved dependent beans for bean 'com.github.pagehelper.PageInterceptor#753432a2': [sqlSessionFactory]
2020-04-25 21:46:35,775 2035   [           main] ERROR est.context.TestContextManager  - Caught exception while allowing TestExecutionListener [org.springframework.test.context.support.DependencyInjectionTestExecutionListener@46daef40] to prepare test instance [com.xumeng.test.TestIOderDao@28e8dde3]
java.lang.IllegalStateException: Failed to load ApplicationContext
	at org.springframework.test.context.cache.DefaultCacheAwareContextLoaderDelegate.loadContext(DefaultCacheAwareContextLoaderDelegate.java:125)
	at org.springframework.test.context.support.DefaultTestContext.getApplicationContext(DefaultTestContext.java:107)
	at org.springframework.test.context.support.DependencyInjectionTestExecutionListener.injectDependencies(DependencyInjectionTestExecutionListener.java:117)
	at org.springframework.test.context.support.DependencyInjectionTestExecutionListener.prepareTestInstance(DependencyInjectionTestExecutionListener.java:83)
	at org.springframework.test.context.TestContextManager.prepareTestInstance(TestContextManager.java:242)
	at org.springframework.test.context.junit4.SpringJUnit4ClassRunner.createTest(SpringJUnit4ClassRunner.java:227)
	at org.springframework.test.context.junit4.SpringJUnit4ClassRunner$1.runReflectiveCall(SpringJUnit4ClassRunner.java:289)
	at org.junit.internal.runners.model.ReflectiveCallable.run(ReflectiveCallable.java:12)
	at org.springframework.test.context.junit4.SpringJUnit4ClassRunner.methodBlock(SpringJUnit4ClassRunner.java:291)
	at org.springframework.test.context.junit4.SpringJUnit4ClassRunner.runChild(SpringJUnit4ClassRunner.java:246)
	at org.springframework.test.context.junit4.SpringJUnit4ClassRunner.runChild(SpringJUnit4ClassRunner.java:97)
	at org.junit.runners.ParentRunner$3.run(ParentRunner.java:290)
	at org.junit.runners.ParentRunner$1.schedule(ParentRunner.java:71)
	at org.junit.runners.ParentRunner.runChildren(ParentRunner.java:288)
	at org.junit.runners.ParentRunner.access$000(ParentRunner.java:58)
	at org.junit.runners.ParentRunner$2.evaluate(ParentRunner.java:268)
	at org.springframework.test.context.junit4.statements.RunBeforeTestClassCallbacks.evaluate(RunBeforeTestClassCallbacks.java:61)
	at org.springframework.test.context.junit4.statements.RunAfterTestClassCallbacks.evaluate(RunAfterTestClassCallbacks.java:70)
	at org.junit.runners.ParentRunner.run(ParentRunner.java:363)
	at org.springframework.test.context.junit4.SpringJUnit4ClassRunner.run(SpringJUnit4ClassRunner.java:190)
	at org.apache.maven.surefire.junit4.JUnit4Provider.execute(JUnit4Provider.java:365)
	at org.apache.maven.surefire.junit4.JUnit4Provider.executeWithRerun(JUnit4Provider.java:273)
	at org.apache.maven.surefire.junit4.JUnit4Provider.executeTestSet(JUnit4Provider.java:238)
	at org.apache.maven.surefire.junit4.JUnit4Provider.invoke(JUnit4Provider.java:159)
	at org.apache.maven.surefire.booter.ForkedBooter.invokeProviderInSameClassLoader(ForkedBooter.java:384)
	at org.apache.maven.surefire.booter.ForkedBooter.runSuitesInProcess(ForkedBooter.java:345)
	at org.apache.maven.surefire.booter.ForkedBooter.execute(ForkedBooter.java:126)
	at org.apache.maven.surefire.booter.ForkedBooter.main(ForkedBooter.java:418)
Caused by: org.springframework.beans.factory.UnsatisfiedDependencyException: Error creating bean with name 'userService': Unsatisfied dependency expressed through field 'passwordEncoder'; nested exception is org.springframework.beans.factory.NoSuchBeanDefinitionException: No qualifying bean of type 'org.springframework.security.crypto.password.PasswordEncoder' available: expected at least 1 bean which qualifies as autowire candidate. Dependency annotations: {@org.springframework.beans.factory.annotation.Autowired(required=true)}
	at org.springframework.beans.factory.annotation.AutowiredAnnotationBeanPostProcessor$AutowiredFieldElement.inject(AutowiredAnnotationBeanPostProcessor.java:586)
	at org.springframework.beans.factory.annotation.InjectionMetadata.inject(InjectionMetadata.java:91)
	at org.springframework.beans.factory.annotation.AutowiredAnnotationBeanPostProcessor.postProcessPropertyValues(AutowiredAnnotationBeanPostProcessor.java:372)
	at org.springframework.beans.factory.support.AbstractAutowireCapableBeanFactory.populateBean(AbstractAutowireCapableBeanFactory.java:1344)
	at org.springframework.beans.factory.support.AbstractAutowireCapableBeanFactory.doCreateBean(AbstractAutowireCapableBeanFactory.java:582)
	at org.springframework.beans.factory.support.AbstractAutowireCapableBeanFactory.createBean(AbstractAutowireCapableBeanFactory.java:502)
	at org.springframework.beans.factory.support.AbstractBeanFactory.lambda$doGetBean$0(AbstractBeanFactory.java:312)
	at org.springframework.beans.factory.support.DefaultSingletonBeanRegistry.getSingleton(DefaultSingletonBeanRegistry.java:228)
	at org.springframework.beans.factory.support.AbstractBeanFactory.doGetBean(AbstractBeanFactory.java:310)
	at org.springframework.beans.factory.support.AbstractBeanFactory.getBean(AbstractBeanFactory.java:200)
	at org.springframework.beans.factory.support.DefaultListableBeanFactory.preInstantiateSingletons(DefaultListableBeanFactory.java:758)
	at org.springframework.context.support.AbstractApplicationContext.finishBeanFactoryInitialization(AbstractApplicationContext.java:868)
	at org.springframework.context.support.AbstractApplicationContext.refresh(AbstractApplicationContext.java:549)
	at org.springframework.test.context.support.AbstractGenericContextLoader.loadContext(AbstractGenericContextLoader.java:128)
	at org.springframework.test.context.support.AbstractGenericContextLoader.loadContext(AbstractGenericContextLoader.java:60)
	at org.springframework.test.context.support.AbstractDelegatingSmartContextLoader.delegateLoading(AbstractDelegatingSmartContextLoader.java:109)
	at org.springframework.test.context.support.AbstractDelegatingSmartContextLoader.loadContext(AbstractDelegatingSmartContextLoader.java:246)
	at org.springframework.test.context.cache.DefaultCacheAwareContextLoaderDelegate.loadContextInternal(DefaultCacheAwareContextLoaderDelegate.java:99)
	at org.springframework.test.context.cache.DefaultCacheAwareContextLoaderDelegate.loadContext(DefaultCacheAwareContextLoaderDelegate.java:117)
	... 27 more
Caused by: org.springframework.beans.factory.NoSuchBeanDefinitionException: No qualifying bean of type 'org.springframework.security.crypto.password.PasswordEncoder' available: expected at least 1 bean which qualifies as autowire candidate. Dependency annotations: {@org.springframework.beans.factory.annotation.Autowired(required=true)}
	at org.springframework.beans.factory.support.DefaultListableBeanFactory.raiseNoMatchingBeanFound(DefaultListableBeanFactory.java:1504)
	at org.springframework.beans.factory.support.DefaultListableBeanFactory.doResolveDependency(DefaultListableBeanFactory.java:1101)
	at org.springframework.beans.factory.support.DefaultListableBeanFactory.resolveDependency(DefaultListableBeanFactory.java:1062)
	at org.springframework.beans.factory.annotation.AutowiredAnnotationBeanPostProcessor$AutowiredFieldElement.inject(AutowiredAnnotationBeanPostProcessor.java:583)
	... 45 more
]]></system-out>
  </testcase>
  <testcase name="testRoleDao" classname="com.xumeng.test.TestIOderDao" time="0">
    <error message="Failed to load ApplicationContext" type="java.lang.IllegalStateException">java.lang.IllegalStateException: Failed to load ApplicationContext
Caused by: org.springframework.beans.factory.UnsatisfiedDependencyException: Error creating bean with name 'userService': Unsatisfied dependency expressed through field 'passwordEncoder'; nested exception is org.springframework.beans.factory.NoSuchBeanDefinitionException: No qualifying bean of type 'org.springframework.security.crypto.password.PasswordEncoder' available: expected at least 1 bean which qualifies as autowire candidate. Dependency annotations: {@org.springframework.beans.factory.annotation.Autowired(required=true)}
Caused by: org.springframework.beans.factory.NoSuchBeanDefinitionException: No qualifying bean of type 'org.springframework.security.crypto.password.PasswordEncoder' available: expected at least 1 bean which qualifies as autowire candidate. Dependency annotations: {@org.springframework.beans.factory.annotation.Autowired(required=true)}
</error>
    <system-out><![CDATA[2020-04-25 21:46:35,777 2037   [           main] DEBUG t.annotation.ProfileValueUtils  - Retrieved @ProfileValueSourceConfiguration [null] for test class [com.xumeng.test.TestIOderDao]
2020-04-25 21:46:35,777 2037   [           main] DEBUG t.annotation.ProfileValueUtils  - Retrieved ProfileValueSource type [class org.springframework.test.annotation.SystemProfileValueSource] for class [com.xumeng.test.TestIOderDao]
2020-04-25 21:46:35,777 2037   [           main] DEBUG InjectionTestExecutionListener  - Performing dependency injection for test context [[DefaultTestContext@1b26f7b2 testClass = TestIOderDao, testInstance = com.xumeng.test.TestIOderDao@3a1dd365, testMethod = [null], testException = [null], mergedContextConfiguration = [MergedContextConfiguration@491cc5c9 testClass = TestIOderDao, locations = '{classpath:applicationContext.xml}', classes = '{}', contextInitializerClasses = '[]', activeProfiles = '{}', propertySourceLocations = '{}', propertySourceProperties = '{}', contextCustomizers = set[[empty]], contextLoader = 'org.springframework.test.context.support.DelegatingSmartContextLoader', parent = [null]], attributes = map[[empty]]]].
2020-04-25 21:46:35,777 2037   [           main] DEBUG ctDelegatingSmartContextLoader  - Delegating to GenericXmlContextLoader to load context from [MergedContextConfiguration@491cc5c9 testClass = TestIOderDao, locations = '{classpath:applicationContext.xml}', classes = '{}', contextInitializerClasses = '[]', activeProfiles = '{}', propertySourceLocations = '{}', propertySourceProperties = '{}', contextCustomizers = set[[empty]], contextLoader = 'org.springframework.test.context.support.DelegatingSmartContextLoader', parent = [null]].
2020-04-25 21:46:35,777 2037   [           main] DEBUG t.AbstractGenericContextLoader  - Loading ApplicationContext for merged context configuration [[MergedContextConfiguration@491cc5c9 testClass = TestIOderDao, locations = '{classpath:applicationContext.xml}', classes = '{}', contextInitializerClasses = '[]', activeProfiles = '{}', propertySourceLocations = '{}', propertySourceProperties = '{}', contextCustomizers = set[[empty]], contextLoader = 'org.springframework.test.context.support.DelegatingSmartContextLoader', parent = [null]]].
2020-04-25 21:46:35,777 2037   [           main] DEBUG k.core.env.StandardEnvironment  - Adding PropertySource 'systemProperties' with lowest search precedence
2020-04-25 21:46:35,777 2037   [           main] DEBUG k.core.env.StandardEnvironment  - Adding PropertySource 'systemEnvironment' with lowest search precedence
2020-04-25 21:46:35,778 2038   [           main] DEBUG k.core.env.StandardEnvironment  - Initialized StandardEnvironment with PropertySources [MapPropertySource@628064884 {name='systemProperties', properties={java.runtime.name=Java(TM) SE Runtime Environment, sun.boot.library.path=C:\Program Files\Java\jdk1.8.0_131\jre\bin, java.vm.version=25.131-b11, java.vm.vendor=Oracle Corporation, java.vendor.url=http://java.oracle.com/, path.separator=;, java.vm.name=Java HotSpot(TM) 64-Bit Server VM, file.encoding.pkg=sun.io, user.country=CN, user.script=, sun.java.launcher=SUN_STANDARD, sun.os.patch.level=, java.vm.specification.name=Java Virtual Machine Specification, user.dir=D:\Code\IdeaProjects\manageSystem-ssm\ms-ssm-web, java.runtime.version=1.8.0_131-b11, basedir=D:\Code\IdeaProjects\manageSystem-ssm\ms-ssm-web, java.awt.graphicsenv=sun.awt.Win32GraphicsEnvironment, java.endorsed.dirs=C:\Program Files\Java\jdk1.8.0_131\jre\lib\endorsed, os.arch=amd64, surefire.real.class.path=C:\Users\xm\AppData\Local\Temp\surefire7497552715305907156\surefirebooter6811015789613867580.jar, java.io.tmpdir=C:\Users\xm\AppData\Local\Temp\, line.separator=
, java.vm.specification.vendor=Oracle Corporation, user.variant=, os.name=Windows 10, sun.jnu.encoding=GBK, java.library.path=C:\Program Files\Java\jdk1.8.0_131\jre\bin;C:\Windows\Sun\Java\bin;C:\Windows\system32;C:\Windows;D:\MyProgram\orcl\bin;D:\MyProgram\Anaconda3;D:\MyProgram\Anaconda3\Library\mingw-w64\bin;D:\MyProgram\Anaconda3\Library\usr\bin;D:\MyProgram\Anaconda3\Library\bin;D:\MyProgram\Anaconda3\Scripts;C:\ProgramData\Oracle\Java\javapath;C:\Windows\system32;C:\Windows;C:\Windows\System32\Wbem;C:\Windows\System32\WindowsPowerShell\v1.0\;C:\Windows\System32\OpenSSH\;C:\Program Files\Java\jdk1.8.0_131\bin;C:\Program Files\Java\jdk1.8.0_131\jre\bin;C:\Program Files (x86)\MySQL\MySQL Server 5.5\bin;D:\MyProgram\Git\cmd;D:\Maven\bin\;D:\MyProgram\redis-2.8.9;D:\Maven_V_354\apache-maven-3.5.4\bin\;D:\MyProgram\nodejs\;D:\MyProgram\nodejs\npm_modules\;D:\MyProgram\erl10.4\bin;D:\MyProgram\ffmpeg\bin\;D:\MyProgram\OpenSSL-Win64\bin\;D:\MyProgram\Ruby25-x64\bin;C:\Users\xm\AppData\Local\Microsoft\WindowsApps;;D:\MyProgram\JetBrains\IntelliJ IDEA 2019.3.3\bin;;D:\MyProgram\Microsoft VS Code\bin;D:\MyProgram\JetBrains\PyCharm 2019.3.3\bin;;D:\MyProgram\JetBrains\WebStorm 2019.3.3\bin;;C:\Users\xm\AppData\Roaming\npm;., surefire.test.class.path=D:\Code\IdeaProjects\manageSystem-ssm\ms-ssm-web\target\test-classes;D:\Code\IdeaProjects\manageSystem-ssm\ms-ssm-web\target\classes;E:\maven-repository\junit\junit\4.12\junit-4.12.jar;E:\maven-repository\org\hamcrest\hamcrest-core\1.3\hamcrest-core-1.3.jar;D:\Code\IdeaProjects\manageSystem-ssm\ms-ssm-domain\target\ms-ssm-domain-1.0-SNAPSHOT.jar;D:\Code\IdeaProjects\manageSystem-ssm\ms-ssm-utils\target\ms-ssm-utils-1.0-SNAPSHOT.jar;D:\Code\IdeaProjects\manageSystem-ssm\ms-ssm-service\target\ms-ssm-service-1.0-SNAPSHOT.jar;D:\Code\IdeaProjects\manageSystem-ssm\ms-ssm-dao\target\ms-ssm-dao-1.0-SNAPSHOT.jar;E:\maven-repository\com\fasterxml\jackson\core\jackson-databind\2.9.7\jackson-databind-2.9.7.jar;E:\maven-repository\com\fasterxml\jackson\core\jackson-annotations\2.9.0\jackson-annotations-2.9.0.jar;E:\maven-repository\com\fasterxml\jackson\core\jackson-core\2.9.7\jackson-core-2.9.7.jar;E:\maven-repository\com\github\pagehelper\pagehelper\5.1.2\pagehelper-5.1.2.jar;E:\maven-repository\com\github\jsqlparser\jsqlparser\1.0\jsqlparser-1.0.jar;E:\maven-repository\javax\annotation\javax.annotation-api\1.3.1\javax.annotation-api-1.3.1.jar;E:\maven-repository\org\springframework\security\spring-security-web\5.0.1.RELEASE\spring-security-web-5.0.1.RELEASE.jar;E:\maven-repository\org\springframework\spring-expression\5.0.3.RELEASE\spring-expression-5.0.3.RELEASE.jar;E:\maven-repository\org\springframework\security\spring-security-config\5.0.1.RELEASE\spring-security-config-5.0.1.RELEASE.jar;E:\maven-repository\org\springframework\security\spring-security-core\5.0.1.RELEASE\spring-security-core-5.0.1.RELEASE.jar;E:\maven-repository\org\springframework\security\spring-security-taglibs\5.0.1.RELEASE\spring-security-taglibs-5.0.1.RELEASE.jar;E:\maven-repository\org\springframework\security\spring-security-acl\5.0.1.RELEASE\spring-security-acl-5.0.1.RELEASE.jar;E:\maven-repository\org\aspectj\aspectjweaver\1.6.8\aspectjweaver-1.6.8.jar;E:\maven-repository\org\springframework\spring-aop\5.0.2.RELEASE\spring-aop-5.0.2.RELEASE.jar;E:\maven-repository\org\springframework\spring-context\5.0.2.RELEASE\spring-context-5.0.2.RELEASE.jar;E:\maven-repository\org\springframework\spring-context-support\5.0.2.RELEASE\spring-context-support-5.0.2.RELEASE.jar;E:\maven-repository\org\springframework\spring-web\5.0.2.RELEASE\spring-web-5.0.2.RELEASE.jar;E:\maven-repository\org\springframework\spring-orm\5.0.2.RELEASE\spring-orm-5.0.2.RELEASE.jar;E:\maven-repository\org\springframework\spring-jdbc\5.0.2.RELEASE\spring-jdbc-5.0.2.RELEASE.jar;E:\maven-repository\org\springframework\spring-beans\5.0.2.RELEASE\spring-beans-5.0.2.RELEASE.jar;E:\maven-repository\org\springframework\spring-core\5.0.2.RELEASE\spring-core-5.0.2.RELEASE.jar;E:\maven-repository\org\springframework\spring-jcl\5.0.2.RELEASE\spring-jcl-5.0.2.RELEASE.jar;E:\maven-repository\org\springframework\spring-test\5.0.2.RELEASE\spring-test-5.0.2.RELEASE.jar;E:\maven-repository\org\springframework\spring-webmvc\5.0.2.RELEASE\spring-webmvc-5.0.2.RELEASE.jar;E:\maven-repository\org\springframework\spring-tx\5.0.2.RELEASE\spring-tx-5.0.2.RELEASE.jar;E:\maven-repository\javax\servlet\javax.servlet-api\3.1.0\javax.servlet-api-3.1.0.jar;E:\maven-repository\javax\servlet\jsp\jsp-api\2.0\jsp-api-2.0.jar;E:\maven-repository\jstl\jstl\1.2\jstl-1.2.jar;E:\maven-repository\log4j\log4j\1.2.12\log4j-1.2.12.jar;E:\maven-repository\org\slf4j\slf4j-api\1.6.6\slf4j-api-1.6.6.jar;E:\maven-repository\org\slf4j\slf4j-log4j12\1.6.6\slf4j-log4j12-1.6.6.jar;E:\maven-repository\org\mybatis\mybatis\3.4.5\mybatis-3.4.5.jar;E:\maven-repository\org\mybatis\mybatis-spring\1.3.0\mybatis-spring-1.3.0.jar;E:\maven-repository\c3p0\c3p0\0.9.1.2\c3p0-0.9.1.2.jar;E:\maven-repository\mysql\mysql-connector-java\5.1.6\mysql-connector-java-5.1.6.jar;E:\maven-repository\javax\annotation\jsr250-api\1.0\jsr250-api-1.0.jar;E:\maven-repository\org\projectlombok\lombok\1.16.16\lombok-1.16.16.jar;, java.specification.name=Java Platform API Specification, java.class.version=52.0, sun.management.compiler=HotSpot 64-Bit Tiered Compilers, maven.repo.local=E:\maven-repository, idea.version2019.3.3=true, os.version=10.0, user.home=C:\Users\xm, user.timezone=Asia/Shanghai, java.awt.printerjob=sun.awt.windows.WPrinterJob, file.encoding=GBK, java.specification.version=1.8, java.class.path=D:\Code\IdeaProjects\manageSystem-ssm\ms-ssm-web\target\test-classes;D:\Code\IdeaProjects\manageSystem-ssm\ms-ssm-web\target\classes;E:\maven-repository\junit\junit\4.12\junit-4.12.jar;E:\maven-repository\org\hamcrest\hamcrest-core\1.3\hamcrest-core-1.3.jar;D:\Code\IdeaProjects\manageSystem-ssm\ms-ssm-domain\target\ms-ssm-domain-1.0-SNAPSHOT.jar;D:\Code\IdeaProjects\manageSystem-ssm\ms-ssm-utils\target\ms-ssm-utils-1.0-SNAPSHOT.jar;D:\Code\IdeaProjects\manageSystem-ssm\ms-ssm-service\target\ms-ssm-service-1.0-SNAPSHOT.jar;D:\Code\IdeaProjects\manageSystem-ssm\ms-ssm-dao\target\ms-ssm-dao-1.0-SNAPSHOT.jar;E:\maven-repository\com\fasterxml\jackson\core\jackson-databind\2.9.7\jackson-databind-2.9.7.jar;E:\maven-repository\com\fasterxml\jackson\core\jackson-annotations\2.9.0\jackson-annotations-2.9.0.jar;E:\maven-repository\com\fasterxml\jackson\core\jackson-core\2.9.7\jackson-core-2.9.7.jar;E:\maven-repository\com\github\pagehelper\pagehelper\5.1.2\pagehelper-5.1.2.jar;E:\maven-repository\com\github\jsqlparser\jsqlparser\1.0\jsqlparser-1.0.jar;E:\maven-repository\javax\annotation\javax.annotation-api\1.3.1\javax.annotation-api-1.3.1.jar;E:\maven-repository\org\springframework\security\spring-security-web\5.0.1.RELEASE\spring-security-web-5.0.1.RELEASE.jar;E:\maven-repository\org\springframework\spring-expression\5.0.3.RELEASE\spring-expression-5.0.3.RELEASE.jar;E:\maven-repository\org\springframework\security\spring-security-config\5.0.1.RELEASE\spring-security-config-5.0.1.RELEASE.jar;E:\maven-repository\org\springframework\security\spring-security-core\5.0.1.RELEASE\spring-security-core-5.0.1.RELEASE.jar;E:\maven-repository\org\springframework\security\spring-security-taglibs\5.0.1.RELEASE\spring-security-taglibs-5.0.1.RELEASE.jar;E:\maven-repository\org\springframework\security\spring-security-acl\5.0.1.RELEASE\spring-security-acl-5.0.1.RELEASE.jar;E:\maven-repository\org\aspectj\aspectjweaver\1.6.8\aspectjweaver-1.6.8.jar;E:\maven-repository\org\springframework\spring-aop\5.0.2.RELEASE\spring-aop-5.0.2.RELEASE.jar;E:\maven-repository\org\springframework\spring-context\5.0.2.RELEASE\spring-context-5.0.2.RELEASE.jar;E:\maven-repository\org\springframework\spring-context-support\5.0.2.RELEASE\spring-context-support-5.0.2.RELEASE.jar;E:\maven-repository\org\springframework\spring-web\5.0.2.RELEASE\spring-web-5.0.2.RELEASE.jar;E:\maven-repository\org\springframework\spring-orm\5.0.2.RELEASE\spring-orm-5.0.2.RELEASE.jar;E:\maven-repository\org\springframework\spring-jdbc\5.0.2.RELEASE\spring-jdbc-5.0.2.RELEASE.jar;E:\maven-repository\org\springframework\spring-beans\5.0.2.RELEASE\spring-beans-5.0.2.RELEASE.jar;E:\maven-repository\org\springframework\spring-core\5.0.2.RELEASE\spring-core-5.0.2.RELEASE.jar;E:\maven-repository\org\springframework\spring-jcl\5.0.2.RELEASE\spring-jcl-5.0.2.RELEASE.jar;E:\maven-repository\org\springframework\spring-test\5.0.2.RELEASE\spring-test-5.0.2.RELEASE.jar;E:\maven-repository\org\springframework\spring-webmvc\5.0.2.RELEASE\spring-webmvc-5.0.2.RELEASE.jar;E:\maven-repository\org\springframework\spring-tx\5.0.2.RELEASE\spring-tx-5.0.2.RELEASE.jar;E:\maven-repository\javax\servlet\javax.servlet-api\3.1.0\javax.servlet-api-3.1.0.jar;E:\maven-repository\javax\servlet\jsp\jsp-api\2.0\jsp-api-2.0.jar;E:\maven-repository\jstl\jstl\1.2\jstl-1.2.jar;E:\maven-repository\log4j\log4j\1.2.12\log4j-1.2.12.jar;E:\maven-repository\org\slf4j\slf4j-api\1.6.6\slf4j-api-1.6.6.jar;E:\maven-repository\org\slf4j\slf4j-log4j12\1.6.6\slf4j-log4j12-1.6.6.jar;E:\maven-repository\org\mybatis\mybatis\3.4.5\mybatis-3.4.5.jar;E:\maven-repository\org\mybatis\mybatis-spring\1.3.0\mybatis-spring-1.3.0.jar;E:\maven-repository\c3p0\c3p0\0.9.1.2\c3p0-0.9.1.2.jar;E:\maven-repository\mysql\mysql-connector-java\5.1.6\mysql-connector-java-5.1.6.jar;E:\maven-repository\javax\annotation\jsr250-api\1.0\jsr250-api-1.0.jar;E:\maven-repository\org\projectlombok\lombok\1.16.16\lombok-1.16.16.jar;, user.name=xm, java.vm.specification.version=1.8, sun.java.command=C:\Users\xm\AppData\Local\Temp\surefire7497552715305907156\surefirebooter6811015789613867580.jar C:\Users\xm\AppData\Local\Temp\surefire7497552715305907156 2020-04-25T21-46-33_033-jvmRun1 surefire7780568927660488430tmp surefire_03629623413987528247tmp, java.home=C:\Program Files\Java\jdk1.8.0_131\jre, sun.arch.data.model=64, user.language=zh, java.specification.vendor=Oracle Corporation, awt.toolkit=sun.awt.windows.WToolkit, java.vm.info=mixed mode, java.version=1.8.0_131, java.ext.dirs=C:\Program Files\Java\jdk1.8.0_131\jre\lib\ext;C:\Windows\Sun\Java\lib\ext, sun.boot.class.path=C:\Program Files\Java\jdk1.8.0_131\jre\lib\resources.jar;C:\Program Files\Java\jdk1.8.0_131\jre\lib\rt.jar;C:\Program Files\Java\jdk1.8.0_131\jre\lib\sunrsasign.jar;C:\Program Files\Java\jdk1.8.0_131\jre\lib\jsse.jar;C:\Program Files\Java\jdk1.8.0_131\jre\lib\jce.jar;C:\Program Files\Java\jdk1.8.0_131\jre\lib\charsets.jar;C:\Program Files\Java\jdk1.8.0_131\jre\lib\jfr.jar;C:\Program Files\Java\jdk1.8.0_131\jre\classes, java.vendor=Oracle Corporation, localRepository=E:\maven-repository, file.separator=\, java.vendor.url.bug=http://bugreport.sun.com/bugreport/, sun.io.unicode.encoding=UnicodeLittle, sun.cpu.endian=little, sun.desktop=windows, sun.cpu.isalist=amd64}}, SystemEnvironmentPropertySource@109069556 {name='systemEnvironment', properties={PATH=D:\MyProgram\orcl\bin;D:\MyProgram\Anaconda3;D:\MyProgram\Anaconda3\Library\mingw-w64\bin;D:\MyProgram\Anaconda3\Library\usr\bin;D:\MyProgram\Anaconda3\Library\bin;D:\MyProgram\Anaconda3\Scripts;C:\ProgramData\Oracle\Java\javapath;C:\Windows\system32;C:\Windows;C:\Windows\System32\Wbem;C:\Windows\System32\WindowsPowerShell\v1.0\;C:\Windows\System32\OpenSSH\;C:\Program Files\Java\jdk1.8.0_131\bin;C:\Program Files\Java\jdk1.8.0_131\jre\bin;C:\Program Files (x86)\MySQL\MySQL Server 5.5\bin;D:\MyProgram\Git\cmd;D:\Maven\bin\;D:\MyProgram\redis-2.8.9;D:\Maven_V_354\apache-maven-3.5.4\bin\;D:\MyProgram\nodejs\;D:\MyProgram\nodejs\npm_modules\;D:\MyProgram\erl10.4\bin;D:\MyProgram\ffmpeg\bin\;D:\MyProgram\OpenSSL-Win64\bin\;D:\MyProgram\Ruby25-x64\bin;C:\Users\xm\AppData\Local\Microsoft\WindowsApps;;D:\MyProgram\JetBrains\IntelliJ IDEA 2019.3.3\bin;;D:\MyProgram\Microsoft VS Code\bin;D:\MyProgram\JetBrains\PyCharm 2019.3.3\bin;;D:\MyProgram\JetBrains\WebStorm 2019.3.3\bin;;C:\Users\xm\AppData\Roaming\npm, USERDOMAIN_ROAMINGPROFILE=DESKTOP-9ENUAHE, PROCESSOR_LEVEL=23, SYSTEMDRIVE=C:, SESSIONNAME=Console, ALLUSERSPROFILE=C:\ProgramData, PROCESSOR_ARCHITECTURE=AMD64, DRIVERDATA=C:\Windows\System32\Drivers\DriverData, MAVEN_HOME=D:\Maven, PROGRAMFILES=C:\Program Files, PSMODULEPATH=C:\Program Files\WindowsPowerShell\Modules;C:\Windows\system32\WindowsPowerShell\v1.0\Modules, PROGRAMDATA=C:\ProgramData, USERNAME=xm, FPS_BROWSER_USER_PROFILE_STRING=Default, ONEDRIVE=C:\Users\xm\OneDrive, PATHEXT=.COM;.EXE;.BAT;.CMD;.VBS;.VBE;.JS;.JSE;.WSF;.WSH;.MSC;.RB;.RBW, MAVEN_HOME2=D:\Maven_V_354\apache-maven-3.5.4, WINDIR=C:\Windows, HOMEPATH=\Users\xm, PROCESSOR_IDENTIFIER=AMD64 Family 23 Model 8 Stepping 2, AuthenticAMD, PUBLIC=C:\Users\Public, =::=::\, LOCALAPPDATA=C:\Users\xm\AppData\Local, COMMONPROGRAMFILES(X86)=C:\Program Files (x86)\Common Files, USERDOMAIN=DESKTOP-9ENUAHE, FPS_BROWSER_APP_PROFILE_STRING=Internet Explorer, LOGONSERVER=\\DESKTOP-9ENUAHE, JAVA_HOME=C:\Program Files\Java\jdk1.8.0_131, PROMPT=$P$G, PROGRAMFILES(X86)=C:\Program Files (x86), INTELLIJ IDEA=D:\MyProgram\JetBrains\IntelliJ IDEA 2019.3.3\bin;, ERLANG_HOME=D:\MyProgram\erl10.4, APPDATA=C:\Users\xm\AppData\Roaming, PROGRAMW6432=C:\Program Files, SYSTEMROOT=C:\Windows, PERL5LIB=D:\MyProgram\orcl\perl\5.8.3\lib\MSWin32-x86;D:\MyProgram\orcl\perl\5.8.3\lib;D:\MyProgram\orcl\perl\5.8.3\lib\MSWin32-x86;D:\MyProgram\orcl\perl\site\5.8.3;D:\MyProgram\orcl\perl\site\5.8.3\lib;D:\MyProgram\orcl\sysman\admin\scripts;, OS=Windows_NT, COMMONPROGRAMW6432=C:\Program Files\Common Files, COMPUTERNAME=DESKTOP-9ENUAHE, COMMONPROGRAMFILES=C:\Program Files\Common Files, COMSPEC=C:\Windows\system32\cmd.exe, CATALINA_HOME=D:\MyProgram\Tomcat\apache-tomcat-7.0.100, PROCESSOR_REVISION=0802, CLASSPATH=.;C:\Program Files\Java\jdk1.8.0_131\lib;C:\Program Files\Java\jdk1.8.0_131\lib\tools.jar, PYCHARM=D:\MyProgram\JetBrains\PyCharm 2019.3.3\bin;, RUBYOPT=-Eutf-8, =D:=D:\Code\IdeaProjects\manageSystem-ssm\ms-ssm-web, TEMP=C:\Users\xm\AppData\Local\Temp, HOMEDRIVE=C:, USERPROFILE=C:\Users\xm, TMP=C:\Users\xm\AppData\Local\Temp, WEBSTORM=D:\MyProgram\JetBrains\WebStorm 2019.3.3\bin;, NUMBER_OF_PROCESSORS=12, IDEA_INITIAL_DIRECTORY=C:\Users\xm\Desktop}}]
2020-04-25 21:46:35,778 2038   [           main] INFO  ry.xml.XmlBeanDefinitionReader  - Loading XML bean definitions from class path resource [applicationContext.xml]
2020-04-25 21:46:35,779 2039   [           main] DEBUG tory.xml.DefaultDocumentLoader  - Using JAXP provider [com.sun.org.apache.xerces.internal.jaxp.DocumentBuilderFactoryImpl]
2020-04-25 21:46:35,780 2040   [           main] DEBUG ry.xml.PluggableSchemaResolver  - Loading schema mappings from [META-INF/spring.schemas]
2020-04-25 21:46:35,783 2043   [           main] DEBUG ry.xml.PluggableSchemaResolver  - Loaded schema mappings: {http://www.springframework.org/schema/tx/spring-tx-4.3.xsd=org/springframework/transaction/config/spring-tx.xsd, http://www.springframework.org/schema/tx/spring-tx-2.5.xsd=org/springframework/transaction/config/spring-tx.xsd, http://www.springframework.org/schema/cache/spring-cache-4.2.xsd=org/springframework/cache/config/spring-cache.xsd, http://www.springframework.org/schema/aop/spring-aop-4.1.xsd=org/springframework/aop/config/spring-aop.xsd, http://www.springframework.org/schema/context/spring-context-3.1.xsd=org/springframework/context/config/spring-context.xsd, http://www.springframework.org/schema/jdbc/spring-jdbc-4.1.xsd=org/springframework/jdbc/config/spring-jdbc.xsd, http://www.springframework.org/schema/mvc/spring-mvc-4.1.xsd=org/springframework/web/servlet/config/spring-mvc.xsd, http://www.springframework.org/schema/util/spring-util-3.0.xsd=org/springframework/beans/factory/xml/spring-util.xsd, http://www.springframework.org/schema/security/spring-security-3.0.3.xsd=org/springframework/security/config/spring-security-3.0.3.xsd, http://mybatis.org/schema/mybatis-spring-1.2.xsd=org/mybatis/spring/config/mybatis-spring-1.2.xsd, http://www.springframework.org/schema/tool/spring-tool.xsd=org/springframework/beans/factory/xml/spring-tool.xsd, http://www.springframework.org/schema/aop/spring-aop-3.2.xsd=org/springframework/aop/config/spring-aop.xsd, http://www.springframework.org/schema/security/spring-security-2.0.1.xsd=org/springframework/security/config/spring-security-2.0.1.xsd, http://www.springframework.org/schema/lang/spring-lang-4.1.xsd=org/springframework/scripting/config/spring-lang.xsd, http://www.springframework.org/schema/context/spring-context-4.0.xsd=org/springframework/context/config/spring-context.xsd, http://www.springframework.org/schema/mvc/spring-mvc-3.2.xsd=org/springframework/web/servlet/config/spring-mvc.xsd, http://www.springframework.org/schema/beans/spring-beans-4.2.xsd=org/springframework/beans/factory/xml/spring-beans.xsd, http://www.springframework.org/schema/tool/spring-tool-4.1.xsd=org/springframework/beans/factory/xml/spring-tool.xsd, http://www.springframework.org/schema/lang/spring-lang-3.2.xsd=org/springframework/scripting/config/spring-lang.xsd, http://www.springframework.org/schema/cache/spring-cache-3.2.xsd=org/springframework/cache/config/spring-cache.xsd, http://www.springframework.org/schema/jee/spring-jee-4.1.xsd=org/springframework/ejb/config/spring-jee.xsd, http://www.springframework.org/schema/jdbc/spring-jdbc-3.1.xsd=org/springframework/jdbc/config/spring-jdbc.xsd, http://www.springframework.org/schema/util/spring-util-2.0.xsd=org/springframework/beans/factory/xml/spring-util.xsd, http://www.springframework.org/schema/task/spring-task-4.2.xsd=org/springframework/scheduling/config/spring-task.xsd, http://www.springframework.org/schema/tool/spring-tool-3.2.xsd=org/springframework/beans/factory/xml/spring-tool.xsd, http://www.springframework.org/schema/context/spring-context.xsd=org/springframework/context/config/spring-context.xsd, http://www.springframework.org/schema/tx/spring-tx-4.2.xsd=org/springframework/transaction/config/spring-tx.xsd, http://www.springframework.org/schema/cache/spring-cache-4.1.xsd=org/springframework/cache/config/spring-cache.xsd, http://www.springframework.org/schema/aop/spring-aop-4.0.xsd=org/springframework/aop/config/spring-aop.xsd, http://www.springframework.org/schema/security/spring-security-2.0.xsd=org/springframework/security/config/spring-security-2.0.xsd, http://www.springframework.org/schema/jee/spring-jee-3.2.xsd=org/springframework/ejb/config/spring-jee.xsd, http://www.springframework.org/schema/context/spring-context-3.0.xsd=org/springframework/context/config/spring-context.xsd, http://www.springframework.org/schema/jdbc/spring-jdbc-4.0.xsd=org/springframework/jdbc/config/spring-jdbc.xsd, http://www.springframework.org/schema/mvc/spring-mvc-4.0.xsd=org/springframework/web/servlet/config/spring-mvc.xsd, http://www.springframework.org/schema/util/spring-util-4.3.xsd=org/springframework/beans/factory/xml/spring-util.xsd, http://www.springframework.org/schema/util/spring-util-2.5.xsd=org/springframework/beans/factory/xml/spring-util.xsd, http://www.springframework.org/schema/beans/spring-beans-3.2.xsd=org/springframework/beans/factory/xml/spring-beans.xsd, http://www.springframework.org/schema/aop/spring-aop-3.1.xsd=org/springframework/aop/config/spring-aop.xsd, http://www.springframework.org/schema/lang/spring-lang-4.0.xsd=org/springframework/scripting/config/spring-lang.xsd, http://www.springframework.org/schema/mvc/spring-mvc.xsd=org/springframework/web/servlet/config/spring-mvc.xsd, http://www.springframework.org/schema/mvc/spring-mvc-3.1.xsd=org/springframework/web/servlet/config/spring-mvc.xsd, http://www.springframework.org/schema/beans/spring-beans-4.1.xsd=org/springframework/beans/factory/xml/spring-beans.xsd, http://www.springframework.org/schema/tool/spring-tool-4.0.xsd=org/springframework/beans/factory/xml/spring-tool.xsd, http://www.springframework.org/schema/tx/spring-tx-3.2.xsd=org/springframework/transaction/config/spring-tx.xsd, http://www.springframework.org/schema/lang/spring-lang-3.1.xsd=org/springframework/scripting/config/spring-lang.xsd, http://www.springframework.org/schema/cache/spring-cache-3.1.xsd=org/springframework/cache/config/spring-cache.xsd, http://www.springframework.org/schema/jee/spring-jee-4.0.xsd=org/springframework/ejb/config/spring-jee.xsd, http://www.springframework.org/schema/jdbc/spring-jdbc-3.0.xsd=org/springframework/jdbc/config/spring-jdbc.xsd, http://www.springframework.org/schema/task/spring-task-4.1.xsd=org/springframework/scheduling/config/spring-task.xsd, http://www.springframework.org/schema/tool/spring-tool-3.1.xsd=org/springframework/beans/factory/xml/spring-tool.xsd, http://www.springframework.org/schema/jdbc/spring-jdbc.xsd=org/springframework/jdbc/config/spring-jdbc.xsd, http://www.springframework.org/schema/tx/spring-tx-4.1.xsd=org/springframework/transaction/config/spring-tx.xsd, http://www.springframework.org/schema/cache/spring-cache-4.0.xsd=org/springframework/cache/config/spring-cache.xsd, http://www.springframework.org/schema/jee/spring-jee-3.1.xsd=org/springframework/ejb/config/spring-jee.xsd, http://www.springframework.org/schema/util/spring-util-4.2.xsd=org/springframework/beans/factory/xml/spring-util.xsd, http://www.springframework.org/schema/task/spring-task-3.2.xsd=org/springframework/scheduling/config/spring-task.xsd, http://www.springframework.org/schema/beans/spring-beans-3.1.xsd=org/springframework/beans/factory/xml/spring-beans.xsd, http://www.springframework.org/schema/util/spring-util.xsd=org/springframework/beans/factory/xml/spring-util.xsd, http://www.springframework.org/schema/aop/spring-aop-3.0.xsd=org/springframework/aop/config/spring-aop.xsd, http://www.springframework.org/schema/security/spring-security-4.2.xsd=org/springframework/security/config/spring-security-4.2.xsd, http://www.springframework.org/schema/mvc/spring-mvc-3.0.xsd=org/springframework/web/servlet/config/spring-mvc.xsd, http://www.springframework.org/schema/beans/spring-beans-4.0.xsd=org/springframework/beans/factory/xml/spring-beans.xsd, http://www.springframework.org/schema/beans/spring-beans.xsd=org/springframework/beans/factory/xml/spring-beans.xsd, http://www.springframework.org/schema/security/spring-security-2.0.4.xsd=org/springframework/security/config/spring-security-2.0.4.xsd, http://mybatis.org/schema/mybatis-spring.xsd=org/mybatis/spring/config/mybatis-spring-1.2.xsd, http://www.springframework.org/schema/tx/spring-tx-3.1.xsd=org/springframework/transaction/config/spring-tx.xsd, http://www.springframework.org/schema/lang/spring-lang-3.0.xsd=org/springframework/scripting/config/spring-lang.xsd, http://www.springframework.org/schema/context/spring-context-2.5.xsd=org/springframework/context/config/spring-context.xsd, http://www.springframework.org/schema/context/spring-context-4.3.xsd=org/springframework/context/config/spring-context.xsd, http://www.springframework.org/schema/task/spring-task-4.0.xsd=org/springframework/scheduling/config/spring-task.xsd, http://www.springframework.org/schema/tool/spring-tool-3.0.xsd=org/springframework/beans/factory/xml/spring-tool.xsd, http://www.springframework.org/schema/tx/spring-tx-4.0.xsd=org/springframework/transaction/config/spring-tx.xsd, http://www.springframework.org/schema/aop/spring-aop-2.0.xsd=org/springframework/aop/config/spring-aop.xsd, http://www.springframework.org/schema/security/spring-security-3.2.xsd=org/springframework/security/config/spring-security-3.2.xsd, http://www.springframework.org/schema/jee/spring-jee-3.0.xsd=org/springframework/ejb/config/spring-jee.xsd, http://www.springframework.org/schema/util/spring-util-4.1.xsd=org/springframework/beans/factory/xml/spring-util.xsd, http://www.springframework.org/schema/task/spring-task-3.1.xsd=org/springframework/scheduling/config/spring-task.xsd, http://www.springframework.org/schema/beans/spring-beans-3.0.xsd=org/springframework/beans/factory/xml/spring-beans.xsd, http://www.springframework.org/schema/jee/spring-jee.xsd=org/springframework/ejb/config/spring-jee.xsd, http://www.springframework.org/schema/aop/spring-aop-2.5.xsd=org/springframework/aop/config/spring-aop.xsd, http://www.springframework.org/schema/aop/spring-aop-4.3.xsd=org/springframework/aop/config/spring-aop.xsd, http://www.springframework.org/schema/lang/spring-lang-2.0.xsd=org/springframework/scripting/config/spring-lang.xsd, http://www.springframework.org/schema/security/spring-security-4.1.xsd=org/springframework/security/config/spring-security-4.1.xsd, http://www.springframework.org/schema/jdbc/spring-jdbc-4.3.xsd=org/springframework/jdbc/config/spring-jdbc.xsd, http://www.springframework.org/schema/mvc/spring-mvc-4.3.xsd=org/springframework/web/servlet/config/spring-mvc.xsd, http://www.springframework.org/schema/util/spring-util-3.2.xsd=org/springframework/beans/factory/xml/spring-util.xsd, http://www.springframework.org/schema/task/spring-task.xsd=org/springframework/scheduling/config/spring-task.xsd, http://www.springframework.org/schema/tool/spring-tool-2.0.xsd=org/springframework/beans/factory/xml/spring-tool.xsd, http://www.springframework.org/schema/tx/spring-tx-3.0.xsd=org/springframework/transaction/config/spring-tx.xsd, http://www.springframework.org/schema/lang/spring-lang-2.5.xsd=org/springframework/scripting/config/spring-lang.xsd, http://www.springframework.org/schema/security/spring-security-5.0.xsd=org/springframework/security/config/spring-security-5.0.xsd, http://www.springframework.org/schema/lang/spring-lang-4.3.xsd=org/springframework/scripting/config/spring-lang.xsd, http://www.springframework.org/schema/context/spring-context-4.2.xsd=org/springframework/context/config/spring-context.xsd, http://www.springframework.org/schema/jee/spring-jee-2.0.xsd=org/springframework/ejb/config/spring-jee.xsd, http://www.springframework.org/schema/tool/spring-tool-4.3.xsd=org/springframework/beans/factory/xml/spring-tool.xsd, http://www.springframework.org/schema/tool/spring-tool-2.5.xsd=org/springframework/beans/factory/xml/spring-tool.xsd, http://www.springframework.org/schema/jee/spring-jee-4.3.xsd=org/springframework/ejb/config/spring-jee.xsd, http://www.springframework.org/schema/jee/spring-jee-2.5.xsd=org/springframework/ejb/config/spring-jee.xsd, http://www.springframework.org/schema/security/spring-security-3.1.xsd=org/springframework/security/config/spring-security-3.1.xsd, http://www.springframework.org/schema/util/spring-util-4.0.xsd=org/springframework/beans/factory/xml/spring-util.xsd, http://www.springframework.org/schema/task/spring-task-3.0.xsd=org/springframework/scheduling/config/spring-task.xsd, http://www.springframework.org/schema/cache/spring-cache-4.3.xsd=org/springframework/cache/config/spring-cache.xsd, http://www.springframework.org/schema/aop/spring-aop-4.2.xsd=org/springframework/aop/config/spring-aop.xsd, http://www.springframework.org/schema/security/spring-security-4.0.xsd=org/springframework/security/config/spring-security-4.0.xsd, http://www.springframework.org/schema/lang/spring-lang.xsd=org/springframework/scripting/config/spring-lang.xsd, http://www.springframework.org/schema/context/spring-context-3.2.xsd=org/springframework/context/config/spring-context.xsd, http://www.springframework.org/schema/jdbc/spring-jdbc-4.2.xsd=org/springframework/jdbc/config/spring-jdbc.xsd, http://www.springframework.org/schema/mvc/spring-mvc-4.2.xsd=org/springframework/web/servlet/config/spring-mvc.xsd, http://www.springframework.org/schema/util/spring-util-3.1.xsd=org/springframework/beans/factory/xml/spring-util.xsd, http://www.springframework.org/schema/beans/spring-beans-2.0.xsd=org/springframework/beans/factory/xml/spring-beans.xsd, http://www.springframework.org/schema/cache/spring-cache.xsd=org/springframework/cache/config/spring-cache.xsd, http://www.springframework.org/schema/tx/spring-tx.xsd=org/springframework/transaction/config/spring-tx.xsd, http://www.springframework.org/schema/security/spring-security-2.0.2.xsd=org/springframework/security/config/spring-security-2.0.2.xsd, http://www.springframework.org/schema/lang/spring-lang-4.2.xsd=org/springframework/scripting/config/spring-lang.xsd, http://www.springframework.org/schema/context/spring-context-4.1.xsd=org/springframework/context/config/spring-context.xsd, http://www.springframework.org/schema/beans/spring-beans-4.3.xsd=org/springframework/beans/factory/xml/spring-beans.xsd, http://www.springframework.org/schema/beans/spring-beans-2.5.xsd=org/springframework/beans/factory/xml/spring-beans.xsd, http://www.springframework.org/schema/tool/spring-tool-4.2.xsd=org/springframework/beans/factory/xml/spring-tool.xsd, http://www.springframework.org/schema/tx/spring-tx-2.0.xsd=org/springframework/transaction/config/spring-tx.xsd, http://www.springframework.org/schema/security/spring-security.xsd=org/springframework/security/config/spring-security-5.0.xsd, http://www.springframework.org/schema/security/spring-security-3.0.xsd=org/springframework/security/config/spring-security-3.0.xsd, http://www.springframework.org/schema/jee/spring-jee-4.2.xsd=org/springframework/ejb/config/spring-jee.xsd, http://www.springframework.org/schema/jdbc/spring-jdbc-3.2.xsd=org/springframework/jdbc/config/spring-jdbc.xsd, http://www.springframework.org/schema/task/spring-task-4.3.xsd=org/springframework/scheduling/config/spring-task.xsd, http://www.springframework.org/schema/aop/spring-aop.xsd=org/springframework/aop/config/spring-aop.xsd}
2020-04-25 21:46:35,784 2044   [           main] DEBUG ry.xml.PluggableSchemaResolver  - Found XML schema [http://www.springframework.org/schema/beans/spring-beans.xsd] in classpath: org/springframework/beans/factory/xml/spring-beans.xsd
2020-04-25 21:46:35,790 2050   [           main] DEBUG ry.xml.PluggableSchemaResolver  - Found XML schema [http://www.springframework.org/schema/context/spring-context.xsd] in classpath: org/springframework/context/config/spring-context.xsd
2020-04-25 21:46:35,791 2051   [           main] DEBUG ry.xml.PluggableSchemaResolver  - Found XML schema [http://www.springframework.org/schema/tool/spring-tool.xsd] in classpath: org/springframework/beans/factory/xml/spring-tool.xsd
2020-04-25 21:46:35,794 2054   [           main] DEBUG ry.xml.PluggableSchemaResolver  - Found XML schema [http://www.springframework.org/schema/tx/spring-tx.xsd] in classpath: org/springframework/transaction/config/spring-tx.xsd
2020-04-25 21:46:35,796 2056   [           main] DEBUG ltBeanDefinitionDocumentReader  - Loading bean definitions
2020-04-25 21:46:35,798 2058   [           main] DEBUG efaultNamespaceHandlerResolver  - Loaded NamespaceHandler mappings: {http://www.springframework.org/schema/p=org.springframework.beans.factory.xml.SimplePropertyNamespaceHandler, http://www.springframework.org/schema/mvc=org.springframework.web.servlet.config.MvcNamespaceHandler, http://www.springframework.org/schema/util=org.springframework.beans.factory.xml.UtilNamespaceHandler, http://www.springframework.org/schema/jee=org.springframework.ejb.config.JeeNamespaceHandler, http://www.springframework.org/schema/aop=org.springframework.aop.config.AopNamespaceHandler, http://www.springframework.org/schema/jdbc=org.springframework.jdbc.config.JdbcNamespaceHandler, http://www.springframework.org/schema/cache=org.springframework.cache.config.CacheNamespaceHandler, http://mybatis.org/schema/mybatis-spring=org.mybatis.spring.config.NamespaceHandler, http://www.springframework.org/schema/c=org.springframework.beans.factory.xml.SimpleConstructorNamespaceHandler, http://www.springframework.org/schema/security=org.springframework.security.config.SecurityNamespaceHandler, http://www.springframework.org/schema/tx=org.springframework.transaction.config.TxNamespaceHandler, http://www.springframework.org/schema/task=org.springframework.scheduling.config.TaskNamespaceHandler, http://www.springframework.org/schema/lang=org.springframework.scripting.config.LangNamespaceHandler, http://www.springframework.org/schema/context=org.springframework.context.config.ContextNamespaceHandler}
2020-04-25 21:46:35,798 2058   [           main] DEBUG ClassPathBeanDefinitionScanner  - JSR-250 'javax.annotation.ManagedBean' found and supported for component scanning
2020-04-25 21:46:35,799 2059   [           main] DEBUG atchingResourcePatternResolver  - Resolved classpath location [com/xumeng/service/] to resources [URL [jar:file:/D:/Code/IdeaProjects/manageSystem-ssm/ms-ssm-service/target/ms-ssm-service-1.0-SNAPSHOT.jar!/com/xumeng/service/]]
2020-04-25 21:46:35,799 2059   [           main] DEBUG atchingResourcePatternResolver  - Looking for matching resources in jar file [file:/D:/Code/IdeaProjects/manageSystem-ssm/ms-ssm-service/target/ms-ssm-service-1.0-SNAPSHOT.jar]
2020-04-25 21:46:35,800 2060   [           main] DEBUG atchingResourcePatternResolver  - Resolved location pattern [classpath*:com/xumeng/service/**/*.class] to resources [URL [jar:file:/D:/Code/IdeaProjects/manageSystem-ssm/ms-ssm-service/target/ms-ssm-service-1.0-SNAPSHOT.jar!/com/xumeng/service/IMemberService.class], URL [jar:file:/D:/Code/IdeaProjects/manageSystem-ssm/ms-ssm-service/target/ms-ssm-service-1.0-SNAPSHOT.jar!/com/xumeng/service/impl/MemberServiceImpl.class], URL [jar:file:/D:/Code/IdeaProjects/manageSystem-ssm/ms-ssm-service/target/ms-ssm-service-1.0-SNAPSHOT.jar!/com/xumeng/service/impl/OrderServiceImpl.class], URL [jar:file:/D:/Code/IdeaProjects/manageSystem-ssm/ms-ssm-service/target/ms-ssm-service-1.0-SNAPSHOT.jar!/com/xumeng/service/impl/PermissionServiceImpl.class], URL [jar:file:/D:/Code/IdeaProjects/manageSystem-ssm/ms-ssm-service/target/ms-ssm-service-1.0-SNAPSHOT.jar!/com/xumeng/service/impl/ProductServiceImpl.class], URL [jar:file:/D:/Code/IdeaProjects/manageSystem-ssm/ms-ssm-service/target/ms-ssm-service-1.0-SNAPSHOT.jar!/com/xumeng/service/impl/TravellerServiceImpl.class], URL [jar:file:/D:/Code/IdeaProjects/manageSystem-ssm/ms-ssm-service/target/ms-ssm-service-1.0-SNAPSHOT.jar!/com/xumeng/service/impl/UserServiceImpl.class], URL [jar:file:/D:/Code/IdeaProjects/manageSystem-ssm/ms-ssm-service/target/ms-ssm-service-1.0-SNAPSHOT.jar!/com/xumeng/service/IOrderService.class], URL [jar:file:/D:/Code/IdeaProjects/manageSystem-ssm/ms-ssm-service/target/ms-ssm-service-1.0-SNAPSHOT.jar!/com/xumeng/service/IPermissionService.class], URL [jar:file:/D:/Code/IdeaProjects/manageSystem-ssm/ms-ssm-service/target/ms-ssm-service-1.0-SNAPSHOT.jar!/com/xumeng/service/IProductService.class], URL [jar:file:/D:/Code/IdeaProjects/manageSystem-ssm/ms-ssm-service/target/ms-ssm-service-1.0-SNAPSHOT.jar!/com/xumeng/service/ITravellerService.class], URL [jar:file:/D:/Code/IdeaProjects/manageSystem-ssm/ms-ssm-service/target/ms-ssm-service-1.0-SNAPSHOT.jar!/com/xumeng/service/IUserService.class]]
2020-04-25 21:46:35,801 2061   [           main] DEBUG ClassPathBeanDefinitionScanner  - Identified candidate component class: URL [jar:file:/D:/Code/IdeaProjects/manageSystem-ssm/ms-ssm-service/target/ms-ssm-service-1.0-SNAPSHOT.jar!/com/xumeng/service/impl/MemberServiceImpl.class]
2020-04-25 21:46:35,801 2061   [           main] DEBUG ClassPathBeanDefinitionScanner  - Identified candidate component class: URL [jar:file:/D:/Code/IdeaProjects/manageSystem-ssm/ms-ssm-service/target/ms-ssm-service-1.0-SNAPSHOT.jar!/com/xumeng/service/impl/OrderServiceImpl.class]
2020-04-25 21:46:35,801 2061   [           main] DEBUG ClassPathBeanDefinitionScanner  - Identified candidate component class: URL [jar:file:/D:/Code/IdeaProjects/manageSystem-ssm/ms-ssm-service/target/ms-ssm-service-1.0-SNAPSHOT.jar!/com/xumeng/service/impl/PermissionServiceImpl.class]
2020-04-25 21:46:35,802 2062   [           main] DEBUG ClassPathBeanDefinitionScanner  - Identified candidate component class: URL [jar:file:/D:/Code/IdeaProjects/manageSystem-ssm/ms-ssm-service/target/ms-ssm-service-1.0-SNAPSHOT.jar!/com/xumeng/service/impl/ProductServiceImpl.class]
2020-04-25 21:46:35,803 2063   [           main] DEBUG ClassPathBeanDefinitionScanner  - Identified candidate component class: URL [jar:file:/D:/Code/IdeaProjects/manageSystem-ssm/ms-ssm-service/target/ms-ssm-service-1.0-SNAPSHOT.jar!/com/xumeng/service/impl/TravellerServiceImpl.class]
2020-04-25 21:46:35,803 2063   [           main] DEBUG ClassPathBeanDefinitionScanner  - Identified candidate component class: URL [jar:file:/D:/Code/IdeaProjects/manageSystem-ssm/ms-ssm-service/target/ms-ssm-service-1.0-SNAPSHOT.jar!/com/xumeng/service/impl/UserServiceImpl.class]
2020-04-25 21:46:35,805 2065   [           main] DEBUG ClassPathBeanDefinitionScanner  - JSR-250 'javax.annotation.ManagedBean' found and supported for component scanning
2020-04-25 21:46:35,806 2066   [           main] DEBUG atchingResourcePatternResolver  - Resolved classpath location [com/xumeng/dao/] to resources [URL [jar:file:/D:/Code/IdeaProjects/manageSystem-ssm/ms-ssm-dao/target/ms-ssm-dao-1.0-SNAPSHOT.jar!/com/xumeng/dao/]]
2020-04-25 21:46:35,806 2066   [           main] DEBUG atchingResourcePatternResolver  - Looking for matching resources in jar file [file:/D:/Code/IdeaProjects/manageSystem-ssm/ms-ssm-dao/target/ms-ssm-dao-1.0-SNAPSHOT.jar]
2020-04-25 21:46:35,806 2066   [           main] DEBUG atchingResourcePatternResolver  - Resolved location pattern [classpath*:com/xumeng/dao/**/*.class] to resources [URL [jar:file:/D:/Code/IdeaProjects/manageSystem-ssm/ms-ssm-dao/target/ms-ssm-dao-1.0-SNAPSHOT.jar!/com/xumeng/dao/IMemberDao.class], URL [jar:file:/D:/Code/IdeaProjects/manageSystem-ssm/ms-ssm-dao/target/ms-ssm-dao-1.0-SNAPSHOT.jar!/com/xumeng/dao/IOrderDao.class], URL [jar:file:/D:/Code/IdeaProjects/manageSystem-ssm/ms-ssm-dao/target/ms-ssm-dao-1.0-SNAPSHOT.jar!/com/xumeng/dao/IPermissionDao.class], URL [jar:file:/D:/Code/IdeaProjects/manageSystem-ssm/ms-ssm-dao/target/ms-ssm-dao-1.0-SNAPSHOT.jar!/com/xumeng/dao/IProductDao.class], URL [jar:file:/D:/Code/IdeaProjects/manageSystem-ssm/ms-ssm-dao/target/ms-ssm-dao-1.0-SNAPSHOT.jar!/com/xumeng/dao/IRoleDao.class], URL [jar:file:/D:/Code/IdeaProjects/manageSystem-ssm/ms-ssm-dao/target/ms-ssm-dao-1.0-SNAPSHOT.jar!/com/xumeng/dao/ITravellerDao.class], URL [jar:file:/D:/Code/IdeaProjects/manageSystem-ssm/ms-ssm-dao/target/ms-ssm-dao-1.0-SNAPSHOT.jar!/com/xumeng/dao/IUserDao.class]]
2020-04-25 21:46:35,808 2068   [           main] DEBUG l.BeanDefinitionParserDelegate  - Neither XML 'id' nor 'name' specified - using generated bean name [com.github.pagehelper.PageInterceptor#aeab9a1]
2020-04-25 21:46:35,809 2069   [           main] DEBUG ry.xml.XmlBeanDefinitionReader  - Loaded 22 bean definitions from location pattern [classpath:applicationContext.xml]
2020-04-25 21:46:35,809 2069   [           main] INFO  port.GenericApplicationContext  - Refreshing org.springframework.context.support.GenericApplicationContext@395b56bb: startup date [Sat Apr 25 21:46:35 CST 2020]; root of context hierarchy
2020-04-25 21:46:35,809 2069   [           main] DEBUG port.GenericApplicationContext  - Bean factory for org.springframework.context.support.GenericApplicationContext@395b56bb: org.springframework.beans.factory.support.DefaultListableBeanFactory@40f70521: defining beans [memberServiceImpl,orderServiceImpl,permissionServiceImpl,productServiceImpl,travellerServiceImpl,userService,org.springframework.context.annotation.internalConfigurationAnnotationProcessor,org.springframework.context.annotation.internalAutowiredAnnotationProcessor,org.springframework.context.annotation.internalRequiredAnnotationProcessor,org.springframework.context.annotation.internalCommonAnnotationProcessor,org.springframework.context.event.internalEventListenerProcessor,org.springframework.context.event.internalEventListenerFactory,org.springframework.context.support.PropertySourcesPlaceholderConfigurer#0,dataSource,sqlSessionFactory,mapperScanner,transactionManager,org.springframework.transaction.config.internalTransactionalEventListenerFactory,org.springframework.aop.config.internalAutoProxyCreator,org.springframework.transaction.annotation.AnnotationTransactionAttributeSource#0,org.springframework.transaction.interceptor.TransactionInterceptor#0,org.springframework.transaction.config.internalTransactionAdvisor]; root of factory hierarchy
2020-04-25 21:46:35,809 2069   [           main] DEBUG ort.DefaultListableBeanFactory  - Creating shared instance of singleton bean 'org.springframework.context.annotation.internalConfigurationAnnotationProcessor'
2020-04-25 21:46:35,809 2069   [           main] DEBUG ort.DefaultListableBeanFactory  - Creating instance of bean 'org.springframework.context.annotation.internalConfigurationAnnotationProcessor'
2020-04-25 21:46:35,809 2069   [           main] DEBUG ort.DefaultListableBeanFactory  - Eagerly caching bean 'org.springframework.context.annotation.internalConfigurationAnnotationProcessor' to allow for resolving potential circular references
2020-04-25 21:46:35,809 2069   [           main] DEBUG ort.DefaultListableBeanFactory  - Finished creating instance of bean 'org.springframework.context.annotation.internalConfigurationAnnotationProcessor'
2020-04-25 21:46:35,819 2079   [           main] DEBUG ort.DefaultListableBeanFactory  - Creating shared instance of singleton bean 'mapperScanner'
2020-04-25 21:46:35,819 2079   [           main] DEBUG ort.DefaultListableBeanFactory  - Creating instance of bean 'mapperScanner'
2020-04-25 21:46:35,819 2079   [           main] DEBUG ort.DefaultListableBeanFactory  - Eagerly caching bean 'mapperScanner' to allow for resolving potential circular references
2020-04-25 21:46:35,821 2081   [           main] DEBUG ort.DefaultListableBeanFactory  - Invoking afterPropertiesSet() on bean with name 'mapperScanner'
2020-04-25 21:46:35,821 2081   [           main] DEBUG ort.DefaultListableBeanFactory  - Finished creating instance of bean 'mapperScanner'
2020-04-25 21:46:35,821 2081   [           main] DEBUG k.core.env.StandardEnvironment  - Adding PropertySource 'systemProperties' with lowest search precedence
2020-04-25 21:46:35,821 2081   [           main] DEBUG k.core.env.StandardEnvironment  - Adding PropertySource 'systemEnvironment' with lowest search precedence
2020-04-25 21:46:35,821 2081   [           main] DEBUG k.core.env.StandardEnvironment  - Initialized StandardEnvironment with PropertySources [MapPropertySource@1047934137 {name='systemProperties', properties={java.runtime.name=Java(TM) SE Runtime Environment, sun.boot.library.path=C:\Program Files\Java\jdk1.8.0_131\jre\bin, java.vm.version=25.131-b11, java.vm.vendor=Oracle Corporation, java.vendor.url=http://java.oracle.com/, path.separator=;, java.vm.name=Java HotSpot(TM) 64-Bit Server VM, file.encoding.pkg=sun.io, user.country=CN, user.script=, sun.java.launcher=SUN_STANDARD, sun.os.patch.level=, java.vm.specification.name=Java Virtual Machine Specification, user.dir=D:\Code\IdeaProjects\manageSystem-ssm\ms-ssm-web, java.runtime.version=1.8.0_131-b11, basedir=D:\Code\IdeaProjects\manageSystem-ssm\ms-ssm-web, java.awt.graphicsenv=sun.awt.Win32GraphicsEnvironment, java.endorsed.dirs=C:\Program Files\Java\jdk1.8.0_131\jre\lib\endorsed, os.arch=amd64, surefire.real.class.path=C:\Users\xm\AppData\Local\Temp\surefire7497552715305907156\surefirebooter6811015789613867580.jar, java.io.tmpdir=C:\Users\xm\AppData\Local\Temp\, line.separator=
, java.vm.specification.vendor=Oracle Corporation, user.variant=, os.name=Windows 10, sun.jnu.encoding=GBK, java.library.path=C:\Program Files\Java\jdk1.8.0_131\jre\bin;C:\Windows\Sun\Java\bin;C:\Windows\system32;C:\Windows;D:\MyProgram\orcl\bin;D:\MyProgram\Anaconda3;D:\MyProgram\Anaconda3\Library\mingw-w64\bin;D:\MyProgram\Anaconda3\Library\usr\bin;D:\MyProgram\Anaconda3\Library\bin;D:\MyProgram\Anaconda3\Scripts;C:\ProgramData\Oracle\Java\javapath;C:\Windows\system32;C:\Windows;C:\Windows\System32\Wbem;C:\Windows\System32\WindowsPowerShell\v1.0\;C:\Windows\System32\OpenSSH\;C:\Program Files\Java\jdk1.8.0_131\bin;C:\Program Files\Java\jdk1.8.0_131\jre\bin;C:\Program Files (x86)\MySQL\MySQL Server 5.5\bin;D:\MyProgram\Git\cmd;D:\Maven\bin\;D:\MyProgram\redis-2.8.9;D:\Maven_V_354\apache-maven-3.5.4\bin\;D:\MyProgram\nodejs\;D:\MyProgram\nodejs\npm_modules\;D:\MyProgram\erl10.4\bin;D:\MyProgram\ffmpeg\bin\;D:\MyProgram\OpenSSL-Win64\bin\;D:\MyProgram\Ruby25-x64\bin;C:\Users\xm\AppData\Local\Microsoft\WindowsApps;;D:\MyProgram\JetBrains\IntelliJ IDEA 2019.3.3\bin;;D:\MyProgram\Microsoft VS Code\bin;D:\MyProgram\JetBrains\PyCharm 2019.3.3\bin;;D:\MyProgram\JetBrains\WebStorm 2019.3.3\bin;;C:\Users\xm\AppData\Roaming\npm;., surefire.test.class.path=D:\Code\IdeaProjects\manageSystem-ssm\ms-ssm-web\target\test-classes;D:\Code\IdeaProjects\manageSystem-ssm\ms-ssm-web\target\classes;E:\maven-repository\junit\junit\4.12\junit-4.12.jar;E:\maven-repository\org\hamcrest\hamcrest-core\1.3\hamcrest-core-1.3.jar;D:\Code\IdeaProjects\manageSystem-ssm\ms-ssm-domain\target\ms-ssm-domain-1.0-SNAPSHOT.jar;D:\Code\IdeaProjects\manageSystem-ssm\ms-ssm-utils\target\ms-ssm-utils-1.0-SNAPSHOT.jar;D:\Code\IdeaProjects\manageSystem-ssm\ms-ssm-service\target\ms-ssm-service-1.0-SNAPSHOT.jar;D:\Code\IdeaProjects\manageSystem-ssm\ms-ssm-dao\target\ms-ssm-dao-1.0-SNAPSHOT.jar;E:\maven-repository\com\fasterxml\jackson\core\jackson-databind\2.9.7\jackson-databind-2.9.7.jar;E:\maven-repository\com\fasterxml\jackson\core\jackson-annotations\2.9.0\jackson-annotations-2.9.0.jar;E:\maven-repository\com\fasterxml\jackson\core\jackson-core\2.9.7\jackson-core-2.9.7.jar;E:\maven-repository\com\github\pagehelper\pagehelper\5.1.2\pagehelper-5.1.2.jar;E:\maven-repository\com\github\jsqlparser\jsqlparser\1.0\jsqlparser-1.0.jar;E:\maven-repository\javax\annotation\javax.annotation-api\1.3.1\javax.annotation-api-1.3.1.jar;E:\maven-repository\org\springframework\security\spring-security-web\5.0.1.RELEASE\spring-security-web-5.0.1.RELEASE.jar;E:\maven-repository\org\springframework\spring-expression\5.0.3.RELEASE\spring-expression-5.0.3.RELEASE.jar;E:\maven-repository\org\springframework\security\spring-security-config\5.0.1.RELEASE\spring-security-config-5.0.1.RELEASE.jar;E:\maven-repository\org\springframework\security\spring-security-core\5.0.1.RELEASE\spring-security-core-5.0.1.RELEASE.jar;E:\maven-repository\org\springframework\security\spring-security-taglibs\5.0.1.RELEASE\spring-security-taglibs-5.0.1.RELEASE.jar;E:\maven-repository\org\springframework\security\spring-security-acl\5.0.1.RELEASE\spring-security-acl-5.0.1.RELEASE.jar;E:\maven-repository\org\aspectj\aspectjweaver\1.6.8\aspectjweaver-1.6.8.jar;E:\maven-repository\org\springframework\spring-aop\5.0.2.RELEASE\spring-aop-5.0.2.RELEASE.jar;E:\maven-repository\org\springframework\spring-context\5.0.2.RELEASE\spring-context-5.0.2.RELEASE.jar;E:\maven-repository\org\springframework\spring-context-support\5.0.2.RELEASE\spring-context-support-5.0.2.RELEASE.jar;E:\maven-repository\org\springframework\spring-web\5.0.2.RELEASE\spring-web-5.0.2.RELEASE.jar;E:\maven-repository\org\springframework\spring-orm\5.0.2.RELEASE\spring-orm-5.0.2.RELEASE.jar;E:\maven-repository\org\springframework\spring-jdbc\5.0.2.RELEASE\spring-jdbc-5.0.2.RELEASE.jar;E:\maven-repository\org\springframework\spring-beans\5.0.2.RELEASE\spring-beans-5.0.2.RELEASE.jar;E:\maven-repository\org\springframework\spring-core\5.0.2.RELEASE\spring-core-5.0.2.RELEASE.jar;E:\maven-repository\org\springframework\spring-jcl\5.0.2.RELEASE\spring-jcl-5.0.2.RELEASE.jar;E:\maven-repository\org\springframework\spring-test\5.0.2.RELEASE\spring-test-5.0.2.RELEASE.jar;E:\maven-repository\org\springframework\spring-webmvc\5.0.2.RELEASE\spring-webmvc-5.0.2.RELEASE.jar;E:\maven-repository\org\springframework\spring-tx\5.0.2.RELEASE\spring-tx-5.0.2.RELEASE.jar;E:\maven-repository\javax\servlet\javax.servlet-api\3.1.0\javax.servlet-api-3.1.0.jar;E:\maven-repository\javax\servlet\jsp\jsp-api\2.0\jsp-api-2.0.jar;E:\maven-repository\jstl\jstl\1.2\jstl-1.2.jar;E:\maven-repository\log4j\log4j\1.2.12\log4j-1.2.12.jar;E:\maven-repository\org\slf4j\slf4j-api\1.6.6\slf4j-api-1.6.6.jar;E:\maven-repository\org\slf4j\slf4j-log4j12\1.6.6\slf4j-log4j12-1.6.6.jar;E:\maven-repository\org\mybatis\mybatis\3.4.5\mybatis-3.4.5.jar;E:\maven-repository\org\mybatis\mybatis-spring\1.3.0\mybatis-spring-1.3.0.jar;E:\maven-repository\c3p0\c3p0\0.9.1.2\c3p0-0.9.1.2.jar;E:\maven-repository\mysql\mysql-connector-java\5.1.6\mysql-connector-java-5.1.6.jar;E:\maven-repository\javax\annotation\jsr250-api\1.0\jsr250-api-1.0.jar;E:\maven-repository\org\projectlombok\lombok\1.16.16\lombok-1.16.16.jar;, java.specification.name=Java Platform API Specification, java.class.version=52.0, sun.management.compiler=HotSpot 64-Bit Tiered Compilers, maven.repo.local=E:\maven-repository, idea.version2019.3.3=true, os.version=10.0, user.home=C:\Users\xm, user.timezone=Asia/Shanghai, java.awt.printerjob=sun.awt.windows.WPrinterJob, file.encoding=GBK, java.specification.version=1.8, java.class.path=D:\Code\IdeaProjects\manageSystem-ssm\ms-ssm-web\target\test-classes;D:\Code\IdeaProjects\manageSystem-ssm\ms-ssm-web\target\classes;E:\maven-repository\junit\junit\4.12\junit-4.12.jar;E:\maven-repository\org\hamcrest\hamcrest-core\1.3\hamcrest-core-1.3.jar;D:\Code\IdeaProjects\manageSystem-ssm\ms-ssm-domain\target\ms-ssm-domain-1.0-SNAPSHOT.jar;D:\Code\IdeaProjects\manageSystem-ssm\ms-ssm-utils\target\ms-ssm-utils-1.0-SNAPSHOT.jar;D:\Code\IdeaProjects\manageSystem-ssm\ms-ssm-service\target\ms-ssm-service-1.0-SNAPSHOT.jar;D:\Code\IdeaProjects\manageSystem-ssm\ms-ssm-dao\target\ms-ssm-dao-1.0-SNAPSHOT.jar;E:\maven-repository\com\fasterxml\jackson\core\jackson-databind\2.9.7\jackson-databind-2.9.7.jar;E:\maven-repository\com\fasterxml\jackson\core\jackson-annotations\2.9.0\jackson-annotations-2.9.0.jar;E:\maven-repository\com\fasterxml\jackson\core\jackson-core\2.9.7\jackson-core-2.9.7.jar;E:\maven-repository\com\github\pagehelper\pagehelper\5.1.2\pagehelper-5.1.2.jar;E:\maven-repository\com\github\jsqlparser\jsqlparser\1.0\jsqlparser-1.0.jar;E:\maven-repository\javax\annotation\javax.annotation-api\1.3.1\javax.annotation-api-1.3.1.jar;E:\maven-repository\org\springframework\security\spring-security-web\5.0.1.RELEASE\spring-security-web-5.0.1.RELEASE.jar;E:\maven-repository\org\springframework\spring-expression\5.0.3.RELEASE\spring-expression-5.0.3.RELEASE.jar;E:\maven-repository\org\springframework\security\spring-security-config\5.0.1.RELEASE\spring-security-config-5.0.1.RELEASE.jar;E:\maven-repository\org\springframework\security\spring-security-core\5.0.1.RELEASE\spring-security-core-5.0.1.RELEASE.jar;E:\maven-repository\org\springframework\security\spring-security-taglibs\5.0.1.RELEASE\spring-security-taglibs-5.0.1.RELEASE.jar;E:\maven-repository\org\springframework\security\spring-security-acl\5.0.1.RELEASE\spring-security-acl-5.0.1.RELEASE.jar;E:\maven-repository\org\aspectj\aspectjweaver\1.6.8\aspectjweaver-1.6.8.jar;E:\maven-repository\org\springframework\spring-aop\5.0.2.RELEASE\spring-aop-5.0.2.RELEASE.jar;E:\maven-repository\org\springframework\spring-context\5.0.2.RELEASE\spring-context-5.0.2.RELEASE.jar;E:\maven-repository\org\springframework\spring-context-support\5.0.2.RELEASE\spring-context-support-5.0.2.RELEASE.jar;E:\maven-repository\org\springframework\spring-web\5.0.2.RELEASE\spring-web-5.0.2.RELEASE.jar;E:\maven-repository\org\springframework\spring-orm\5.0.2.RELEASE\spring-orm-5.0.2.RELEASE.jar;E:\maven-repository\org\springframework\spring-jdbc\5.0.2.RELEASE\spring-jdbc-5.0.2.RELEASE.jar;E:\maven-repository\org\springframework\spring-beans\5.0.2.RELEASE\spring-beans-5.0.2.RELEASE.jar;E:\maven-repository\org\springframework\spring-core\5.0.2.RELEASE\spring-core-5.0.2.RELEASE.jar;E:\maven-repository\org\springframework\spring-jcl\5.0.2.RELEASE\spring-jcl-5.0.2.RELEASE.jar;E:\maven-repository\org\springframework\spring-test\5.0.2.RELEASE\spring-test-5.0.2.RELEASE.jar;E:\maven-repository\org\springframework\spring-webmvc\5.0.2.RELEASE\spring-webmvc-5.0.2.RELEASE.jar;E:\maven-repository\org\springframework\spring-tx\5.0.2.RELEASE\spring-tx-5.0.2.RELEASE.jar;E:\maven-repository\javax\servlet\javax.servlet-api\3.1.0\javax.servlet-api-3.1.0.jar;E:\maven-repository\javax\servlet\jsp\jsp-api\2.0\jsp-api-2.0.jar;E:\maven-repository\jstl\jstl\1.2\jstl-1.2.jar;E:\maven-repository\log4j\log4j\1.2.12\log4j-1.2.12.jar;E:\maven-repository\org\slf4j\slf4j-api\1.6.6\slf4j-api-1.6.6.jar;E:\maven-repository\org\slf4j\slf4j-log4j12\1.6.6\slf4j-log4j12-1.6.6.jar;E:\maven-repository\org\mybatis\mybatis\3.4.5\mybatis-3.4.5.jar;E:\maven-repository\org\mybatis\mybatis-spring\1.3.0\mybatis-spring-1.3.0.jar;E:\maven-repository\c3p0\c3p0\0.9.1.2\c3p0-0.9.1.2.jar;E:\maven-repository\mysql\mysql-connector-java\5.1.6\mysql-connector-java-5.1.6.jar;E:\maven-repository\javax\annotation\jsr250-api\1.0\jsr250-api-1.0.jar;E:\maven-repository\org\projectlombok\lombok\1.16.16\lombok-1.16.16.jar;, user.name=xm, java.vm.specification.version=1.8, sun.java.command=C:\Users\xm\AppData\Local\Temp\surefire7497552715305907156\surefirebooter6811015789613867580.jar C:\Users\xm\AppData\Local\Temp\surefire7497552715305907156 2020-04-25T21-46-33_033-jvmRun1 surefire7780568927660488430tmp surefire_03629623413987528247tmp, java.home=C:\Program Files\Java\jdk1.8.0_131\jre, sun.arch.data.model=64, user.language=zh, java.specification.vendor=Oracle Corporation, awt.toolkit=sun.awt.windows.WToolkit, java.vm.info=mixed mode, java.version=1.8.0_131, java.ext.dirs=C:\Program Files\Java\jdk1.8.0_131\jre\lib\ext;C:\Windows\Sun\Java\lib\ext, sun.boot.class.path=C:\Program Files\Java\jdk1.8.0_131\jre\lib\resources.jar;C:\Program Files\Java\jdk1.8.0_131\jre\lib\rt.jar;C:\Program Files\Java\jdk1.8.0_131\jre\lib\sunrsasign.jar;C:\Program Files\Java\jdk1.8.0_131\jre\lib\jsse.jar;C:\Program Files\Java\jdk1.8.0_131\jre\lib\jce.jar;C:\Program Files\Java\jdk1.8.0_131\jre\lib\charsets.jar;C:\Program Files\Java\jdk1.8.0_131\jre\lib\jfr.jar;C:\Program Files\Java\jdk1.8.0_131\jre\classes, java.vendor=Oracle Corporation, localRepository=E:\maven-repository, file.separator=\, java.vendor.url.bug=http://bugreport.sun.com/bugreport/, sun.io.unicode.encoding=UnicodeLittle, sun.cpu.endian=little, sun.desktop=windows, sun.cpu.isalist=amd64}}, SystemEnvironmentPropertySource@1862994526 {name='systemEnvironment', properties={PATH=D:\MyProgram\orcl\bin;D:\MyProgram\Anaconda3;D:\MyProgram\Anaconda3\Library\mingw-w64\bin;D:\MyProgram\Anaconda3\Library\usr\bin;D:\MyProgram\Anaconda3\Library\bin;D:\MyProgram\Anaconda3\Scripts;C:\ProgramData\Oracle\Java\javapath;C:\Windows\system32;C:\Windows;C:\Windows\System32\Wbem;C:\Windows\System32\WindowsPowerShell\v1.0\;C:\Windows\System32\OpenSSH\;C:\Program Files\Java\jdk1.8.0_131\bin;C:\Program Files\Java\jdk1.8.0_131\jre\bin;C:\Program Files (x86)\MySQL\MySQL Server 5.5\bin;D:\MyProgram\Git\cmd;D:\Maven\bin\;D:\MyProgram\redis-2.8.9;D:\Maven_V_354\apache-maven-3.5.4\bin\;D:\MyProgram\nodejs\;D:\MyProgram\nodejs\npm_modules\;D:\MyProgram\erl10.4\bin;D:\MyProgram\ffmpeg\bin\;D:\MyProgram\OpenSSL-Win64\bin\;D:\MyProgram\Ruby25-x64\bin;C:\Users\xm\AppData\Local\Microsoft\WindowsApps;;D:\MyProgram\JetBrains\IntelliJ IDEA 2019.3.3\bin;;D:\MyProgram\Microsoft VS Code\bin;D:\MyProgram\JetBrains\PyCharm 2019.3.3\bin;;D:\MyProgram\JetBrains\WebStorm 2019.3.3\bin;;C:\Users\xm\AppData\Roaming\npm, USERDOMAIN_ROAMINGPROFILE=DESKTOP-9ENUAHE, PROCESSOR_LEVEL=23, SYSTEMDRIVE=C:, SESSIONNAME=Console, ALLUSERSPROFILE=C:\ProgramData, PROCESSOR_ARCHITECTURE=AMD64, DRIVERDATA=C:\Windows\System32\Drivers\DriverData, MAVEN_HOME=D:\Maven, PROGRAMFILES=C:\Program Files, PSMODULEPATH=C:\Program Files\WindowsPowerShell\Modules;C:\Windows\system32\WindowsPowerShell\v1.0\Modules, PROGRAMDATA=C:\ProgramData, USERNAME=xm, FPS_BROWSER_USER_PROFILE_STRING=Default, ONEDRIVE=C:\Users\xm\OneDrive, PATHEXT=.COM;.EXE;.BAT;.CMD;.VBS;.VBE;.JS;.JSE;.WSF;.WSH;.MSC;.RB;.RBW, MAVEN_HOME2=D:\Maven_V_354\apache-maven-3.5.4, WINDIR=C:\Windows, HOMEPATH=\Users\xm, PROCESSOR_IDENTIFIER=AMD64 Family 23 Model 8 Stepping 2, AuthenticAMD, PUBLIC=C:\Users\Public, =::=::\, LOCALAPPDATA=C:\Users\xm\AppData\Local, COMMONPROGRAMFILES(X86)=C:\Program Files (x86)\Common Files, USERDOMAIN=DESKTOP-9ENUAHE, FPS_BROWSER_APP_PROFILE_STRING=Internet Explorer, LOGONSERVER=\\DESKTOP-9ENUAHE, JAVA_HOME=C:\Program Files\Java\jdk1.8.0_131, PROMPT=$P$G, PROGRAMFILES(X86)=C:\Program Files (x86), INTELLIJ IDEA=D:\MyProgram\JetBrains\IntelliJ IDEA 2019.3.3\bin;, ERLANG_HOME=D:\MyProgram\erl10.4, APPDATA=C:\Users\xm\AppData\Roaming, PROGRAMW6432=C:\Program Files, SYSTEMROOT=C:\Windows, PERL5LIB=D:\MyProgram\orcl\perl\5.8.3\lib\MSWin32-x86;D:\MyProgram\orcl\perl\5.8.3\lib;D:\MyProgram\orcl\perl\5.8.3\lib\MSWin32-x86;D:\MyProgram\orcl\perl\site\5.8.3;D:\MyProgram\orcl\perl\site\5.8.3\lib;D:\MyProgram\orcl\sysman\admin\scripts;, OS=Windows_NT, COMMONPROGRAMW6432=C:\Program Files\Common Files, COMPUTERNAME=DESKTOP-9ENUAHE, COMMONPROGRAMFILES=C:\Program Files\Common Files, COMSPEC=C:\Windows\system32\cmd.exe, CATALINA_HOME=D:\MyProgram\Tomcat\apache-tomcat-7.0.100, PROCESSOR_REVISION=0802, CLASSPATH=.;C:\Program Files\Java\jdk1.8.0_131\lib;C:\Program Files\Java\jdk1.8.0_131\lib\tools.jar, PYCHARM=D:\MyProgram\JetBrains\PyCharm 2019.3.3\bin;, RUBYOPT=-Eutf-8, =D:=D:\Code\IdeaProjects\manageSystem-ssm\ms-ssm-web, TEMP=C:\Users\xm\AppData\Local\Temp, HOMEDRIVE=C:, USERPROFILE=C:\Users\xm, TMP=C:\Users\xm\AppData\Local\Temp, WEBSTORM=D:\MyProgram\JetBrains\WebStorm 2019.3.3\bin;, NUMBER_OF_PROCESSORS=12, IDEA_INITIAL_DIRECTORY=C:\Users\xm\Desktop}}]
2020-04-25 21:46:35,822 2082   [           main] DEBUG atchingResourcePatternResolver  - Resolved classpath location [com/xumeng/dao/] to resources [URL [jar:file:/D:/Code/IdeaProjects/manageSystem-ssm/ms-ssm-dao/target/ms-ssm-dao-1.0-SNAPSHOT.jar!/com/xumeng/dao/]]
2020-04-25 21:46:35,822 2082   [           main] DEBUG atchingResourcePatternResolver  - Looking for matching resources in jar file [file:/D:/Code/IdeaProjects/manageSystem-ssm/ms-ssm-dao/target/ms-ssm-dao-1.0-SNAPSHOT.jar]
2020-04-25 21:46:35,823 2083   [           main] DEBUG atchingResourcePatternResolver  - Resolved location pattern [classpath*:com/xumeng/dao/**/*.class] to resources [URL [jar:file:/D:/Code/IdeaProjects/manageSystem-ssm/ms-ssm-dao/target/ms-ssm-dao-1.0-SNAPSHOT.jar!/com/xumeng/dao/IMemberDao.class], URL [jar:file:/D:/Code/IdeaProjects/manageSystem-ssm/ms-ssm-dao/target/ms-ssm-dao-1.0-SNAPSHOT.jar!/com/xumeng/dao/IOrderDao.class], URL [jar:file:/D:/Code/IdeaProjects/manageSystem-ssm/ms-ssm-dao/target/ms-ssm-dao-1.0-SNAPSHOT.jar!/com/xumeng/dao/IPermissionDao.class], URL [jar:file:/D:/Code/IdeaProjects/manageSystem-ssm/ms-ssm-dao/target/ms-ssm-dao-1.0-SNAPSHOT.jar!/com/xumeng/dao/IProductDao.class], URL [jar:file:/D:/Code/IdeaProjects/manageSystem-ssm/ms-ssm-dao/target/ms-ssm-dao-1.0-SNAPSHOT.jar!/com/xumeng/dao/IRoleDao.class], URL [jar:file:/D:/Code/IdeaProjects/manageSystem-ssm/ms-ssm-dao/target/ms-ssm-dao-1.0-SNAPSHOT.jar!/com/xumeng/dao/ITravellerDao.class], URL [jar:file:/D:/Code/IdeaProjects/manageSystem-ssm/ms-ssm-dao/target/ms-ssm-dao-1.0-SNAPSHOT.jar!/com/xumeng/dao/IUserDao.class]]
2020-04-25 21:46:35,823 2083   [           main] DEBUG .mapper.ClassPathMapperScanner  - Identified candidate component class: URL [jar:file:/D:/Code/IdeaProjects/manageSystem-ssm/ms-ssm-dao/target/ms-ssm-dao-1.0-SNAPSHOT.jar!/com/xumeng/dao/IMemberDao.class]
2020-04-25 21:46:35,823 2083   [           main] DEBUG .mapper.ClassPathMapperScanner  - Identified candidate component class: URL [jar:file:/D:/Code/IdeaProjects/manageSystem-ssm/ms-ssm-dao/target/ms-ssm-dao-1.0-SNAPSHOT.jar!/com/xumeng/dao/IOrderDao.class]
2020-04-25 21:46:35,823 2083   [           main] DEBUG .mapper.ClassPathMapperScanner  - Identified candidate component class: URL [jar:file:/D:/Code/IdeaProjects/manageSystem-ssm/ms-ssm-dao/target/ms-ssm-dao-1.0-SNAPSHOT.jar!/com/xumeng/dao/IPermissionDao.class]
2020-04-25 21:46:35,823 2083   [           main] DEBUG .mapper.ClassPathMapperScanner  - Identified candidate component class: URL [jar:file:/D:/Code/IdeaProjects/manageSystem-ssm/ms-ssm-dao/target/ms-ssm-dao-1.0-SNAPSHOT.jar!/com/xumeng/dao/IProductDao.class]
2020-04-25 21:46:35,823 2083   [           main] DEBUG .mapper.ClassPathMapperScanner  - Identified candidate component class: URL [jar:file:/D:/Code/IdeaProjects/manageSystem-ssm/ms-ssm-dao/target/ms-ssm-dao-1.0-SNAPSHOT.jar!/com/xumeng/dao/IRoleDao.class]
2020-04-25 21:46:35,823 2083   [           main] DEBUG .mapper.ClassPathMapperScanner  - Identified candidate component class: URL [jar:file:/D:/Code/IdeaProjects/manageSystem-ssm/ms-ssm-dao/target/ms-ssm-dao-1.0-SNAPSHOT.jar!/com/xumeng/dao/ITravellerDao.class]
2020-04-25 21:46:35,823 2083   [           main] DEBUG .mapper.ClassPathMapperScanner  - Identified candidate component class: URL [jar:file:/D:/Code/IdeaProjects/manageSystem-ssm/ms-ssm-dao/target/ms-ssm-dao-1.0-SNAPSHOT.jar!/com/xumeng/dao/IUserDao.class]
2020-04-25 21:46:35,823 2083   [           main] DEBUG .mapper.ClassPathMapperScanner  - Creating MapperFactoryBean with name 'IMemberDao' and 'com.xumeng.dao.IMemberDao' mapperInterface
2020-04-25 21:46:35,823 2083   [           main] DEBUG .mapper.ClassPathMapperScanner  - Enabling autowire by type for MapperFactoryBean with name 'IMemberDao'.
2020-04-25 21:46:35,823 2083   [           main] DEBUG .mapper.ClassPathMapperScanner  - Creating MapperFactoryBean with name 'IOrderDao' and 'com.xumeng.dao.IOrderDao' mapperInterface
2020-04-25 21:46:35,823 2083   [           main] DEBUG .mapper.ClassPathMapperScanner  - Enabling autowire by type for MapperFactoryBean with name 'IOrderDao'.
2020-04-25 21:46:35,823 2083   [           main] DEBUG .mapper.ClassPathMapperScanner  - Creating MapperFactoryBean with name 'IPermissionDao' and 'com.xumeng.dao.IPermissionDao' mapperInterface
2020-04-25 21:46:35,823 2083   [           main] DEBUG .mapper.ClassPathMapperScanner  - Enabling autowire by type for MapperFactoryBean with name 'IPermissionDao'.
2020-04-25 21:46:35,823 2083   [           main] DEBUG .mapper.ClassPathMapperScanner  - Creating MapperFactoryBean with name 'IProductDao' and 'com.xumeng.dao.IProductDao' mapperInterface
2020-04-25 21:46:35,823 2083   [           main] DEBUG .mapper.ClassPathMapperScanner  - Enabling autowire by type for MapperFactoryBean with name 'IProductDao'.
2020-04-25 21:46:35,823 2083   [           main] DEBUG .mapper.ClassPathMapperScanner  - Creating MapperFactoryBean with name 'IRoleDao' and 'com.xumeng.dao.IRoleDao' mapperInterface
2020-04-25 21:46:35,823 2083   [           main] DEBUG .mapper.ClassPathMapperScanner  - Enabling autowire by type for MapperFactoryBean with name 'IRoleDao'.
2020-04-25 21:46:35,823 2083   [           main] DEBUG .mapper.ClassPathMapperScanner  - Creating MapperFactoryBean with name 'ITravellerDao' and 'com.xumeng.dao.ITravellerDao' mapperInterface
2020-04-25 21:46:35,823 2083   [           main] DEBUG .mapper.ClassPathMapperScanner  - Enabling autowire by type for MapperFactoryBean with name 'ITravellerDao'.
2020-04-25 21:46:35,823 2083   [           main] DEBUG .mapper.ClassPathMapperScanner  - Creating MapperFactoryBean with name 'IUserDao' and 'com.xumeng.dao.IUserDao' mapperInterface
2020-04-25 21:46:35,823 2083   [           main] DEBUG .mapper.ClassPathMapperScanner  - Enabling autowire by type for MapperFactoryBean with name 'IUserDao'.
2020-04-25 21:46:35,824 2084   [           main] DEBUG ort.DefaultListableBeanFactory  - Creating shared instance of singleton bean 'org.springframework.context.support.PropertySourcesPlaceholderConfigurer#0'
2020-04-25 21:46:35,824 2084   [           main] DEBUG ort.DefaultListableBeanFactory  - Creating instance of bean 'org.springframework.context.support.PropertySourcesPlaceholderConfigurer#0'
2020-04-25 21:46:35,824 2084   [           main] DEBUG ort.DefaultListableBeanFactory  - Eagerly caching bean 'org.springframework.context.support.PropertySourcesPlaceholderConfigurer#0' to allow for resolving potential circular references
2020-04-25 21:46:35,826 2086   [           main] DEBUG ort.DefaultListableBeanFactory  - Finished creating instance of bean 'org.springframework.context.support.PropertySourcesPlaceholderConfigurer#0'
2020-04-25 21:46:35,826 2086   [           main] DEBUG ore.env.MutablePropertySources  - Adding PropertySource 'environmentProperties' with lowest search precedence
2020-04-25 21:46:35,826 2086   [           main] DEBUG tySourcesPlaceholderConfigurer  - Loading properties file from class path resource [db.properties]
2020-04-25 21:46:35,826 2086   [           main] DEBUG ore.env.MutablePropertySources  - Adding PropertySource 'localProperties' with lowest search precedence
2020-04-25 21:46:35,826 2086   [           main] DEBUG ropertySourcesPropertyResolver  - Could not find key 'jdbc.driver' in any property source
2020-04-25 21:46:35,826 2086   [           main] DEBUG ropertySourcesPropertyResolver  - Found key 'jdbc.driver' in PropertySource 'localProperties' with value of type String
2020-04-25 21:46:35,826 2086   [           main] DEBUG ropertySourcesPropertyResolver  - Could not find key 'jdbc.url' in any property source
2020-04-25 21:46:35,826 2086   [           main] DEBUG ropertySourcesPropertyResolver  - Found key 'jdbc.url' in PropertySource 'localProperties' with value of type String
2020-04-25 21:46:35,826 2086   [           main] DEBUG ropertySourcesPropertyResolver  - Could not find key 'jdbc.username' in any property source
2020-04-25 21:46:35,827 2087   [           main] DEBUG ropertySourcesPropertyResolver  - Found key 'jdbc.username' in PropertySource 'localProperties' with value of type String
2020-04-25 21:46:35,827 2087   [           main] DEBUG ropertySourcesPropertyResolver  - Could not find key 'jdbc.password' in any property source
2020-04-25 21:46:35,827 2087   [           main] DEBUG ropertySourcesPropertyResolver  - Found key 'jdbc.password' in PropertySource 'localProperties' with value of type String
2020-04-25 21:46:35,827 2087   [           main] DEBUG ort.DefaultListableBeanFactory  - Creating shared instance of singleton bean 'org.springframework.context.annotation.internalAutowiredAnnotationProcessor'
2020-04-25 21:46:35,827 2087   [           main] DEBUG ort.DefaultListableBeanFactory  - Creating instance of bean 'org.springframework.context.annotation.internalAutowiredAnnotationProcessor'
2020-04-25 21:46:35,827 2087   [           main] DEBUG ort.DefaultListableBeanFactory  - Eagerly caching bean 'org.springframework.context.annotation.internalAutowiredAnnotationProcessor' to allow for resolving potential circular references
2020-04-25 21:46:35,829 2089   [           main] DEBUG ort.DefaultListableBeanFactory  - Finished creating instance of bean 'org.springframework.context.annotation.internalAutowiredAnnotationProcessor'
2020-04-25 21:46:35,829 2089   [           main] DEBUG ort.DefaultListableBeanFactory  - Creating shared instance of singleton bean 'org.springframework.context.annotation.internalRequiredAnnotationProcessor'
2020-04-25 21:46:35,829 2089   [           main] DEBUG ort.DefaultListableBeanFactory  - Creating instance of bean 'org.springframework.context.annotation.internalRequiredAnnotationProcessor'
2020-04-25 21:46:35,829 2089   [           main] DEBUG ort.DefaultListableBeanFactory  - Eagerly caching bean 'org.springframework.context.annotation.internalRequiredAnnotationProcessor' to allow for resolving potential circular references
2020-04-25 21:46:35,830 2090   [           main] DEBUG ort.DefaultListableBeanFactory  - Finished creating instance of bean 'org.springframework.context.annotation.internalRequiredAnnotationProcessor'
2020-04-25 21:46:35,830 2090   [           main] DEBUG ort.DefaultListableBeanFactory  - Creating shared instance of singleton bean 'org.springframework.context.annotation.internalCommonAnnotationProcessor'
2020-04-25 21:46:35,830 2090   [           main] DEBUG ort.DefaultListableBeanFactory  - Creating instance of bean 'org.springframework.context.annotation.internalCommonAnnotationProcessor'
2020-04-25 21:46:35,830 2090   [           main] DEBUG ort.DefaultListableBeanFactory  - Eagerly caching bean 'org.springframework.context.annotation.internalCommonAnnotationProcessor' to allow for resolving potential circular references
2020-04-25 21:46:35,831 2091   [           main] DEBUG ort.DefaultListableBeanFactory  - Finished creating instance of bean 'org.springframework.context.annotation.internalCommonAnnotationProcessor'
2020-04-25 21:46:35,832 2092   [           main] DEBUG ort.DefaultListableBeanFactory  - Creating shared instance of singleton bean 'org.springframework.aop.config.internalAutoProxyCreator'
2020-04-25 21:46:35,832 2092   [           main] DEBUG ort.DefaultListableBeanFactory  - Creating instance of bean 'org.springframework.aop.config.internalAutoProxyCreator'
2020-04-25 21:46:35,832 2092   [           main] DEBUG ort.DefaultListableBeanFactory  - Eagerly caching bean 'org.springframework.aop.config.internalAutoProxyCreator' to allow for resolving potential circular references
2020-04-25 21:46:35,834 2094   [           main] DEBUG ort.DefaultListableBeanFactory  - Finished creating instance of bean 'org.springframework.aop.config.internalAutoProxyCreator'
2020-04-25 21:46:35,834 2094   [           main] DEBUG port.GenericApplicationContext  - Unable to locate MessageSource with name 'messageSource': using default [org.springframework.context.support.DelegatingMessageSource@3dd1dc90]
2020-04-25 21:46:35,834 2094   [           main] DEBUG port.GenericApplicationContext  - Unable to locate ApplicationEventMulticaster with name 'applicationEventMulticaster': using default [org.springframework.context.event.SimpleApplicationEventMulticaster@abf688e]
2020-04-25 21:46:35,835 2095   [           main] DEBUG ort.DefaultListableBeanFactory  - Pre-instantiating singletons in org.springframework.beans.factory.support.DefaultListableBeanFactory@40f70521: defining beans [memberServiceImpl,orderServiceImpl,permissionServiceImpl,productServiceImpl,travellerServiceImpl,userService,org.springframework.context.annotation.internalConfigurationAnnotationProcessor,org.springframework.context.annotation.internalAutowiredAnnotationProcessor,org.springframework.context.annotation.internalRequiredAnnotationProcessor,org.springframework.context.annotation.internalCommonAnnotationProcessor,org.springframework.context.event.internalEventListenerProcessor,org.springframework.context.event.internalEventListenerFactory,org.springframework.context.support.PropertySourcesPlaceholderConfigurer#0,dataSource,sqlSessionFactory,mapperScanner,transactionManager,org.springframework.transaction.config.internalTransactionalEventListenerFactory,org.springframework.aop.config.internalAutoProxyCreator,org.springframework.transaction.annotation.AnnotationTransactionAttributeSource#0,org.springframework.transaction.interceptor.TransactionInterceptor#0,org.springframework.transaction.config.internalTransactionAdvisor,IMemberDao,IOrderDao,IPermissionDao,IProductDao,IRoleDao,ITravellerDao,IUserDao]; root of factory hierarchy
2020-04-25 21:46:35,835 2095   [           main] DEBUG ort.DefaultListableBeanFactory  - Creating shared instance of singleton bean 'memberServiceImpl'
2020-04-25 21:46:35,835 2095   [           main] DEBUG ort.DefaultListableBeanFactory  - Creating instance of bean 'memberServiceImpl'
2020-04-25 21:46:35,835 2095   [           main] DEBUG y.annotation.InjectionMetadata  - Registered injected element on class [com.xumeng.service.impl.MemberServiceImpl]: AutowiredFieldElement for private com.xumeng.dao.IMemberDao com.xumeng.service.impl.MemberServiceImpl.memberDao
2020-04-25 21:46:35,835 2095   [           main] DEBUG ort.DefaultListableBeanFactory  - Eagerly caching bean 'memberServiceImpl' to allow for resolving potential circular references
2020-04-25 21:46:35,836 2096   [           main] DEBUG y.annotation.InjectionMetadata  - Processing injected element of bean 'memberServiceImpl': AutowiredFieldElement for private com.xumeng.dao.IMemberDao com.xumeng.service.impl.MemberServiceImpl.memberDao
2020-04-25 21:46:35,836 2096   [           main] DEBUG ore.annotation.AnnotationUtils  - Failed to meta-introspect annotation [interface org.springframework.beans.factory.annotation.Autowired]: java.lang.IllegalArgumentException: Annotation must not be null
2020-04-25 21:46:35,838 2098   [           main] DEBUG ort.DefaultListableBeanFactory  - Creating shared instance of singleton bean 'IMemberDao'
2020-04-25 21:46:35,838 2098   [           main] DEBUG ort.DefaultListableBeanFactory  - Creating instance of bean 'IMemberDao'
2020-04-25 21:46:35,838 2098   [           main] DEBUG ort.DefaultListableBeanFactory  - Eagerly caching bean 'IMemberDao' to allow for resolving potential circular references
2020-04-25 21:46:35,840 2100   [           main] DEBUG ort.DefaultListableBeanFactory  - Creating shared instance of singleton bean 'sqlSessionFactory'
2020-04-25 21:46:35,840 2100   [           main] DEBUG ort.DefaultListableBeanFactory  - Creating instance of bean 'sqlSessionFactory'
2020-04-25 21:46:35,840 2100   [           main] DEBUG ort.DefaultListableBeanFactory  - Eagerly caching bean 'sqlSessionFactory' to allow for resolving potential circular references
2020-04-25 21:46:35,841 2101   [           main] DEBUG ort.DefaultListableBeanFactory  - Creating shared instance of singleton bean 'dataSource'
2020-04-25 21:46:35,841 2101   [           main] DEBUG ort.DefaultListableBeanFactory  - Creating instance of bean 'dataSource'
2020-04-25 21:46:35,846 2106   [           main] DEBUG icPooledDataSourceManagerMBean  - MBean: com.mchange.v2.c3p0:type=PooledDataSource[1hgetj5a91d9w7n61eddn0d|1bb564e2] registered.
2020-04-25 21:46:35,847 2107   [           main] DEBUG ort.DefaultListableBeanFactory  - Eagerly caching bean 'dataSource' to allow for resolving potential circular references
2020-04-25 21:46:35,850 2110   [           main] DEBUG ort.DefaultListableBeanFactory  - Creating shared instance of singleton bean 'org.springframework.transaction.config.internalTransactionAdvisor'
2020-04-25 21:46:35,850 2110   [           main] DEBUG ort.DefaultListableBeanFactory  - Creating instance of bean 'org.springframework.transaction.config.internalTransactionAdvisor'
2020-04-25 21:46:35,851 2111   [           main] DEBUG ort.DefaultListableBeanFactory  - Eagerly caching bean 'org.springframework.transaction.config.internalTransactionAdvisor' to allow for resolving potential circular references
2020-04-25 21:46:35,852 2112   [           main] DEBUG ort.DefaultListableBeanFactory  - Creating shared instance of singleton bean 'org.springframework.transaction.annotation.AnnotationTransactionAttributeSource#0'
2020-04-25 21:46:35,852 2112   [           main] DEBUG ort.DefaultListableBeanFactory  - Creating instance of bean 'org.springframework.transaction.annotation.AnnotationTransactionAttributeSource#0'
2020-04-25 21:46:35,853 2113   [           main] DEBUG ort.DefaultListableBeanFactory  - Eagerly caching bean 'org.springframework.transaction.annotation.AnnotationTransactionAttributeSource#0' to allow for resolving potential circular references
2020-04-25 21:46:35,854 2114   [           main] DEBUG nFactoryAdvisorRetrievalHelper  - Skipping currently created advisor 'org.springframework.transaction.config.internalTransactionAdvisor'
2020-04-25 21:46:35,854 2114   [           main] DEBUG ort.DefaultListableBeanFactory  - Finished creating instance of bean 'org.springframework.transaction.annotation.AnnotationTransactionAttributeSource#0'
2020-04-25 21:46:35,854 2114   [           main] DEBUG ort.DefaultListableBeanFactory  - Finished creating instance of bean 'org.springframework.transaction.config.internalTransactionAdvisor'
2020-04-25 21:46:35,869 2129   [           main] DEBUG ort.DefaultListableBeanFactory  - Finished creating instance of bean 'dataSource'
2020-04-25 21:46:35,869 2129   [           main] DEBUG ort.DefaultListableBeanFactory  - Creating instance of bean 'com.github.pagehelper.PageInterceptor#aeab9a1'
2020-04-25 21:46:35,871 2131   [           main] DEBUG ort.DefaultListableBeanFactory  - Returning cached instance of singleton bean 'org.springframework.transaction.config.internalTransactionAdvisor'
2020-04-25 21:46:35,871 2131   [           main] DEBUG ort.DefaultListableBeanFactory  - Finished creating instance of bean 'com.github.pagehelper.PageInterceptor#aeab9a1'
2020-04-25 21:46:35,871 2131   [           main] DEBUG ort.DefaultListableBeanFactory  - Invoking afterPropertiesSet() on bean with name 'sqlSessionFactory'
2020-04-25 21:46:35,874 2134   [           main] DEBUG s.spring.SqlSessionFactoryBean  - Registered plugin: 'com.github.pagehelper.PageInterceptor@6aecbb8d'
2020-04-25 21:46:35,907 2167   [           main] DEBUG s.spring.SqlSessionFactoryBean  - Parsed configuration file: 'class path resource [SqlMapConfig.xml]'
2020-04-25 21:46:35,907 2167   [           main] DEBUG s.spring.SqlSessionFactoryBean  - Property 'mapperLocations' was not specified or no matching resources found
2020-04-25 21:46:35,907 2167   [           main] DEBUG ort.DefaultListableBeanFactory  - Returning cached instance of singleton bean 'org.springframework.transaction.config.internalTransactionAdvisor'
2020-04-25 21:46:35,908 2168   [           main] DEBUG ort.DefaultListableBeanFactory  - Finished creating instance of bean 'sqlSessionFactory'
2020-04-25 21:46:35,908 2168   [           main] DEBUG ort.DefaultListableBeanFactory  - Returning cached instance of singleton bean 'org.springframework.transaction.config.internalTransactionAdvisor'
2020-04-25 21:46:35,908 2168   [           main] DEBUG ort.DefaultListableBeanFactory  - Autowiring by type from bean name 'IMemberDao' via property 'sqlSessionFactory' to bean named 'sqlSessionFactory'
2020-04-25 21:46:35,909 2169   [           main] DEBUG ort.DefaultListableBeanFactory  - Invoking afterPropertiesSet() on bean with name 'IMemberDao'
2020-04-25 21:46:35,909 2169   [           main] DEBUG ort.DefaultListableBeanFactory  - Returning cached instance of singleton bean 'org.springframework.transaction.config.internalTransactionAdvisor'
2020-04-25 21:46:35,909 2169   [           main] DEBUG ort.DefaultListableBeanFactory  - Finished creating instance of bean 'IMemberDao'
2020-04-25 21:46:35,909 2169   [           main] DEBUG ort.DefaultListableBeanFactory  - Returning cached instance of singleton bean 'org.springframework.transaction.config.internalTransactionAdvisor'
2020-04-25 21:46:35,910 2170   [           main] DEBUG redAnnotationBeanPostProcessor  - Autowiring by type from bean name 'memberServiceImpl' to bean named 'IMemberDao'
2020-04-25 21:46:35,910 2170   [           main] DEBUG ort.DefaultListableBeanFactory  - Returning cached instance of singleton bean 'org.springframework.transaction.config.internalTransactionAdvisor'
2020-04-25 21:46:35,910 2170   [           main] DEBUG ort.DefaultListableBeanFactory  - Finished creating instance of bean 'memberServiceImpl'
2020-04-25 21:46:35,910 2170   [           main] DEBUG ort.DefaultListableBeanFactory  - Creating shared instance of singleton bean 'orderServiceImpl'
2020-04-25 21:46:35,910 2170   [           main] DEBUG ort.DefaultListableBeanFactory  - Creating instance of bean 'orderServiceImpl'
2020-04-25 21:46:35,910 2170   [           main] DEBUG y.annotation.InjectionMetadata  - Registered injected element on class [com.xumeng.service.impl.OrderServiceImpl]: AutowiredFieldElement for private com.xumeng.dao.IOrderDao com.xumeng.service.impl.OrderServiceImpl.orderDao
2020-04-25 21:46:35,910 2170   [           main] DEBUG ort.DefaultListableBeanFactory  - Eagerly caching bean 'orderServiceImpl' to allow for resolving potential circular references
2020-04-25 21:46:35,911 2171   [           main] DEBUG y.annotation.InjectionMetadata  - Processing injected element of bean 'orderServiceImpl': AutowiredFieldElement for private com.xumeng.dao.IOrderDao com.xumeng.service.impl.OrderServiceImpl.orderDao
2020-04-25 21:46:35,911 2171   [           main] DEBUG ore.annotation.AnnotationUtils  - Failed to meta-introspect annotation [interface org.springframework.beans.factory.annotation.Autowired]: java.lang.IllegalArgumentException: Annotation must not be null
2020-04-25 21:46:35,911 2171   [           main] DEBUG ort.DefaultListableBeanFactory  - Creating shared instance of singleton bean 'IOrderDao'
2020-04-25 21:46:35,911 2171   [           main] DEBUG ort.DefaultListableBeanFactory  - Creating instance of bean 'IOrderDao'
2020-04-25 21:46:35,911 2171   [           main] DEBUG ort.DefaultListableBeanFactory  - Eagerly caching bean 'IOrderDao' to allow for resolving potential circular references
2020-04-25 21:46:35,911 2171   [           main] DEBUG ort.DefaultListableBeanFactory  - Returning cached instance of singleton bean 'sqlSessionFactory'
2020-04-25 21:46:35,911 2171   [           main] DEBUG ort.DefaultListableBeanFactory  - Autowiring by type from bean name 'IOrderDao' via property 'sqlSessionFactory' to bean named 'sqlSessionFactory'
2020-04-25 21:46:35,911 2171   [           main] DEBUG ort.DefaultListableBeanFactory  - Invoking afterPropertiesSet() on bean with name 'IOrderDao'
2020-04-25 21:46:35,911 2171   [           main] DEBUG ort.DefaultListableBeanFactory  - Returning cached instance of singleton bean 'org.springframework.transaction.config.internalTransactionAdvisor'
2020-04-25 21:46:35,911 2171   [           main] DEBUG ort.DefaultListableBeanFactory  - Finished creating instance of bean 'IOrderDao'
2020-04-25 21:46:35,911 2171   [           main] DEBUG ort.DefaultListableBeanFactory  - Returning cached instance of singleton bean 'org.springframework.transaction.config.internalTransactionAdvisor'
2020-04-25 21:46:35,912 2172   [           main] DEBUG redAnnotationBeanPostProcessor  - Autowiring by type from bean name 'orderServiceImpl' to bean named 'IOrderDao'
2020-04-25 21:46:35,912 2172   [           main] DEBUG ort.DefaultListableBeanFactory  - Returning cached instance of singleton bean 'org.springframework.transaction.config.internalTransactionAdvisor'
2020-04-25 21:46:35,912 2172   [           main] DEBUG ort.DefaultListableBeanFactory  - Finished creating instance of bean 'orderServiceImpl'
2020-04-25 21:46:35,912 2172   [           main] DEBUG ort.DefaultListableBeanFactory  - Creating shared instance of singleton bean 'permissionServiceImpl'
2020-04-25 21:46:35,912 2172   [           main] DEBUG ort.DefaultListableBeanFactory  - Creating instance of bean 'permissionServiceImpl'
2020-04-25 21:46:35,912 2172   [           main] DEBUG ort.DefaultListableBeanFactory  - Eagerly caching bean 'permissionServiceImpl' to allow for resolving potential circular references
2020-04-25 21:46:35,913 2173   [           main] DEBUG ort.DefaultListableBeanFactory  - Returning cached instance of singleton bean 'org.springframework.transaction.config.internalTransactionAdvisor'
2020-04-25 21:46:35,913 2173   [           main] DEBUG ort.DefaultListableBeanFactory  - Finished creating instance of bean 'permissionServiceImpl'
2020-04-25 21:46:35,913 2173   [           main] DEBUG ort.DefaultListableBeanFactory  - Creating shared instance of singleton bean 'productServiceImpl'
2020-04-25 21:46:35,913 2173   [           main] DEBUG ort.DefaultListableBeanFactory  - Creating instance of bean 'productServiceImpl'
2020-04-25 21:46:35,913 2173   [           main] DEBUG y.annotation.InjectionMetadata  - Registered injected element on class [com.xumeng.service.impl.ProductServiceImpl]: AutowiredFieldElement for private com.xumeng.dao.IProductDao com.xumeng.service.impl.ProductServiceImpl.productDao
2020-04-25 21:46:35,913 2173   [           main] DEBUG ort.DefaultListableBeanFactory  - Eagerly caching bean 'productServiceImpl' to allow for resolving potential circular references
2020-04-25 21:46:35,913 2173   [           main] DEBUG y.annotation.InjectionMetadata  - Processing injected element of bean 'productServiceImpl': AutowiredFieldElement for private com.xumeng.dao.IProductDao com.xumeng.service.impl.ProductServiceImpl.productDao
2020-04-25 21:46:35,913 2173   [           main] DEBUG ore.annotation.AnnotationUtils  - Failed to meta-introspect annotation [interface org.springframework.beans.factory.annotation.Autowired]: java.lang.IllegalArgumentException: Annotation must not be null
2020-04-25 21:46:35,914 2174   [           main] DEBUG ort.DefaultListableBeanFactory  - Creating shared instance of singleton bean 'IProductDao'
2020-04-25 21:46:35,914 2174   [           main] DEBUG ort.DefaultListableBeanFactory  - Creating instance of bean 'IProductDao'
2020-04-25 21:46:35,914 2174   [           main] DEBUG ort.DefaultListableBeanFactory  - Eagerly caching bean 'IProductDao' to allow for resolving potential circular references
2020-04-25 21:46:35,914 2174   [           main] DEBUG ort.DefaultListableBeanFactory  - Returning cached instance of singleton bean 'sqlSessionFactory'
2020-04-25 21:46:35,914 2174   [           main] DEBUG ort.DefaultListableBeanFactory  - Autowiring by type from bean name 'IProductDao' via property 'sqlSessionFactory' to bean named 'sqlSessionFactory'
2020-04-25 21:46:35,914 2174   [           main] DEBUG ort.DefaultListableBeanFactory  - Invoking afterPropertiesSet() on bean with name 'IProductDao'
2020-04-25 21:46:35,914 2174   [           main] DEBUG ort.DefaultListableBeanFactory  - Returning cached instance of singleton bean 'org.springframework.transaction.config.internalTransactionAdvisor'
2020-04-25 21:46:35,914 2174   [           main] DEBUG ort.DefaultListableBeanFactory  - Finished creating instance of bean 'IProductDao'
2020-04-25 21:46:35,914 2174   [           main] DEBUG ort.DefaultListableBeanFactory  - Returning cached instance of singleton bean 'org.springframework.transaction.config.internalTransactionAdvisor'
2020-04-25 21:46:35,914 2174   [           main] DEBUG redAnnotationBeanPostProcessor  - Autowiring by type from bean name 'productServiceImpl' to bean named 'IProductDao'
2020-04-25 21:46:35,914 2174   [           main] DEBUG ort.DefaultListableBeanFactory  - Returning cached instance of singleton bean 'org.springframework.transaction.config.internalTransactionAdvisor'
2020-04-25 21:46:35,915 2175   [           main] DEBUG tionTransactionAttributeSource  - Adding transactional method 'com.xumeng.service.impl.ProductServiceImpl.delete' with attribute: PROPAGATION_REQUIRED,ISOLATION_DEFAULT; ''
2020-04-25 21:46:35,915 2175   [           main] DEBUG ructureAdvisorAutoProxyCreator  - Creating implicit proxy for bean 'productServiceImpl' with 0 common interceptors and 1 specific interceptors
2020-04-25 21:46:35,915 2175   [           main] DEBUG p.framework.JdkDynamicAopProxy  - Creating JDK dynamic proxy: target source is SingletonTargetSource for target object [com.xumeng.service.impl.ProductServiceImpl@58c34bb3]
2020-04-25 21:46:35,915 2175   [           main] DEBUG ort.DefaultListableBeanFactory  - Finished creating instance of bean 'productServiceImpl'
2020-04-25 21:46:35,915 2175   [           main] DEBUG ort.DefaultListableBeanFactory  - Creating shared instance of singleton bean 'travellerServiceImpl'
2020-04-25 21:46:35,915 2175   [           main] DEBUG ort.DefaultListableBeanFactory  - Creating instance of bean 'travellerServiceImpl'
2020-04-25 21:46:35,915 2175   [           main] DEBUG y.annotation.InjectionMetadata  - Registered injected element on class [com.xumeng.service.impl.TravellerServiceImpl]: AutowiredFieldElement for private com.xumeng.dao.ITravellerDao com.xumeng.service.impl.TravellerServiceImpl.travellerDao
2020-04-25 21:46:35,915 2175   [           main] DEBUG y.annotation.InjectionMetadata  - Registered injected element on class [com.xumeng.service.impl.TravellerServiceImpl]: AutowiredFieldElement for private com.xumeng.dao.IOrderDao com.xumeng.service.impl.TravellerServiceImpl.orderDao
2020-04-25 21:46:35,915 2175   [           main] DEBUG ort.DefaultListableBeanFactory  - Eagerly caching bean 'travellerServiceImpl' to allow for resolving potential circular references
2020-04-25 21:46:35,915 2175   [           main] DEBUG y.annotation.InjectionMetadata  - Processing injected element of bean 'travellerServiceImpl': AutowiredFieldElement for private com.xumeng.dao.ITravellerDao com.xumeng.service.impl.TravellerServiceImpl.travellerDao
2020-04-25 21:46:35,915 2175   [           main] DEBUG ore.annotation.AnnotationUtils  - Failed to meta-introspect annotation [interface org.springframework.beans.factory.annotation.Autowired]: java.lang.IllegalArgumentException: Annotation must not be null
2020-04-25 21:46:35,915 2175   [           main] DEBUG ort.DefaultListableBeanFactory  - Creating shared instance of singleton bean 'ITravellerDao'
2020-04-25 21:46:35,916 2176   [           main] DEBUG ort.DefaultListableBeanFactory  - Creating instance of bean 'ITravellerDao'
2020-04-25 21:46:35,916 2176   [           main] DEBUG ort.DefaultListableBeanFactory  - Eagerly caching bean 'ITravellerDao' to allow for resolving potential circular references
2020-04-25 21:46:35,916 2176   [           main] DEBUG ort.DefaultListableBeanFactory  - Returning cached instance of singleton bean 'sqlSessionFactory'
2020-04-25 21:46:35,916 2176   [           main] DEBUG ort.DefaultListableBeanFactory  - Autowiring by type from bean name 'ITravellerDao' via property 'sqlSessionFactory' to bean named 'sqlSessionFactory'
2020-04-25 21:46:35,916 2176   [           main] DEBUG ort.DefaultListableBeanFactory  - Invoking afterPropertiesSet() on bean with name 'ITravellerDao'
2020-04-25 21:46:35,916 2176   [           main] DEBUG ort.DefaultListableBeanFactory  - Returning cached instance of singleton bean 'org.springframework.transaction.config.internalTransactionAdvisor'
2020-04-25 21:46:35,916 2176   [           main] DEBUG ort.DefaultListableBeanFactory  - Finished creating instance of bean 'ITravellerDao'
2020-04-25 21:46:35,916 2176   [           main] DEBUG ort.DefaultListableBeanFactory  - Returning cached instance of singleton bean 'org.springframework.transaction.config.internalTransactionAdvisor'
2020-04-25 21:46:35,916 2176   [           main] DEBUG redAnnotationBeanPostProcessor  - Autowiring by type from bean name 'travellerServiceImpl' to bean named 'ITravellerDao'
2020-04-25 21:46:35,916 2176   [           main] DEBUG y.annotation.InjectionMetadata  - Processing injected element of bean 'travellerServiceImpl': AutowiredFieldElement for private com.xumeng.dao.IOrderDao com.xumeng.service.impl.TravellerServiceImpl.orderDao
2020-04-25 21:46:35,916 2176   [           main] DEBUG ore.annotation.AnnotationUtils  - Failed to meta-introspect annotation [interface org.springframework.beans.factory.annotation.Autowired]: java.lang.IllegalArgumentException: Annotation must not be null
2020-04-25 21:46:35,916 2176   [           main] DEBUG ort.DefaultListableBeanFactory  - Returning cached instance of singleton bean 'IOrderDao'
2020-04-25 21:46:35,916 2176   [           main] DEBUG redAnnotationBeanPostProcessor  - Autowiring by type from bean name 'travellerServiceImpl' to bean named 'IOrderDao'
2020-04-25 21:46:35,916 2176   [           main] DEBUG ort.DefaultListableBeanFactory  - Returning cached instance of singleton bean 'org.springframework.transaction.config.internalTransactionAdvisor'
2020-04-25 21:46:35,916 2176   [           main] DEBUG tionTransactionAttributeSource  - Adding transactional method 'com.xumeng.service.impl.TravellerServiceImpl.findAll' with attribute: PROPAGATION_REQUIRED,ISOLATION_DEFAULT; ''
2020-04-25 21:46:35,916 2176   [           main] DEBUG ructureAdvisorAutoProxyCreator  - Creating implicit proxy for bean 'travellerServiceImpl' with 0 common interceptors and 1 specific interceptors
2020-04-25 21:46:35,916 2176   [           main] DEBUG p.framework.JdkDynamicAopProxy  - Creating JDK dynamic proxy: target source is SingletonTargetSource for target object [com.xumeng.service.impl.TravellerServiceImpl@207b8649]
2020-04-25 21:46:35,916 2176   [           main] DEBUG ort.DefaultListableBeanFactory  - Finished creating instance of bean 'travellerServiceImpl'
2020-04-25 21:46:35,916 2176   [           main] DEBUG ort.DefaultListableBeanFactory  - Creating shared instance of singleton bean 'userService'
2020-04-25 21:46:35,916 2176   [           main] DEBUG ort.DefaultListableBeanFactory  - Creating instance of bean 'userService'
2020-04-25 21:46:35,917 2177   [           main] DEBUG y.annotation.InjectionMetadata  - Registered injected element on class [com.xumeng.service.impl.UserServiceImpl]: AutowiredFieldElement for private com.xumeng.dao.IUserDao com.xumeng.service.impl.UserServiceImpl.userDao
2020-04-25 21:46:35,917 2177   [           main] DEBUG y.annotation.InjectionMetadata  - Registered injected element on class [com.xumeng.service.impl.UserServiceImpl]: AutowiredFieldElement for private org.springframework.security.crypto.password.PasswordEncoder com.xumeng.service.impl.UserServiceImpl.passwordEncoder
2020-04-25 21:46:35,917 2177   [           main] DEBUG ort.DefaultListableBeanFactory  - Eagerly caching bean 'userService' to allow for resolving potential circular references
2020-04-25 21:46:35,917 2177   [           main] DEBUG y.annotation.InjectionMetadata  - Processing injected element of bean 'userService': AutowiredFieldElement for private com.xumeng.dao.IUserDao com.xumeng.service.impl.UserServiceImpl.userDao
2020-04-25 21:46:35,917 2177   [           main] DEBUG ore.annotation.AnnotationUtils  - Failed to meta-introspect annotation [interface org.springframework.beans.factory.annotation.Autowired]: java.lang.IllegalArgumentException: Annotation must not be null
2020-04-25 21:46:35,917 2177   [           main] DEBUG ort.DefaultListableBeanFactory  - Creating shared instance of singleton bean 'IUserDao'
2020-04-25 21:46:35,917 2177   [           main] DEBUG ort.DefaultListableBeanFactory  - Creating instance of bean 'IUserDao'
2020-04-25 21:46:35,917 2177   [           main] DEBUG ort.DefaultListableBeanFactory  - Eagerly caching bean 'IUserDao' to allow for resolving potential circular references
2020-04-25 21:46:35,917 2177   [           main] DEBUG ort.DefaultListableBeanFactory  - Returning cached instance of singleton bean 'sqlSessionFactory'
2020-04-25 21:46:35,917 2177   [           main] DEBUG ort.DefaultListableBeanFactory  - Autowiring by type from bean name 'IUserDao' via property 'sqlSessionFactory' to bean named 'sqlSessionFactory'
2020-04-25 21:46:35,917 2177   [           main] DEBUG ort.DefaultListableBeanFactory  - Invoking afterPropertiesSet() on bean with name 'IUserDao'
2020-04-25 21:46:35,917 2177   [           main] DEBUG ort.DefaultListableBeanFactory  - Returning cached instance of singleton bean 'org.springframework.transaction.config.internalTransactionAdvisor'
2020-04-25 21:46:35,918 2178   [           main] DEBUG ort.DefaultListableBeanFactory  - Finished creating instance of bean 'IUserDao'
2020-04-25 21:46:35,918 2178   [           main] DEBUG ort.DefaultListableBeanFactory  - Returning cached instance of singleton bean 'org.springframework.transaction.config.internalTransactionAdvisor'
2020-04-25 21:46:35,918 2178   [           main] DEBUG redAnnotationBeanPostProcessor  - Autowiring by type from bean name 'userService' to bean named 'IUserDao'
2020-04-25 21:46:35,918 2178   [           main] DEBUG y.annotation.InjectionMetadata  - Processing injected element of bean 'userService': AutowiredFieldElement for private org.springframework.security.crypto.password.PasswordEncoder com.xumeng.service.impl.UserServiceImpl.passwordEncoder
2020-04-25 21:46:35,918 2178   [           main] DEBUG ore.annotation.AnnotationUtils  - Failed to meta-introspect annotation [interface org.springframework.beans.factory.annotation.Autowired]: java.lang.IllegalArgumentException: Annotation must not be null
2020-04-25 21:46:35,918 2178   [           main] WARN  port.GenericApplicationContext  - Exception encountered during context initialization - cancelling refresh attempt: org.springframework.beans.factory.UnsatisfiedDependencyException: Error creating bean with name 'userService': Unsatisfied dependency expressed through field 'passwordEncoder'; nested exception is org.springframework.beans.factory.NoSuchBeanDefinitionException: No qualifying bean of type 'org.springframework.security.crypto.password.PasswordEncoder' available: expected at least 1 bean which qualifies as autowire candidate. Dependency annotations: {@org.springframework.beans.factory.annotation.Autowired(required=true)}
2020-04-25 21:46:35,918 2178   [           main] DEBUG ort.DefaultListableBeanFactory  - Destroying singletons in org.springframework.beans.factory.support.DefaultListableBeanFactory@40f70521: defining beans [memberServiceImpl,orderServiceImpl,permissionServiceImpl,productServiceImpl,travellerServiceImpl,userService,org.springframework.context.annotation.internalConfigurationAnnotationProcessor,org.springframework.context.annotation.internalAutowiredAnnotationProcessor,org.springframework.context.annotation.internalRequiredAnnotationProcessor,org.springframework.context.annotation.internalCommonAnnotationProcessor,org.springframework.context.event.internalEventListenerProcessor,org.springframework.context.event.internalEventListenerFactory,org.springframework.context.support.PropertySourcesPlaceholderConfigurer#0,dataSource,sqlSessionFactory,mapperScanner,transactionManager,org.springframework.transaction.config.internalTransactionalEventListenerFactory,org.springframework.aop.config.internalAutoProxyCreator,org.springframework.transaction.annotation.AnnotationTransactionAttributeSource#0,org.springframework.transaction.interceptor.TransactionInterceptor#0,org.springframework.transaction.config.internalTransactionAdvisor,IMemberDao,IOrderDao,IPermissionDao,IProductDao,IRoleDao,ITravellerDao,IUserDao]; root of factory hierarchy
2020-04-25 21:46:35,918 2178   [           main] DEBUG ort.DefaultListableBeanFactory  - Retrieved dependent beans for bean 'sqlSessionFactory': [IMemberDao, IOrderDao, IProductDao, ITravellerDao, IUserDao]
2020-04-25 21:46:35,918 2178   [           main] DEBUG ort.DefaultListableBeanFactory  - Retrieved dependent beans for bean 'IMemberDao': [memberServiceImpl]
2020-04-25 21:46:35,918 2178   [           main] DEBUG ort.DefaultListableBeanFactory  - Retrieved dependent beans for bean 'IOrderDao': [orderServiceImpl, travellerServiceImpl]
2020-04-25 21:46:35,918 2178   [           main] DEBUG ort.DefaultListableBeanFactory  - Retrieved dependent beans for bean 'IProductDao': [productServiceImpl]
2020-04-25 21:46:35,918 2178   [           main] DEBUG ort.DefaultListableBeanFactory  - Retrieved dependent beans for bean 'com.github.pagehelper.PageInterceptor#aeab9a1': [sqlSessionFactory]
2020-04-25 21:46:35,918 2178   [           main] ERROR est.context.TestContextManager  - Caught exception while allowing TestExecutionListener [org.springframework.test.context.support.DependencyInjectionTestExecutionListener@46daef40] to prepare test instance [com.xumeng.test.TestIOderDao@3a1dd365]
java.lang.IllegalStateException: Failed to load ApplicationContext
	at org.springframework.test.context.cache.DefaultCacheAwareContextLoaderDelegate.loadContext(DefaultCacheAwareContextLoaderDelegate.java:125)
	at org.springframework.test.context.support.DefaultTestContext.getApplicationContext(DefaultTestContext.java:107)
	at org.springframework.test.context.support.DependencyInjectionTestExecutionListener.injectDependencies(DependencyInjectionTestExecutionListener.java:117)
	at org.springframework.test.context.support.DependencyInjectionTestExecutionListener.prepareTestInstance(DependencyInjectionTestExecutionListener.java:83)
	at org.springframework.test.context.TestContextManager.prepareTestInstance(TestContextManager.java:242)
	at org.springframework.test.context.junit4.SpringJUnit4ClassRunner.createTest(SpringJUnit4ClassRunner.java:227)
	at org.springframework.test.context.junit4.SpringJUnit4ClassRunner$1.runReflectiveCall(SpringJUnit4ClassRunner.java:289)
	at org.junit.internal.runners.model.ReflectiveCallable.run(ReflectiveCallable.java:12)
	at org.springframework.test.context.junit4.SpringJUnit4ClassRunner.methodBlock(SpringJUnit4ClassRunner.java:291)
	at org.springframework.test.context.junit4.SpringJUnit4ClassRunner.runChild(SpringJUnit4ClassRunner.java:246)
	at org.springframework.test.context.junit4.SpringJUnit4ClassRunner.runChild(SpringJUnit4ClassRunner.java:97)
	at org.junit.runners.ParentRunner$3.run(ParentRunner.java:290)
	at org.junit.runners.ParentRunner$1.schedule(ParentRunner.java:71)
	at org.junit.runners.ParentRunner.runChildren(ParentRunner.java:288)
	at org.junit.runners.ParentRunner.access$000(ParentRunner.java:58)
	at org.junit.runners.ParentRunner$2.evaluate(ParentRunner.java:268)
	at org.springframework.test.context.junit4.statements.RunBeforeTestClassCallbacks.evaluate(RunBeforeTestClassCallbacks.java:61)
	at org.springframework.test.context.junit4.statements.RunAfterTestClassCallbacks.evaluate(RunAfterTestClassCallbacks.java:70)
	at org.junit.runners.ParentRunner.run(ParentRunner.java:363)
	at org.springframework.test.context.junit4.SpringJUnit4ClassRunner.run(SpringJUnit4ClassRunner.java:190)
	at org.apache.maven.surefire.junit4.JUnit4Provider.execute(JUnit4Provider.java:365)
	at org.apache.maven.surefire.junit4.JUnit4Provider.executeWithRerun(JUnit4Provider.java:273)
	at org.apache.maven.surefire.junit4.JUnit4Provider.executeTestSet(JUnit4Provider.java:238)
	at org.apache.maven.surefire.junit4.JUnit4Provider.invoke(JUnit4Provider.java:159)
	at org.apache.maven.surefire.booter.ForkedBooter.invokeProviderInSameClassLoader(ForkedBooter.java:384)
	at org.apache.maven.surefire.booter.ForkedBooter.runSuitesInProcess(ForkedBooter.java:345)
	at org.apache.maven.surefire.booter.ForkedBooter.execute(ForkedBooter.java:126)
	at org.apache.maven.surefire.booter.ForkedBooter.main(ForkedBooter.java:418)
Caused by: org.springframework.beans.factory.UnsatisfiedDependencyException: Error creating bean with name 'userService': Unsatisfied dependency expressed through field 'passwordEncoder'; nested exception is org.springframework.beans.factory.NoSuchBeanDefinitionException: No qualifying bean of type 'org.springframework.security.crypto.password.PasswordEncoder' available: expected at least 1 bean which qualifies as autowire candidate. Dependency annotations: {@org.springframework.beans.factory.annotation.Autowired(required=true)}
	at org.springframework.beans.factory.annotation.AutowiredAnnotationBeanPostProcessor$AutowiredFieldElement.inject(AutowiredAnnotationBeanPostProcessor.java:586)
	at org.springframework.beans.factory.annotation.InjectionMetadata.inject(InjectionMetadata.java:91)
	at org.springframework.beans.factory.annotation.AutowiredAnnotationBeanPostProcessor.postProcessPropertyValues(AutowiredAnnotationBeanPostProcessor.java:372)
	at org.springframework.beans.factory.support.AbstractAutowireCapableBeanFactory.populateBean(AbstractAutowireCapableBeanFactory.java:1344)
	at org.springframework.beans.factory.support.AbstractAutowireCapableBeanFactory.doCreateBean(AbstractAutowireCapableBeanFactory.java:582)
	at org.springframework.beans.factory.support.AbstractAutowireCapableBeanFactory.createBean(AbstractAutowireCapableBeanFactory.java:502)
	at org.springframework.beans.factory.support.AbstractBeanFactory.lambda$doGetBean$0(AbstractBeanFactory.java:312)
	at org.springframework.beans.factory.support.DefaultSingletonBeanRegistry.getSingleton(DefaultSingletonBeanRegistry.java:228)
	at org.springframework.beans.factory.support.AbstractBeanFactory.doGetBean(AbstractBeanFactory.java:310)
	at org.springframework.beans.factory.support.AbstractBeanFactory.getBean(AbstractBeanFactory.java:200)
	at org.springframework.beans.factory.support.DefaultListableBeanFactory.preInstantiateSingletons(DefaultListableBeanFactory.java:758)
	at org.springframework.context.support.AbstractApplicationContext.finishBeanFactoryInitialization(AbstractApplicationContext.java:868)
	at org.springframework.context.support.AbstractApplicationContext.refresh(AbstractApplicationContext.java:549)
	at org.springframework.test.context.support.AbstractGenericContextLoader.loadContext(AbstractGenericContextLoader.java:128)
	at org.springframework.test.context.support.AbstractGenericContextLoader.loadContext(AbstractGenericContextLoader.java:60)
	at org.springframework.test.context.support.AbstractDelegatingSmartContextLoader.delegateLoading(AbstractDelegatingSmartContextLoader.java:109)
	at org.springframework.test.context.support.AbstractDelegatingSmartContextLoader.loadContext(AbstractDelegatingSmartContextLoader.java:246)
	at org.springframework.test.context.cache.DefaultCacheAwareContextLoaderDelegate.loadContextInternal(DefaultCacheAwareContextLoaderDelegate.java:99)
	at org.springframework.test.context.cache.DefaultCacheAwareContextLoaderDelegate.loadContext(DefaultCacheAwareContextLoaderDelegate.java:117)
	... 27 more
Caused by: org.springframework.beans.factory.NoSuchBeanDefinitionException: No qualifying bean of type 'org.springframework.security.crypto.password.PasswordEncoder' available: expected at least 1 bean which qualifies as autowire candidate. Dependency annotations: {@org.springframework.beans.factory.annotation.Autowired(required=true)}
	at org.springframework.beans.factory.support.DefaultListableBeanFactory.raiseNoMatchingBeanFound(DefaultListableBeanFactory.java:1504)
	at org.springframework.beans.factory.support.DefaultListableBeanFactory.doResolveDependency(DefaultListableBeanFactory.java:1101)
	at org.springframework.beans.factory.support.DefaultListableBeanFactory.resolveDependency(DefaultListableBeanFactory.java:1062)
	at org.springframework.beans.factory.annotation.AutowiredAnnotationBeanPostProcessor$AutowiredFieldElement.inject(AutowiredAnnotationBeanPostProcessor.java:583)
	... 45 more
]]></system-out>
  </testcase>
  <testcase name="testFindAllUserByPage" classname="com.xumeng.test.TestIOderDao" time="0">
    <error message="Failed to load ApplicationContext" type="java.lang.IllegalStateException">java.lang.IllegalStateException: Failed to load ApplicationContext
Caused by: org.springframework.beans.factory.UnsatisfiedDependencyException: Error creating bean with name 'userService': Unsatisfied dependency expressed through field 'passwordEncoder'; nested exception is org.springframework.beans.factory.NoSuchBeanDefinitionException: No qualifying bean of type 'org.springframework.security.crypto.password.PasswordEncoder' available: expected at least 1 bean which qualifies as autowire candidate. Dependency annotations: {@org.springframework.beans.factory.annotation.Autowired(required=true)}
Caused by: org.springframework.beans.factory.NoSuchBeanDefinitionException: No qualifying bean of type 'org.springframework.security.crypto.password.PasswordEncoder' available: expected at least 1 bean which qualifies as autowire candidate. Dependency annotations: {@org.springframework.beans.factory.annotation.Autowired(required=true)}
</error>
    <system-out><![CDATA[2020-04-25 21:46:35,919 2179   [           main] DEBUG t.annotation.ProfileValueUtils  - Retrieved @ProfileValueSourceConfiguration [null] for test class [com.xumeng.test.TestIOderDao]
2020-04-25 21:46:35,919 2179   [           main] DEBUG t.annotation.ProfileValueUtils  - Retrieved ProfileValueSource type [class org.springframework.test.annotation.SystemProfileValueSource] for class [com.xumeng.test.TestIOderDao]
2020-04-25 21:46:35,919 2179   [           main] DEBUG InjectionTestExecutionListener  - Performing dependency injection for test context [[DefaultTestContext@1b26f7b2 testClass = TestIOderDao, testInstance = com.xumeng.test.TestIOderDao@7e928e2f, testMethod = [null], testException = [null], mergedContextConfiguration = [MergedContextConfiguration@491cc5c9 testClass = TestIOderDao, locations = '{classpath:applicationContext.xml}', classes = '{}', contextInitializerClasses = '[]', activeProfiles = '{}', propertySourceLocations = '{}', propertySourceProperties = '{}', contextCustomizers = set[[empty]], contextLoader = 'org.springframework.test.context.support.DelegatingSmartContextLoader', parent = [null]], attributes = map[[empty]]]].
2020-04-25 21:46:35,919 2179   [           main] DEBUG ctDelegatingSmartContextLoader  - Delegating to GenericXmlContextLoader to load context from [MergedContextConfiguration@491cc5c9 testClass = TestIOderDao, locations = '{classpath:applicationContext.xml}', classes = '{}', contextInitializerClasses = '[]', activeProfiles = '{}', propertySourceLocations = '{}', propertySourceProperties = '{}', contextCustomizers = set[[empty]], contextLoader = 'org.springframework.test.context.support.DelegatingSmartContextLoader', parent = [null]].
2020-04-25 21:46:35,919 2179   [           main] DEBUG t.AbstractGenericContextLoader  - Loading ApplicationContext for merged context configuration [[MergedContextConfiguration@491cc5c9 testClass = TestIOderDao, locations = '{classpath:applicationContext.xml}', classes = '{}', contextInitializerClasses = '[]', activeProfiles = '{}', propertySourceLocations = '{}', propertySourceProperties = '{}', contextCustomizers = set[[empty]], contextLoader = 'org.springframework.test.context.support.DelegatingSmartContextLoader', parent = [null]]].
2020-04-25 21:46:35,919 2179   [           main] DEBUG k.core.env.StandardEnvironment  - Adding PropertySource 'systemProperties' with lowest search precedence
2020-04-25 21:46:35,919 2179   [           main] DEBUG k.core.env.StandardEnvironment  - Adding PropertySource 'systemEnvironment' with lowest search precedence
2020-04-25 21:46:35,920 2180   [           main] DEBUG k.core.env.StandardEnvironment  - Initialized StandardEnvironment with PropertySources [MapPropertySource@2022689531 {name='systemProperties', properties={java.runtime.name=Java(TM) SE Runtime Environment, sun.boot.library.path=C:\Program Files\Java\jdk1.8.0_131\jre\bin, java.vm.version=25.131-b11, java.vm.vendor=Oracle Corporation, java.vendor.url=http://java.oracle.com/, path.separator=;, java.vm.name=Java HotSpot(TM) 64-Bit Server VM, file.encoding.pkg=sun.io, user.country=CN, user.script=, sun.java.launcher=SUN_STANDARD, sun.os.patch.level=, java.vm.specification.name=Java Virtual Machine Specification, user.dir=D:\Code\IdeaProjects\manageSystem-ssm\ms-ssm-web, java.runtime.version=1.8.0_131-b11, basedir=D:\Code\IdeaProjects\manageSystem-ssm\ms-ssm-web, java.awt.graphicsenv=sun.awt.Win32GraphicsEnvironment, java.endorsed.dirs=C:\Program Files\Java\jdk1.8.0_131\jre\lib\endorsed, os.arch=amd64, surefire.real.class.path=C:\Users\xm\AppData\Local\Temp\surefire7497552715305907156\surefirebooter6811015789613867580.jar, java.io.tmpdir=C:\Users\xm\AppData\Local\Temp\, line.separator=
, java.vm.specification.vendor=Oracle Corporation, user.variant=, os.name=Windows 10, sun.jnu.encoding=GBK, java.library.path=C:\Program Files\Java\jdk1.8.0_131\jre\bin;C:\Windows\Sun\Java\bin;C:\Windows\system32;C:\Windows;D:\MyProgram\orcl\bin;D:\MyProgram\Anaconda3;D:\MyProgram\Anaconda3\Library\mingw-w64\bin;D:\MyProgram\Anaconda3\Library\usr\bin;D:\MyProgram\Anaconda3\Library\bin;D:\MyProgram\Anaconda3\Scripts;C:\ProgramData\Oracle\Java\javapath;C:\Windows\system32;C:\Windows;C:\Windows\System32\Wbem;C:\Windows\System32\WindowsPowerShell\v1.0\;C:\Windows\System32\OpenSSH\;C:\Program Files\Java\jdk1.8.0_131\bin;C:\Program Files\Java\jdk1.8.0_131\jre\bin;C:\Program Files (x86)\MySQL\MySQL Server 5.5\bin;D:\MyProgram\Git\cmd;D:\Maven\bin\;D:\MyProgram\redis-2.8.9;D:\Maven_V_354\apache-maven-3.5.4\bin\;D:\MyProgram\nodejs\;D:\MyProgram\nodejs\npm_modules\;D:\MyProgram\erl10.4\bin;D:\MyProgram\ffmpeg\bin\;D:\MyProgram\OpenSSL-Win64\bin\;D:\MyProgram\Ruby25-x64\bin;C:\Users\xm\AppData\Local\Microsoft\WindowsApps;;D:\MyProgram\JetBrains\IntelliJ IDEA 2019.3.3\bin;;D:\MyProgram\Microsoft VS Code\bin;D:\MyProgram\JetBrains\PyCharm 2019.3.3\bin;;D:\MyProgram\JetBrains\WebStorm 2019.3.3\bin;;C:\Users\xm\AppData\Roaming\npm;., surefire.test.class.path=D:\Code\IdeaProjects\manageSystem-ssm\ms-ssm-web\target\test-classes;D:\Code\IdeaProjects\manageSystem-ssm\ms-ssm-web\target\classes;E:\maven-repository\junit\junit\4.12\junit-4.12.jar;E:\maven-repository\org\hamcrest\hamcrest-core\1.3\hamcrest-core-1.3.jar;D:\Code\IdeaProjects\manageSystem-ssm\ms-ssm-domain\target\ms-ssm-domain-1.0-SNAPSHOT.jar;D:\Code\IdeaProjects\manageSystem-ssm\ms-ssm-utils\target\ms-ssm-utils-1.0-SNAPSHOT.jar;D:\Code\IdeaProjects\manageSystem-ssm\ms-ssm-service\target\ms-ssm-service-1.0-SNAPSHOT.jar;D:\Code\IdeaProjects\manageSystem-ssm\ms-ssm-dao\target\ms-ssm-dao-1.0-SNAPSHOT.jar;E:\maven-repository\com\fasterxml\jackson\core\jackson-databind\2.9.7\jackson-databind-2.9.7.jar;E:\maven-repository\com\fasterxml\jackson\core\jackson-annotations\2.9.0\jackson-annotations-2.9.0.jar;E:\maven-repository\com\fasterxml\jackson\core\jackson-core\2.9.7\jackson-core-2.9.7.jar;E:\maven-repository\com\github\pagehelper\pagehelper\5.1.2\pagehelper-5.1.2.jar;E:\maven-repository\com\github\jsqlparser\jsqlparser\1.0\jsqlparser-1.0.jar;E:\maven-repository\javax\annotation\javax.annotation-api\1.3.1\javax.annotation-api-1.3.1.jar;E:\maven-repository\org\springframework\security\spring-security-web\5.0.1.RELEASE\spring-security-web-5.0.1.RELEASE.jar;E:\maven-repository\org\springframework\spring-expression\5.0.3.RELEASE\spring-expression-5.0.3.RELEASE.jar;E:\maven-repository\org\springframework\security\spring-security-config\5.0.1.RELEASE\spring-security-config-5.0.1.RELEASE.jar;E:\maven-repository\org\springframework\security\spring-security-core\5.0.1.RELEASE\spring-security-core-5.0.1.RELEASE.jar;E:\maven-repository\org\springframework\security\spring-security-taglibs\5.0.1.RELEASE\spring-security-taglibs-5.0.1.RELEASE.jar;E:\maven-repository\org\springframework\security\spring-security-acl\5.0.1.RELEASE\spring-security-acl-5.0.1.RELEASE.jar;E:\maven-repository\org\aspectj\aspectjweaver\1.6.8\aspectjweaver-1.6.8.jar;E:\maven-repository\org\springframework\spring-aop\5.0.2.RELEASE\spring-aop-5.0.2.RELEASE.jar;E:\maven-repository\org\springframework\spring-context\5.0.2.RELEASE\spring-context-5.0.2.RELEASE.jar;E:\maven-repository\org\springframework\spring-context-support\5.0.2.RELEASE\spring-context-support-5.0.2.RELEASE.jar;E:\maven-repository\org\springframework\spring-web\5.0.2.RELEASE\spring-web-5.0.2.RELEASE.jar;E:\maven-repository\org\springframework\spring-orm\5.0.2.RELEASE\spring-orm-5.0.2.RELEASE.jar;E:\maven-repository\org\springframework\spring-jdbc\5.0.2.RELEASE\spring-jdbc-5.0.2.RELEASE.jar;E:\maven-repository\org\springframework\spring-beans\5.0.2.RELEASE\spring-beans-5.0.2.RELEASE.jar;E:\maven-repository\org\springframework\spring-core\5.0.2.RELEASE\spring-core-5.0.2.RELEASE.jar;E:\maven-repository\org\springframework\spring-jcl\5.0.2.RELEASE\spring-jcl-5.0.2.RELEASE.jar;E:\maven-repository\org\springframework\spring-test\5.0.2.RELEASE\spring-test-5.0.2.RELEASE.jar;E:\maven-repository\org\springframework\spring-webmvc\5.0.2.RELEASE\spring-webmvc-5.0.2.RELEASE.jar;E:\maven-repository\org\springframework\spring-tx\5.0.2.RELEASE\spring-tx-5.0.2.RELEASE.jar;E:\maven-repository\javax\servlet\javax.servlet-api\3.1.0\javax.servlet-api-3.1.0.jar;E:\maven-repository\javax\servlet\jsp\jsp-api\2.0\jsp-api-2.0.jar;E:\maven-repository\jstl\jstl\1.2\jstl-1.2.jar;E:\maven-repository\log4j\log4j\1.2.12\log4j-1.2.12.jar;E:\maven-repository\org\slf4j\slf4j-api\1.6.6\slf4j-api-1.6.6.jar;E:\maven-repository\org\slf4j\slf4j-log4j12\1.6.6\slf4j-log4j12-1.6.6.jar;E:\maven-repository\org\mybatis\mybatis\3.4.5\mybatis-3.4.5.jar;E:\maven-repository\org\mybatis\mybatis-spring\1.3.0\mybatis-spring-1.3.0.jar;E:\maven-repository\c3p0\c3p0\0.9.1.2\c3p0-0.9.1.2.jar;E:\maven-repository\mysql\mysql-connector-java\5.1.6\mysql-connector-java-5.1.6.jar;E:\maven-repository\javax\annotation\jsr250-api\1.0\jsr250-api-1.0.jar;E:\maven-repository\org\projectlombok\lombok\1.16.16\lombok-1.16.16.jar;, java.specification.name=Java Platform API Specification, java.class.version=52.0, sun.management.compiler=HotSpot 64-Bit Tiered Compilers, maven.repo.local=E:\maven-repository, idea.version2019.3.3=true, os.version=10.0, user.home=C:\Users\xm, user.timezone=Asia/Shanghai, java.awt.printerjob=sun.awt.windows.WPrinterJob, file.encoding=GBK, java.specification.version=1.8, java.class.path=D:\Code\IdeaProjects\manageSystem-ssm\ms-ssm-web\target\test-classes;D:\Code\IdeaProjects\manageSystem-ssm\ms-ssm-web\target\classes;E:\maven-repository\junit\junit\4.12\junit-4.12.jar;E:\maven-repository\org\hamcrest\hamcrest-core\1.3\hamcrest-core-1.3.jar;D:\Code\IdeaProjects\manageSystem-ssm\ms-ssm-domain\target\ms-ssm-domain-1.0-SNAPSHOT.jar;D:\Code\IdeaProjects\manageSystem-ssm\ms-ssm-utils\target\ms-ssm-utils-1.0-SNAPSHOT.jar;D:\Code\IdeaProjects\manageSystem-ssm\ms-ssm-service\target\ms-ssm-service-1.0-SNAPSHOT.jar;D:\Code\IdeaProjects\manageSystem-ssm\ms-ssm-dao\target\ms-ssm-dao-1.0-SNAPSHOT.jar;E:\maven-repository\com\fasterxml\jackson\core\jackson-databind\2.9.7\jackson-databind-2.9.7.jar;E:\maven-repository\com\fasterxml\jackson\core\jackson-annotations\2.9.0\jackson-annotations-2.9.0.jar;E:\maven-repository\com\fasterxml\jackson\core\jackson-core\2.9.7\jackson-core-2.9.7.jar;E:\maven-repository\com\github\pagehelper\pagehelper\5.1.2\pagehelper-5.1.2.jar;E:\maven-repository\com\github\jsqlparser\jsqlparser\1.0\jsqlparser-1.0.jar;E:\maven-repository\javax\annotation\javax.annotation-api\1.3.1\javax.annotation-api-1.3.1.jar;E:\maven-repository\org\springframework\security\spring-security-web\5.0.1.RELEASE\spring-security-web-5.0.1.RELEASE.jar;E:\maven-repository\org\springframework\spring-expression\5.0.3.RELEASE\spring-expression-5.0.3.RELEASE.jar;E:\maven-repository\org\springframework\security\spring-security-config\5.0.1.RELEASE\spring-security-config-5.0.1.RELEASE.jar;E:\maven-repository\org\springframework\security\spring-security-core\5.0.1.RELEASE\spring-security-core-5.0.1.RELEASE.jar;E:\maven-repository\org\springframework\security\spring-security-taglibs\5.0.1.RELEASE\spring-security-taglibs-5.0.1.RELEASE.jar;E:\maven-repository\org\springframework\security\spring-security-acl\5.0.1.RELEASE\spring-security-acl-5.0.1.RELEASE.jar;E:\maven-repository\org\aspectj\aspectjweaver\1.6.8\aspectjweaver-1.6.8.jar;E:\maven-repository\org\springframework\spring-aop\5.0.2.RELEASE\spring-aop-5.0.2.RELEASE.jar;E:\maven-repository\org\springframework\spring-context\5.0.2.RELEASE\spring-context-5.0.2.RELEASE.jar;E:\maven-repository\org\springframework\spring-context-support\5.0.2.RELEASE\spring-context-support-5.0.2.RELEASE.jar;E:\maven-repository\org\springframework\spring-web\5.0.2.RELEASE\spring-web-5.0.2.RELEASE.jar;E:\maven-repository\org\springframework\spring-orm\5.0.2.RELEASE\spring-orm-5.0.2.RELEASE.jar;E:\maven-repository\org\springframework\spring-jdbc\5.0.2.RELEASE\spring-jdbc-5.0.2.RELEASE.jar;E:\maven-repository\org\springframework\spring-beans\5.0.2.RELEASE\spring-beans-5.0.2.RELEASE.jar;E:\maven-repository\org\springframework\spring-core\5.0.2.RELEASE\spring-core-5.0.2.RELEASE.jar;E:\maven-repository\org\springframework\spring-jcl\5.0.2.RELEASE\spring-jcl-5.0.2.RELEASE.jar;E:\maven-repository\org\springframework\spring-test\5.0.2.RELEASE\spring-test-5.0.2.RELEASE.jar;E:\maven-repository\org\springframework\spring-webmvc\5.0.2.RELEASE\spring-webmvc-5.0.2.RELEASE.jar;E:\maven-repository\org\springframework\spring-tx\5.0.2.RELEASE\spring-tx-5.0.2.RELEASE.jar;E:\maven-repository\javax\servlet\javax.servlet-api\3.1.0\javax.servlet-api-3.1.0.jar;E:\maven-repository\javax\servlet\jsp\jsp-api\2.0\jsp-api-2.0.jar;E:\maven-repository\jstl\jstl\1.2\jstl-1.2.jar;E:\maven-repository\log4j\log4j\1.2.12\log4j-1.2.12.jar;E:\maven-repository\org\slf4j\slf4j-api\1.6.6\slf4j-api-1.6.6.jar;E:\maven-repository\org\slf4j\slf4j-log4j12\1.6.6\slf4j-log4j12-1.6.6.jar;E:\maven-repository\org\mybatis\mybatis\3.4.5\mybatis-3.4.5.jar;E:\maven-repository\org\mybatis\mybatis-spring\1.3.0\mybatis-spring-1.3.0.jar;E:\maven-repository\c3p0\c3p0\0.9.1.2\c3p0-0.9.1.2.jar;E:\maven-repository\mysql\mysql-connector-java\5.1.6\mysql-connector-java-5.1.6.jar;E:\maven-repository\javax\annotation\jsr250-api\1.0\jsr250-api-1.0.jar;E:\maven-repository\org\projectlombok\lombok\1.16.16\lombok-1.16.16.jar;, user.name=xm, java.vm.specification.version=1.8, sun.java.command=C:\Users\xm\AppData\Local\Temp\surefire7497552715305907156\surefirebooter6811015789613867580.jar C:\Users\xm\AppData\Local\Temp\surefire7497552715305907156 2020-04-25T21-46-33_033-jvmRun1 surefire7780568927660488430tmp surefire_03629623413987528247tmp, java.home=C:\Program Files\Java\jdk1.8.0_131\jre, sun.arch.data.model=64, user.language=zh, java.specification.vendor=Oracle Corporation, awt.toolkit=sun.awt.windows.WToolkit, java.vm.info=mixed mode, java.version=1.8.0_131, java.ext.dirs=C:\Program Files\Java\jdk1.8.0_131\jre\lib\ext;C:\Windows\Sun\Java\lib\ext, sun.boot.class.path=C:\Program Files\Java\jdk1.8.0_131\jre\lib\resources.jar;C:\Program Files\Java\jdk1.8.0_131\jre\lib\rt.jar;C:\Program Files\Java\jdk1.8.0_131\jre\lib\sunrsasign.jar;C:\Program Files\Java\jdk1.8.0_131\jre\lib\jsse.jar;C:\Program Files\Java\jdk1.8.0_131\jre\lib\jce.jar;C:\Program Files\Java\jdk1.8.0_131\jre\lib\charsets.jar;C:\Program Files\Java\jdk1.8.0_131\jre\lib\jfr.jar;C:\Program Files\Java\jdk1.8.0_131\jre\classes, java.vendor=Oracle Corporation, localRepository=E:\maven-repository, file.separator=\, java.vendor.url.bug=http://bugreport.sun.com/bugreport/, sun.io.unicode.encoding=UnicodeLittle, sun.cpu.endian=little, sun.desktop=windows, sun.cpu.isalist=amd64}}, SystemEnvironmentPropertySource@1340848245 {name='systemEnvironment', properties={PATH=D:\MyProgram\orcl\bin;D:\MyProgram\Anaconda3;D:\MyProgram\Anaconda3\Library\mingw-w64\bin;D:\MyProgram\Anaconda3\Library\usr\bin;D:\MyProgram\Anaconda3\Library\bin;D:\MyProgram\Anaconda3\Scripts;C:\ProgramData\Oracle\Java\javapath;C:\Windows\system32;C:\Windows;C:\Windows\System32\Wbem;C:\Windows\System32\WindowsPowerShell\v1.0\;C:\Windows\System32\OpenSSH\;C:\Program Files\Java\jdk1.8.0_131\bin;C:\Program Files\Java\jdk1.8.0_131\jre\bin;C:\Program Files (x86)\MySQL\MySQL Server 5.5\bin;D:\MyProgram\Git\cmd;D:\Maven\bin\;D:\MyProgram\redis-2.8.9;D:\Maven_V_354\apache-maven-3.5.4\bin\;D:\MyProgram\nodejs\;D:\MyProgram\nodejs\npm_modules\;D:\MyProgram\erl10.4\bin;D:\MyProgram\ffmpeg\bin\;D:\MyProgram\OpenSSL-Win64\bin\;D:\MyProgram\Ruby25-x64\bin;C:\Users\xm\AppData\Local\Microsoft\WindowsApps;;D:\MyProgram\JetBrains\IntelliJ IDEA 2019.3.3\bin;;D:\MyProgram\Microsoft VS Code\bin;D:\MyProgram\JetBrains\PyCharm 2019.3.3\bin;;D:\MyProgram\JetBrains\WebStorm 2019.3.3\bin;;C:\Users\xm\AppData\Roaming\npm, USERDOMAIN_ROAMINGPROFILE=DESKTOP-9ENUAHE, PROCESSOR_LEVEL=23, SYSTEMDRIVE=C:, SESSIONNAME=Console, ALLUSERSPROFILE=C:\ProgramData, PROCESSOR_ARCHITECTURE=AMD64, DRIVERDATA=C:\Windows\System32\Drivers\DriverData, MAVEN_HOME=D:\Maven, PROGRAMFILES=C:\Program Files, PSMODULEPATH=C:\Program Files\WindowsPowerShell\Modules;C:\Windows\system32\WindowsPowerShell\v1.0\Modules, PROGRAMDATA=C:\ProgramData, USERNAME=xm, FPS_BROWSER_USER_PROFILE_STRING=Default, ONEDRIVE=C:\Users\xm\OneDrive, PATHEXT=.COM;.EXE;.BAT;.CMD;.VBS;.VBE;.JS;.JSE;.WSF;.WSH;.MSC;.RB;.RBW, MAVEN_HOME2=D:\Maven_V_354\apache-maven-3.5.4, WINDIR=C:\Windows, HOMEPATH=\Users\xm, PROCESSOR_IDENTIFIER=AMD64 Family 23 Model 8 Stepping 2, AuthenticAMD, PUBLIC=C:\Users\Public, =::=::\, LOCALAPPDATA=C:\Users\xm\AppData\Local, COMMONPROGRAMFILES(X86)=C:\Program Files (x86)\Common Files, USERDOMAIN=DESKTOP-9ENUAHE, FPS_BROWSER_APP_PROFILE_STRING=Internet Explorer, LOGONSERVER=\\DESKTOP-9ENUAHE, JAVA_HOME=C:\Program Files\Java\jdk1.8.0_131, PROMPT=$P$G, PROGRAMFILES(X86)=C:\Program Files (x86), INTELLIJ IDEA=D:\MyProgram\JetBrains\IntelliJ IDEA 2019.3.3\bin;, ERLANG_HOME=D:\MyProgram\erl10.4, APPDATA=C:\Users\xm\AppData\Roaming, PROGRAMW6432=C:\Program Files, SYSTEMROOT=C:\Windows, PERL5LIB=D:\MyProgram\orcl\perl\5.8.3\lib\MSWin32-x86;D:\MyProgram\orcl\perl\5.8.3\lib;D:\MyProgram\orcl\perl\5.8.3\lib\MSWin32-x86;D:\MyProgram\orcl\perl\site\5.8.3;D:\MyProgram\orcl\perl\site\5.8.3\lib;D:\MyProgram\orcl\sysman\admin\scripts;, OS=Windows_NT, COMMONPROGRAMW6432=C:\Program Files\Common Files, COMPUTERNAME=DESKTOP-9ENUAHE, COMMONPROGRAMFILES=C:\Program Files\Common Files, COMSPEC=C:\Windows\system32\cmd.exe, CATALINA_HOME=D:\MyProgram\Tomcat\apache-tomcat-7.0.100, PROCESSOR_REVISION=0802, CLASSPATH=.;C:\Program Files\Java\jdk1.8.0_131\lib;C:\Program Files\Java\jdk1.8.0_131\lib\tools.jar, PYCHARM=D:\MyProgram\JetBrains\PyCharm 2019.3.3\bin;, RUBYOPT=-Eutf-8, =D:=D:\Code\IdeaProjects\manageSystem-ssm\ms-ssm-web, TEMP=C:\Users\xm\AppData\Local\Temp, HOMEDRIVE=C:, USERPROFILE=C:\Users\xm, TMP=C:\Users\xm\AppData\Local\Temp, WEBSTORM=D:\MyProgram\JetBrains\WebStorm 2019.3.3\bin;, NUMBER_OF_PROCESSORS=12, IDEA_INITIAL_DIRECTORY=C:\Users\xm\Desktop}}]
2020-04-25 21:46:35,920 2180   [           main] INFO  ry.xml.XmlBeanDefinitionReader  - Loading XML bean definitions from class path resource [applicationContext.xml]
2020-04-25 21:46:35,921 2181   [           main] DEBUG tory.xml.DefaultDocumentLoader  - Using JAXP provider [com.sun.org.apache.xerces.internal.jaxp.DocumentBuilderFactoryImpl]
2020-04-25 21:46:35,921 2181   [           main] DEBUG ry.xml.PluggableSchemaResolver  - Loading schema mappings from [META-INF/spring.schemas]
2020-04-25 21:46:35,923 2183   [           main] DEBUG ry.xml.PluggableSchemaResolver  - Loaded schema mappings: {http://www.springframework.org/schema/tx/spring-tx-4.3.xsd=org/springframework/transaction/config/spring-tx.xsd, http://www.springframework.org/schema/tx/spring-tx-2.5.xsd=org/springframework/transaction/config/spring-tx.xsd, http://www.springframework.org/schema/cache/spring-cache-4.2.xsd=org/springframework/cache/config/spring-cache.xsd, http://www.springframework.org/schema/aop/spring-aop-4.1.xsd=org/springframework/aop/config/spring-aop.xsd, http://www.springframework.org/schema/context/spring-context-3.1.xsd=org/springframework/context/config/spring-context.xsd, http://www.springframework.org/schema/jdbc/spring-jdbc-4.1.xsd=org/springframework/jdbc/config/spring-jdbc.xsd, http://www.springframework.org/schema/mvc/spring-mvc-4.1.xsd=org/springframework/web/servlet/config/spring-mvc.xsd, http://www.springframework.org/schema/util/spring-util-3.0.xsd=org/springframework/beans/factory/xml/spring-util.xsd, http://www.springframework.org/schema/security/spring-security-3.0.3.xsd=org/springframework/security/config/spring-security-3.0.3.xsd, http://mybatis.org/schema/mybatis-spring-1.2.xsd=org/mybatis/spring/config/mybatis-spring-1.2.xsd, http://www.springframework.org/schema/tool/spring-tool.xsd=org/springframework/beans/factory/xml/spring-tool.xsd, http://www.springframework.org/schema/aop/spring-aop-3.2.xsd=org/springframework/aop/config/spring-aop.xsd, http://www.springframework.org/schema/security/spring-security-2.0.1.xsd=org/springframework/security/config/spring-security-2.0.1.xsd, http://www.springframework.org/schema/lang/spring-lang-4.1.xsd=org/springframework/scripting/config/spring-lang.xsd, http://www.springframework.org/schema/context/spring-context-4.0.xsd=org/springframework/context/config/spring-context.xsd, http://www.springframework.org/schema/mvc/spring-mvc-3.2.xsd=org/springframework/web/servlet/config/spring-mvc.xsd, http://www.springframework.org/schema/beans/spring-beans-4.2.xsd=org/springframework/beans/factory/xml/spring-beans.xsd, http://www.springframework.org/schema/tool/spring-tool-4.1.xsd=org/springframework/beans/factory/xml/spring-tool.xsd, http://www.springframework.org/schema/lang/spring-lang-3.2.xsd=org/springframework/scripting/config/spring-lang.xsd, http://www.springframework.org/schema/cache/spring-cache-3.2.xsd=org/springframework/cache/config/spring-cache.xsd, http://www.springframework.org/schema/jee/spring-jee-4.1.xsd=org/springframework/ejb/config/spring-jee.xsd, http://www.springframework.org/schema/jdbc/spring-jdbc-3.1.xsd=org/springframework/jdbc/config/spring-jdbc.xsd, http://www.springframework.org/schema/util/spring-util-2.0.xsd=org/springframework/beans/factory/xml/spring-util.xsd, http://www.springframework.org/schema/task/spring-task-4.2.xsd=org/springframework/scheduling/config/spring-task.xsd, http://www.springframework.org/schema/tool/spring-tool-3.2.xsd=org/springframework/beans/factory/xml/spring-tool.xsd, http://www.springframework.org/schema/context/spring-context.xsd=org/springframework/context/config/spring-context.xsd, http://www.springframework.org/schema/tx/spring-tx-4.2.xsd=org/springframework/transaction/config/spring-tx.xsd, http://www.springframework.org/schema/cache/spring-cache-4.1.xsd=org/springframework/cache/config/spring-cache.xsd, http://www.springframework.org/schema/aop/spring-aop-4.0.xsd=org/springframework/aop/config/spring-aop.xsd, http://www.springframework.org/schema/security/spring-security-2.0.xsd=org/springframework/security/config/spring-security-2.0.xsd, http://www.springframework.org/schema/jee/spring-jee-3.2.xsd=org/springframework/ejb/config/spring-jee.xsd, http://www.springframework.org/schema/context/spring-context-3.0.xsd=org/springframework/context/config/spring-context.xsd, http://www.springframework.org/schema/jdbc/spring-jdbc-4.0.xsd=org/springframework/jdbc/config/spring-jdbc.xsd, http://www.springframework.org/schema/mvc/spring-mvc-4.0.xsd=org/springframework/web/servlet/config/spring-mvc.xsd, http://www.springframework.org/schema/util/spring-util-4.3.xsd=org/springframework/beans/factory/xml/spring-util.xsd, http://www.springframework.org/schema/util/spring-util-2.5.xsd=org/springframework/beans/factory/xml/spring-util.xsd, http://www.springframework.org/schema/beans/spring-beans-3.2.xsd=org/springframework/beans/factory/xml/spring-beans.xsd, http://www.springframework.org/schema/aop/spring-aop-3.1.xsd=org/springframework/aop/config/spring-aop.xsd, http://www.springframework.org/schema/lang/spring-lang-4.0.xsd=org/springframework/scripting/config/spring-lang.xsd, http://www.springframework.org/schema/mvc/spring-mvc.xsd=org/springframework/web/servlet/config/spring-mvc.xsd, http://www.springframework.org/schema/mvc/spring-mvc-3.1.xsd=org/springframework/web/servlet/config/spring-mvc.xsd, http://www.springframework.org/schema/beans/spring-beans-4.1.xsd=org/springframework/beans/factory/xml/spring-beans.xsd, http://www.springframework.org/schema/tool/spring-tool-4.0.xsd=org/springframework/beans/factory/xml/spring-tool.xsd, http://www.springframework.org/schema/tx/spring-tx-3.2.xsd=org/springframework/transaction/config/spring-tx.xsd, http://www.springframework.org/schema/lang/spring-lang-3.1.xsd=org/springframework/scripting/config/spring-lang.xsd, http://www.springframework.org/schema/cache/spring-cache-3.1.xsd=org/springframework/cache/config/spring-cache.xsd, http://www.springframework.org/schema/jee/spring-jee-4.0.xsd=org/springframework/ejb/config/spring-jee.xsd, http://www.springframework.org/schema/jdbc/spring-jdbc-3.0.xsd=org/springframework/jdbc/config/spring-jdbc.xsd, http://www.springframework.org/schema/task/spring-task-4.1.xsd=org/springframework/scheduling/config/spring-task.xsd, http://www.springframework.org/schema/tool/spring-tool-3.1.xsd=org/springframework/beans/factory/xml/spring-tool.xsd, http://www.springframework.org/schema/jdbc/spring-jdbc.xsd=org/springframework/jdbc/config/spring-jdbc.xsd, http://www.springframework.org/schema/tx/spring-tx-4.1.xsd=org/springframework/transaction/config/spring-tx.xsd, http://www.springframework.org/schema/cache/spring-cache-4.0.xsd=org/springframework/cache/config/spring-cache.xsd, http://www.springframework.org/schema/jee/spring-jee-3.1.xsd=org/springframework/ejb/config/spring-jee.xsd, http://www.springframework.org/schema/util/spring-util-4.2.xsd=org/springframework/beans/factory/xml/spring-util.xsd, http://www.springframework.org/schema/task/spring-task-3.2.xsd=org/springframework/scheduling/config/spring-task.xsd, http://www.springframework.org/schema/beans/spring-beans-3.1.xsd=org/springframework/beans/factory/xml/spring-beans.xsd, http://www.springframework.org/schema/util/spring-util.xsd=org/springframework/beans/factory/xml/spring-util.xsd, http://www.springframework.org/schema/aop/spring-aop-3.0.xsd=org/springframework/aop/config/spring-aop.xsd, http://www.springframework.org/schema/security/spring-security-4.2.xsd=org/springframework/security/config/spring-security-4.2.xsd, http://www.springframework.org/schema/mvc/spring-mvc-3.0.xsd=org/springframework/web/servlet/config/spring-mvc.xsd, http://www.springframework.org/schema/beans/spring-beans-4.0.xsd=org/springframework/beans/factory/xml/spring-beans.xsd, http://www.springframework.org/schema/beans/spring-beans.xsd=org/springframework/beans/factory/xml/spring-beans.xsd, http://www.springframework.org/schema/security/spring-security-2.0.4.xsd=org/springframework/security/config/spring-security-2.0.4.xsd, http://mybatis.org/schema/mybatis-spring.xsd=org/mybatis/spring/config/mybatis-spring-1.2.xsd, http://www.springframework.org/schema/tx/spring-tx-3.1.xsd=org/springframework/transaction/config/spring-tx.xsd, http://www.springframework.org/schema/lang/spring-lang-3.0.xsd=org/springframework/scripting/config/spring-lang.xsd, http://www.springframework.org/schema/context/spring-context-2.5.xsd=org/springframework/context/config/spring-context.xsd, http://www.springframework.org/schema/context/spring-context-4.3.xsd=org/springframework/context/config/spring-context.xsd, http://www.springframework.org/schema/task/spring-task-4.0.xsd=org/springframework/scheduling/config/spring-task.xsd, http://www.springframework.org/schema/tool/spring-tool-3.0.xsd=org/springframework/beans/factory/xml/spring-tool.xsd, http://www.springframework.org/schema/tx/spring-tx-4.0.xsd=org/springframework/transaction/config/spring-tx.xsd, http://www.springframework.org/schema/aop/spring-aop-2.0.xsd=org/springframework/aop/config/spring-aop.xsd, http://www.springframework.org/schema/security/spring-security-3.2.xsd=org/springframework/security/config/spring-security-3.2.xsd, http://www.springframework.org/schema/jee/spring-jee-3.0.xsd=org/springframework/ejb/config/spring-jee.xsd, http://www.springframework.org/schema/util/spring-util-4.1.xsd=org/springframework/beans/factory/xml/spring-util.xsd, http://www.springframework.org/schema/task/spring-task-3.1.xsd=org/springframework/scheduling/config/spring-task.xsd, http://www.springframework.org/schema/beans/spring-beans-3.0.xsd=org/springframework/beans/factory/xml/spring-beans.xsd, http://www.springframework.org/schema/jee/spring-jee.xsd=org/springframework/ejb/config/spring-jee.xsd, http://www.springframework.org/schema/aop/spring-aop-2.5.xsd=org/springframework/aop/config/spring-aop.xsd, http://www.springframework.org/schema/aop/spring-aop-4.3.xsd=org/springframework/aop/config/spring-aop.xsd, http://www.springframework.org/schema/lang/spring-lang-2.0.xsd=org/springframework/scripting/config/spring-lang.xsd, http://www.springframework.org/schema/security/spring-security-4.1.xsd=org/springframework/security/config/spring-security-4.1.xsd, http://www.springframework.org/schema/jdbc/spring-jdbc-4.3.xsd=org/springframework/jdbc/config/spring-jdbc.xsd, http://www.springframework.org/schema/mvc/spring-mvc-4.3.xsd=org/springframework/web/servlet/config/spring-mvc.xsd, http://www.springframework.org/schema/util/spring-util-3.2.xsd=org/springframework/beans/factory/xml/spring-util.xsd, http://www.springframework.org/schema/task/spring-task.xsd=org/springframework/scheduling/config/spring-task.xsd, http://www.springframework.org/schema/tool/spring-tool-2.0.xsd=org/springframework/beans/factory/xml/spring-tool.xsd, http://www.springframework.org/schema/tx/spring-tx-3.0.xsd=org/springframework/transaction/config/spring-tx.xsd, http://www.springframework.org/schema/lang/spring-lang-2.5.xsd=org/springframework/scripting/config/spring-lang.xsd, http://www.springframework.org/schema/security/spring-security-5.0.xsd=org/springframework/security/config/spring-security-5.0.xsd, http://www.springframework.org/schema/lang/spring-lang-4.3.xsd=org/springframework/scripting/config/spring-lang.xsd, http://www.springframework.org/schema/context/spring-context-4.2.xsd=org/springframework/context/config/spring-context.xsd, http://www.springframework.org/schema/jee/spring-jee-2.0.xsd=org/springframework/ejb/config/spring-jee.xsd, http://www.springframework.org/schema/tool/spring-tool-4.3.xsd=org/springframework/beans/factory/xml/spring-tool.xsd, http://www.springframework.org/schema/tool/spring-tool-2.5.xsd=org/springframework/beans/factory/xml/spring-tool.xsd, http://www.springframework.org/schema/jee/spring-jee-4.3.xsd=org/springframework/ejb/config/spring-jee.xsd, http://www.springframework.org/schema/jee/spring-jee-2.5.xsd=org/springframework/ejb/config/spring-jee.xsd, http://www.springframework.org/schema/security/spring-security-3.1.xsd=org/springframework/security/config/spring-security-3.1.xsd, http://www.springframework.org/schema/util/spring-util-4.0.xsd=org/springframework/beans/factory/xml/spring-util.xsd, http://www.springframework.org/schema/task/spring-task-3.0.xsd=org/springframework/scheduling/config/spring-task.xsd, http://www.springframework.org/schema/cache/spring-cache-4.3.xsd=org/springframework/cache/config/spring-cache.xsd, http://www.springframework.org/schema/aop/spring-aop-4.2.xsd=org/springframework/aop/config/spring-aop.xsd, http://www.springframework.org/schema/security/spring-security-4.0.xsd=org/springframework/security/config/spring-security-4.0.xsd, http://www.springframework.org/schema/lang/spring-lang.xsd=org/springframework/scripting/config/spring-lang.xsd, http://www.springframework.org/schema/context/spring-context-3.2.xsd=org/springframework/context/config/spring-context.xsd, http://www.springframework.org/schema/jdbc/spring-jdbc-4.2.xsd=org/springframework/jdbc/config/spring-jdbc.xsd, http://www.springframework.org/schema/mvc/spring-mvc-4.2.xsd=org/springframework/web/servlet/config/spring-mvc.xsd, http://www.springframework.org/schema/util/spring-util-3.1.xsd=org/springframework/beans/factory/xml/spring-util.xsd, http://www.springframework.org/schema/beans/spring-beans-2.0.xsd=org/springframework/beans/factory/xml/spring-beans.xsd, http://www.springframework.org/schema/cache/spring-cache.xsd=org/springframework/cache/config/spring-cache.xsd, http://www.springframework.org/schema/tx/spring-tx.xsd=org/springframework/transaction/config/spring-tx.xsd, http://www.springframework.org/schema/security/spring-security-2.0.2.xsd=org/springframework/security/config/spring-security-2.0.2.xsd, http://www.springframework.org/schema/lang/spring-lang-4.2.xsd=org/springframework/scripting/config/spring-lang.xsd, http://www.springframework.org/schema/context/spring-context-4.1.xsd=org/springframework/context/config/spring-context.xsd, http://www.springframework.org/schema/beans/spring-beans-4.3.xsd=org/springframework/beans/factory/xml/spring-beans.xsd, http://www.springframework.org/schema/beans/spring-beans-2.5.xsd=org/springframework/beans/factory/xml/spring-beans.xsd, http://www.springframework.org/schema/tool/spring-tool-4.2.xsd=org/springframework/beans/factory/xml/spring-tool.xsd, http://www.springframework.org/schema/tx/spring-tx-2.0.xsd=org/springframework/transaction/config/spring-tx.xsd, http://www.springframework.org/schema/security/spring-security.xsd=org/springframework/security/config/spring-security-5.0.xsd, http://www.springframework.org/schema/security/spring-security-3.0.xsd=org/springframework/security/config/spring-security-3.0.xsd, http://www.springframework.org/schema/jee/spring-jee-4.2.xsd=org/springframework/ejb/config/spring-jee.xsd, http://www.springframework.org/schema/jdbc/spring-jdbc-3.2.xsd=org/springframework/jdbc/config/spring-jdbc.xsd, http://www.springframework.org/schema/task/spring-task-4.3.xsd=org/springframework/scheduling/config/spring-task.xsd, http://www.springframework.org/schema/aop/spring-aop.xsd=org/springframework/aop/config/spring-aop.xsd}
2020-04-25 21:46:35,924 2184   [           main] DEBUG ry.xml.PluggableSchemaResolver  - Found XML schema [http://www.springframework.org/schema/beans/spring-beans.xsd] in classpath: org/springframework/beans/factory/xml/spring-beans.xsd
2020-04-25 21:46:35,928 2188   [           main] DEBUG ry.xml.PluggableSchemaResolver  - Found XML schema [http://www.springframework.org/schema/context/spring-context.xsd] in classpath: org/springframework/context/config/spring-context.xsd
2020-04-25 21:46:35,929 2189   [           main] DEBUG ry.xml.PluggableSchemaResolver  - Found XML schema [http://www.springframework.org/schema/tool/spring-tool.xsd] in classpath: org/springframework/beans/factory/xml/spring-tool.xsd
2020-04-25 21:46:35,933 2193   [           main] DEBUG ry.xml.PluggableSchemaResolver  - Found XML schema [http://www.springframework.org/schema/tx/spring-tx.xsd] in classpath: org/springframework/transaction/config/spring-tx.xsd
2020-04-25 21:46:35,934 2194   [           main] DEBUG ltBeanDefinitionDocumentReader  - Loading bean definitions
2020-04-25 21:46:35,936 2196   [           main] DEBUG efaultNamespaceHandlerResolver  - Loaded NamespaceHandler mappings: {http://www.springframework.org/schema/p=org.springframework.beans.factory.xml.SimplePropertyNamespaceHandler, http://www.springframework.org/schema/mvc=org.springframework.web.servlet.config.MvcNamespaceHandler, http://www.springframework.org/schema/util=org.springframework.beans.factory.xml.UtilNamespaceHandler, http://www.springframework.org/schema/jee=org.springframework.ejb.config.JeeNamespaceHandler, http://www.springframework.org/schema/aop=org.springframework.aop.config.AopNamespaceHandler, http://www.springframework.org/schema/jdbc=org.springframework.jdbc.config.JdbcNamespaceHandler, http://www.springframework.org/schema/cache=org.springframework.cache.config.CacheNamespaceHandler, http://mybatis.org/schema/mybatis-spring=org.mybatis.spring.config.NamespaceHandler, http://www.springframework.org/schema/c=org.springframework.beans.factory.xml.SimpleConstructorNamespaceHandler, http://www.springframework.org/schema/security=org.springframework.security.config.SecurityNamespaceHandler, http://www.springframework.org/schema/tx=org.springframework.transaction.config.TxNamespaceHandler, http://www.springframework.org/schema/task=org.springframework.scheduling.config.TaskNamespaceHandler, http://www.springframework.org/schema/lang=org.springframework.scripting.config.LangNamespaceHandler, http://www.springframework.org/schema/context=org.springframework.context.config.ContextNamespaceHandler}
2020-04-25 21:46:35,936 2196   [           main] DEBUG ClassPathBeanDefinitionScanner  - JSR-250 'javax.annotation.ManagedBean' found and supported for component scanning
2020-04-25 21:46:35,937 2197   [           main] DEBUG atchingResourcePatternResolver  - Resolved classpath location [com/xumeng/service/] to resources [URL [jar:file:/D:/Code/IdeaProjects/manageSystem-ssm/ms-ssm-service/target/ms-ssm-service-1.0-SNAPSHOT.jar!/com/xumeng/service/]]
2020-04-25 21:46:35,937 2197   [           main] DEBUG atchingResourcePatternResolver  - Looking for matching resources in jar file [file:/D:/Code/IdeaProjects/manageSystem-ssm/ms-ssm-service/target/ms-ssm-service-1.0-SNAPSHOT.jar]
2020-04-25 21:46:35,938 2198   [           main] DEBUG atchingResourcePatternResolver  - Resolved location pattern [classpath*:com/xumeng/service/**/*.class] to resources [URL [jar:file:/D:/Code/IdeaProjects/manageSystem-ssm/ms-ssm-service/target/ms-ssm-service-1.0-SNAPSHOT.jar!/com/xumeng/service/IMemberService.class], URL [jar:file:/D:/Code/IdeaProjects/manageSystem-ssm/ms-ssm-service/target/ms-ssm-service-1.0-SNAPSHOT.jar!/com/xumeng/service/impl/MemberServiceImpl.class], URL [jar:file:/D:/Code/IdeaProjects/manageSystem-ssm/ms-ssm-service/target/ms-ssm-service-1.0-SNAPSHOT.jar!/com/xumeng/service/impl/OrderServiceImpl.class], URL [jar:file:/D:/Code/IdeaProjects/manageSystem-ssm/ms-ssm-service/target/ms-ssm-service-1.0-SNAPSHOT.jar!/com/xumeng/service/impl/PermissionServiceImpl.class], URL [jar:file:/D:/Code/IdeaProjects/manageSystem-ssm/ms-ssm-service/target/ms-ssm-service-1.0-SNAPSHOT.jar!/com/xumeng/service/impl/ProductServiceImpl.class], URL [jar:file:/D:/Code/IdeaProjects/manageSystem-ssm/ms-ssm-service/target/ms-ssm-service-1.0-SNAPSHOT.jar!/com/xumeng/service/impl/TravellerServiceImpl.class], URL [jar:file:/D:/Code/IdeaProjects/manageSystem-ssm/ms-ssm-service/target/ms-ssm-service-1.0-SNAPSHOT.jar!/com/xumeng/service/impl/UserServiceImpl.class], URL [jar:file:/D:/Code/IdeaProjects/manageSystem-ssm/ms-ssm-service/target/ms-ssm-service-1.0-SNAPSHOT.jar!/com/xumeng/service/IOrderService.class], URL [jar:file:/D:/Code/IdeaProjects/manageSystem-ssm/ms-ssm-service/target/ms-ssm-service-1.0-SNAPSHOT.jar!/com/xumeng/service/IPermissionService.class], URL [jar:file:/D:/Code/IdeaProjects/manageSystem-ssm/ms-ssm-service/target/ms-ssm-service-1.0-SNAPSHOT.jar!/com/xumeng/service/IProductService.class], URL [jar:file:/D:/Code/IdeaProjects/manageSystem-ssm/ms-ssm-service/target/ms-ssm-service-1.0-SNAPSHOT.jar!/com/xumeng/service/ITravellerService.class], URL [jar:file:/D:/Code/IdeaProjects/manageSystem-ssm/ms-ssm-service/target/ms-ssm-service-1.0-SNAPSHOT.jar!/com/xumeng/service/IUserService.class]]
2020-04-25 21:46:35,938 2198   [           main] DEBUG ClassPathBeanDefinitionScanner  - Identified candidate component class: URL [jar:file:/D:/Code/IdeaProjects/manageSystem-ssm/ms-ssm-service/target/ms-ssm-service-1.0-SNAPSHOT.jar!/com/xumeng/service/impl/MemberServiceImpl.class]
2020-04-25 21:46:35,938 2198   [           main] DEBUG ClassPathBeanDefinitionScanner  - Identified candidate component class: URL [jar:file:/D:/Code/IdeaProjects/manageSystem-ssm/ms-ssm-service/target/ms-ssm-service-1.0-SNAPSHOT.jar!/com/xumeng/service/impl/OrderServiceImpl.class]
2020-04-25 21:46:35,939 2199   [           main] DEBUG ClassPathBeanDefinitionScanner  - Identified candidate component class: URL [jar:file:/D:/Code/IdeaProjects/manageSystem-ssm/ms-ssm-service/target/ms-ssm-service-1.0-SNAPSHOT.jar!/com/xumeng/service/impl/PermissionServiceImpl.class]
2020-04-25 21:46:35,939 2199   [           main] DEBUG ClassPathBeanDefinitionScanner  - Identified candidate component class: URL [jar:file:/D:/Code/IdeaProjects/manageSystem-ssm/ms-ssm-service/target/ms-ssm-service-1.0-SNAPSHOT.jar!/com/xumeng/service/impl/ProductServiceImpl.class]
2020-04-25 21:46:35,939 2199   [           main] DEBUG ClassPathBeanDefinitionScanner  - Identified candidate component class: URL [jar:file:/D:/Code/IdeaProjects/manageSystem-ssm/ms-ssm-service/target/ms-ssm-service-1.0-SNAPSHOT.jar!/com/xumeng/service/impl/TravellerServiceImpl.class]
2020-04-25 21:46:35,939 2199   [           main] DEBUG ClassPathBeanDefinitionScanner  - Identified candidate component class: URL [jar:file:/D:/Code/IdeaProjects/manageSystem-ssm/ms-ssm-service/target/ms-ssm-service-1.0-SNAPSHOT.jar!/com/xumeng/service/impl/UserServiceImpl.class]
2020-04-25 21:46:35,941 2201   [           main] DEBUG ClassPathBeanDefinitionScanner  - JSR-250 'javax.annotation.ManagedBean' found and supported for component scanning
2020-04-25 21:46:35,941 2201   [           main] DEBUG atchingResourcePatternResolver  - Resolved classpath location [com/xumeng/dao/] to resources [URL [jar:file:/D:/Code/IdeaProjects/manageSystem-ssm/ms-ssm-dao/target/ms-ssm-dao-1.0-SNAPSHOT.jar!/com/xumeng/dao/]]
2020-04-25 21:46:35,942 2202   [           main] DEBUG atchingResourcePatternResolver  - Looking for matching resources in jar file [file:/D:/Code/IdeaProjects/manageSystem-ssm/ms-ssm-dao/target/ms-ssm-dao-1.0-SNAPSHOT.jar]
2020-04-25 21:46:35,942 2202   [           main] DEBUG atchingResourcePatternResolver  - Resolved location pattern [classpath*:com/xumeng/dao/**/*.class] to resources [URL [jar:file:/D:/Code/IdeaProjects/manageSystem-ssm/ms-ssm-dao/target/ms-ssm-dao-1.0-SNAPSHOT.jar!/com/xumeng/dao/IMemberDao.class], URL [jar:file:/D:/Code/IdeaProjects/manageSystem-ssm/ms-ssm-dao/target/ms-ssm-dao-1.0-SNAPSHOT.jar!/com/xumeng/dao/IOrderDao.class], URL [jar:file:/D:/Code/IdeaProjects/manageSystem-ssm/ms-ssm-dao/target/ms-ssm-dao-1.0-SNAPSHOT.jar!/com/xumeng/dao/IPermissionDao.class], URL [jar:file:/D:/Code/IdeaProjects/manageSystem-ssm/ms-ssm-dao/target/ms-ssm-dao-1.0-SNAPSHOT.jar!/com/xumeng/dao/IProductDao.class], URL [jar:file:/D:/Code/IdeaProjects/manageSystem-ssm/ms-ssm-dao/target/ms-ssm-dao-1.0-SNAPSHOT.jar!/com/xumeng/dao/IRoleDao.class], URL [jar:file:/D:/Code/IdeaProjects/manageSystem-ssm/ms-ssm-dao/target/ms-ssm-dao-1.0-SNAPSHOT.jar!/com/xumeng/dao/ITravellerDao.class], URL [jar:file:/D:/Code/IdeaProjects/manageSystem-ssm/ms-ssm-dao/target/ms-ssm-dao-1.0-SNAPSHOT.jar!/com/xumeng/dao/IUserDao.class]]
2020-04-25 21:46:35,944 2204   [           main] DEBUG l.BeanDefinitionParserDelegate  - Neither XML 'id' nor 'name' specified - using generated bean name [com.github.pagehelper.PageInterceptor#efde75f]
2020-04-25 21:46:35,944 2204   [           main] DEBUG ry.xml.XmlBeanDefinitionReader  - Loaded 22 bean definitions from location pattern [classpath:applicationContext.xml]
2020-04-25 21:46:35,945 2205   [           main] INFO  port.GenericApplicationContext  - Refreshing org.springframework.context.support.GenericApplicationContext@f667fe: startup date [Sat Apr 25 21:46:35 CST 2020]; root of context hierarchy
2020-04-25 21:46:35,945 2205   [           main] DEBUG port.GenericApplicationContext  - Bean factory for org.springframework.context.support.GenericApplicationContext@f667fe: org.springframework.beans.factory.support.DefaultListableBeanFactory@16ecee1: defining beans [memberServiceImpl,orderServiceImpl,permissionServiceImpl,productServiceImpl,travellerServiceImpl,userService,org.springframework.context.annotation.internalConfigurationAnnotationProcessor,org.springframework.context.annotation.internalAutowiredAnnotationProcessor,org.springframework.context.annotation.internalRequiredAnnotationProcessor,org.springframework.context.annotation.internalCommonAnnotationProcessor,org.springframework.context.event.internalEventListenerProcessor,org.springframework.context.event.internalEventListenerFactory,org.springframework.context.support.PropertySourcesPlaceholderConfigurer#0,dataSource,sqlSessionFactory,mapperScanner,transactionManager,org.springframework.transaction.config.internalTransactionalEventListenerFactory,org.springframework.aop.config.internalAutoProxyCreator,org.springframework.transaction.annotation.AnnotationTransactionAttributeSource#0,org.springframework.transaction.interceptor.TransactionInterceptor#0,org.springframework.transaction.config.internalTransactionAdvisor]; root of factory hierarchy
2020-04-25 21:46:35,945 2205   [           main] DEBUG ort.DefaultListableBeanFactory  - Creating shared instance of singleton bean 'org.springframework.context.annotation.internalConfigurationAnnotationProcessor'
2020-04-25 21:46:35,945 2205   [           main] DEBUG ort.DefaultListableBeanFactory  - Creating instance of bean 'org.springframework.context.annotation.internalConfigurationAnnotationProcessor'
2020-04-25 21:46:35,945 2205   [           main] DEBUG ort.DefaultListableBeanFactory  - Eagerly caching bean 'org.springframework.context.annotation.internalConfigurationAnnotationProcessor' to allow for resolving potential circular references
2020-04-25 21:46:35,945 2205   [           main] DEBUG ort.DefaultListableBeanFactory  - Finished creating instance of bean 'org.springframework.context.annotation.internalConfigurationAnnotationProcessor'
2020-04-25 21:46:35,955 2215   [           main] DEBUG ort.DefaultListableBeanFactory  - Creating shared instance of singleton bean 'mapperScanner'
2020-04-25 21:46:35,955 2215   [           main] DEBUG ort.DefaultListableBeanFactory  - Creating instance of bean 'mapperScanner'
2020-04-25 21:46:35,955 2215   [           main] DEBUG ort.DefaultListableBeanFactory  - Eagerly caching bean 'mapperScanner' to allow for resolving potential circular references
2020-04-25 21:46:35,957 2217   [           main] DEBUG ort.DefaultListableBeanFactory  - Invoking afterPropertiesSet() on bean with name 'mapperScanner'
2020-04-25 21:46:35,957 2217   [           main] DEBUG ort.DefaultListableBeanFactory  - Finished creating instance of bean 'mapperScanner'
2020-04-25 21:46:35,957 2217   [           main] DEBUG k.core.env.StandardEnvironment  - Adding PropertySource 'systemProperties' with lowest search precedence
2020-04-25 21:46:35,957 2217   [           main] DEBUG k.core.env.StandardEnvironment  - Adding PropertySource 'systemEnvironment' with lowest search precedence
2020-04-25 21:46:35,958 2218   [           main] DEBUG k.core.env.StandardEnvironment  - Initialized StandardEnvironment with PropertySources [MapPropertySource@1697281847 {name='systemProperties', properties={java.runtime.name=Java(TM) SE Runtime Environment, sun.boot.library.path=C:\Program Files\Java\jdk1.8.0_131\jre\bin, java.vm.version=25.131-b11, java.vm.vendor=Oracle Corporation, java.vendor.url=http://java.oracle.com/, path.separator=;, java.vm.name=Java HotSpot(TM) 64-Bit Server VM, file.encoding.pkg=sun.io, user.country=CN, user.script=, sun.java.launcher=SUN_STANDARD, sun.os.patch.level=, java.vm.specification.name=Java Virtual Machine Specification, user.dir=D:\Code\IdeaProjects\manageSystem-ssm\ms-ssm-web, java.runtime.version=1.8.0_131-b11, basedir=D:\Code\IdeaProjects\manageSystem-ssm\ms-ssm-web, java.awt.graphicsenv=sun.awt.Win32GraphicsEnvironment, java.endorsed.dirs=C:\Program Files\Java\jdk1.8.0_131\jre\lib\endorsed, os.arch=amd64, surefire.real.class.path=C:\Users\xm\AppData\Local\Temp\surefire7497552715305907156\surefirebooter6811015789613867580.jar, java.io.tmpdir=C:\Users\xm\AppData\Local\Temp\, line.separator=
, java.vm.specification.vendor=Oracle Corporation, user.variant=, os.name=Windows 10, sun.jnu.encoding=GBK, java.library.path=C:\Program Files\Java\jdk1.8.0_131\jre\bin;C:\Windows\Sun\Java\bin;C:\Windows\system32;C:\Windows;D:\MyProgram\orcl\bin;D:\MyProgram\Anaconda3;D:\MyProgram\Anaconda3\Library\mingw-w64\bin;D:\MyProgram\Anaconda3\Library\usr\bin;D:\MyProgram\Anaconda3\Library\bin;D:\MyProgram\Anaconda3\Scripts;C:\ProgramData\Oracle\Java\javapath;C:\Windows\system32;C:\Windows;C:\Windows\System32\Wbem;C:\Windows\System32\WindowsPowerShell\v1.0\;C:\Windows\System32\OpenSSH\;C:\Program Files\Java\jdk1.8.0_131\bin;C:\Program Files\Java\jdk1.8.0_131\jre\bin;C:\Program Files (x86)\MySQL\MySQL Server 5.5\bin;D:\MyProgram\Git\cmd;D:\Maven\bin\;D:\MyProgram\redis-2.8.9;D:\Maven_V_354\apache-maven-3.5.4\bin\;D:\MyProgram\nodejs\;D:\MyProgram\nodejs\npm_modules\;D:\MyProgram\erl10.4\bin;D:\MyProgram\ffmpeg\bin\;D:\MyProgram\OpenSSL-Win64\bin\;D:\MyProgram\Ruby25-x64\bin;C:\Users\xm\AppData\Local\Microsoft\WindowsApps;;D:\MyProgram\JetBrains\IntelliJ IDEA 2019.3.3\bin;;D:\MyProgram\Microsoft VS Code\bin;D:\MyProgram\JetBrains\PyCharm 2019.3.3\bin;;D:\MyProgram\JetBrains\WebStorm 2019.3.3\bin;;C:\Users\xm\AppData\Roaming\npm;., surefire.test.class.path=D:\Code\IdeaProjects\manageSystem-ssm\ms-ssm-web\target\test-classes;D:\Code\IdeaProjects\manageSystem-ssm\ms-ssm-web\target\classes;E:\maven-repository\junit\junit\4.12\junit-4.12.jar;E:\maven-repository\org\hamcrest\hamcrest-core\1.3\hamcrest-core-1.3.jar;D:\Code\IdeaProjects\manageSystem-ssm\ms-ssm-domain\target\ms-ssm-domain-1.0-SNAPSHOT.jar;D:\Code\IdeaProjects\manageSystem-ssm\ms-ssm-utils\target\ms-ssm-utils-1.0-SNAPSHOT.jar;D:\Code\IdeaProjects\manageSystem-ssm\ms-ssm-service\target\ms-ssm-service-1.0-SNAPSHOT.jar;D:\Code\IdeaProjects\manageSystem-ssm\ms-ssm-dao\target\ms-ssm-dao-1.0-SNAPSHOT.jar;E:\maven-repository\com\fasterxml\jackson\core\jackson-databind\2.9.7\jackson-databind-2.9.7.jar;E:\maven-repository\com\fasterxml\jackson\core\jackson-annotations\2.9.0\jackson-annotations-2.9.0.jar;E:\maven-repository\com\fasterxml\jackson\core\jackson-core\2.9.7\jackson-core-2.9.7.jar;E:\maven-repository\com\github\pagehelper\pagehelper\5.1.2\pagehelper-5.1.2.jar;E:\maven-repository\com\github\jsqlparser\jsqlparser\1.0\jsqlparser-1.0.jar;E:\maven-repository\javax\annotation\javax.annotation-api\1.3.1\javax.annotation-api-1.3.1.jar;E:\maven-repository\org\springframework\security\spring-security-web\5.0.1.RELEASE\spring-security-web-5.0.1.RELEASE.jar;E:\maven-repository\org\springframework\spring-expression\5.0.3.RELEASE\spring-expression-5.0.3.RELEASE.jar;E:\maven-repository\org\springframework\security\spring-security-config\5.0.1.RELEASE\spring-security-config-5.0.1.RELEASE.jar;E:\maven-repository\org\springframework\security\spring-security-core\5.0.1.RELEASE\spring-security-core-5.0.1.RELEASE.jar;E:\maven-repository\org\springframework\security\spring-security-taglibs\5.0.1.RELEASE\spring-security-taglibs-5.0.1.RELEASE.jar;E:\maven-repository\org\springframework\security\spring-security-acl\5.0.1.RELEASE\spring-security-acl-5.0.1.RELEASE.jar;E:\maven-repository\org\aspectj\aspectjweaver\1.6.8\aspectjweaver-1.6.8.jar;E:\maven-repository\org\springframework\spring-aop\5.0.2.RELEASE\spring-aop-5.0.2.RELEASE.jar;E:\maven-repository\org\springframework\spring-context\5.0.2.RELEASE\spring-context-5.0.2.RELEASE.jar;E:\maven-repository\org\springframework\spring-context-support\5.0.2.RELEASE\spring-context-support-5.0.2.RELEASE.jar;E:\maven-repository\org\springframework\spring-web\5.0.2.RELEASE\spring-web-5.0.2.RELEASE.jar;E:\maven-repository\org\springframework\spring-orm\5.0.2.RELEASE\spring-orm-5.0.2.RELEASE.jar;E:\maven-repository\org\springframework\spring-jdbc\5.0.2.RELEASE\spring-jdbc-5.0.2.RELEASE.jar;E:\maven-repository\org\springframework\spring-beans\5.0.2.RELEASE\spring-beans-5.0.2.RELEASE.jar;E:\maven-repository\org\springframework\spring-core\5.0.2.RELEASE\spring-core-5.0.2.RELEASE.jar;E:\maven-repository\org\springframework\spring-jcl\5.0.2.RELEASE\spring-jcl-5.0.2.RELEASE.jar;E:\maven-repository\org\springframework\spring-test\5.0.2.RELEASE\spring-test-5.0.2.RELEASE.jar;E:\maven-repository\org\springframework\spring-webmvc\5.0.2.RELEASE\spring-webmvc-5.0.2.RELEASE.jar;E:\maven-repository\org\springframework\spring-tx\5.0.2.RELEASE\spring-tx-5.0.2.RELEASE.jar;E:\maven-repository\javax\servlet\javax.servlet-api\3.1.0\javax.servlet-api-3.1.0.jar;E:\maven-repository\javax\servlet\jsp\jsp-api\2.0\jsp-api-2.0.jar;E:\maven-repository\jstl\jstl\1.2\jstl-1.2.jar;E:\maven-repository\log4j\log4j\1.2.12\log4j-1.2.12.jar;E:\maven-repository\org\slf4j\slf4j-api\1.6.6\slf4j-api-1.6.6.jar;E:\maven-repository\org\slf4j\slf4j-log4j12\1.6.6\slf4j-log4j12-1.6.6.jar;E:\maven-repository\org\mybatis\mybatis\3.4.5\mybatis-3.4.5.jar;E:\maven-repository\org\mybatis\mybatis-spring\1.3.0\mybatis-spring-1.3.0.jar;E:\maven-repository\c3p0\c3p0\0.9.1.2\c3p0-0.9.1.2.jar;E:\maven-repository\mysql\mysql-connector-java\5.1.6\mysql-connector-java-5.1.6.jar;E:\maven-repository\javax\annotation\jsr250-api\1.0\jsr250-api-1.0.jar;E:\maven-repository\org\projectlombok\lombok\1.16.16\lombok-1.16.16.jar;, java.specification.name=Java Platform API Specification, java.class.version=52.0, sun.management.compiler=HotSpot 64-Bit Tiered Compilers, maven.repo.local=E:\maven-repository, idea.version2019.3.3=true, os.version=10.0, user.home=C:\Users\xm, user.timezone=Asia/Shanghai, java.awt.printerjob=sun.awt.windows.WPrinterJob, file.encoding=GBK, java.specification.version=1.8, java.class.path=D:\Code\IdeaProjects\manageSystem-ssm\ms-ssm-web\target\test-classes;D:\Code\IdeaProjects\manageSystem-ssm\ms-ssm-web\target\classes;E:\maven-repository\junit\junit\4.12\junit-4.12.jar;E:\maven-repository\org\hamcrest\hamcrest-core\1.3\hamcrest-core-1.3.jar;D:\Code\IdeaProjects\manageSystem-ssm\ms-ssm-domain\target\ms-ssm-domain-1.0-SNAPSHOT.jar;D:\Code\IdeaProjects\manageSystem-ssm\ms-ssm-utils\target\ms-ssm-utils-1.0-SNAPSHOT.jar;D:\Code\IdeaProjects\manageSystem-ssm\ms-ssm-service\target\ms-ssm-service-1.0-SNAPSHOT.jar;D:\Code\IdeaProjects\manageSystem-ssm\ms-ssm-dao\target\ms-ssm-dao-1.0-SNAPSHOT.jar;E:\maven-repository\com\fasterxml\jackson\core\jackson-databind\2.9.7\jackson-databind-2.9.7.jar;E:\maven-repository\com\fasterxml\jackson\core\jackson-annotations\2.9.0\jackson-annotations-2.9.0.jar;E:\maven-repository\com\fasterxml\jackson\core\jackson-core\2.9.7\jackson-core-2.9.7.jar;E:\maven-repository\com\github\pagehelper\pagehelper\5.1.2\pagehelper-5.1.2.jar;E:\maven-repository\com\github\jsqlparser\jsqlparser\1.0\jsqlparser-1.0.jar;E:\maven-repository\javax\annotation\javax.annotation-api\1.3.1\javax.annotation-api-1.3.1.jar;E:\maven-repository\org\springframework\security\spring-security-web\5.0.1.RELEASE\spring-security-web-5.0.1.RELEASE.jar;E:\maven-repository\org\springframework\spring-expression\5.0.3.RELEASE\spring-expression-5.0.3.RELEASE.jar;E:\maven-repository\org\springframework\security\spring-security-config\5.0.1.RELEASE\spring-security-config-5.0.1.RELEASE.jar;E:\maven-repository\org\springframework\security\spring-security-core\5.0.1.RELEASE\spring-security-core-5.0.1.RELEASE.jar;E:\maven-repository\org\springframework\security\spring-security-taglibs\5.0.1.RELEASE\spring-security-taglibs-5.0.1.RELEASE.jar;E:\maven-repository\org\springframework\security\spring-security-acl\5.0.1.RELEASE\spring-security-acl-5.0.1.RELEASE.jar;E:\maven-repository\org\aspectj\aspectjweaver\1.6.8\aspectjweaver-1.6.8.jar;E:\maven-repository\org\springframework\spring-aop\5.0.2.RELEASE\spring-aop-5.0.2.RELEASE.jar;E:\maven-repository\org\springframework\spring-context\5.0.2.RELEASE\spring-context-5.0.2.RELEASE.jar;E:\maven-repository\org\springframework\spring-context-support\5.0.2.RELEASE\spring-context-support-5.0.2.RELEASE.jar;E:\maven-repository\org\springframework\spring-web\5.0.2.RELEASE\spring-web-5.0.2.RELEASE.jar;E:\maven-repository\org\springframework\spring-orm\5.0.2.RELEASE\spring-orm-5.0.2.RELEASE.jar;E:\maven-repository\org\springframework\spring-jdbc\5.0.2.RELEASE\spring-jdbc-5.0.2.RELEASE.jar;E:\maven-repository\org\springframework\spring-beans\5.0.2.RELEASE\spring-beans-5.0.2.RELEASE.jar;E:\maven-repository\org\springframework\spring-core\5.0.2.RELEASE\spring-core-5.0.2.RELEASE.jar;E:\maven-repository\org\springframework\spring-jcl\5.0.2.RELEASE\spring-jcl-5.0.2.RELEASE.jar;E:\maven-repository\org\springframework\spring-test\5.0.2.RELEASE\spring-test-5.0.2.RELEASE.jar;E:\maven-repository\org\springframework\spring-webmvc\5.0.2.RELEASE\spring-webmvc-5.0.2.RELEASE.jar;E:\maven-repository\org\springframework\spring-tx\5.0.2.RELEASE\spring-tx-5.0.2.RELEASE.jar;E:\maven-repository\javax\servlet\javax.servlet-api\3.1.0\javax.servlet-api-3.1.0.jar;E:\maven-repository\javax\servlet\jsp\jsp-api\2.0\jsp-api-2.0.jar;E:\maven-repository\jstl\jstl\1.2\jstl-1.2.jar;E:\maven-repository\log4j\log4j\1.2.12\log4j-1.2.12.jar;E:\maven-repository\org\slf4j\slf4j-api\1.6.6\slf4j-api-1.6.6.jar;E:\maven-repository\org\slf4j\slf4j-log4j12\1.6.6\slf4j-log4j12-1.6.6.jar;E:\maven-repository\org\mybatis\mybatis\3.4.5\mybatis-3.4.5.jar;E:\maven-repository\org\mybatis\mybatis-spring\1.3.0\mybatis-spring-1.3.0.jar;E:\maven-repository\c3p0\c3p0\0.9.1.2\c3p0-0.9.1.2.jar;E:\maven-repository\mysql\mysql-connector-java\5.1.6\mysql-connector-java-5.1.6.jar;E:\maven-repository\javax\annotation\jsr250-api\1.0\jsr250-api-1.0.jar;E:\maven-repository\org\projectlombok\lombok\1.16.16\lombok-1.16.16.jar;, user.name=xm, java.vm.specification.version=1.8, sun.java.command=C:\Users\xm\AppData\Local\Temp\surefire7497552715305907156\surefirebooter6811015789613867580.jar C:\Users\xm\AppData\Local\Temp\surefire7497552715305907156 2020-04-25T21-46-33_033-jvmRun1 surefire7780568927660488430tmp surefire_03629623413987528247tmp, java.home=C:\Program Files\Java\jdk1.8.0_131\jre, sun.arch.data.model=64, user.language=zh, java.specification.vendor=Oracle Corporation, awt.toolkit=sun.awt.windows.WToolkit, java.vm.info=mixed mode, java.version=1.8.0_131, java.ext.dirs=C:\Program Files\Java\jdk1.8.0_131\jre\lib\ext;C:\Windows\Sun\Java\lib\ext, sun.boot.class.path=C:\Program Files\Java\jdk1.8.0_131\jre\lib\resources.jar;C:\Program Files\Java\jdk1.8.0_131\jre\lib\rt.jar;C:\Program Files\Java\jdk1.8.0_131\jre\lib\sunrsasign.jar;C:\Program Files\Java\jdk1.8.0_131\jre\lib\jsse.jar;C:\Program Files\Java\jdk1.8.0_131\jre\lib\jce.jar;C:\Program Files\Java\jdk1.8.0_131\jre\lib\charsets.jar;C:\Program Files\Java\jdk1.8.0_131\jre\lib\jfr.jar;C:\Program Files\Java\jdk1.8.0_131\jre\classes, java.vendor=Oracle Corporation, localRepository=E:\maven-repository, file.separator=\, java.vendor.url.bug=http://bugreport.sun.com/bugreport/, sun.io.unicode.encoding=UnicodeLittle, sun.cpu.endian=little, sun.desktop=windows, sun.cpu.isalist=amd64}}, SystemEnvironmentPropertySource@1535026957 {name='systemEnvironment', properties={PATH=D:\MyProgram\orcl\bin;D:\MyProgram\Anaconda3;D:\MyProgram\Anaconda3\Library\mingw-w64\bin;D:\MyProgram\Anaconda3\Library\usr\bin;D:\MyProgram\Anaconda3\Library\bin;D:\MyProgram\Anaconda3\Scripts;C:\ProgramData\Oracle\Java\javapath;C:\Windows\system32;C:\Windows;C:\Windows\System32\Wbem;C:\Windows\System32\WindowsPowerShell\v1.0\;C:\Windows\System32\OpenSSH\;C:\Program Files\Java\jdk1.8.0_131\bin;C:\Program Files\Java\jdk1.8.0_131\jre\bin;C:\Program Files (x86)\MySQL\MySQL Server 5.5\bin;D:\MyProgram\Git\cmd;D:\Maven\bin\;D:\MyProgram\redis-2.8.9;D:\Maven_V_354\apache-maven-3.5.4\bin\;D:\MyProgram\nodejs\;D:\MyProgram\nodejs\npm_modules\;D:\MyProgram\erl10.4\bin;D:\MyProgram\ffmpeg\bin\;D:\MyProgram\OpenSSL-Win64\bin\;D:\MyProgram\Ruby25-x64\bin;C:\Users\xm\AppData\Local\Microsoft\WindowsApps;;D:\MyProgram\JetBrains\IntelliJ IDEA 2019.3.3\bin;;D:\MyProgram\Microsoft VS Code\bin;D:\MyProgram\JetBrains\PyCharm 2019.3.3\bin;;D:\MyProgram\JetBrains\WebStorm 2019.3.3\bin;;C:\Users\xm\AppData\Roaming\npm, USERDOMAIN_ROAMINGPROFILE=DESKTOP-9ENUAHE, PROCESSOR_LEVEL=23, SYSTEMDRIVE=C:, SESSIONNAME=Console, ALLUSERSPROFILE=C:\ProgramData, PROCESSOR_ARCHITECTURE=AMD64, DRIVERDATA=C:\Windows\System32\Drivers\DriverData, MAVEN_HOME=D:\Maven, PROGRAMFILES=C:\Program Files, PSMODULEPATH=C:\Program Files\WindowsPowerShell\Modules;C:\Windows\system32\WindowsPowerShell\v1.0\Modules, PROGRAMDATA=C:\ProgramData, USERNAME=xm, FPS_BROWSER_USER_PROFILE_STRING=Default, ONEDRIVE=C:\Users\xm\OneDrive, PATHEXT=.COM;.EXE;.BAT;.CMD;.VBS;.VBE;.JS;.JSE;.WSF;.WSH;.MSC;.RB;.RBW, MAVEN_HOME2=D:\Maven_V_354\apache-maven-3.5.4, WINDIR=C:\Windows, HOMEPATH=\Users\xm, PROCESSOR_IDENTIFIER=AMD64 Family 23 Model 8 Stepping 2, AuthenticAMD, PUBLIC=C:\Users\Public, =::=::\, LOCALAPPDATA=C:\Users\xm\AppData\Local, COMMONPROGRAMFILES(X86)=C:\Program Files (x86)\Common Files, USERDOMAIN=DESKTOP-9ENUAHE, FPS_BROWSER_APP_PROFILE_STRING=Internet Explorer, LOGONSERVER=\\DESKTOP-9ENUAHE, JAVA_HOME=C:\Program Files\Java\jdk1.8.0_131, PROMPT=$P$G, PROGRAMFILES(X86)=C:\Program Files (x86), INTELLIJ IDEA=D:\MyProgram\JetBrains\IntelliJ IDEA 2019.3.3\bin;, ERLANG_HOME=D:\MyProgram\erl10.4, APPDATA=C:\Users\xm\AppData\Roaming, PROGRAMW6432=C:\Program Files, SYSTEMROOT=C:\Windows, PERL5LIB=D:\MyProgram\orcl\perl\5.8.3\lib\MSWin32-x86;D:\MyProgram\orcl\perl\5.8.3\lib;D:\MyProgram\orcl\perl\5.8.3\lib\MSWin32-x86;D:\MyProgram\orcl\perl\site\5.8.3;D:\MyProgram\orcl\perl\site\5.8.3\lib;D:\MyProgram\orcl\sysman\admin\scripts;, OS=Windows_NT, COMMONPROGRAMW6432=C:\Program Files\Common Files, COMPUTERNAME=DESKTOP-9ENUAHE, COMMONPROGRAMFILES=C:\Program Files\Common Files, COMSPEC=C:\Windows\system32\cmd.exe, CATALINA_HOME=D:\MyProgram\Tomcat\apache-tomcat-7.0.100, PROCESSOR_REVISION=0802, CLASSPATH=.;C:\Program Files\Java\jdk1.8.0_131\lib;C:\Program Files\Java\jdk1.8.0_131\lib\tools.jar, PYCHARM=D:\MyProgram\JetBrains\PyCharm 2019.3.3\bin;, RUBYOPT=-Eutf-8, =D:=D:\Code\IdeaProjects\manageSystem-ssm\ms-ssm-web, TEMP=C:\Users\xm\AppData\Local\Temp, HOMEDRIVE=C:, USERPROFILE=C:\Users\xm, TMP=C:\Users\xm\AppData\Local\Temp, WEBSTORM=D:\MyProgram\JetBrains\WebStorm 2019.3.3\bin;, NUMBER_OF_PROCESSORS=12, IDEA_INITIAL_DIRECTORY=C:\Users\xm\Desktop}}]
2020-04-25 21:46:35,958 2218   [           main] DEBUG atchingResourcePatternResolver  - Resolved classpath location [com/xumeng/dao/] to resources [URL [jar:file:/D:/Code/IdeaProjects/manageSystem-ssm/ms-ssm-dao/target/ms-ssm-dao-1.0-SNAPSHOT.jar!/com/xumeng/dao/]]
2020-04-25 21:46:35,959 2219   [           main] DEBUG atchingResourcePatternResolver  - Looking for matching resources in jar file [file:/D:/Code/IdeaProjects/manageSystem-ssm/ms-ssm-dao/target/ms-ssm-dao-1.0-SNAPSHOT.jar]
2020-04-25 21:46:35,959 2219   [           main] DEBUG atchingResourcePatternResolver  - Resolved location pattern [classpath*:com/xumeng/dao/**/*.class] to resources [URL [jar:file:/D:/Code/IdeaProjects/manageSystem-ssm/ms-ssm-dao/target/ms-ssm-dao-1.0-SNAPSHOT.jar!/com/xumeng/dao/IMemberDao.class], URL [jar:file:/D:/Code/IdeaProjects/manageSystem-ssm/ms-ssm-dao/target/ms-ssm-dao-1.0-SNAPSHOT.jar!/com/xumeng/dao/IOrderDao.class], URL [jar:file:/D:/Code/IdeaProjects/manageSystem-ssm/ms-ssm-dao/target/ms-ssm-dao-1.0-SNAPSHOT.jar!/com/xumeng/dao/IPermissionDao.class], URL [jar:file:/D:/Code/IdeaProjects/manageSystem-ssm/ms-ssm-dao/target/ms-ssm-dao-1.0-SNAPSHOT.jar!/com/xumeng/dao/IProductDao.class], URL [jar:file:/D:/Code/IdeaProjects/manageSystem-ssm/ms-ssm-dao/target/ms-ssm-dao-1.0-SNAPSHOT.jar!/com/xumeng/dao/IRoleDao.class], URL [jar:file:/D:/Code/IdeaProjects/manageSystem-ssm/ms-ssm-dao/target/ms-ssm-dao-1.0-SNAPSHOT.jar!/com/xumeng/dao/ITravellerDao.class], URL [jar:file:/D:/Code/IdeaProjects/manageSystem-ssm/ms-ssm-dao/target/ms-ssm-dao-1.0-SNAPSHOT.jar!/com/xumeng/dao/IUserDao.class]]
2020-04-25 21:46:35,959 2219   [           main] DEBUG .mapper.ClassPathMapperScanner  - Identified candidate component class: URL [jar:file:/D:/Code/IdeaProjects/manageSystem-ssm/ms-ssm-dao/target/ms-ssm-dao-1.0-SNAPSHOT.jar!/com/xumeng/dao/IMemberDao.class]
2020-04-25 21:46:35,959 2219   [           main] DEBUG .mapper.ClassPathMapperScanner  - Identified candidate component class: URL [jar:file:/D:/Code/IdeaProjects/manageSystem-ssm/ms-ssm-dao/target/ms-ssm-dao-1.0-SNAPSHOT.jar!/com/xumeng/dao/IOrderDao.class]
2020-04-25 21:46:35,959 2219   [           main] DEBUG .mapper.ClassPathMapperScanner  - Identified candidate component class: URL [jar:file:/D:/Code/IdeaProjects/manageSystem-ssm/ms-ssm-dao/target/ms-ssm-dao-1.0-SNAPSHOT.jar!/com/xumeng/dao/IPermissionDao.class]
2020-04-25 21:46:35,959 2219   [           main] DEBUG .mapper.ClassPathMapperScanner  - Identified candidate component class: URL [jar:file:/D:/Code/IdeaProjects/manageSystem-ssm/ms-ssm-dao/target/ms-ssm-dao-1.0-SNAPSHOT.jar!/com/xumeng/dao/IProductDao.class]
2020-04-25 21:46:35,959 2219   [           main] DEBUG .mapper.ClassPathMapperScanner  - Identified candidate component class: URL [jar:file:/D:/Code/IdeaProjects/manageSystem-ssm/ms-ssm-dao/target/ms-ssm-dao-1.0-SNAPSHOT.jar!/com/xumeng/dao/IRoleDao.class]
2020-04-25 21:46:35,959 2219   [           main] DEBUG .mapper.ClassPathMapperScanner  - Identified candidate component class: URL [jar:file:/D:/Code/IdeaProjects/manageSystem-ssm/ms-ssm-dao/target/ms-ssm-dao-1.0-SNAPSHOT.jar!/com/xumeng/dao/ITravellerDao.class]
2020-04-25 21:46:35,959 2219   [           main] DEBUG .mapper.ClassPathMapperScanner  - Identified candidate component class: URL [jar:file:/D:/Code/IdeaProjects/manageSystem-ssm/ms-ssm-dao/target/ms-ssm-dao-1.0-SNAPSHOT.jar!/com/xumeng/dao/IUserDao.class]
2020-04-25 21:46:35,959 2219   [           main] DEBUG .mapper.ClassPathMapperScanner  - Creating MapperFactoryBean with name 'IMemberDao' and 'com.xumeng.dao.IMemberDao' mapperInterface
2020-04-25 21:46:35,959 2219   [           main] DEBUG .mapper.ClassPathMapperScanner  - Enabling autowire by type for MapperFactoryBean with name 'IMemberDao'.
2020-04-25 21:46:35,959 2219   [           main] DEBUG .mapper.ClassPathMapperScanner  - Creating MapperFactoryBean with name 'IOrderDao' and 'com.xumeng.dao.IOrderDao' mapperInterface
2020-04-25 21:46:35,959 2219   [           main] DEBUG .mapper.ClassPathMapperScanner  - Enabling autowire by type for MapperFactoryBean with name 'IOrderDao'.
2020-04-25 21:46:35,959 2219   [           main] DEBUG .mapper.ClassPathMapperScanner  - Creating MapperFactoryBean with name 'IPermissionDao' and 'com.xumeng.dao.IPermissionDao' mapperInterface
2020-04-25 21:46:35,960 2220   [           main] DEBUG .mapper.ClassPathMapperScanner  - Enabling autowire by type for MapperFactoryBean with name 'IPermissionDao'.
2020-04-25 21:46:35,960 2220   [           main] DEBUG .mapper.ClassPathMapperScanner  - Creating MapperFactoryBean with name 'IProductDao' and 'com.xumeng.dao.IProductDao' mapperInterface
2020-04-25 21:46:35,960 2220   [           main] DEBUG .mapper.ClassPathMapperScanner  - Enabling autowire by type for MapperFactoryBean with name 'IProductDao'.
2020-04-25 21:46:35,960 2220   [           main] DEBUG .mapper.ClassPathMapperScanner  - Creating MapperFactoryBean with name 'IRoleDao' and 'com.xumeng.dao.IRoleDao' mapperInterface
2020-04-25 21:46:35,960 2220   [           main] DEBUG .mapper.ClassPathMapperScanner  - Enabling autowire by type for MapperFactoryBean with name 'IRoleDao'.
2020-04-25 21:46:35,960 2220   [           main] DEBUG .mapper.ClassPathMapperScanner  - Creating MapperFactoryBean with name 'ITravellerDao' and 'com.xumeng.dao.ITravellerDao' mapperInterface
2020-04-25 21:46:35,960 2220   [           main] DEBUG .mapper.ClassPathMapperScanner  - Enabling autowire by type for MapperFactoryBean with name 'ITravellerDao'.
2020-04-25 21:46:35,960 2220   [           main] DEBUG .mapper.ClassPathMapperScanner  - Creating MapperFactoryBean with name 'IUserDao' and 'com.xumeng.dao.IUserDao' mapperInterface
2020-04-25 21:46:35,960 2220   [           main] DEBUG .mapper.ClassPathMapperScanner  - Enabling autowire by type for MapperFactoryBean with name 'IUserDao'.
2020-04-25 21:46:35,960 2220   [           main] DEBUG ort.DefaultListableBeanFactory  - Creating shared instance of singleton bean 'org.springframework.context.support.PropertySourcesPlaceholderConfigurer#0'
2020-04-25 21:46:35,960 2220   [           main] DEBUG ort.DefaultListableBeanFactory  - Creating instance of bean 'org.springframework.context.support.PropertySourcesPlaceholderConfigurer#0'
2020-04-25 21:46:35,960 2220   [           main] DEBUG ort.DefaultListableBeanFactory  - Eagerly caching bean 'org.springframework.context.support.PropertySourcesPlaceholderConfigurer#0' to allow for resolving potential circular references
2020-04-25 21:46:35,963 2223   [           main] DEBUG ort.DefaultListableBeanFactory  - Finished creating instance of bean 'org.springframework.context.support.PropertySourcesPlaceholderConfigurer#0'
2020-04-25 21:46:35,963 2223   [           main] DEBUG ore.env.MutablePropertySources  - Adding PropertySource 'environmentProperties' with lowest search precedence
2020-04-25 21:46:35,963 2223   [           main] DEBUG tySourcesPlaceholderConfigurer  - Loading properties file from class path resource [db.properties]
2020-04-25 21:46:35,964 2224   [           main] DEBUG ore.env.MutablePropertySources  - Adding PropertySource 'localProperties' with lowest search precedence
2020-04-25 21:46:35,964 2224   [           main] DEBUG ropertySourcesPropertyResolver  - Could not find key 'jdbc.driver' in any property source
2020-04-25 21:46:35,964 2224   [           main] DEBUG ropertySourcesPropertyResolver  - Found key 'jdbc.driver' in PropertySource 'localProperties' with value of type String
2020-04-25 21:46:35,964 2224   [           main] DEBUG ropertySourcesPropertyResolver  - Could not find key 'jdbc.url' in any property source
2020-04-25 21:46:35,964 2224   [           main] DEBUG ropertySourcesPropertyResolver  - Found key 'jdbc.url' in PropertySource 'localProperties' with value of type String
2020-04-25 21:46:35,964 2224   [           main] DEBUG ropertySourcesPropertyResolver  - Could not find key 'jdbc.username' in any property source
2020-04-25 21:46:35,964 2224   [           main] DEBUG ropertySourcesPropertyResolver  - Found key 'jdbc.username' in PropertySource 'localProperties' with value of type String
2020-04-25 21:46:35,964 2224   [           main] DEBUG ropertySourcesPropertyResolver  - Could not find key 'jdbc.password' in any property source
2020-04-25 21:46:35,964 2224   [           main] DEBUG ropertySourcesPropertyResolver  - Found key 'jdbc.password' in PropertySource 'localProperties' with value of type String
2020-04-25 21:46:35,964 2224   [           main] DEBUG ort.DefaultListableBeanFactory  - Creating shared instance of singleton bean 'org.springframework.context.annotation.internalAutowiredAnnotationProcessor'
2020-04-25 21:46:35,965 2225   [           main] DEBUG ort.DefaultListableBeanFactory  - Creating instance of bean 'org.springframework.context.annotation.internalAutowiredAnnotationProcessor'
2020-04-25 21:46:35,965 2225   [           main] DEBUG ort.DefaultListableBeanFactory  - Eagerly caching bean 'org.springframework.context.annotation.internalAutowiredAnnotationProcessor' to allow for resolving potential circular references
2020-04-25 21:46:35,967 2227   [           main] DEBUG ort.DefaultListableBeanFactory  - Finished creating instance of bean 'org.springframework.context.annotation.internalAutowiredAnnotationProcessor'
2020-04-25 21:46:35,967 2227   [           main] DEBUG ort.DefaultListableBeanFactory  - Creating shared instance of singleton bean 'org.springframework.context.annotation.internalRequiredAnnotationProcessor'
2020-04-25 21:46:35,967 2227   [           main] DEBUG ort.DefaultListableBeanFactory  - Creating instance of bean 'org.springframework.context.annotation.internalRequiredAnnotationProcessor'
2020-04-25 21:46:35,967 2227   [           main] DEBUG ort.DefaultListableBeanFactory  - Eagerly caching bean 'org.springframework.context.annotation.internalRequiredAnnotationProcessor' to allow for resolving potential circular references
2020-04-25 21:46:35,969 2229   [           main] DEBUG ort.DefaultListableBeanFactory  - Finished creating instance of bean 'org.springframework.context.annotation.internalRequiredAnnotationProcessor'
2020-04-25 21:46:35,969 2229   [           main] DEBUG ort.DefaultListableBeanFactory  - Creating shared instance of singleton bean 'org.springframework.context.annotation.internalCommonAnnotationProcessor'
2020-04-25 21:46:35,969 2229   [           main] DEBUG ort.DefaultListableBeanFactory  - Creating instance of bean 'org.springframework.context.annotation.internalCommonAnnotationProcessor'
2020-04-25 21:46:35,969 2229   [           main] DEBUG ort.DefaultListableBeanFactory  - Eagerly caching bean 'org.springframework.context.annotation.internalCommonAnnotationProcessor' to allow for resolving potential circular references
2020-04-25 21:46:35,972 2232   [           main] DEBUG ort.DefaultListableBeanFactory  - Finished creating instance of bean 'org.springframework.context.annotation.internalCommonAnnotationProcessor'
2020-04-25 21:46:35,972 2232   [           main] DEBUG ort.DefaultListableBeanFactory  - Creating shared instance of singleton bean 'org.springframework.aop.config.internalAutoProxyCreator'
2020-04-25 21:46:35,972 2232   [           main] DEBUG ort.DefaultListableBeanFactory  - Creating instance of bean 'org.springframework.aop.config.internalAutoProxyCreator'
2020-04-25 21:46:35,973 2233   [           main] DEBUG ort.DefaultListableBeanFactory  - Eagerly caching bean 'org.springframework.aop.config.internalAutoProxyCreator' to allow for resolving potential circular references
2020-04-25 21:46:35,975 2235   [           main] DEBUG ort.DefaultListableBeanFactory  - Finished creating instance of bean 'org.springframework.aop.config.internalAutoProxyCreator'
2020-04-25 21:46:35,976 2236   [           main] DEBUG port.GenericApplicationContext  - Unable to locate MessageSource with name 'messageSource': using default [org.springframework.context.support.DelegatingMessageSource@30f5a68a]
2020-04-25 21:46:35,976 2236   [           main] DEBUG port.GenericApplicationContext  - Unable to locate ApplicationEventMulticaster with name 'applicationEventMulticaster': using default [org.springframework.context.event.SimpleApplicationEventMulticaster@1e1d3956]
2020-04-25 21:46:35,976 2236   [           main] DEBUG ort.DefaultListableBeanFactory  - Pre-instantiating singletons in org.springframework.beans.factory.support.DefaultListableBeanFactory@16ecee1: defining beans [memberServiceImpl,orderServiceImpl,permissionServiceImpl,productServiceImpl,travellerServiceImpl,userService,org.springframework.context.annotation.internalConfigurationAnnotationProcessor,org.springframework.context.annotation.internalAutowiredAnnotationProcessor,org.springframework.context.annotation.internalRequiredAnnotationProcessor,org.springframework.context.annotation.internalCommonAnnotationProcessor,org.springframework.context.event.internalEventListenerProcessor,org.springframework.context.event.internalEventListenerFactory,org.springframework.context.support.PropertySourcesPlaceholderConfigurer#0,dataSource,sqlSessionFactory,mapperScanner,transactionManager,org.springframework.transaction.config.internalTransactionalEventListenerFactory,org.springframework.aop.config.internalAutoProxyCreator,org.springframework.transaction.annotation.AnnotationTransactionAttributeSource#0,org.springframework.transaction.interceptor.TransactionInterceptor#0,org.springframework.transaction.config.internalTransactionAdvisor,IMemberDao,IOrderDao,IPermissionDao,IProductDao,IRoleDao,ITravellerDao,IUserDao]; root of factory hierarchy
2020-04-25 21:46:35,976 2236   [           main] DEBUG ort.DefaultListableBeanFactory  - Creating shared instance of singleton bean 'memberServiceImpl'
2020-04-25 21:46:35,976 2236   [           main] DEBUG ort.DefaultListableBeanFactory  - Creating instance of bean 'memberServiceImpl'
2020-04-25 21:46:35,976 2236   [           main] DEBUG y.annotation.InjectionMetadata  - Registered injected element on class [com.xumeng.service.impl.MemberServiceImpl]: AutowiredFieldElement for private com.xumeng.dao.IMemberDao com.xumeng.service.impl.MemberServiceImpl.memberDao
2020-04-25 21:46:35,976 2236   [           main] DEBUG ort.DefaultListableBeanFactory  - Eagerly caching bean 'memberServiceImpl' to allow for resolving potential circular references
2020-04-25 21:46:35,977 2237   [           main] DEBUG y.annotation.InjectionMetadata  - Processing injected element of bean 'memberServiceImpl': AutowiredFieldElement for private com.xumeng.dao.IMemberDao com.xumeng.service.impl.MemberServiceImpl.memberDao
2020-04-25 21:46:35,977 2237   [           main] DEBUG ore.annotation.AnnotationUtils  - Failed to meta-introspect annotation [interface org.springframework.beans.factory.annotation.Autowired]: java.lang.IllegalArgumentException: Annotation must not be null
2020-04-25 21:46:35,979 2239   [           main] DEBUG ort.DefaultListableBeanFactory  - Creating shared instance of singleton bean 'IMemberDao'
2020-04-25 21:46:35,979 2239   [           main] DEBUG ort.DefaultListableBeanFactory  - Creating instance of bean 'IMemberDao'
2020-04-25 21:46:35,979 2239   [           main] DEBUG ort.DefaultListableBeanFactory  - Eagerly caching bean 'IMemberDao' to allow for resolving potential circular references
2020-04-25 21:46:35,981 2241   [           main] DEBUG ort.DefaultListableBeanFactory  - Creating shared instance of singleton bean 'sqlSessionFactory'
2020-04-25 21:46:35,981 2241   [           main] DEBUG ort.DefaultListableBeanFactory  - Creating instance of bean 'sqlSessionFactory'
2020-04-25 21:46:35,981 2241   [           main] DEBUG ort.DefaultListableBeanFactory  - Eagerly caching bean 'sqlSessionFactory' to allow for resolving potential circular references
2020-04-25 21:46:35,983 2243   [           main] DEBUG ort.DefaultListableBeanFactory  - Creating shared instance of singleton bean 'dataSource'
2020-04-25 21:46:35,983 2243   [           main] DEBUG ort.DefaultListableBeanFactory  - Creating instance of bean 'dataSource'
2020-04-25 21:46:35,989 2249   [           main] DEBUG icPooledDataSourceManagerMBean  - MBean: com.mchange.v2.c3p0:type=PooledDataSource[1hgetj5a91d9w7n61eddn0d|7a8fa663] registered.
2020-04-25 21:46:35,990 2250   [           main] DEBUG ort.DefaultListableBeanFactory  - Eagerly caching bean 'dataSource' to allow for resolving potential circular references
2020-04-25 21:46:35,993 2253   [           main] DEBUG ort.DefaultListableBeanFactory  - Creating shared instance of singleton bean 'org.springframework.transaction.config.internalTransactionAdvisor'
2020-04-25 21:46:35,993 2253   [           main] DEBUG ort.DefaultListableBeanFactory  - Creating instance of bean 'org.springframework.transaction.config.internalTransactionAdvisor'
2020-04-25 21:46:35,993 2253   [           main] DEBUG ort.DefaultListableBeanFactory  - Eagerly caching bean 'org.springframework.transaction.config.internalTransactionAdvisor' to allow for resolving potential circular references
2020-04-25 21:46:35,995 2255   [           main] DEBUG ort.DefaultListableBeanFactory  - Creating shared instance of singleton bean 'org.springframework.transaction.annotation.AnnotationTransactionAttributeSource#0'
2020-04-25 21:46:35,995 2255   [           main] DEBUG ort.DefaultListableBeanFactory  - Creating instance of bean 'org.springframework.transaction.annotation.AnnotationTransactionAttributeSource#0'
2020-04-25 21:46:35,995 2255   [           main] DEBUG ort.DefaultListableBeanFactory  - Eagerly caching bean 'org.springframework.transaction.annotation.AnnotationTransactionAttributeSource#0' to allow for resolving potential circular references
2020-04-25 21:46:35,995 2255   [           main] DEBUG nFactoryAdvisorRetrievalHelper  - Skipping currently created advisor 'org.springframework.transaction.config.internalTransactionAdvisor'
2020-04-25 21:46:35,995 2255   [           main] DEBUG ort.DefaultListableBeanFactory  - Finished creating instance of bean 'org.springframework.transaction.annotation.AnnotationTransactionAttributeSource#0'
2020-04-25 21:46:35,996 2256   [           main] DEBUG ort.DefaultListableBeanFactory  - Finished creating instance of bean 'org.springframework.transaction.config.internalTransactionAdvisor'
2020-04-25 21:46:36,010 2270   [           main] DEBUG ort.DefaultListableBeanFactory  - Finished creating instance of bean 'dataSource'
2020-04-25 21:46:36,010 2270   [           main] DEBUG ort.DefaultListableBeanFactory  - Creating instance of bean 'com.github.pagehelper.PageInterceptor#efde75f'
2020-04-25 21:46:36,013 2273   [           main] DEBUG ort.DefaultListableBeanFactory  - Returning cached instance of singleton bean 'org.springframework.transaction.config.internalTransactionAdvisor'
2020-04-25 21:46:36,013 2273   [           main] DEBUG ort.DefaultListableBeanFactory  - Finished creating instance of bean 'com.github.pagehelper.PageInterceptor#efde75f'
2020-04-25 21:46:36,013 2273   [           main] DEBUG ort.DefaultListableBeanFactory  - Invoking afterPropertiesSet() on bean with name 'sqlSessionFactory'
2020-04-25 21:46:36,016 2276   [           main] DEBUG s.spring.SqlSessionFactoryBean  - Registered plugin: 'com.github.pagehelper.PageInterceptor@485a3466'
2020-04-25 21:46:36,073 2333   [           main] DEBUG s.spring.SqlSessionFactoryBean  - Parsed configuration file: 'class path resource [SqlMapConfig.xml]'
2020-04-25 21:46:36,073 2333   [           main] DEBUG s.spring.SqlSessionFactoryBean  - Property 'mapperLocations' was not specified or no matching resources found
2020-04-25 21:46:36,073 2333   [           main] DEBUG ort.DefaultListableBeanFactory  - Returning cached instance of singleton bean 'org.springframework.transaction.config.internalTransactionAdvisor'
2020-04-25 21:46:36,073 2333   [           main] DEBUG ort.DefaultListableBeanFactory  - Finished creating instance of bean 'sqlSessionFactory'
2020-04-25 21:46:36,073 2333   [           main] DEBUG ort.DefaultListableBeanFactory  - Returning cached instance of singleton bean 'org.springframework.transaction.config.internalTransactionAdvisor'
2020-04-25 21:46:36,074 2334   [           main] DEBUG ort.DefaultListableBeanFactory  - Autowiring by type from bean name 'IMemberDao' via property 'sqlSessionFactory' to bean named 'sqlSessionFactory'
2020-04-25 21:46:36,074 2334   [           main] DEBUG ort.DefaultListableBeanFactory  - Invoking afterPropertiesSet() on bean with name 'IMemberDao'
2020-04-25 21:46:36,074 2334   [           main] DEBUG ort.DefaultListableBeanFactory  - Returning cached instance of singleton bean 'org.springframework.transaction.config.internalTransactionAdvisor'
2020-04-25 21:46:36,074 2334   [           main] DEBUG ort.DefaultListableBeanFactory  - Finished creating instance of bean 'IMemberDao'
2020-04-25 21:46:36,074 2334   [           main] DEBUG ort.DefaultListableBeanFactory  - Returning cached instance of singleton bean 'org.springframework.transaction.config.internalTransactionAdvisor'
2020-04-25 21:46:36,075 2335   [           main] DEBUG redAnnotationBeanPostProcessor  - Autowiring by type from bean name 'memberServiceImpl' to bean named 'IMemberDao'
2020-04-25 21:46:36,075 2335   [           main] DEBUG ort.DefaultListableBeanFactory  - Returning cached instance of singleton bean 'org.springframework.transaction.config.internalTransactionAdvisor'
2020-04-25 21:46:36,075 2335   [           main] DEBUG ort.DefaultListableBeanFactory  - Finished creating instance of bean 'memberServiceImpl'
2020-04-25 21:46:36,075 2335   [           main] DEBUG ort.DefaultListableBeanFactory  - Creating shared instance of singleton bean 'orderServiceImpl'
2020-04-25 21:46:36,075 2335   [           main] DEBUG ort.DefaultListableBeanFactory  - Creating instance of bean 'orderServiceImpl'
2020-04-25 21:46:36,075 2335   [           main] DEBUG y.annotation.InjectionMetadata  - Registered injected element on class [com.xumeng.service.impl.OrderServiceImpl]: AutowiredFieldElement for private com.xumeng.dao.IOrderDao com.xumeng.service.impl.OrderServiceImpl.orderDao
2020-04-25 21:46:36,075 2335   [           main] DEBUG ort.DefaultListableBeanFactory  - Eagerly caching bean 'orderServiceImpl' to allow for resolving potential circular references
2020-04-25 21:46:36,076 2336   [           main] DEBUG y.annotation.InjectionMetadata  - Processing injected element of bean 'orderServiceImpl': AutowiredFieldElement for private com.xumeng.dao.IOrderDao com.xumeng.service.impl.OrderServiceImpl.orderDao
2020-04-25 21:46:36,076 2336   [           main] DEBUG ore.annotation.AnnotationUtils  - Failed to meta-introspect annotation [interface org.springframework.beans.factory.annotation.Autowired]: java.lang.IllegalArgumentException: Annotation must not be null
2020-04-25 21:46:36,076 2336   [           main] DEBUG ort.DefaultListableBeanFactory  - Creating shared instance of singleton bean 'IOrderDao'
2020-04-25 21:46:36,076 2336   [           main] DEBUG ort.DefaultListableBeanFactory  - Creating instance of bean 'IOrderDao'
2020-04-25 21:46:36,076 2336   [           main] DEBUG ort.DefaultListableBeanFactory  - Eagerly caching bean 'IOrderDao' to allow for resolving potential circular references
2020-04-25 21:46:36,076 2336   [           main] DEBUG ort.DefaultListableBeanFactory  - Returning cached instance of singleton bean 'sqlSessionFactory'
2020-04-25 21:46:36,076 2336   [           main] DEBUG ort.DefaultListableBeanFactory  - Autowiring by type from bean name 'IOrderDao' via property 'sqlSessionFactory' to bean named 'sqlSessionFactory'
2020-04-25 21:46:36,076 2336   [           main] DEBUG ort.DefaultListableBeanFactory  - Invoking afterPropertiesSet() on bean with name 'IOrderDao'
2020-04-25 21:46:36,076 2336   [           main] DEBUG ort.DefaultListableBeanFactory  - Returning cached instance of singleton bean 'org.springframework.transaction.config.internalTransactionAdvisor'
2020-04-25 21:46:36,076 2336   [           main] DEBUG ort.DefaultListableBeanFactory  - Finished creating instance of bean 'IOrderDao'
2020-04-25 21:46:36,076 2336   [           main] DEBUG ort.DefaultListableBeanFactory  - Returning cached instance of singleton bean 'org.springframework.transaction.config.internalTransactionAdvisor'
2020-04-25 21:46:36,076 2336   [           main] DEBUG redAnnotationBeanPostProcessor  - Autowiring by type from bean name 'orderServiceImpl' to bean named 'IOrderDao'
2020-04-25 21:46:36,076 2336   [           main] DEBUG ort.DefaultListableBeanFactory  - Returning cached instance of singleton bean 'org.springframework.transaction.config.internalTransactionAdvisor'
2020-04-25 21:46:36,076 2336   [           main] DEBUG ort.DefaultListableBeanFactory  - Finished creating instance of bean 'orderServiceImpl'
2020-04-25 21:46:36,077 2337   [           main] DEBUG ort.DefaultListableBeanFactory  - Creating shared instance of singleton bean 'permissionServiceImpl'
2020-04-25 21:46:36,077 2337   [           main] DEBUG ort.DefaultListableBeanFactory  - Creating instance of bean 'permissionServiceImpl'
2020-04-25 21:46:36,077 2337   [           main] DEBUG ort.DefaultListableBeanFactory  - Eagerly caching bean 'permissionServiceImpl' to allow for resolving potential circular references
2020-04-25 21:46:36,077 2337   [           main] DEBUG ort.DefaultListableBeanFactory  - Returning cached instance of singleton bean 'org.springframework.transaction.config.internalTransactionAdvisor'
2020-04-25 21:46:36,077 2337   [           main] DEBUG ort.DefaultListableBeanFactory  - Finished creating instance of bean 'permissionServiceImpl'
2020-04-25 21:46:36,077 2337   [           main] DEBUG ort.DefaultListableBeanFactory  - Creating shared instance of singleton bean 'productServiceImpl'
2020-04-25 21:46:36,077 2337   [           main] DEBUG ort.DefaultListableBeanFactory  - Creating instance of bean 'productServiceImpl'
2020-04-25 21:46:36,077 2337   [           main] DEBUG y.annotation.InjectionMetadata  - Registered injected element on class [com.xumeng.service.impl.ProductServiceImpl]: AutowiredFieldElement for private com.xumeng.dao.IProductDao com.xumeng.service.impl.ProductServiceImpl.productDao
2020-04-25 21:46:36,077 2337   [           main] DEBUG ort.DefaultListableBeanFactory  - Eagerly caching bean 'productServiceImpl' to allow for resolving potential circular references
2020-04-25 21:46:36,078 2338   [           main] DEBUG y.annotation.InjectionMetadata  - Processing injected element of bean 'productServiceImpl': AutowiredFieldElement for private com.xumeng.dao.IProductDao com.xumeng.service.impl.ProductServiceImpl.productDao
2020-04-25 21:46:36,078 2338   [           main] DEBUG ore.annotation.AnnotationUtils  - Failed to meta-introspect annotation [interface org.springframework.beans.factory.annotation.Autowired]: java.lang.IllegalArgumentException: Annotation must not be null
2020-04-25 21:46:36,078 2338   [           main] DEBUG ort.DefaultListableBeanFactory  - Creating shared instance of singleton bean 'IProductDao'
2020-04-25 21:46:36,078 2338   [           main] DEBUG ort.DefaultListableBeanFactory  - Creating instance of bean 'IProductDao'
2020-04-25 21:46:36,078 2338   [           main] DEBUG ort.DefaultListableBeanFactory  - Eagerly caching bean 'IProductDao' to allow for resolving potential circular references
2020-04-25 21:46:36,078 2338   [           main] DEBUG ort.DefaultListableBeanFactory  - Returning cached instance of singleton bean 'sqlSessionFactory'
2020-04-25 21:46:36,078 2338   [           main] DEBUG ort.DefaultListableBeanFactory  - Autowiring by type from bean name 'IProductDao' via property 'sqlSessionFactory' to bean named 'sqlSessionFactory'
2020-04-25 21:46:36,078 2338   [           main] DEBUG ort.DefaultListableBeanFactory  - Invoking afterPropertiesSet() on bean with name 'IProductDao'
2020-04-25 21:46:36,078 2338   [           main] DEBUG ort.DefaultListableBeanFactory  - Returning cached instance of singleton bean 'org.springframework.transaction.config.internalTransactionAdvisor'
2020-04-25 21:46:36,078 2338   [           main] DEBUG ort.DefaultListableBeanFactory  - Finished creating instance of bean 'IProductDao'
2020-04-25 21:46:36,078 2338   [           main] DEBUG ort.DefaultListableBeanFactory  - Returning cached instance of singleton bean 'org.springframework.transaction.config.internalTransactionAdvisor'
2020-04-25 21:46:36,078 2338   [           main] DEBUG redAnnotationBeanPostProcessor  - Autowiring by type from bean name 'productServiceImpl' to bean named 'IProductDao'
2020-04-25 21:46:36,078 2338   [           main] DEBUG ort.DefaultListableBeanFactory  - Returning cached instance of singleton bean 'org.springframework.transaction.config.internalTransactionAdvisor'
2020-04-25 21:46:36,079 2339   [           main] DEBUG tionTransactionAttributeSource  - Adding transactional method 'com.xumeng.service.impl.ProductServiceImpl.delete' with attribute: PROPAGATION_REQUIRED,ISOLATION_DEFAULT; ''
2020-04-25 21:46:36,079 2339   [           main] DEBUG ructureAdvisorAutoProxyCreator  - Creating implicit proxy for bean 'productServiceImpl' with 0 common interceptors and 1 specific interceptors
2020-04-25 21:46:36,079 2339   [           main] DEBUG p.framework.JdkDynamicAopProxy  - Creating JDK dynamic proxy: target source is SingletonTargetSource for target object [com.xumeng.service.impl.ProductServiceImpl@339bf286]
2020-04-25 21:46:36,079 2339   [           main] DEBUG ort.DefaultListableBeanFactory  - Finished creating instance of bean 'productServiceImpl'
2020-04-25 21:46:36,079 2339   [           main] DEBUG ort.DefaultListableBeanFactory  - Creating shared instance of singleton bean 'travellerServiceImpl'
2020-04-25 21:46:36,079 2339   [           main] DEBUG ort.DefaultListableBeanFactory  - Creating instance of bean 'travellerServiceImpl'
2020-04-25 21:46:36,079 2339   [           main] DEBUG y.annotation.InjectionMetadata  - Registered injected element on class [com.xumeng.service.impl.TravellerServiceImpl]: AutowiredFieldElement for private com.xumeng.dao.ITravellerDao com.xumeng.service.impl.TravellerServiceImpl.travellerDao
2020-04-25 21:46:36,079 2339   [           main] DEBUG y.annotation.InjectionMetadata  - Registered injected element on class [com.xumeng.service.impl.TravellerServiceImpl]: AutowiredFieldElement for private com.xumeng.dao.IOrderDao com.xumeng.service.impl.TravellerServiceImpl.orderDao
2020-04-25 21:46:36,079 2339   [           main] DEBUG ort.DefaultListableBeanFactory  - Eagerly caching bean 'travellerServiceImpl' to allow for resolving potential circular references
2020-04-25 21:46:36,080 2340   [           main] DEBUG y.annotation.InjectionMetadata  - Processing injected element of bean 'travellerServiceImpl': AutowiredFieldElement for private com.xumeng.dao.ITravellerDao com.xumeng.service.impl.TravellerServiceImpl.travellerDao
2020-04-25 21:46:36,080 2340   [           main] DEBUG ore.annotation.AnnotationUtils  - Failed to meta-introspect annotation [interface org.springframework.beans.factory.annotation.Autowired]: java.lang.IllegalArgumentException: Annotation must not be null
2020-04-25 21:46:36,080 2340   [           main] DEBUG ort.DefaultListableBeanFactory  - Creating shared instance of singleton bean 'ITravellerDao'
2020-04-25 21:46:36,080 2340   [           main] DEBUG ort.DefaultListableBeanFactory  - Creating instance of bean 'ITravellerDao'
2020-04-25 21:46:36,080 2340   [           main] DEBUG ort.DefaultListableBeanFactory  - Eagerly caching bean 'ITravellerDao' to allow for resolving potential circular references
2020-04-25 21:46:36,080 2340   [           main] DEBUG ort.DefaultListableBeanFactory  - Returning cached instance of singleton bean 'sqlSessionFactory'
2020-04-25 21:46:36,080 2340   [           main] DEBUG ort.DefaultListableBeanFactory  - Autowiring by type from bean name 'ITravellerDao' via property 'sqlSessionFactory' to bean named 'sqlSessionFactory'
2020-04-25 21:46:36,080 2340   [           main] DEBUG ort.DefaultListableBeanFactory  - Invoking afterPropertiesSet() on bean with name 'ITravellerDao'
2020-04-25 21:46:36,080 2340   [           main] DEBUG ort.DefaultListableBeanFactory  - Returning cached instance of singleton bean 'org.springframework.transaction.config.internalTransactionAdvisor'
2020-04-25 21:46:36,080 2340   [           main] DEBUG ort.DefaultListableBeanFactory  - Finished creating instance of bean 'ITravellerDao'
2020-04-25 21:46:36,080 2340   [           main] DEBUG ort.DefaultListableBeanFactory  - Returning cached instance of singleton bean 'org.springframework.transaction.config.internalTransactionAdvisor'
2020-04-25 21:46:36,080 2340   [           main] DEBUG redAnnotationBeanPostProcessor  - Autowiring by type from bean name 'travellerServiceImpl' to bean named 'ITravellerDao'
2020-04-25 21:46:36,081 2341   [           main] DEBUG y.annotation.InjectionMetadata  - Processing injected element of bean 'travellerServiceImpl': AutowiredFieldElement for private com.xumeng.dao.IOrderDao com.xumeng.service.impl.TravellerServiceImpl.orderDao
2020-04-25 21:46:36,081 2341   [           main] DEBUG ore.annotation.AnnotationUtils  - Failed to meta-introspect annotation [interface org.springframework.beans.factory.annotation.Autowired]: java.lang.IllegalArgumentException: Annotation must not be null
2020-04-25 21:46:36,081 2341   [           main] DEBUG ort.DefaultListableBeanFactory  - Returning cached instance of singleton bean 'IOrderDao'
2020-04-25 21:46:36,081 2341   [           main] DEBUG redAnnotationBeanPostProcessor  - Autowiring by type from bean name 'travellerServiceImpl' to bean named 'IOrderDao'
2020-04-25 21:46:36,081 2341   [           main] DEBUG ort.DefaultListableBeanFactory  - Returning cached instance of singleton bean 'org.springframework.transaction.config.internalTransactionAdvisor'
2020-04-25 21:46:36,081 2341   [           main] DEBUG tionTransactionAttributeSource  - Adding transactional method 'com.xumeng.service.impl.TravellerServiceImpl.findAll' with attribute: PROPAGATION_REQUIRED,ISOLATION_DEFAULT; ''
2020-04-25 21:46:36,081 2341   [           main] DEBUG ructureAdvisorAutoProxyCreator  - Creating implicit proxy for bean 'travellerServiceImpl' with 0 common interceptors and 1 specific interceptors
2020-04-25 21:46:36,081 2341   [           main] DEBUG p.framework.JdkDynamicAopProxy  - Creating JDK dynamic proxy: target source is SingletonTargetSource for target object [com.xumeng.service.impl.TravellerServiceImpl@40e10ff8]
2020-04-25 21:46:36,081 2341   [           main] DEBUG ort.DefaultListableBeanFactory  - Finished creating instance of bean 'travellerServiceImpl'
2020-04-25 21:46:36,081 2341   [           main] DEBUG ort.DefaultListableBeanFactory  - Creating shared instance of singleton bean 'userService'
2020-04-25 21:46:36,081 2341   [           main] DEBUG ort.DefaultListableBeanFactory  - Creating instance of bean 'userService'
2020-04-25 21:46:36,082 2342   [           main] DEBUG y.annotation.InjectionMetadata  - Registered injected element on class [com.xumeng.service.impl.UserServiceImpl]: AutowiredFieldElement for private com.xumeng.dao.IUserDao com.xumeng.service.impl.UserServiceImpl.userDao
2020-04-25 21:46:36,082 2342   [           main] DEBUG y.annotation.InjectionMetadata  - Registered injected element on class [com.xumeng.service.impl.UserServiceImpl]: AutowiredFieldElement for private org.springframework.security.crypto.password.PasswordEncoder com.xumeng.service.impl.UserServiceImpl.passwordEncoder
2020-04-25 21:46:36,082 2342   [           main] DEBUG ort.DefaultListableBeanFactory  - Eagerly caching bean 'userService' to allow for resolving potential circular references
2020-04-25 21:46:36,083 2343   [           main] DEBUG y.annotation.InjectionMetadata  - Processing injected element of bean 'userService': AutowiredFieldElement for private com.xumeng.dao.IUserDao com.xumeng.service.impl.UserServiceImpl.userDao
2020-04-25 21:46:36,083 2343   [           main] DEBUG ore.annotation.AnnotationUtils  - Failed to meta-introspect annotation [interface org.springframework.beans.factory.annotation.Autowired]: java.lang.IllegalArgumentException: Annotation must not be null
2020-04-25 21:46:36,083 2343   [           main] DEBUG ort.DefaultListableBeanFactory  - Creating shared instance of singleton bean 'IUserDao'
2020-04-25 21:46:36,083 2343   [           main] DEBUG ort.DefaultListableBeanFactory  - Creating instance of bean 'IUserDao'
2020-04-25 21:46:36,083 2343   [           main] DEBUG ort.DefaultListableBeanFactory  - Eagerly caching bean 'IUserDao' to allow for resolving potential circular references
2020-04-25 21:46:36,083 2343   [           main] DEBUG ort.DefaultListableBeanFactory  - Returning cached instance of singleton bean 'sqlSessionFactory'
2020-04-25 21:46:36,083 2343   [           main] DEBUG ort.DefaultListableBeanFactory  - Autowiring by type from bean name 'IUserDao' via property 'sqlSessionFactory' to bean named 'sqlSessionFactory'
2020-04-25 21:46:36,083 2343   [           main] DEBUG ort.DefaultListableBeanFactory  - Invoking afterPropertiesSet() on bean with name 'IUserDao'
2020-04-25 21:46:36,083 2343   [           main] DEBUG ort.DefaultListableBeanFactory  - Returning cached instance of singleton bean 'org.springframework.transaction.config.internalTransactionAdvisor'
2020-04-25 21:46:36,083 2343   [           main] DEBUG ort.DefaultListableBeanFactory  - Finished creating instance of bean 'IUserDao'
2020-04-25 21:46:36,083 2343   [           main] DEBUG ort.DefaultListableBeanFactory  - Returning cached instance of singleton bean 'org.springframework.transaction.config.internalTransactionAdvisor'
2020-04-25 21:46:36,084 2344   [           main] DEBUG redAnnotationBeanPostProcessor  - Autowiring by type from bean name 'userService' to bean named 'IUserDao'
2020-04-25 21:46:36,084 2344   [           main] DEBUG y.annotation.InjectionMetadata  - Processing injected element of bean 'userService': AutowiredFieldElement for private org.springframework.security.crypto.password.PasswordEncoder com.xumeng.service.impl.UserServiceImpl.passwordEncoder
2020-04-25 21:46:36,084 2344   [           main] DEBUG ore.annotation.AnnotationUtils  - Failed to meta-introspect annotation [interface org.springframework.beans.factory.annotation.Autowired]: java.lang.IllegalArgumentException: Annotation must not be null
2020-04-25 21:46:36,084 2344   [           main] WARN  port.GenericApplicationContext  - Exception encountered during context initialization - cancelling refresh attempt: org.springframework.beans.factory.UnsatisfiedDependencyException: Error creating bean with name 'userService': Unsatisfied dependency expressed through field 'passwordEncoder'; nested exception is org.springframework.beans.factory.NoSuchBeanDefinitionException: No qualifying bean of type 'org.springframework.security.crypto.password.PasswordEncoder' available: expected at least 1 bean which qualifies as autowire candidate. Dependency annotations: {@org.springframework.beans.factory.annotation.Autowired(required=true)}
2020-04-25 21:46:36,084 2344   [           main] DEBUG ort.DefaultListableBeanFactory  - Destroying singletons in org.springframework.beans.factory.support.DefaultListableBeanFactory@16ecee1: defining beans [memberServiceImpl,orderServiceImpl,permissionServiceImpl,productServiceImpl,travellerServiceImpl,userService,org.springframework.context.annotation.internalConfigurationAnnotationProcessor,org.springframework.context.annotation.internalAutowiredAnnotationProcessor,org.springframework.context.annotation.internalRequiredAnnotationProcessor,org.springframework.context.annotation.internalCommonAnnotationProcessor,org.springframework.context.event.internalEventListenerProcessor,org.springframework.context.event.internalEventListenerFactory,org.springframework.context.support.PropertySourcesPlaceholderConfigurer#0,dataSource,sqlSessionFactory,mapperScanner,transactionManager,org.springframework.transaction.config.internalTransactionalEventListenerFactory,org.springframework.aop.config.internalAutoProxyCreator,org.springframework.transaction.annotation.AnnotationTransactionAttributeSource#0,org.springframework.transaction.interceptor.TransactionInterceptor#0,org.springframework.transaction.config.internalTransactionAdvisor,IMemberDao,IOrderDao,IPermissionDao,IProductDao,IRoleDao,ITravellerDao,IUserDao]; root of factory hierarchy
2020-04-25 21:46:36,084 2344   [           main] DEBUG ort.DefaultListableBeanFactory  - Retrieved dependent beans for bean 'sqlSessionFactory': [IMemberDao, IOrderDao, IProductDao, ITravellerDao, IUserDao]
2020-04-25 21:46:36,084 2344   [           main] DEBUG ort.DefaultListableBeanFactory  - Retrieved dependent beans for bean 'IMemberDao': [memberServiceImpl]
2020-04-25 21:46:36,084 2344   [           main] DEBUG ort.DefaultListableBeanFactory  - Retrieved dependent beans for bean 'IOrderDao': [orderServiceImpl, travellerServiceImpl]
2020-04-25 21:46:36,084 2344   [           main] DEBUG ort.DefaultListableBeanFactory  - Retrieved dependent beans for bean 'IProductDao': [productServiceImpl]
2020-04-25 21:46:36,084 2344   [           main] DEBUG ort.DefaultListableBeanFactory  - Retrieved dependent beans for bean 'com.github.pagehelper.PageInterceptor#efde75f': [sqlSessionFactory]
2020-04-25 21:46:36,084 2344   [           main] ERROR est.context.TestContextManager  - Caught exception while allowing TestExecutionListener [org.springframework.test.context.support.DependencyInjectionTestExecutionListener@46daef40] to prepare test instance [com.xumeng.test.TestIOderDao@7e928e2f]
java.lang.IllegalStateException: Failed to load ApplicationContext
	at org.springframework.test.context.cache.DefaultCacheAwareContextLoaderDelegate.loadContext(DefaultCacheAwareContextLoaderDelegate.java:125)
	at org.springframework.test.context.support.DefaultTestContext.getApplicationContext(DefaultTestContext.java:107)
	at org.springframework.test.context.support.DependencyInjectionTestExecutionListener.injectDependencies(DependencyInjectionTestExecutionListener.java:117)
	at org.springframework.test.context.support.DependencyInjectionTestExecutionListener.prepareTestInstance(DependencyInjectionTestExecutionListener.java:83)
	at org.springframework.test.context.TestContextManager.prepareTestInstance(TestContextManager.java:242)
	at org.springframework.test.context.junit4.SpringJUnit4ClassRunner.createTest(SpringJUnit4ClassRunner.java:227)
	at org.springframework.test.context.junit4.SpringJUnit4ClassRunner$1.runReflectiveCall(SpringJUnit4ClassRunner.java:289)
	at org.junit.internal.runners.model.ReflectiveCallable.run(ReflectiveCallable.java:12)
	at org.springframework.test.context.junit4.SpringJUnit4ClassRunner.methodBlock(SpringJUnit4ClassRunner.java:291)
	at org.springframework.test.context.junit4.SpringJUnit4ClassRunner.runChild(SpringJUnit4ClassRunner.java:246)
	at org.springframework.test.context.junit4.SpringJUnit4ClassRunner.runChild(SpringJUnit4ClassRunner.java:97)
	at org.junit.runners.ParentRunner$3.run(ParentRunner.java:290)
	at org.junit.runners.ParentRunner$1.schedule(ParentRunner.java:71)
	at org.junit.runners.ParentRunner.runChildren(ParentRunner.java:288)
	at org.junit.runners.ParentRunner.access$000(ParentRunner.java:58)
	at org.junit.runners.ParentRunner$2.evaluate(ParentRunner.java:268)
	at org.springframework.test.context.junit4.statements.RunBeforeTestClassCallbacks.evaluate(RunBeforeTestClassCallbacks.java:61)
	at org.springframework.test.context.junit4.statements.RunAfterTestClassCallbacks.evaluate(RunAfterTestClassCallbacks.java:70)
	at org.junit.runners.ParentRunner.run(ParentRunner.java:363)
	at org.springframework.test.context.junit4.SpringJUnit4ClassRunner.run(SpringJUnit4ClassRunner.java:190)
	at org.apache.maven.surefire.junit4.JUnit4Provider.execute(JUnit4Provider.java:365)
	at org.apache.maven.surefire.junit4.JUnit4Provider.executeWithRerun(JUnit4Provider.java:273)
	at org.apache.maven.surefire.junit4.JUnit4Provider.executeTestSet(JUnit4Provider.java:238)
	at org.apache.maven.surefire.junit4.JUnit4Provider.invoke(JUnit4Provider.java:159)
	at org.apache.maven.surefire.booter.ForkedBooter.invokeProviderInSameClassLoader(ForkedBooter.java:384)
	at org.apache.maven.surefire.booter.ForkedBooter.runSuitesInProcess(ForkedBooter.java:345)
	at org.apache.maven.surefire.booter.ForkedBooter.execute(ForkedBooter.java:126)
	at org.apache.maven.surefire.booter.ForkedBooter.main(ForkedBooter.java:418)
Caused by: org.springframework.beans.factory.UnsatisfiedDependencyException: Error creating bean with name 'userService': Unsatisfied dependency expressed through field 'passwordEncoder'; nested exception is org.springframework.beans.factory.NoSuchBeanDefinitionException: No qualifying bean of type 'org.springframework.security.crypto.password.PasswordEncoder' available: expected at least 1 bean which qualifies as autowire candidate. Dependency annotations: {@org.springframework.beans.factory.annotation.Autowired(required=true)}
	at org.springframework.beans.factory.annotation.AutowiredAnnotationBeanPostProcessor$AutowiredFieldElement.inject(AutowiredAnnotationBeanPostProcessor.java:586)
	at org.springframework.beans.factory.annotation.InjectionMetadata.inject(InjectionMetadata.java:91)
	at org.springframework.beans.factory.annotation.AutowiredAnnotationBeanPostProcessor.postProcessPropertyValues(AutowiredAnnotationBeanPostProcessor.java:372)
	at org.springframework.beans.factory.support.AbstractAutowireCapableBeanFactory.populateBean(AbstractAutowireCapableBeanFactory.java:1344)
	at org.springframework.beans.factory.support.AbstractAutowireCapableBeanFactory.doCreateBean(AbstractAutowireCapableBeanFactory.java:582)
	at org.springframework.beans.factory.support.AbstractAutowireCapableBeanFactory.createBean(AbstractAutowireCapableBeanFactory.java:502)
	at org.springframework.beans.factory.support.AbstractBeanFactory.lambda$doGetBean$0(AbstractBeanFactory.java:312)
	at org.springframework.beans.factory.support.DefaultSingletonBeanRegistry.getSingleton(DefaultSingletonBeanRegistry.java:228)
	at org.springframework.beans.factory.support.AbstractBeanFactory.doGetBean(AbstractBeanFactory.java:310)
	at org.springframework.beans.factory.support.AbstractBeanFactory.getBean(AbstractBeanFactory.java:200)
	at org.springframework.beans.factory.support.DefaultListableBeanFactory.preInstantiateSingletons(DefaultListableBeanFactory.java:758)
	at org.springframework.context.support.AbstractApplicationContext.finishBeanFactoryInitialization(AbstractApplicationContext.java:868)
	at org.springframework.context.support.AbstractApplicationContext.refresh(AbstractApplicationContext.java:549)
	at org.springframework.test.context.support.AbstractGenericContextLoader.loadContext(AbstractGenericContextLoader.java:128)
	at org.springframework.test.context.support.AbstractGenericContextLoader.loadContext(AbstractGenericContextLoader.java:60)
	at org.springframework.test.context.support.AbstractDelegatingSmartContextLoader.delegateLoading(AbstractDelegatingSmartContextLoader.java:109)
	at org.springframework.test.context.support.AbstractDelegatingSmartContextLoader.loadContext(AbstractDelegatingSmartContextLoader.java:246)
	at org.springframework.test.context.cache.DefaultCacheAwareContextLoaderDelegate.loadContextInternal(DefaultCacheAwareContextLoaderDelegate.java:99)
	at org.springframework.test.context.cache.DefaultCacheAwareContextLoaderDelegate.loadContext(DefaultCacheAwareContextLoaderDelegate.java:117)
	... 27 more
Caused by: org.springframework.beans.factory.NoSuchBeanDefinitionException: No qualifying bean of type 'org.springframework.security.crypto.password.PasswordEncoder' available: expected at least 1 bean which qualifies as autowire candidate. Dependency annotations: {@org.springframework.beans.factory.annotation.Autowired(required=true)}
	at org.springframework.beans.factory.support.DefaultListableBeanFactory.raiseNoMatchingBeanFound(DefaultListableBeanFactory.java:1504)
	at org.springframework.beans.factory.support.DefaultListableBeanFactory.doResolveDependency(DefaultListableBeanFactory.java:1101)
	at org.springframework.beans.factory.support.DefaultListableBeanFactory.resolveDependency(DefaultListableBeanFactory.java:1062)
	at org.springframework.beans.factory.annotation.AutowiredAnnotationBeanPostProcessor$AutowiredFieldElement.inject(AutowiredAnnotationBeanPostProcessor.java:583)
	... 45 more
]]></system-out>
  </testcase>
  <testcase name="findByRoleId" classname="com.xumeng.test.TestIOderDao" time="0">
    <error message="Failed to load ApplicationContext" type="java.lang.IllegalStateException">java.lang.IllegalStateException: Failed to load ApplicationContext
Caused by: org.springframework.beans.factory.UnsatisfiedDependencyException: Error creating bean with name 'userService': Unsatisfied dependency expressed through field 'passwordEncoder'; nested exception is org.springframework.beans.factory.NoSuchBeanDefinitionException: No qualifying bean of type 'org.springframework.security.crypto.password.PasswordEncoder' available: expected at least 1 bean which qualifies as autowire candidate. Dependency annotations: {@org.springframework.beans.factory.annotation.Autowired(required=true)}
Caused by: org.springframework.beans.factory.NoSuchBeanDefinitionException: No qualifying bean of type 'org.springframework.security.crypto.password.PasswordEncoder' available: expected at least 1 bean which qualifies as autowire candidate. Dependency annotations: {@org.springframework.beans.factory.annotation.Autowired(required=true)}
</error>
    <system-out><![CDATA[2020-04-25 21:46:36,085 2345   [           main] DEBUG t.annotation.ProfileValueUtils  - Retrieved @ProfileValueSourceConfiguration [null] for test class [com.xumeng.test.TestIOderDao]
2020-04-25 21:46:36,085 2345   [           main] DEBUG t.annotation.ProfileValueUtils  - Retrieved ProfileValueSource type [class org.springframework.test.annotation.SystemProfileValueSource] for class [com.xumeng.test.TestIOderDao]
2020-04-25 21:46:36,085 2345   [           main] DEBUG InjectionTestExecutionListener  - Performing dependency injection for test context [[DefaultTestContext@1b26f7b2 testClass = TestIOderDao, testInstance = com.xumeng.test.TestIOderDao@73ff4fae, testMethod = [null], testException = [null], mergedContextConfiguration = [MergedContextConfiguration@491cc5c9 testClass = TestIOderDao, locations = '{classpath:applicationContext.xml}', classes = '{}', contextInitializerClasses = '[]', activeProfiles = '{}', propertySourceLocations = '{}', propertySourceProperties = '{}', contextCustomizers = set[[empty]], contextLoader = 'org.springframework.test.context.support.DelegatingSmartContextLoader', parent = [null]], attributes = map[[empty]]]].
2020-04-25 21:46:36,086 2346   [           main] DEBUG ctDelegatingSmartContextLoader  - Delegating to GenericXmlContextLoader to load context from [MergedContextConfiguration@491cc5c9 testClass = TestIOderDao, locations = '{classpath:applicationContext.xml}', classes = '{}', contextInitializerClasses = '[]', activeProfiles = '{}', propertySourceLocations = '{}', propertySourceProperties = '{}', contextCustomizers = set[[empty]], contextLoader = 'org.springframework.test.context.support.DelegatingSmartContextLoader', parent = [null]].
2020-04-25 21:46:36,086 2346   [           main] DEBUG t.AbstractGenericContextLoader  - Loading ApplicationContext for merged context configuration [[MergedContextConfiguration@491cc5c9 testClass = TestIOderDao, locations = '{classpath:applicationContext.xml}', classes = '{}', contextInitializerClasses = '[]', activeProfiles = '{}', propertySourceLocations = '{}', propertySourceProperties = '{}', contextCustomizers = set[[empty]], contextLoader = 'org.springframework.test.context.support.DelegatingSmartContextLoader', parent = [null]]].
2020-04-25 21:46:36,086 2346   [           main] DEBUG k.core.env.StandardEnvironment  - Adding PropertySource 'systemProperties' with lowest search precedence
2020-04-25 21:46:36,086 2346   [           main] DEBUG k.core.env.StandardEnvironment  - Adding PropertySource 'systemEnvironment' with lowest search precedence
2020-04-25 21:46:36,086 2346   [           main] DEBUG k.core.env.StandardEnvironment  - Initialized StandardEnvironment with PropertySources [MapPropertySource@194415222 {name='systemProperties', properties={java.runtime.name=Java(TM) SE Runtime Environment, sun.boot.library.path=C:\Program Files\Java\jdk1.8.0_131\jre\bin, java.vm.version=25.131-b11, java.vm.vendor=Oracle Corporation, java.vendor.url=http://java.oracle.com/, path.separator=;, java.vm.name=Java HotSpot(TM) 64-Bit Server VM, file.encoding.pkg=sun.io, user.country=CN, user.script=, sun.java.launcher=SUN_STANDARD, sun.os.patch.level=, java.vm.specification.name=Java Virtual Machine Specification, user.dir=D:\Code\IdeaProjects\manageSystem-ssm\ms-ssm-web, java.runtime.version=1.8.0_131-b11, basedir=D:\Code\IdeaProjects\manageSystem-ssm\ms-ssm-web, java.awt.graphicsenv=sun.awt.Win32GraphicsEnvironment, java.endorsed.dirs=C:\Program Files\Java\jdk1.8.0_131\jre\lib\endorsed, os.arch=amd64, surefire.real.class.path=C:\Users\xm\AppData\Local\Temp\surefire7497552715305907156\surefirebooter6811015789613867580.jar, java.io.tmpdir=C:\Users\xm\AppData\Local\Temp\, line.separator=
, java.vm.specification.vendor=Oracle Corporation, user.variant=, os.name=Windows 10, sun.jnu.encoding=GBK, java.library.path=C:\Program Files\Java\jdk1.8.0_131\jre\bin;C:\Windows\Sun\Java\bin;C:\Windows\system32;C:\Windows;D:\MyProgram\orcl\bin;D:\MyProgram\Anaconda3;D:\MyProgram\Anaconda3\Library\mingw-w64\bin;D:\MyProgram\Anaconda3\Library\usr\bin;D:\MyProgram\Anaconda3\Library\bin;D:\MyProgram\Anaconda3\Scripts;C:\ProgramData\Oracle\Java\javapath;C:\Windows\system32;C:\Windows;C:\Windows\System32\Wbem;C:\Windows\System32\WindowsPowerShell\v1.0\;C:\Windows\System32\OpenSSH\;C:\Program Files\Java\jdk1.8.0_131\bin;C:\Program Files\Java\jdk1.8.0_131\jre\bin;C:\Program Files (x86)\MySQL\MySQL Server 5.5\bin;D:\MyProgram\Git\cmd;D:\Maven\bin\;D:\MyProgram\redis-2.8.9;D:\Maven_V_354\apache-maven-3.5.4\bin\;D:\MyProgram\nodejs\;D:\MyProgram\nodejs\npm_modules\;D:\MyProgram\erl10.4\bin;D:\MyProgram\ffmpeg\bin\;D:\MyProgram\OpenSSL-Win64\bin\;D:\MyProgram\Ruby25-x64\bin;C:\Users\xm\AppData\Local\Microsoft\WindowsApps;;D:\MyProgram\JetBrains\IntelliJ IDEA 2019.3.3\bin;;D:\MyProgram\Microsoft VS Code\bin;D:\MyProgram\JetBrains\PyCharm 2019.3.3\bin;;D:\MyProgram\JetBrains\WebStorm 2019.3.3\bin;;C:\Users\xm\AppData\Roaming\npm;., surefire.test.class.path=D:\Code\IdeaProjects\manageSystem-ssm\ms-ssm-web\target\test-classes;D:\Code\IdeaProjects\manageSystem-ssm\ms-ssm-web\target\classes;E:\maven-repository\junit\junit\4.12\junit-4.12.jar;E:\maven-repository\org\hamcrest\hamcrest-core\1.3\hamcrest-core-1.3.jar;D:\Code\IdeaProjects\manageSystem-ssm\ms-ssm-domain\target\ms-ssm-domain-1.0-SNAPSHOT.jar;D:\Code\IdeaProjects\manageSystem-ssm\ms-ssm-utils\target\ms-ssm-utils-1.0-SNAPSHOT.jar;D:\Code\IdeaProjects\manageSystem-ssm\ms-ssm-service\target\ms-ssm-service-1.0-SNAPSHOT.jar;D:\Code\IdeaProjects\manageSystem-ssm\ms-ssm-dao\target\ms-ssm-dao-1.0-SNAPSHOT.jar;E:\maven-repository\com\fasterxml\jackson\core\jackson-databind\2.9.7\jackson-databind-2.9.7.jar;E:\maven-repository\com\fasterxml\jackson\core\jackson-annotations\2.9.0\jackson-annotations-2.9.0.jar;E:\maven-repository\com\fasterxml\jackson\core\jackson-core\2.9.7\jackson-core-2.9.7.jar;E:\maven-repository\com\github\pagehelper\pagehelper\5.1.2\pagehelper-5.1.2.jar;E:\maven-repository\com\github\jsqlparser\jsqlparser\1.0\jsqlparser-1.0.jar;E:\maven-repository\javax\annotation\javax.annotation-api\1.3.1\javax.annotation-api-1.3.1.jar;E:\maven-repository\org\springframework\security\spring-security-web\5.0.1.RELEASE\spring-security-web-5.0.1.RELEASE.jar;E:\maven-repository\org\springframework\spring-expression\5.0.3.RELEASE\spring-expression-5.0.3.RELEASE.jar;E:\maven-repository\org\springframework\security\spring-security-config\5.0.1.RELEASE\spring-security-config-5.0.1.RELEASE.jar;E:\maven-repository\org\springframework\security\spring-security-core\5.0.1.RELEASE\spring-security-core-5.0.1.RELEASE.jar;E:\maven-repository\org\springframework\security\spring-security-taglibs\5.0.1.RELEASE\spring-security-taglibs-5.0.1.RELEASE.jar;E:\maven-repository\org\springframework\security\spring-security-acl\5.0.1.RELEASE\spring-security-acl-5.0.1.RELEASE.jar;E:\maven-repository\org\aspectj\aspectjweaver\1.6.8\aspectjweaver-1.6.8.jar;E:\maven-repository\org\springframework\spring-aop\5.0.2.RELEASE\spring-aop-5.0.2.RELEASE.jar;E:\maven-repository\org\springframework\spring-context\5.0.2.RELEASE\spring-context-5.0.2.RELEASE.jar;E:\maven-repository\org\springframework\spring-context-support\5.0.2.RELEASE\spring-context-support-5.0.2.RELEASE.jar;E:\maven-repository\org\springframework\spring-web\5.0.2.RELEASE\spring-web-5.0.2.RELEASE.jar;E:\maven-repository\org\springframework\spring-orm\5.0.2.RELEASE\spring-orm-5.0.2.RELEASE.jar;E:\maven-repository\org\springframework\spring-jdbc\5.0.2.RELEASE\spring-jdbc-5.0.2.RELEASE.jar;E:\maven-repository\org\springframework\spring-beans\5.0.2.RELEASE\spring-beans-5.0.2.RELEASE.jar;E:\maven-repository\org\springframework\spring-core\5.0.2.RELEASE\spring-core-5.0.2.RELEASE.jar;E:\maven-repository\org\springframework\spring-jcl\5.0.2.RELEASE\spring-jcl-5.0.2.RELEASE.jar;E:\maven-repository\org\springframework\spring-test\5.0.2.RELEASE\spring-test-5.0.2.RELEASE.jar;E:\maven-repository\org\springframework\spring-webmvc\5.0.2.RELEASE\spring-webmvc-5.0.2.RELEASE.jar;E:\maven-repository\org\springframework\spring-tx\5.0.2.RELEASE\spring-tx-5.0.2.RELEASE.jar;E:\maven-repository\javax\servlet\javax.servlet-api\3.1.0\javax.servlet-api-3.1.0.jar;E:\maven-repository\javax\servlet\jsp\jsp-api\2.0\jsp-api-2.0.jar;E:\maven-repository\jstl\jstl\1.2\jstl-1.2.jar;E:\maven-repository\log4j\log4j\1.2.12\log4j-1.2.12.jar;E:\maven-repository\org\slf4j\slf4j-api\1.6.6\slf4j-api-1.6.6.jar;E:\maven-repository\org\slf4j\slf4j-log4j12\1.6.6\slf4j-log4j12-1.6.6.jar;E:\maven-repository\org\mybatis\mybatis\3.4.5\mybatis-3.4.5.jar;E:\maven-repository\org\mybatis\mybatis-spring\1.3.0\mybatis-spring-1.3.0.jar;E:\maven-repository\c3p0\c3p0\0.9.1.2\c3p0-0.9.1.2.jar;E:\maven-repository\mysql\mysql-connector-java\5.1.6\mysql-connector-java-5.1.6.jar;E:\maven-repository\javax\annotation\jsr250-api\1.0\jsr250-api-1.0.jar;E:\maven-repository\org\projectlombok\lombok\1.16.16\lombok-1.16.16.jar;, java.specification.name=Java Platform API Specification, java.class.version=52.0, sun.management.compiler=HotSpot 64-Bit Tiered Compilers, maven.repo.local=E:\maven-repository, idea.version2019.3.3=true, os.version=10.0, user.home=C:\Users\xm, user.timezone=Asia/Shanghai, java.awt.printerjob=sun.awt.windows.WPrinterJob, file.encoding=GBK, java.specification.version=1.8, java.class.path=D:\Code\IdeaProjects\manageSystem-ssm\ms-ssm-web\target\test-classes;D:\Code\IdeaProjects\manageSystem-ssm\ms-ssm-web\target\classes;E:\maven-repository\junit\junit\4.12\junit-4.12.jar;E:\maven-repository\org\hamcrest\hamcrest-core\1.3\hamcrest-core-1.3.jar;D:\Code\IdeaProjects\manageSystem-ssm\ms-ssm-domain\target\ms-ssm-domain-1.0-SNAPSHOT.jar;D:\Code\IdeaProjects\manageSystem-ssm\ms-ssm-utils\target\ms-ssm-utils-1.0-SNAPSHOT.jar;D:\Code\IdeaProjects\manageSystem-ssm\ms-ssm-service\target\ms-ssm-service-1.0-SNAPSHOT.jar;D:\Code\IdeaProjects\manageSystem-ssm\ms-ssm-dao\target\ms-ssm-dao-1.0-SNAPSHOT.jar;E:\maven-repository\com\fasterxml\jackson\core\jackson-databind\2.9.7\jackson-databind-2.9.7.jar;E:\maven-repository\com\fasterxml\jackson\core\jackson-annotations\2.9.0\jackson-annotations-2.9.0.jar;E:\maven-repository\com\fasterxml\jackson\core\jackson-core\2.9.7\jackson-core-2.9.7.jar;E:\maven-repository\com\github\pagehelper\pagehelper\5.1.2\pagehelper-5.1.2.jar;E:\maven-repository\com\github\jsqlparser\jsqlparser\1.0\jsqlparser-1.0.jar;E:\maven-repository\javax\annotation\javax.annotation-api\1.3.1\javax.annotation-api-1.3.1.jar;E:\maven-repository\org\springframework\security\spring-security-web\5.0.1.RELEASE\spring-security-web-5.0.1.RELEASE.jar;E:\maven-repository\org\springframework\spring-expression\5.0.3.RELEASE\spring-expression-5.0.3.RELEASE.jar;E:\maven-repository\org\springframework\security\spring-security-config\5.0.1.RELEASE\spring-security-config-5.0.1.RELEASE.jar;E:\maven-repository\org\springframework\security\spring-security-core\5.0.1.RELEASE\spring-security-core-5.0.1.RELEASE.jar;E:\maven-repository\org\springframework\security\spring-security-taglibs\5.0.1.RELEASE\spring-security-taglibs-5.0.1.RELEASE.jar;E:\maven-repository\org\springframework\security\spring-security-acl\5.0.1.RELEASE\spring-security-acl-5.0.1.RELEASE.jar;E:\maven-repository\org\aspectj\aspectjweaver\1.6.8\aspectjweaver-1.6.8.jar;E:\maven-repository\org\springframework\spring-aop\5.0.2.RELEASE\spring-aop-5.0.2.RELEASE.jar;E:\maven-repository\org\springframework\spring-context\5.0.2.RELEASE\spring-context-5.0.2.RELEASE.jar;E:\maven-repository\org\springframework\spring-context-support\5.0.2.RELEASE\spring-context-support-5.0.2.RELEASE.jar;E:\maven-repository\org\springframework\spring-web\5.0.2.RELEASE\spring-web-5.0.2.RELEASE.jar;E:\maven-repository\org\springframework\spring-orm\5.0.2.RELEASE\spring-orm-5.0.2.RELEASE.jar;E:\maven-repository\org\springframework\spring-jdbc\5.0.2.RELEASE\spring-jdbc-5.0.2.RELEASE.jar;E:\maven-repository\org\springframework\spring-beans\5.0.2.RELEASE\spring-beans-5.0.2.RELEASE.jar;E:\maven-repository\org\springframework\spring-core\5.0.2.RELEASE\spring-core-5.0.2.RELEASE.jar;E:\maven-repository\org\springframework\spring-jcl\5.0.2.RELEASE\spring-jcl-5.0.2.RELEASE.jar;E:\maven-repository\org\springframework\spring-test\5.0.2.RELEASE\spring-test-5.0.2.RELEASE.jar;E:\maven-repository\org\springframework\spring-webmvc\5.0.2.RELEASE\spring-webmvc-5.0.2.RELEASE.jar;E:\maven-repository\org\springframework\spring-tx\5.0.2.RELEASE\spring-tx-5.0.2.RELEASE.jar;E:\maven-repository\javax\servlet\javax.servlet-api\3.1.0\javax.servlet-api-3.1.0.jar;E:\maven-repository\javax\servlet\jsp\jsp-api\2.0\jsp-api-2.0.jar;E:\maven-repository\jstl\jstl\1.2\jstl-1.2.jar;E:\maven-repository\log4j\log4j\1.2.12\log4j-1.2.12.jar;E:\maven-repository\org\slf4j\slf4j-api\1.6.6\slf4j-api-1.6.6.jar;E:\maven-repository\org\slf4j\slf4j-log4j12\1.6.6\slf4j-log4j12-1.6.6.jar;E:\maven-repository\org\mybatis\mybatis\3.4.5\mybatis-3.4.5.jar;E:\maven-repository\org\mybatis\mybatis-spring\1.3.0\mybatis-spring-1.3.0.jar;E:\maven-repository\c3p0\c3p0\0.9.1.2\c3p0-0.9.1.2.jar;E:\maven-repository\mysql\mysql-connector-java\5.1.6\mysql-connector-java-5.1.6.jar;E:\maven-repository\javax\annotation\jsr250-api\1.0\jsr250-api-1.0.jar;E:\maven-repository\org\projectlombok\lombok\1.16.16\lombok-1.16.16.jar;, user.name=xm, java.vm.specification.version=1.8, sun.java.command=C:\Users\xm\AppData\Local\Temp\surefire7497552715305907156\surefirebooter6811015789613867580.jar C:\Users\xm\AppData\Local\Temp\surefire7497552715305907156 2020-04-25T21-46-33_033-jvmRun1 surefire7780568927660488430tmp surefire_03629623413987528247tmp, java.home=C:\Program Files\Java\jdk1.8.0_131\jre, sun.arch.data.model=64, user.language=zh, java.specification.vendor=Oracle Corporation, awt.toolkit=sun.awt.windows.WToolkit, java.vm.info=mixed mode, java.version=1.8.0_131, java.ext.dirs=C:\Program Files\Java\jdk1.8.0_131\jre\lib\ext;C:\Windows\Sun\Java\lib\ext, sun.boot.class.path=C:\Program Files\Java\jdk1.8.0_131\jre\lib\resources.jar;C:\Program Files\Java\jdk1.8.0_131\jre\lib\rt.jar;C:\Program Files\Java\jdk1.8.0_131\jre\lib\sunrsasign.jar;C:\Program Files\Java\jdk1.8.0_131\jre\lib\jsse.jar;C:\Program Files\Java\jdk1.8.0_131\jre\lib\jce.jar;C:\Program Files\Java\jdk1.8.0_131\jre\lib\charsets.jar;C:\Program Files\Java\jdk1.8.0_131\jre\lib\jfr.jar;C:\Program Files\Java\jdk1.8.0_131\jre\classes, java.vendor=Oracle Corporation, localRepository=E:\maven-repository, file.separator=\, java.vendor.url.bug=http://bugreport.sun.com/bugreport/, sun.io.unicode.encoding=UnicodeLittle, sun.cpu.endian=little, sun.desktop=windows, sun.cpu.isalist=amd64}}, SystemEnvironmentPropertySource@798622145 {name='systemEnvironment', properties={PATH=D:\MyProgram\orcl\bin;D:\MyProgram\Anaconda3;D:\MyProgram\Anaconda3\Library\mingw-w64\bin;D:\MyProgram\Anaconda3\Library\usr\bin;D:\MyProgram\Anaconda3\Library\bin;D:\MyProgram\Anaconda3\Scripts;C:\ProgramData\Oracle\Java\javapath;C:\Windows\system32;C:\Windows;C:\Windows\System32\Wbem;C:\Windows\System32\WindowsPowerShell\v1.0\;C:\Windows\System32\OpenSSH\;C:\Program Files\Java\jdk1.8.0_131\bin;C:\Program Files\Java\jdk1.8.0_131\jre\bin;C:\Program Files (x86)\MySQL\MySQL Server 5.5\bin;D:\MyProgram\Git\cmd;D:\Maven\bin\;D:\MyProgram\redis-2.8.9;D:\Maven_V_354\apache-maven-3.5.4\bin\;D:\MyProgram\nodejs\;D:\MyProgram\nodejs\npm_modules\;D:\MyProgram\erl10.4\bin;D:\MyProgram\ffmpeg\bin\;D:\MyProgram\OpenSSL-Win64\bin\;D:\MyProgram\Ruby25-x64\bin;C:\Users\xm\AppData\Local\Microsoft\WindowsApps;;D:\MyProgram\JetBrains\IntelliJ IDEA 2019.3.3\bin;;D:\MyProgram\Microsoft VS Code\bin;D:\MyProgram\JetBrains\PyCharm 2019.3.3\bin;;D:\MyProgram\JetBrains\WebStorm 2019.3.3\bin;;C:\Users\xm\AppData\Roaming\npm, USERDOMAIN_ROAMINGPROFILE=DESKTOP-9ENUAHE, PROCESSOR_LEVEL=23, SYSTEMDRIVE=C:, SESSIONNAME=Console, ALLUSERSPROFILE=C:\ProgramData, PROCESSOR_ARCHITECTURE=AMD64, DRIVERDATA=C:\Windows\System32\Drivers\DriverData, MAVEN_HOME=D:\Maven, PROGRAMFILES=C:\Program Files, PSMODULEPATH=C:\Program Files\WindowsPowerShell\Modules;C:\Windows\system32\WindowsPowerShell\v1.0\Modules, PROGRAMDATA=C:\ProgramData, USERNAME=xm, FPS_BROWSER_USER_PROFILE_STRING=Default, ONEDRIVE=C:\Users\xm\OneDrive, PATHEXT=.COM;.EXE;.BAT;.CMD;.VBS;.VBE;.JS;.JSE;.WSF;.WSH;.MSC;.RB;.RBW, MAVEN_HOME2=D:\Maven_V_354\apache-maven-3.5.4, WINDIR=C:\Windows, HOMEPATH=\Users\xm, PROCESSOR_IDENTIFIER=AMD64 Family 23 Model 8 Stepping 2, AuthenticAMD, PUBLIC=C:\Users\Public, =::=::\, LOCALAPPDATA=C:\Users\xm\AppData\Local, COMMONPROGRAMFILES(X86)=C:\Program Files (x86)\Common Files, USERDOMAIN=DESKTOP-9ENUAHE, FPS_BROWSER_APP_PROFILE_STRING=Internet Explorer, LOGONSERVER=\\DESKTOP-9ENUAHE, JAVA_HOME=C:\Program Files\Java\jdk1.8.0_131, PROMPT=$P$G, PROGRAMFILES(X86)=C:\Program Files (x86), INTELLIJ IDEA=D:\MyProgram\JetBrains\IntelliJ IDEA 2019.3.3\bin;, ERLANG_HOME=D:\MyProgram\erl10.4, APPDATA=C:\Users\xm\AppData\Roaming, PROGRAMW6432=C:\Program Files, SYSTEMROOT=C:\Windows, PERL5LIB=D:\MyProgram\orcl\perl\5.8.3\lib\MSWin32-x86;D:\MyProgram\orcl\perl\5.8.3\lib;D:\MyProgram\orcl\perl\5.8.3\lib\MSWin32-x86;D:\MyProgram\orcl\perl\site\5.8.3;D:\MyProgram\orcl\perl\site\5.8.3\lib;D:\MyProgram\orcl\sysman\admin\scripts;, OS=Windows_NT, COMMONPROGRAMW6432=C:\Program Files\Common Files, COMPUTERNAME=DESKTOP-9ENUAHE, COMMONPROGRAMFILES=C:\Program Files\Common Files, COMSPEC=C:\Windows\system32\cmd.exe, CATALINA_HOME=D:\MyProgram\Tomcat\apache-tomcat-7.0.100, PROCESSOR_REVISION=0802, CLASSPATH=.;C:\Program Files\Java\jdk1.8.0_131\lib;C:\Program Files\Java\jdk1.8.0_131\lib\tools.jar, PYCHARM=D:\MyProgram\JetBrains\PyCharm 2019.3.3\bin;, RUBYOPT=-Eutf-8, =D:=D:\Code\IdeaProjects\manageSystem-ssm\ms-ssm-web, TEMP=C:\Users\xm\AppData\Local\Temp, HOMEDRIVE=C:, USERPROFILE=C:\Users\xm, TMP=C:\Users\xm\AppData\Local\Temp, WEBSTORM=D:\MyProgram\JetBrains\WebStorm 2019.3.3\bin;, NUMBER_OF_PROCESSORS=12, IDEA_INITIAL_DIRECTORY=C:\Users\xm\Desktop}}]
2020-04-25 21:46:36,086 2346   [           main] INFO  ry.xml.XmlBeanDefinitionReader  - Loading XML bean definitions from class path resource [applicationContext.xml]
2020-04-25 21:46:36,087 2347   [           main] DEBUG tory.xml.DefaultDocumentLoader  - Using JAXP provider [com.sun.org.apache.xerces.internal.jaxp.DocumentBuilderFactoryImpl]
2020-04-25 21:46:36,088 2348   [           main] DEBUG ry.xml.PluggableSchemaResolver  - Loading schema mappings from [META-INF/spring.schemas]
2020-04-25 21:46:36,089 2349   [           main] DEBUG ry.xml.PluggableSchemaResolver  - Loaded schema mappings: {http://www.springframework.org/schema/tx/spring-tx-4.3.xsd=org/springframework/transaction/config/spring-tx.xsd, http://www.springframework.org/schema/tx/spring-tx-2.5.xsd=org/springframework/transaction/config/spring-tx.xsd, http://www.springframework.org/schema/cache/spring-cache-4.2.xsd=org/springframework/cache/config/spring-cache.xsd, http://www.springframework.org/schema/aop/spring-aop-4.1.xsd=org/springframework/aop/config/spring-aop.xsd, http://www.springframework.org/schema/context/spring-context-3.1.xsd=org/springframework/context/config/spring-context.xsd, http://www.springframework.org/schema/jdbc/spring-jdbc-4.1.xsd=org/springframework/jdbc/config/spring-jdbc.xsd, http://www.springframework.org/schema/mvc/spring-mvc-4.1.xsd=org/springframework/web/servlet/config/spring-mvc.xsd, http://www.springframework.org/schema/util/spring-util-3.0.xsd=org/springframework/beans/factory/xml/spring-util.xsd, http://www.springframework.org/schema/security/spring-security-3.0.3.xsd=org/springframework/security/config/spring-security-3.0.3.xsd, http://mybatis.org/schema/mybatis-spring-1.2.xsd=org/mybatis/spring/config/mybatis-spring-1.2.xsd, http://www.springframework.org/schema/tool/spring-tool.xsd=org/springframework/beans/factory/xml/spring-tool.xsd, http://www.springframework.org/schema/aop/spring-aop-3.2.xsd=org/springframework/aop/config/spring-aop.xsd, http://www.springframework.org/schema/security/spring-security-2.0.1.xsd=org/springframework/security/config/spring-security-2.0.1.xsd, http://www.springframework.org/schema/lang/spring-lang-4.1.xsd=org/springframework/scripting/config/spring-lang.xsd, http://www.springframework.org/schema/context/spring-context-4.0.xsd=org/springframework/context/config/spring-context.xsd, http://www.springframework.org/schema/mvc/spring-mvc-3.2.xsd=org/springframework/web/servlet/config/spring-mvc.xsd, http://www.springframework.org/schema/beans/spring-beans-4.2.xsd=org/springframework/beans/factory/xml/spring-beans.xsd, http://www.springframework.org/schema/tool/spring-tool-4.1.xsd=org/springframework/beans/factory/xml/spring-tool.xsd, http://www.springframework.org/schema/lang/spring-lang-3.2.xsd=org/springframework/scripting/config/spring-lang.xsd, http://www.springframework.org/schema/cache/spring-cache-3.2.xsd=org/springframework/cache/config/spring-cache.xsd, http://www.springframework.org/schema/jee/spring-jee-4.1.xsd=org/springframework/ejb/config/spring-jee.xsd, http://www.springframework.org/schema/jdbc/spring-jdbc-3.1.xsd=org/springframework/jdbc/config/spring-jdbc.xsd, http://www.springframework.org/schema/util/spring-util-2.0.xsd=org/springframework/beans/factory/xml/spring-util.xsd, http://www.springframework.org/schema/task/spring-task-4.2.xsd=org/springframework/scheduling/config/spring-task.xsd, http://www.springframework.org/schema/tool/spring-tool-3.2.xsd=org/springframework/beans/factory/xml/spring-tool.xsd, http://www.springframework.org/schema/context/spring-context.xsd=org/springframework/context/config/spring-context.xsd, http://www.springframework.org/schema/tx/spring-tx-4.2.xsd=org/springframework/transaction/config/spring-tx.xsd, http://www.springframework.org/schema/cache/spring-cache-4.1.xsd=org/springframework/cache/config/spring-cache.xsd, http://www.springframework.org/schema/aop/spring-aop-4.0.xsd=org/springframework/aop/config/spring-aop.xsd, http://www.springframework.org/schema/security/spring-security-2.0.xsd=org/springframework/security/config/spring-security-2.0.xsd, http://www.springframework.org/schema/jee/spring-jee-3.2.xsd=org/springframework/ejb/config/spring-jee.xsd, http://www.springframework.org/schema/context/spring-context-3.0.xsd=org/springframework/context/config/spring-context.xsd, http://www.springframework.org/schema/jdbc/spring-jdbc-4.0.xsd=org/springframework/jdbc/config/spring-jdbc.xsd, http://www.springframework.org/schema/mvc/spring-mvc-4.0.xsd=org/springframework/web/servlet/config/spring-mvc.xsd, http://www.springframework.org/schema/util/spring-util-4.3.xsd=org/springframework/beans/factory/xml/spring-util.xsd, http://www.springframework.org/schema/util/spring-util-2.5.xsd=org/springframework/beans/factory/xml/spring-util.xsd, http://www.springframework.org/schema/beans/spring-beans-3.2.xsd=org/springframework/beans/factory/xml/spring-beans.xsd, http://www.springframework.org/schema/aop/spring-aop-3.1.xsd=org/springframework/aop/config/spring-aop.xsd, http://www.springframework.org/schema/lang/spring-lang-4.0.xsd=org/springframework/scripting/config/spring-lang.xsd, http://www.springframework.org/schema/mvc/spring-mvc.xsd=org/springframework/web/servlet/config/spring-mvc.xsd, http://www.springframework.org/schema/mvc/spring-mvc-3.1.xsd=org/springframework/web/servlet/config/spring-mvc.xsd, http://www.springframework.org/schema/beans/spring-beans-4.1.xsd=org/springframework/beans/factory/xml/spring-beans.xsd, http://www.springframework.org/schema/tool/spring-tool-4.0.xsd=org/springframework/beans/factory/xml/spring-tool.xsd, http://www.springframework.org/schema/tx/spring-tx-3.2.xsd=org/springframework/transaction/config/spring-tx.xsd, http://www.springframework.org/schema/lang/spring-lang-3.1.xsd=org/springframework/scripting/config/spring-lang.xsd, http://www.springframework.org/schema/cache/spring-cache-3.1.xsd=org/springframework/cache/config/spring-cache.xsd, http://www.springframework.org/schema/jee/spring-jee-4.0.xsd=org/springframework/ejb/config/spring-jee.xsd, http://www.springframework.org/schema/jdbc/spring-jdbc-3.0.xsd=org/springframework/jdbc/config/spring-jdbc.xsd, http://www.springframework.org/schema/task/spring-task-4.1.xsd=org/springframework/scheduling/config/spring-task.xsd, http://www.springframework.org/schema/tool/spring-tool-3.1.xsd=org/springframework/beans/factory/xml/spring-tool.xsd, http://www.springframework.org/schema/jdbc/spring-jdbc.xsd=org/springframework/jdbc/config/spring-jdbc.xsd, http://www.springframework.org/schema/tx/spring-tx-4.1.xsd=org/springframework/transaction/config/spring-tx.xsd, http://www.springframework.org/schema/cache/spring-cache-4.0.xsd=org/springframework/cache/config/spring-cache.xsd, http://www.springframework.org/schema/jee/spring-jee-3.1.xsd=org/springframework/ejb/config/spring-jee.xsd, http://www.springframework.org/schema/util/spring-util-4.2.xsd=org/springframework/beans/factory/xml/spring-util.xsd, http://www.springframework.org/schema/task/spring-task-3.2.xsd=org/springframework/scheduling/config/spring-task.xsd, http://www.springframework.org/schema/beans/spring-beans-3.1.xsd=org/springframework/beans/factory/xml/spring-beans.xsd, http://www.springframework.org/schema/util/spring-util.xsd=org/springframework/beans/factory/xml/spring-util.xsd, http://www.springframework.org/schema/aop/spring-aop-3.0.xsd=org/springframework/aop/config/spring-aop.xsd, http://www.springframework.org/schema/security/spring-security-4.2.xsd=org/springframework/security/config/spring-security-4.2.xsd, http://www.springframework.org/schema/mvc/spring-mvc-3.0.xsd=org/springframework/web/servlet/config/spring-mvc.xsd, http://www.springframework.org/schema/beans/spring-beans-4.0.xsd=org/springframework/beans/factory/xml/spring-beans.xsd, http://www.springframework.org/schema/beans/spring-beans.xsd=org/springframework/beans/factory/xml/spring-beans.xsd, http://www.springframework.org/schema/security/spring-security-2.0.4.xsd=org/springframework/security/config/spring-security-2.0.4.xsd, http://mybatis.org/schema/mybatis-spring.xsd=org/mybatis/spring/config/mybatis-spring-1.2.xsd, http://www.springframework.org/schema/tx/spring-tx-3.1.xsd=org/springframework/transaction/config/spring-tx.xsd, http://www.springframework.org/schema/lang/spring-lang-3.0.xsd=org/springframework/scripting/config/spring-lang.xsd, http://www.springframework.org/schema/context/spring-context-2.5.xsd=org/springframework/context/config/spring-context.xsd, http://www.springframework.org/schema/context/spring-context-4.3.xsd=org/springframework/context/config/spring-context.xsd, http://www.springframework.org/schema/task/spring-task-4.0.xsd=org/springframework/scheduling/config/spring-task.xsd, http://www.springframework.org/schema/tool/spring-tool-3.0.xsd=org/springframework/beans/factory/xml/spring-tool.xsd, http://www.springframework.org/schema/tx/spring-tx-4.0.xsd=org/springframework/transaction/config/spring-tx.xsd, http://www.springframework.org/schema/aop/spring-aop-2.0.xsd=org/springframework/aop/config/spring-aop.xsd, http://www.springframework.org/schema/security/spring-security-3.2.xsd=org/springframework/security/config/spring-security-3.2.xsd, http://www.springframework.org/schema/jee/spring-jee-3.0.xsd=org/springframework/ejb/config/spring-jee.xsd, http://www.springframework.org/schema/util/spring-util-4.1.xsd=org/springframework/beans/factory/xml/spring-util.xsd, http://www.springframework.org/schema/task/spring-task-3.1.xsd=org/springframework/scheduling/config/spring-task.xsd, http://www.springframework.org/schema/beans/spring-beans-3.0.xsd=org/springframework/beans/factory/xml/spring-beans.xsd, http://www.springframework.org/schema/jee/spring-jee.xsd=org/springframework/ejb/config/spring-jee.xsd, http://www.springframework.org/schema/aop/spring-aop-2.5.xsd=org/springframework/aop/config/spring-aop.xsd, http://www.springframework.org/schema/aop/spring-aop-4.3.xsd=org/springframework/aop/config/spring-aop.xsd, http://www.springframework.org/schema/lang/spring-lang-2.0.xsd=org/springframework/scripting/config/spring-lang.xsd, http://www.springframework.org/schema/security/spring-security-4.1.xsd=org/springframework/security/config/spring-security-4.1.xsd, http://www.springframework.org/schema/jdbc/spring-jdbc-4.3.xsd=org/springframework/jdbc/config/spring-jdbc.xsd, http://www.springframework.org/schema/mvc/spring-mvc-4.3.xsd=org/springframework/web/servlet/config/spring-mvc.xsd, http://www.springframework.org/schema/util/spring-util-3.2.xsd=org/springframework/beans/factory/xml/spring-util.xsd, http://www.springframework.org/schema/task/spring-task.xsd=org/springframework/scheduling/config/spring-task.xsd, http://www.springframework.org/schema/tool/spring-tool-2.0.xsd=org/springframework/beans/factory/xml/spring-tool.xsd, http://www.springframework.org/schema/tx/spring-tx-3.0.xsd=org/springframework/transaction/config/spring-tx.xsd, http://www.springframework.org/schema/lang/spring-lang-2.5.xsd=org/springframework/scripting/config/spring-lang.xsd, http://www.springframework.org/schema/security/spring-security-5.0.xsd=org/springframework/security/config/spring-security-5.0.xsd, http://www.springframework.org/schema/lang/spring-lang-4.3.xsd=org/springframework/scripting/config/spring-lang.xsd, http://www.springframework.org/schema/context/spring-context-4.2.xsd=org/springframework/context/config/spring-context.xsd, http://www.springframework.org/schema/jee/spring-jee-2.0.xsd=org/springframework/ejb/config/spring-jee.xsd, http://www.springframework.org/schema/tool/spring-tool-4.3.xsd=org/springframework/beans/factory/xml/spring-tool.xsd, http://www.springframework.org/schema/tool/spring-tool-2.5.xsd=org/springframework/beans/factory/xml/spring-tool.xsd, http://www.springframework.org/schema/jee/spring-jee-4.3.xsd=org/springframework/ejb/config/spring-jee.xsd, http://www.springframework.org/schema/jee/spring-jee-2.5.xsd=org/springframework/ejb/config/spring-jee.xsd, http://www.springframework.org/schema/security/spring-security-3.1.xsd=org/springframework/security/config/spring-security-3.1.xsd, http://www.springframework.org/schema/util/spring-util-4.0.xsd=org/springframework/beans/factory/xml/spring-util.xsd, http://www.springframework.org/schema/task/spring-task-3.0.xsd=org/springframework/scheduling/config/spring-task.xsd, http://www.springframework.org/schema/cache/spring-cache-4.3.xsd=org/springframework/cache/config/spring-cache.xsd, http://www.springframework.org/schema/aop/spring-aop-4.2.xsd=org/springframework/aop/config/spring-aop.xsd, http://www.springframework.org/schema/security/spring-security-4.0.xsd=org/springframework/security/config/spring-security-4.0.xsd, http://www.springframework.org/schema/lang/spring-lang.xsd=org/springframework/scripting/config/spring-lang.xsd, http://www.springframework.org/schema/context/spring-context-3.2.xsd=org/springframework/context/config/spring-context.xsd, http://www.springframework.org/schema/jdbc/spring-jdbc-4.2.xsd=org/springframework/jdbc/config/spring-jdbc.xsd, http://www.springframework.org/schema/mvc/spring-mvc-4.2.xsd=org/springframework/web/servlet/config/spring-mvc.xsd, http://www.springframework.org/schema/util/spring-util-3.1.xsd=org/springframework/beans/factory/xml/spring-util.xsd, http://www.springframework.org/schema/beans/spring-beans-2.0.xsd=org/springframework/beans/factory/xml/spring-beans.xsd, http://www.springframework.org/schema/cache/spring-cache.xsd=org/springframework/cache/config/spring-cache.xsd, http://www.springframework.org/schema/tx/spring-tx.xsd=org/springframework/transaction/config/spring-tx.xsd, http://www.springframework.org/schema/security/spring-security-2.0.2.xsd=org/springframework/security/config/spring-security-2.0.2.xsd, http://www.springframework.org/schema/lang/spring-lang-4.2.xsd=org/springframework/scripting/config/spring-lang.xsd, http://www.springframework.org/schema/context/spring-context-4.1.xsd=org/springframework/context/config/spring-context.xsd, http://www.springframework.org/schema/beans/spring-beans-4.3.xsd=org/springframework/beans/factory/xml/spring-beans.xsd, http://www.springframework.org/schema/beans/spring-beans-2.5.xsd=org/springframework/beans/factory/xml/spring-beans.xsd, http://www.springframework.org/schema/tool/spring-tool-4.2.xsd=org/springframework/beans/factory/xml/spring-tool.xsd, http://www.springframework.org/schema/tx/spring-tx-2.0.xsd=org/springframework/transaction/config/spring-tx.xsd, http://www.springframework.org/schema/security/spring-security.xsd=org/springframework/security/config/spring-security-5.0.xsd, http://www.springframework.org/schema/security/spring-security-3.0.xsd=org/springframework/security/config/spring-security-3.0.xsd, http://www.springframework.org/schema/jee/spring-jee-4.2.xsd=org/springframework/ejb/config/spring-jee.xsd, http://www.springframework.org/schema/jdbc/spring-jdbc-3.2.xsd=org/springframework/jdbc/config/spring-jdbc.xsd, http://www.springframework.org/schema/task/spring-task-4.3.xsd=org/springframework/scheduling/config/spring-task.xsd, http://www.springframework.org/schema/aop/spring-aop.xsd=org/springframework/aop/config/spring-aop.xsd}
2020-04-25 21:46:36,090 2350   [           main] DEBUG ry.xml.PluggableSchemaResolver  - Found XML schema [http://www.springframework.org/schema/beans/spring-beans.xsd] in classpath: org/springframework/beans/factory/xml/spring-beans.xsd
2020-04-25 21:46:36,095 2355   [           main] DEBUG ry.xml.PluggableSchemaResolver  - Found XML schema [http://www.springframework.org/schema/context/spring-context.xsd] in classpath: org/springframework/context/config/spring-context.xsd
2020-04-25 21:46:36,097 2357   [           main] DEBUG ry.xml.PluggableSchemaResolver  - Found XML schema [http://www.springframework.org/schema/tool/spring-tool.xsd] in classpath: org/springframework/beans/factory/xml/spring-tool.xsd
2020-04-25 21:46:36,100 2360   [           main] DEBUG ry.xml.PluggableSchemaResolver  - Found XML schema [http://www.springframework.org/schema/tx/spring-tx.xsd] in classpath: org/springframework/transaction/config/spring-tx.xsd
2020-04-25 21:46:36,101 2361   [           main] DEBUG ltBeanDefinitionDocumentReader  - Loading bean definitions
2020-04-25 21:46:36,102 2362   [           main] DEBUG efaultNamespaceHandlerResolver  - Loaded NamespaceHandler mappings: {http://www.springframework.org/schema/p=org.springframework.beans.factory.xml.SimplePropertyNamespaceHandler, http://www.springframework.org/schema/mvc=org.springframework.web.servlet.config.MvcNamespaceHandler, http://www.springframework.org/schema/util=org.springframework.beans.factory.xml.UtilNamespaceHandler, http://www.springframework.org/schema/jee=org.springframework.ejb.config.JeeNamespaceHandler, http://www.springframework.org/schema/aop=org.springframework.aop.config.AopNamespaceHandler, http://www.springframework.org/schema/jdbc=org.springframework.jdbc.config.JdbcNamespaceHandler, http://www.springframework.org/schema/cache=org.springframework.cache.config.CacheNamespaceHandler, http://mybatis.org/schema/mybatis-spring=org.mybatis.spring.config.NamespaceHandler, http://www.springframework.org/schema/c=org.springframework.beans.factory.xml.SimpleConstructorNamespaceHandler, http://www.springframework.org/schema/security=org.springframework.security.config.SecurityNamespaceHandler, http://www.springframework.org/schema/tx=org.springframework.transaction.config.TxNamespaceHandler, http://www.springframework.org/schema/task=org.springframework.scheduling.config.TaskNamespaceHandler, http://www.springframework.org/schema/lang=org.springframework.scripting.config.LangNamespaceHandler, http://www.springframework.org/schema/context=org.springframework.context.config.ContextNamespaceHandler}
2020-04-25 21:46:36,102 2362   [           main] DEBUG ClassPathBeanDefinitionScanner  - JSR-250 'javax.annotation.ManagedBean' found and supported for component scanning
2020-04-25 21:46:36,103 2363   [           main] DEBUG atchingResourcePatternResolver  - Resolved classpath location [com/xumeng/service/] to resources [URL [jar:file:/D:/Code/IdeaProjects/manageSystem-ssm/ms-ssm-service/target/ms-ssm-service-1.0-SNAPSHOT.jar!/com/xumeng/service/]]
2020-04-25 21:46:36,103 2363   [           main] DEBUG atchingResourcePatternResolver  - Looking for matching resources in jar file [file:/D:/Code/IdeaProjects/manageSystem-ssm/ms-ssm-service/target/ms-ssm-service-1.0-SNAPSHOT.jar]
2020-04-25 21:46:36,104 2364   [           main] DEBUG atchingResourcePatternResolver  - Resolved location pattern [classpath*:com/xumeng/service/**/*.class] to resources [URL [jar:file:/D:/Code/IdeaProjects/manageSystem-ssm/ms-ssm-service/target/ms-ssm-service-1.0-SNAPSHOT.jar!/com/xumeng/service/IMemberService.class], URL [jar:file:/D:/Code/IdeaProjects/manageSystem-ssm/ms-ssm-service/target/ms-ssm-service-1.0-SNAPSHOT.jar!/com/xumeng/service/impl/MemberServiceImpl.class], URL [jar:file:/D:/Code/IdeaProjects/manageSystem-ssm/ms-ssm-service/target/ms-ssm-service-1.0-SNAPSHOT.jar!/com/xumeng/service/impl/OrderServiceImpl.class], URL [jar:file:/D:/Code/IdeaProjects/manageSystem-ssm/ms-ssm-service/target/ms-ssm-service-1.0-SNAPSHOT.jar!/com/xumeng/service/impl/PermissionServiceImpl.class], URL [jar:file:/D:/Code/IdeaProjects/manageSystem-ssm/ms-ssm-service/target/ms-ssm-service-1.0-SNAPSHOT.jar!/com/xumeng/service/impl/ProductServiceImpl.class], URL [jar:file:/D:/Code/IdeaProjects/manageSystem-ssm/ms-ssm-service/target/ms-ssm-service-1.0-SNAPSHOT.jar!/com/xumeng/service/impl/TravellerServiceImpl.class], URL [jar:file:/D:/Code/IdeaProjects/manageSystem-ssm/ms-ssm-service/target/ms-ssm-service-1.0-SNAPSHOT.jar!/com/xumeng/service/impl/UserServiceImpl.class], URL [jar:file:/D:/Code/IdeaProjects/manageSystem-ssm/ms-ssm-service/target/ms-ssm-service-1.0-SNAPSHOT.jar!/com/xumeng/service/IOrderService.class], URL [jar:file:/D:/Code/IdeaProjects/manageSystem-ssm/ms-ssm-service/target/ms-ssm-service-1.0-SNAPSHOT.jar!/com/xumeng/service/IPermissionService.class], URL [jar:file:/D:/Code/IdeaProjects/manageSystem-ssm/ms-ssm-service/target/ms-ssm-service-1.0-SNAPSHOT.jar!/com/xumeng/service/IProductService.class], URL [jar:file:/D:/Code/IdeaProjects/manageSystem-ssm/ms-ssm-service/target/ms-ssm-service-1.0-SNAPSHOT.jar!/com/xumeng/service/ITravellerService.class], URL [jar:file:/D:/Code/IdeaProjects/manageSystem-ssm/ms-ssm-service/target/ms-ssm-service-1.0-SNAPSHOT.jar!/com/xumeng/service/IUserService.class]]
2020-04-25 21:46:36,104 2364   [           main] DEBUG ClassPathBeanDefinitionScanner  - Identified candidate component class: URL [jar:file:/D:/Code/IdeaProjects/manageSystem-ssm/ms-ssm-service/target/ms-ssm-service-1.0-SNAPSHOT.jar!/com/xumeng/service/impl/MemberServiceImpl.class]
2020-04-25 21:46:36,105 2365   [           main] DEBUG ClassPathBeanDefinitionScanner  - Identified candidate component class: URL [jar:file:/D:/Code/IdeaProjects/manageSystem-ssm/ms-ssm-service/target/ms-ssm-service-1.0-SNAPSHOT.jar!/com/xumeng/service/impl/OrderServiceImpl.class]
2020-04-25 21:46:36,105 2365   [           main] DEBUG ClassPathBeanDefinitionScanner  - Identified candidate component class: URL [jar:file:/D:/Code/IdeaProjects/manageSystem-ssm/ms-ssm-service/target/ms-ssm-service-1.0-SNAPSHOT.jar!/com/xumeng/service/impl/PermissionServiceImpl.class]
2020-04-25 21:46:36,105 2365   [           main] DEBUG ClassPathBeanDefinitionScanner  - Identified candidate component class: URL [jar:file:/D:/Code/IdeaProjects/manageSystem-ssm/ms-ssm-service/target/ms-ssm-service-1.0-SNAPSHOT.jar!/com/xumeng/service/impl/ProductServiceImpl.class]
2020-04-25 21:46:36,105 2365   [           main] DEBUG ClassPathBeanDefinitionScanner  - Identified candidate component class: URL [jar:file:/D:/Code/IdeaProjects/manageSystem-ssm/ms-ssm-service/target/ms-ssm-service-1.0-SNAPSHOT.jar!/com/xumeng/service/impl/TravellerServiceImpl.class]
2020-04-25 21:46:36,106 2366   [           main] DEBUG ClassPathBeanDefinitionScanner  - Identified candidate component class: URL [jar:file:/D:/Code/IdeaProjects/manageSystem-ssm/ms-ssm-service/target/ms-ssm-service-1.0-SNAPSHOT.jar!/com/xumeng/service/impl/UserServiceImpl.class]
2020-04-25 21:46:36,108 2368   [           main] DEBUG ClassPathBeanDefinitionScanner  - JSR-250 'javax.annotation.ManagedBean' found and supported for component scanning
2020-04-25 21:46:36,108 2368   [           main] DEBUG atchingResourcePatternResolver  - Resolved classpath location [com/xumeng/dao/] to resources [URL [jar:file:/D:/Code/IdeaProjects/manageSystem-ssm/ms-ssm-dao/target/ms-ssm-dao-1.0-SNAPSHOT.jar!/com/xumeng/dao/]]
2020-04-25 21:46:36,109 2369   [           main] DEBUG atchingResourcePatternResolver  - Looking for matching resources in jar file [file:/D:/Code/IdeaProjects/manageSystem-ssm/ms-ssm-dao/target/ms-ssm-dao-1.0-SNAPSHOT.jar]
2020-04-25 21:46:36,109 2369   [           main] DEBUG atchingResourcePatternResolver  - Resolved location pattern [classpath*:com/xumeng/dao/**/*.class] to resources [URL [jar:file:/D:/Code/IdeaProjects/manageSystem-ssm/ms-ssm-dao/target/ms-ssm-dao-1.0-SNAPSHOT.jar!/com/xumeng/dao/IMemberDao.class], URL [jar:file:/D:/Code/IdeaProjects/manageSystem-ssm/ms-ssm-dao/target/ms-ssm-dao-1.0-SNAPSHOT.jar!/com/xumeng/dao/IOrderDao.class], URL [jar:file:/D:/Code/IdeaProjects/manageSystem-ssm/ms-ssm-dao/target/ms-ssm-dao-1.0-SNAPSHOT.jar!/com/xumeng/dao/IPermissionDao.class], URL [jar:file:/D:/Code/IdeaProjects/manageSystem-ssm/ms-ssm-dao/target/ms-ssm-dao-1.0-SNAPSHOT.jar!/com/xumeng/dao/IProductDao.class], URL [jar:file:/D:/Code/IdeaProjects/manageSystem-ssm/ms-ssm-dao/target/ms-ssm-dao-1.0-SNAPSHOT.jar!/com/xumeng/dao/IRoleDao.class], URL [jar:file:/D:/Code/IdeaProjects/manageSystem-ssm/ms-ssm-dao/target/ms-ssm-dao-1.0-SNAPSHOT.jar!/com/xumeng/dao/ITravellerDao.class], URL [jar:file:/D:/Code/IdeaProjects/manageSystem-ssm/ms-ssm-dao/target/ms-ssm-dao-1.0-SNAPSHOT.jar!/com/xumeng/dao/IUserDao.class]]
2020-04-25 21:46:36,111 2371   [           main] DEBUG l.BeanDefinitionParserDelegate  - Neither XML 'id' nor 'name' specified - using generated bean name [com.github.pagehelper.PageInterceptor#6e4de19b]
2020-04-25 21:46:36,111 2371   [           main] DEBUG ry.xml.XmlBeanDefinitionReader  - Loaded 22 bean definitions from location pattern [classpath:applicationContext.xml]
2020-04-25 21:46:36,111 2371   [           main] INFO  port.GenericApplicationContext  - Refreshing org.springframework.context.support.GenericApplicationContext@21aa6d6c: startup date [Sat Apr 25 21:46:36 CST 2020]; root of context hierarchy
2020-04-25 21:46:36,111 2371   [           main] DEBUG port.GenericApplicationContext  - Bean factory for org.springframework.context.support.GenericApplicationContext@21aa6d6c: org.springframework.beans.factory.support.DefaultListableBeanFactory@f6c03cb: defining beans [memberServiceImpl,orderServiceImpl,permissionServiceImpl,productServiceImpl,travellerServiceImpl,userService,org.springframework.context.annotation.internalConfigurationAnnotationProcessor,org.springframework.context.annotation.internalAutowiredAnnotationProcessor,org.springframework.context.annotation.internalRequiredAnnotationProcessor,org.springframework.context.annotation.internalCommonAnnotationProcessor,org.springframework.context.event.internalEventListenerProcessor,org.springframework.context.event.internalEventListenerFactory,org.springframework.context.support.PropertySourcesPlaceholderConfigurer#0,dataSource,sqlSessionFactory,mapperScanner,transactionManager,org.springframework.transaction.config.internalTransactionalEventListenerFactory,org.springframework.aop.config.internalAutoProxyCreator,org.springframework.transaction.annotation.AnnotationTransactionAttributeSource#0,org.springframework.transaction.interceptor.TransactionInterceptor#0,org.springframework.transaction.config.internalTransactionAdvisor]; root of factory hierarchy
2020-04-25 21:46:36,112 2372   [           main] DEBUG ort.DefaultListableBeanFactory  - Creating shared instance of singleton bean 'org.springframework.context.annotation.internalConfigurationAnnotationProcessor'
2020-04-25 21:46:36,112 2372   [           main] DEBUG ort.DefaultListableBeanFactory  - Creating instance of bean 'org.springframework.context.annotation.internalConfigurationAnnotationProcessor'
2020-04-25 21:46:36,112 2372   [           main] DEBUG ort.DefaultListableBeanFactory  - Eagerly caching bean 'org.springframework.context.annotation.internalConfigurationAnnotationProcessor' to allow for resolving potential circular references
2020-04-25 21:46:36,112 2372   [           main] DEBUG ort.DefaultListableBeanFactory  - Finished creating instance of bean 'org.springframework.context.annotation.internalConfigurationAnnotationProcessor'
2020-04-25 21:46:36,122 2382   [           main] DEBUG ort.DefaultListableBeanFactory  - Creating shared instance of singleton bean 'mapperScanner'
2020-04-25 21:46:36,122 2382   [           main] DEBUG ort.DefaultListableBeanFactory  - Creating instance of bean 'mapperScanner'
2020-04-25 21:46:36,123 2383   [           main] DEBUG ort.DefaultListableBeanFactory  - Eagerly caching bean 'mapperScanner' to allow for resolving potential circular references
2020-04-25 21:46:36,124 2384   [           main] DEBUG ort.DefaultListableBeanFactory  - Invoking afterPropertiesSet() on bean with name 'mapperScanner'
2020-04-25 21:46:36,124 2384   [           main] DEBUG ort.DefaultListableBeanFactory  - Finished creating instance of bean 'mapperScanner'
2020-04-25 21:46:36,124 2384   [           main] DEBUG k.core.env.StandardEnvironment  - Adding PropertySource 'systemProperties' with lowest search precedence
2020-04-25 21:46:36,124 2384   [           main] DEBUG k.core.env.StandardEnvironment  - Adding PropertySource 'systemEnvironment' with lowest search precedence
2020-04-25 21:46:36,125 2385   [           main] DEBUG k.core.env.StandardEnvironment  - Initialized StandardEnvironment with PropertySources [MapPropertySource@1734184086 {name='systemProperties', properties={java.runtime.name=Java(TM) SE Runtime Environment, sun.boot.library.path=C:\Program Files\Java\jdk1.8.0_131\jre\bin, java.vm.version=25.131-b11, java.vm.vendor=Oracle Corporation, java.vendor.url=http://java.oracle.com/, path.separator=;, java.vm.name=Java HotSpot(TM) 64-Bit Server VM, file.encoding.pkg=sun.io, user.country=CN, user.script=, sun.java.launcher=SUN_STANDARD, sun.os.patch.level=, java.vm.specification.name=Java Virtual Machine Specification, user.dir=D:\Code\IdeaProjects\manageSystem-ssm\ms-ssm-web, java.runtime.version=1.8.0_131-b11, basedir=D:\Code\IdeaProjects\manageSystem-ssm\ms-ssm-web, java.awt.graphicsenv=sun.awt.Win32GraphicsEnvironment, java.endorsed.dirs=C:\Program Files\Java\jdk1.8.0_131\jre\lib\endorsed, os.arch=amd64, surefire.real.class.path=C:\Users\xm\AppData\Local\Temp\surefire7497552715305907156\surefirebooter6811015789613867580.jar, java.io.tmpdir=C:\Users\xm\AppData\Local\Temp\, line.separator=
, java.vm.specification.vendor=Oracle Corporation, user.variant=, os.name=Windows 10, sun.jnu.encoding=GBK, java.library.path=C:\Program Files\Java\jdk1.8.0_131\jre\bin;C:\Windows\Sun\Java\bin;C:\Windows\system32;C:\Windows;D:\MyProgram\orcl\bin;D:\MyProgram\Anaconda3;D:\MyProgram\Anaconda3\Library\mingw-w64\bin;D:\MyProgram\Anaconda3\Library\usr\bin;D:\MyProgram\Anaconda3\Library\bin;D:\MyProgram\Anaconda3\Scripts;C:\ProgramData\Oracle\Java\javapath;C:\Windows\system32;C:\Windows;C:\Windows\System32\Wbem;C:\Windows\System32\WindowsPowerShell\v1.0\;C:\Windows\System32\OpenSSH\;C:\Program Files\Java\jdk1.8.0_131\bin;C:\Program Files\Java\jdk1.8.0_131\jre\bin;C:\Program Files (x86)\MySQL\MySQL Server 5.5\bin;D:\MyProgram\Git\cmd;D:\Maven\bin\;D:\MyProgram\redis-2.8.9;D:\Maven_V_354\apache-maven-3.5.4\bin\;D:\MyProgram\nodejs\;D:\MyProgram\nodejs\npm_modules\;D:\MyProgram\erl10.4\bin;D:\MyProgram\ffmpeg\bin\;D:\MyProgram\OpenSSL-Win64\bin\;D:\MyProgram\Ruby25-x64\bin;C:\Users\xm\AppData\Local\Microsoft\WindowsApps;;D:\MyProgram\JetBrains\IntelliJ IDEA 2019.3.3\bin;;D:\MyProgram\Microsoft VS Code\bin;D:\MyProgram\JetBrains\PyCharm 2019.3.3\bin;;D:\MyProgram\JetBrains\WebStorm 2019.3.3\bin;;C:\Users\xm\AppData\Roaming\npm;., surefire.test.class.path=D:\Code\IdeaProjects\manageSystem-ssm\ms-ssm-web\target\test-classes;D:\Code\IdeaProjects\manageSystem-ssm\ms-ssm-web\target\classes;E:\maven-repository\junit\junit\4.12\junit-4.12.jar;E:\maven-repository\org\hamcrest\hamcrest-core\1.3\hamcrest-core-1.3.jar;D:\Code\IdeaProjects\manageSystem-ssm\ms-ssm-domain\target\ms-ssm-domain-1.0-SNAPSHOT.jar;D:\Code\IdeaProjects\manageSystem-ssm\ms-ssm-utils\target\ms-ssm-utils-1.0-SNAPSHOT.jar;D:\Code\IdeaProjects\manageSystem-ssm\ms-ssm-service\target\ms-ssm-service-1.0-SNAPSHOT.jar;D:\Code\IdeaProjects\manageSystem-ssm\ms-ssm-dao\target\ms-ssm-dao-1.0-SNAPSHOT.jar;E:\maven-repository\com\fasterxml\jackson\core\jackson-databind\2.9.7\jackson-databind-2.9.7.jar;E:\maven-repository\com\fasterxml\jackson\core\jackson-annotations\2.9.0\jackson-annotations-2.9.0.jar;E:\maven-repository\com\fasterxml\jackson\core\jackson-core\2.9.7\jackson-core-2.9.7.jar;E:\maven-repository\com\github\pagehelper\pagehelper\5.1.2\pagehelper-5.1.2.jar;E:\maven-repository\com\github\jsqlparser\jsqlparser\1.0\jsqlparser-1.0.jar;E:\maven-repository\javax\annotation\javax.annotation-api\1.3.1\javax.annotation-api-1.3.1.jar;E:\maven-repository\org\springframework\security\spring-security-web\5.0.1.RELEASE\spring-security-web-5.0.1.RELEASE.jar;E:\maven-repository\org\springframework\spring-expression\5.0.3.RELEASE\spring-expression-5.0.3.RELEASE.jar;E:\maven-repository\org\springframework\security\spring-security-config\5.0.1.RELEASE\spring-security-config-5.0.1.RELEASE.jar;E:\maven-repository\org\springframework\security\spring-security-core\5.0.1.RELEASE\spring-security-core-5.0.1.RELEASE.jar;E:\maven-repository\org\springframework\security\spring-security-taglibs\5.0.1.RELEASE\spring-security-taglibs-5.0.1.RELEASE.jar;E:\maven-repository\org\springframework\security\spring-security-acl\5.0.1.RELEASE\spring-security-acl-5.0.1.RELEASE.jar;E:\maven-repository\org\aspectj\aspectjweaver\1.6.8\aspectjweaver-1.6.8.jar;E:\maven-repository\org\springframework\spring-aop\5.0.2.RELEASE\spring-aop-5.0.2.RELEASE.jar;E:\maven-repository\org\springframework\spring-context\5.0.2.RELEASE\spring-context-5.0.2.RELEASE.jar;E:\maven-repository\org\springframework\spring-context-support\5.0.2.RELEASE\spring-context-support-5.0.2.RELEASE.jar;E:\maven-repository\org\springframework\spring-web\5.0.2.RELEASE\spring-web-5.0.2.RELEASE.jar;E:\maven-repository\org\springframework\spring-orm\5.0.2.RELEASE\spring-orm-5.0.2.RELEASE.jar;E:\maven-repository\org\springframework\spring-jdbc\5.0.2.RELEASE\spring-jdbc-5.0.2.RELEASE.jar;E:\maven-repository\org\springframework\spring-beans\5.0.2.RELEASE\spring-beans-5.0.2.RELEASE.jar;E:\maven-repository\org\springframework\spring-core\5.0.2.RELEASE\spring-core-5.0.2.RELEASE.jar;E:\maven-repository\org\springframework\spring-jcl\5.0.2.RELEASE\spring-jcl-5.0.2.RELEASE.jar;E:\maven-repository\org\springframework\spring-test\5.0.2.RELEASE\spring-test-5.0.2.RELEASE.jar;E:\maven-repository\org\springframework\spring-webmvc\5.0.2.RELEASE\spring-webmvc-5.0.2.RELEASE.jar;E:\maven-repository\org\springframework\spring-tx\5.0.2.RELEASE\spring-tx-5.0.2.RELEASE.jar;E:\maven-repository\javax\servlet\javax.servlet-api\3.1.0\javax.servlet-api-3.1.0.jar;E:\maven-repository\javax\servlet\jsp\jsp-api\2.0\jsp-api-2.0.jar;E:\maven-repository\jstl\jstl\1.2\jstl-1.2.jar;E:\maven-repository\log4j\log4j\1.2.12\log4j-1.2.12.jar;E:\maven-repository\org\slf4j\slf4j-api\1.6.6\slf4j-api-1.6.6.jar;E:\maven-repository\org\slf4j\slf4j-log4j12\1.6.6\slf4j-log4j12-1.6.6.jar;E:\maven-repository\org\mybatis\mybatis\3.4.5\mybatis-3.4.5.jar;E:\maven-repository\org\mybatis\mybatis-spring\1.3.0\mybatis-spring-1.3.0.jar;E:\maven-repository\c3p0\c3p0\0.9.1.2\c3p0-0.9.1.2.jar;E:\maven-repository\mysql\mysql-connector-java\5.1.6\mysql-connector-java-5.1.6.jar;E:\maven-repository\javax\annotation\jsr250-api\1.0\jsr250-api-1.0.jar;E:\maven-repository\org\projectlombok\lombok\1.16.16\lombok-1.16.16.jar;, java.specification.name=Java Platform API Specification, java.class.version=52.0, sun.management.compiler=HotSpot 64-Bit Tiered Compilers, maven.repo.local=E:\maven-repository, idea.version2019.3.3=true, os.version=10.0, user.home=C:\Users\xm, user.timezone=Asia/Shanghai, java.awt.printerjob=sun.awt.windows.WPrinterJob, file.encoding=GBK, java.specification.version=1.8, java.class.path=D:\Code\IdeaProjects\manageSystem-ssm\ms-ssm-web\target\test-classes;D:\Code\IdeaProjects\manageSystem-ssm\ms-ssm-web\target\classes;E:\maven-repository\junit\junit\4.12\junit-4.12.jar;E:\maven-repository\org\hamcrest\hamcrest-core\1.3\hamcrest-core-1.3.jar;D:\Code\IdeaProjects\manageSystem-ssm\ms-ssm-domain\target\ms-ssm-domain-1.0-SNAPSHOT.jar;D:\Code\IdeaProjects\manageSystem-ssm\ms-ssm-utils\target\ms-ssm-utils-1.0-SNAPSHOT.jar;D:\Code\IdeaProjects\manageSystem-ssm\ms-ssm-service\target\ms-ssm-service-1.0-SNAPSHOT.jar;D:\Code\IdeaProjects\manageSystem-ssm\ms-ssm-dao\target\ms-ssm-dao-1.0-SNAPSHOT.jar;E:\maven-repository\com\fasterxml\jackson\core\jackson-databind\2.9.7\jackson-databind-2.9.7.jar;E:\maven-repository\com\fasterxml\jackson\core\jackson-annotations\2.9.0\jackson-annotations-2.9.0.jar;E:\maven-repository\com\fasterxml\jackson\core\jackson-core\2.9.7\jackson-core-2.9.7.jar;E:\maven-repository\com\github\pagehelper\pagehelper\5.1.2\pagehelper-5.1.2.jar;E:\maven-repository\com\github\jsqlparser\jsqlparser\1.0\jsqlparser-1.0.jar;E:\maven-repository\javax\annotation\javax.annotation-api\1.3.1\javax.annotation-api-1.3.1.jar;E:\maven-repository\org\springframework\security\spring-security-web\5.0.1.RELEASE\spring-security-web-5.0.1.RELEASE.jar;E:\maven-repository\org\springframework\spring-expression\5.0.3.RELEASE\spring-expression-5.0.3.RELEASE.jar;E:\maven-repository\org\springframework\security\spring-security-config\5.0.1.RELEASE\spring-security-config-5.0.1.RELEASE.jar;E:\maven-repository\org\springframework\security\spring-security-core\5.0.1.RELEASE\spring-security-core-5.0.1.RELEASE.jar;E:\maven-repository\org\springframework\security\spring-security-taglibs\5.0.1.RELEASE\spring-security-taglibs-5.0.1.RELEASE.jar;E:\maven-repository\org\springframework\security\spring-security-acl\5.0.1.RELEASE\spring-security-acl-5.0.1.RELEASE.jar;E:\maven-repository\org\aspectj\aspectjweaver\1.6.8\aspectjweaver-1.6.8.jar;E:\maven-repository\org\springframework\spring-aop\5.0.2.RELEASE\spring-aop-5.0.2.RELEASE.jar;E:\maven-repository\org\springframework\spring-context\5.0.2.RELEASE\spring-context-5.0.2.RELEASE.jar;E:\maven-repository\org\springframework\spring-context-support\5.0.2.RELEASE\spring-context-support-5.0.2.RELEASE.jar;E:\maven-repository\org\springframework\spring-web\5.0.2.RELEASE\spring-web-5.0.2.RELEASE.jar;E:\maven-repository\org\springframework\spring-orm\5.0.2.RELEASE\spring-orm-5.0.2.RELEASE.jar;E:\maven-repository\org\springframework\spring-jdbc\5.0.2.RELEASE\spring-jdbc-5.0.2.RELEASE.jar;E:\maven-repository\org\springframework\spring-beans\5.0.2.RELEASE\spring-beans-5.0.2.RELEASE.jar;E:\maven-repository\org\springframework\spring-core\5.0.2.RELEASE\spring-core-5.0.2.RELEASE.jar;E:\maven-repository\org\springframework\spring-jcl\5.0.2.RELEASE\spring-jcl-5.0.2.RELEASE.jar;E:\maven-repository\org\springframework\spring-test\5.0.2.RELEASE\spring-test-5.0.2.RELEASE.jar;E:\maven-repository\org\springframework\spring-webmvc\5.0.2.RELEASE\spring-webmvc-5.0.2.RELEASE.jar;E:\maven-repository\org\springframework\spring-tx\5.0.2.RELEASE\spring-tx-5.0.2.RELEASE.jar;E:\maven-repository\javax\servlet\javax.servlet-api\3.1.0\javax.servlet-api-3.1.0.jar;E:\maven-repository\javax\servlet\jsp\jsp-api\2.0\jsp-api-2.0.jar;E:\maven-repository\jstl\jstl\1.2\jstl-1.2.jar;E:\maven-repository\log4j\log4j\1.2.12\log4j-1.2.12.jar;E:\maven-repository\org\slf4j\slf4j-api\1.6.6\slf4j-api-1.6.6.jar;E:\maven-repository\org\slf4j\slf4j-log4j12\1.6.6\slf4j-log4j12-1.6.6.jar;E:\maven-repository\org\mybatis\mybatis\3.4.5\mybatis-3.4.5.jar;E:\maven-repository\org\mybatis\mybatis-spring\1.3.0\mybatis-spring-1.3.0.jar;E:\maven-repository\c3p0\c3p0\0.9.1.2\c3p0-0.9.1.2.jar;E:\maven-repository\mysql\mysql-connector-java\5.1.6\mysql-connector-java-5.1.6.jar;E:\maven-repository\javax\annotation\jsr250-api\1.0\jsr250-api-1.0.jar;E:\maven-repository\org\projectlombok\lombok\1.16.16\lombok-1.16.16.jar;, user.name=xm, java.vm.specification.version=1.8, sun.java.command=C:\Users\xm\AppData\Local\Temp\surefire7497552715305907156\surefirebooter6811015789613867580.jar C:\Users\xm\AppData\Local\Temp\surefire7497552715305907156 2020-04-25T21-46-33_033-jvmRun1 surefire7780568927660488430tmp surefire_03629623413987528247tmp, java.home=C:\Program Files\Java\jdk1.8.0_131\jre, sun.arch.data.model=64, user.language=zh, java.specification.vendor=Oracle Corporation, awt.toolkit=sun.awt.windows.WToolkit, java.vm.info=mixed mode, java.version=1.8.0_131, java.ext.dirs=C:\Program Files\Java\jdk1.8.0_131\jre\lib\ext;C:\Windows\Sun\Java\lib\ext, sun.boot.class.path=C:\Program Files\Java\jdk1.8.0_131\jre\lib\resources.jar;C:\Program Files\Java\jdk1.8.0_131\jre\lib\rt.jar;C:\Program Files\Java\jdk1.8.0_131\jre\lib\sunrsasign.jar;C:\Program Files\Java\jdk1.8.0_131\jre\lib\jsse.jar;C:\Program Files\Java\jdk1.8.0_131\jre\lib\jce.jar;C:\Program Files\Java\jdk1.8.0_131\jre\lib\charsets.jar;C:\Program Files\Java\jdk1.8.0_131\jre\lib\jfr.jar;C:\Program Files\Java\jdk1.8.0_131\jre\classes, java.vendor=Oracle Corporation, localRepository=E:\maven-repository, file.separator=\, java.vendor.url.bug=http://bugreport.sun.com/bugreport/, sun.io.unicode.encoding=UnicodeLittle, sun.cpu.endian=little, sun.desktop=windows, sun.cpu.isalist=amd64}}, SystemEnvironmentPropertySource@1947941827 {name='systemEnvironment', properties={PATH=D:\MyProgram\orcl\bin;D:\MyProgram\Anaconda3;D:\MyProgram\Anaconda3\Library\mingw-w64\bin;D:\MyProgram\Anaconda3\Library\usr\bin;D:\MyProgram\Anaconda3\Library\bin;D:\MyProgram\Anaconda3\Scripts;C:\ProgramData\Oracle\Java\javapath;C:\Windows\system32;C:\Windows;C:\Windows\System32\Wbem;C:\Windows\System32\WindowsPowerShell\v1.0\;C:\Windows\System32\OpenSSH\;C:\Program Files\Java\jdk1.8.0_131\bin;C:\Program Files\Java\jdk1.8.0_131\jre\bin;C:\Program Files (x86)\MySQL\MySQL Server 5.5\bin;D:\MyProgram\Git\cmd;D:\Maven\bin\;D:\MyProgram\redis-2.8.9;D:\Maven_V_354\apache-maven-3.5.4\bin\;D:\MyProgram\nodejs\;D:\MyProgram\nodejs\npm_modules\;D:\MyProgram\erl10.4\bin;D:\MyProgram\ffmpeg\bin\;D:\MyProgram\OpenSSL-Win64\bin\;D:\MyProgram\Ruby25-x64\bin;C:\Users\xm\AppData\Local\Microsoft\WindowsApps;;D:\MyProgram\JetBrains\IntelliJ IDEA 2019.3.3\bin;;D:\MyProgram\Microsoft VS Code\bin;D:\MyProgram\JetBrains\PyCharm 2019.3.3\bin;;D:\MyProgram\JetBrains\WebStorm 2019.3.3\bin;;C:\Users\xm\AppData\Roaming\npm, USERDOMAIN_ROAMINGPROFILE=DESKTOP-9ENUAHE, PROCESSOR_LEVEL=23, SYSTEMDRIVE=C:, SESSIONNAME=Console, ALLUSERSPROFILE=C:\ProgramData, PROCESSOR_ARCHITECTURE=AMD64, DRIVERDATA=C:\Windows\System32\Drivers\DriverData, MAVEN_HOME=D:\Maven, PROGRAMFILES=C:\Program Files, PSMODULEPATH=C:\Program Files\WindowsPowerShell\Modules;C:\Windows\system32\WindowsPowerShell\v1.0\Modules, PROGRAMDATA=C:\ProgramData, USERNAME=xm, FPS_BROWSER_USER_PROFILE_STRING=Default, ONEDRIVE=C:\Users\xm\OneDrive, PATHEXT=.COM;.EXE;.BAT;.CMD;.VBS;.VBE;.JS;.JSE;.WSF;.WSH;.MSC;.RB;.RBW, MAVEN_HOME2=D:\Maven_V_354\apache-maven-3.5.4, WINDIR=C:\Windows, HOMEPATH=\Users\xm, PROCESSOR_IDENTIFIER=AMD64 Family 23 Model 8 Stepping 2, AuthenticAMD, PUBLIC=C:\Users\Public, =::=::\, LOCALAPPDATA=C:\Users\xm\AppData\Local, COMMONPROGRAMFILES(X86)=C:\Program Files (x86)\Common Files, USERDOMAIN=DESKTOP-9ENUAHE, FPS_BROWSER_APP_PROFILE_STRING=Internet Explorer, LOGONSERVER=\\DESKTOP-9ENUAHE, JAVA_HOME=C:\Program Files\Java\jdk1.8.0_131, PROMPT=$P$G, PROGRAMFILES(X86)=C:\Program Files (x86), INTELLIJ IDEA=D:\MyProgram\JetBrains\IntelliJ IDEA 2019.3.3\bin;, ERLANG_HOME=D:\MyProgram\erl10.4, APPDATA=C:\Users\xm\AppData\Roaming, PROGRAMW6432=C:\Program Files, SYSTEMROOT=C:\Windows, PERL5LIB=D:\MyProgram\orcl\perl\5.8.3\lib\MSWin32-x86;D:\MyProgram\orcl\perl\5.8.3\lib;D:\MyProgram\orcl\perl\5.8.3\lib\MSWin32-x86;D:\MyProgram\orcl\perl\site\5.8.3;D:\MyProgram\orcl\perl\site\5.8.3\lib;D:\MyProgram\orcl\sysman\admin\scripts;, OS=Windows_NT, COMMONPROGRAMW6432=C:\Program Files\Common Files, COMPUTERNAME=DESKTOP-9ENUAHE, COMMONPROGRAMFILES=C:\Program Files\Common Files, COMSPEC=C:\Windows\system32\cmd.exe, CATALINA_HOME=D:\MyProgram\Tomcat\apache-tomcat-7.0.100, PROCESSOR_REVISION=0802, CLASSPATH=.;C:\Program Files\Java\jdk1.8.0_131\lib;C:\Program Files\Java\jdk1.8.0_131\lib\tools.jar, PYCHARM=D:\MyProgram\JetBrains\PyCharm 2019.3.3\bin;, RUBYOPT=-Eutf-8, =D:=D:\Code\IdeaProjects\manageSystem-ssm\ms-ssm-web, TEMP=C:\Users\xm\AppData\Local\Temp, HOMEDRIVE=C:, USERPROFILE=C:\Users\xm, TMP=C:\Users\xm\AppData\Local\Temp, WEBSTORM=D:\MyProgram\JetBrains\WebStorm 2019.3.3\bin;, NUMBER_OF_PROCESSORS=12, IDEA_INITIAL_DIRECTORY=C:\Users\xm\Desktop}}]
2020-04-25 21:46:36,125 2385   [           main] DEBUG atchingResourcePatternResolver  - Resolved classpath location [com/xumeng/dao/] to resources [URL [jar:file:/D:/Code/IdeaProjects/manageSystem-ssm/ms-ssm-dao/target/ms-ssm-dao-1.0-SNAPSHOT.jar!/com/xumeng/dao/]]
2020-04-25 21:46:36,125 2385   [           main] DEBUG atchingResourcePatternResolver  - Looking for matching resources in jar file [file:/D:/Code/IdeaProjects/manageSystem-ssm/ms-ssm-dao/target/ms-ssm-dao-1.0-SNAPSHOT.jar]
2020-04-25 21:46:36,127 2387   [           main] DEBUG atchingResourcePatternResolver  - Resolved location pattern [classpath*:com/xumeng/dao/**/*.class] to resources [URL [jar:file:/D:/Code/IdeaProjects/manageSystem-ssm/ms-ssm-dao/target/ms-ssm-dao-1.0-SNAPSHOT.jar!/com/xumeng/dao/IMemberDao.class], URL [jar:file:/D:/Code/IdeaProjects/manageSystem-ssm/ms-ssm-dao/target/ms-ssm-dao-1.0-SNAPSHOT.jar!/com/xumeng/dao/IOrderDao.class], URL [jar:file:/D:/Code/IdeaProjects/manageSystem-ssm/ms-ssm-dao/target/ms-ssm-dao-1.0-SNAPSHOT.jar!/com/xumeng/dao/IPermissionDao.class], URL [jar:file:/D:/Code/IdeaProjects/manageSystem-ssm/ms-ssm-dao/target/ms-ssm-dao-1.0-SNAPSHOT.jar!/com/xumeng/dao/IProductDao.class], URL [jar:file:/D:/Code/IdeaProjects/manageSystem-ssm/ms-ssm-dao/target/ms-ssm-dao-1.0-SNAPSHOT.jar!/com/xumeng/dao/IRoleDao.class], URL [jar:file:/D:/Code/IdeaProjects/manageSystem-ssm/ms-ssm-dao/target/ms-ssm-dao-1.0-SNAPSHOT.jar!/com/xumeng/dao/ITravellerDao.class], URL [jar:file:/D:/Code/IdeaProjects/manageSystem-ssm/ms-ssm-dao/target/ms-ssm-dao-1.0-SNAPSHOT.jar!/com/xumeng/dao/IUserDao.class]]
2020-04-25 21:46:36,128 2388   [           main] DEBUG .mapper.ClassPathMapperScanner  - Identified candidate component class: URL [jar:file:/D:/Code/IdeaProjects/manageSystem-ssm/ms-ssm-dao/target/ms-ssm-dao-1.0-SNAPSHOT.jar!/com/xumeng/dao/IMemberDao.class]
2020-04-25 21:46:36,128 2388   [           main] DEBUG .mapper.ClassPathMapperScanner  - Identified candidate component class: URL [jar:file:/D:/Code/IdeaProjects/manageSystem-ssm/ms-ssm-dao/target/ms-ssm-dao-1.0-SNAPSHOT.jar!/com/xumeng/dao/IOrderDao.class]
2020-04-25 21:46:36,128 2388   [           main] DEBUG .mapper.ClassPathMapperScanner  - Identified candidate component class: URL [jar:file:/D:/Code/IdeaProjects/manageSystem-ssm/ms-ssm-dao/target/ms-ssm-dao-1.0-SNAPSHOT.jar!/com/xumeng/dao/IPermissionDao.class]
2020-04-25 21:46:36,128 2388   [           main] DEBUG .mapper.ClassPathMapperScanner  - Identified candidate component class: URL [jar:file:/D:/Code/IdeaProjects/manageSystem-ssm/ms-ssm-dao/target/ms-ssm-dao-1.0-SNAPSHOT.jar!/com/xumeng/dao/IProductDao.class]
2020-04-25 21:46:36,128 2388   [           main] DEBUG .mapper.ClassPathMapperScanner  - Identified candidate component class: URL [jar:file:/D:/Code/IdeaProjects/manageSystem-ssm/ms-ssm-dao/target/ms-ssm-dao-1.0-SNAPSHOT.jar!/com/xumeng/dao/IRoleDao.class]
2020-04-25 21:46:36,128 2388   [           main] DEBUG .mapper.ClassPathMapperScanner  - Identified candidate component class: URL [jar:file:/D:/Code/IdeaProjects/manageSystem-ssm/ms-ssm-dao/target/ms-ssm-dao-1.0-SNAPSHOT.jar!/com/xumeng/dao/ITravellerDao.class]
2020-04-25 21:46:36,128 2388   [           main] DEBUG .mapper.ClassPathMapperScanner  - Identified candidate component class: URL [jar:file:/D:/Code/IdeaProjects/manageSystem-ssm/ms-ssm-dao/target/ms-ssm-dao-1.0-SNAPSHOT.jar!/com/xumeng/dao/IUserDao.class]
2020-04-25 21:46:36,128 2388   [           main] DEBUG .mapper.ClassPathMapperScanner  - Creating MapperFactoryBean with name 'IMemberDao' and 'com.xumeng.dao.IMemberDao' mapperInterface
2020-04-25 21:46:36,128 2388   [           main] DEBUG .mapper.ClassPathMapperScanner  - Enabling autowire by type for MapperFactoryBean with name 'IMemberDao'.
2020-04-25 21:46:36,128 2388   [           main] DEBUG .mapper.ClassPathMapperScanner  - Creating MapperFactoryBean with name 'IOrderDao' and 'com.xumeng.dao.IOrderDao' mapperInterface
2020-04-25 21:46:36,128 2388   [           main] DEBUG .mapper.ClassPathMapperScanner  - Enabling autowire by type for MapperFactoryBean with name 'IOrderDao'.
2020-04-25 21:46:36,128 2388   [           main] DEBUG .mapper.ClassPathMapperScanner  - Creating MapperFactoryBean with name 'IPermissionDao' and 'com.xumeng.dao.IPermissionDao' mapperInterface
2020-04-25 21:46:36,128 2388   [           main] DEBUG .mapper.ClassPathMapperScanner  - Enabling autowire by type for MapperFactoryBean with name 'IPermissionDao'.
2020-04-25 21:46:36,128 2388   [           main] DEBUG .mapper.ClassPathMapperScanner  - Creating MapperFactoryBean with name 'IProductDao' and 'com.xumeng.dao.IProductDao' mapperInterface
2020-04-25 21:46:36,128 2388   [           main] DEBUG .mapper.ClassPathMapperScanner  - Enabling autowire by type for MapperFactoryBean with name 'IProductDao'.
2020-04-25 21:46:36,128 2388   [           main] DEBUG .mapper.ClassPathMapperScanner  - Creating MapperFactoryBean with name 'IRoleDao' and 'com.xumeng.dao.IRoleDao' mapperInterface
2020-04-25 21:46:36,128 2388   [           main] DEBUG .mapper.ClassPathMapperScanner  - Enabling autowire by type for MapperFactoryBean with name 'IRoleDao'.
2020-04-25 21:46:36,128 2388   [           main] DEBUG .mapper.ClassPathMapperScanner  - Creating MapperFactoryBean with name 'ITravellerDao' and 'com.xumeng.dao.ITravellerDao' mapperInterface
2020-04-25 21:46:36,128 2388   [           main] DEBUG .mapper.ClassPathMapperScanner  - Enabling autowire by type for MapperFactoryBean with name 'ITravellerDao'.
2020-04-25 21:46:36,128 2388   [           main] DEBUG .mapper.ClassPathMapperScanner  - Creating MapperFactoryBean with name 'IUserDao' and 'com.xumeng.dao.IUserDao' mapperInterface
2020-04-25 21:46:36,128 2388   [           main] DEBUG .mapper.ClassPathMapperScanner  - Enabling autowire by type for MapperFactoryBean with name 'IUserDao'.
2020-04-25 21:46:36,128 2388   [           main] DEBUG ort.DefaultListableBeanFactory  - Creating shared instance of singleton bean 'org.springframework.context.support.PropertySourcesPlaceholderConfigurer#0'
2020-04-25 21:46:36,128 2388   [           main] DEBUG ort.DefaultListableBeanFactory  - Creating instance of bean 'org.springframework.context.support.PropertySourcesPlaceholderConfigurer#0'
2020-04-25 21:46:36,128 2388   [           main] DEBUG ort.DefaultListableBeanFactory  - Eagerly caching bean 'org.springframework.context.support.PropertySourcesPlaceholderConfigurer#0' to allow for resolving potential circular references
2020-04-25 21:46:36,131 2391   [           main] DEBUG ort.DefaultListableBeanFactory  - Finished creating instance of bean 'org.springframework.context.support.PropertySourcesPlaceholderConfigurer#0'
2020-04-25 21:46:36,131 2391   [           main] DEBUG ore.env.MutablePropertySources  - Adding PropertySource 'environmentProperties' with lowest search precedence
2020-04-25 21:46:36,131 2391   [           main] DEBUG tySourcesPlaceholderConfigurer  - Loading properties file from class path resource [db.properties]
2020-04-25 21:46:36,132 2392   [           main] DEBUG ore.env.MutablePropertySources  - Adding PropertySource 'localProperties' with lowest search precedence
2020-04-25 21:46:36,132 2392   [           main] DEBUG ropertySourcesPropertyResolver  - Could not find key 'jdbc.driver' in any property source
2020-04-25 21:46:36,132 2392   [           main] DEBUG ropertySourcesPropertyResolver  - Found key 'jdbc.driver' in PropertySource 'localProperties' with value of type String
2020-04-25 21:46:36,132 2392   [           main] DEBUG ropertySourcesPropertyResolver  - Could not find key 'jdbc.url' in any property source
2020-04-25 21:46:36,132 2392   [           main] DEBUG ropertySourcesPropertyResolver  - Found key 'jdbc.url' in PropertySource 'localProperties' with value of type String
2020-04-25 21:46:36,132 2392   [           main] DEBUG ropertySourcesPropertyResolver  - Could not find key 'jdbc.username' in any property source
2020-04-25 21:46:36,132 2392   [           main] DEBUG ropertySourcesPropertyResolver  - Found key 'jdbc.username' in PropertySource 'localProperties' with value of type String
2020-04-25 21:46:36,132 2392   [           main] DEBUG ropertySourcesPropertyResolver  - Could not find key 'jdbc.password' in any property source
2020-04-25 21:46:36,132 2392   [           main] DEBUG ropertySourcesPropertyResolver  - Found key 'jdbc.password' in PropertySource 'localProperties' with value of type String
2020-04-25 21:46:36,133 2393   [           main] DEBUG ort.DefaultListableBeanFactory  - Creating shared instance of singleton bean 'org.springframework.context.annotation.internalAutowiredAnnotationProcessor'
2020-04-25 21:46:36,133 2393   [           main] DEBUG ort.DefaultListableBeanFactory  - Creating instance of bean 'org.springframework.context.annotation.internalAutowiredAnnotationProcessor'
2020-04-25 21:46:36,133 2393   [           main] DEBUG ort.DefaultListableBeanFactory  - Eagerly caching bean 'org.springframework.context.annotation.internalAutowiredAnnotationProcessor' to allow for resolving potential circular references
2020-04-25 21:46:36,134 2394   [           main] DEBUG ort.DefaultListableBeanFactory  - Finished creating instance of bean 'org.springframework.context.annotation.internalAutowiredAnnotationProcessor'
2020-04-25 21:46:36,134 2394   [           main] DEBUG ort.DefaultListableBeanFactory  - Creating shared instance of singleton bean 'org.springframework.context.annotation.internalRequiredAnnotationProcessor'
2020-04-25 21:46:36,134 2394   [           main] DEBUG ort.DefaultListableBeanFactory  - Creating instance of bean 'org.springframework.context.annotation.internalRequiredAnnotationProcessor'
2020-04-25 21:46:36,135 2395   [           main] DEBUG ort.DefaultListableBeanFactory  - Eagerly caching bean 'org.springframework.context.annotation.internalRequiredAnnotationProcessor' to allow for resolving potential circular references
2020-04-25 21:46:36,136 2396   [           main] DEBUG ort.DefaultListableBeanFactory  - Finished creating instance of bean 'org.springframework.context.annotation.internalRequiredAnnotationProcessor'
2020-04-25 21:46:36,136 2396   [           main] DEBUG ort.DefaultListableBeanFactory  - Creating shared instance of singleton bean 'org.springframework.context.annotation.internalCommonAnnotationProcessor'
2020-04-25 21:46:36,136 2396   [           main] DEBUG ort.DefaultListableBeanFactory  - Creating instance of bean 'org.springframework.context.annotation.internalCommonAnnotationProcessor'
2020-04-25 21:46:36,136 2396   [           main] DEBUG ort.DefaultListableBeanFactory  - Eagerly caching bean 'org.springframework.context.annotation.internalCommonAnnotationProcessor' to allow for resolving potential circular references
2020-04-25 21:46:36,138 2398   [           main] DEBUG ort.DefaultListableBeanFactory  - Finished creating instance of bean 'org.springframework.context.annotation.internalCommonAnnotationProcessor'
2020-04-25 21:46:36,138 2398   [           main] DEBUG ort.DefaultListableBeanFactory  - Creating shared instance of singleton bean 'org.springframework.aop.config.internalAutoProxyCreator'
2020-04-25 21:46:36,138 2398   [           main] DEBUG ort.DefaultListableBeanFactory  - Creating instance of bean 'org.springframework.aop.config.internalAutoProxyCreator'
2020-04-25 21:46:36,138 2398   [           main] DEBUG ort.DefaultListableBeanFactory  - Eagerly caching bean 'org.springframework.aop.config.internalAutoProxyCreator' to allow for resolving potential circular references
2020-04-25 21:46:36,140 2400   [           main] DEBUG ort.DefaultListableBeanFactory  - Finished creating instance of bean 'org.springframework.aop.config.internalAutoProxyCreator'
2020-04-25 21:46:36,140 2400   [           main] DEBUG port.GenericApplicationContext  - Unable to locate MessageSource with name 'messageSource': using default [org.springframework.context.support.DelegatingMessageSource@68d6972f]
2020-04-25 21:46:36,140 2400   [           main] DEBUG port.GenericApplicationContext  - Unable to locate ApplicationEventMulticaster with name 'applicationEventMulticaster': using default [org.springframework.context.event.SimpleApplicationEventMulticaster@45be7cd5]
2020-04-25 21:46:36,140 2400   [           main] DEBUG ort.DefaultListableBeanFactory  - Pre-instantiating singletons in org.springframework.beans.factory.support.DefaultListableBeanFactory@f6c03cb: defining beans [memberServiceImpl,orderServiceImpl,permissionServiceImpl,productServiceImpl,travellerServiceImpl,userService,org.springframework.context.annotation.internalConfigurationAnnotationProcessor,org.springframework.context.annotation.internalAutowiredAnnotationProcessor,org.springframework.context.annotation.internalRequiredAnnotationProcessor,org.springframework.context.annotation.internalCommonAnnotationProcessor,org.springframework.context.event.internalEventListenerProcessor,org.springframework.context.event.internalEventListenerFactory,org.springframework.context.support.PropertySourcesPlaceholderConfigurer#0,dataSource,sqlSessionFactory,mapperScanner,transactionManager,org.springframework.transaction.config.internalTransactionalEventListenerFactory,org.springframework.aop.config.internalAutoProxyCreator,org.springframework.transaction.annotation.AnnotationTransactionAttributeSource#0,org.springframework.transaction.interceptor.TransactionInterceptor#0,org.springframework.transaction.config.internalTransactionAdvisor,IMemberDao,IOrderDao,IPermissionDao,IProductDao,IRoleDao,ITravellerDao,IUserDao]; root of factory hierarchy
2020-04-25 21:46:36,140 2400   [           main] DEBUG ort.DefaultListableBeanFactory  - Creating shared instance of singleton bean 'memberServiceImpl'
2020-04-25 21:46:36,140 2400   [           main] DEBUG ort.DefaultListableBeanFactory  - Creating instance of bean 'memberServiceImpl'
2020-04-25 21:46:36,141 2401   [           main] DEBUG y.annotation.InjectionMetadata  - Registered injected element on class [com.xumeng.service.impl.MemberServiceImpl]: AutowiredFieldElement for private com.xumeng.dao.IMemberDao com.xumeng.service.impl.MemberServiceImpl.memberDao
2020-04-25 21:46:36,141 2401   [           main] DEBUG ort.DefaultListableBeanFactory  - Eagerly caching bean 'memberServiceImpl' to allow for resolving potential circular references
2020-04-25 21:46:36,141 2401   [           main] DEBUG y.annotation.InjectionMetadata  - Processing injected element of bean 'memberServiceImpl': AutowiredFieldElement for private com.xumeng.dao.IMemberDao com.xumeng.service.impl.MemberServiceImpl.memberDao
2020-04-25 21:46:36,141 2401   [           main] DEBUG ore.annotation.AnnotationUtils  - Failed to meta-introspect annotation [interface org.springframework.beans.factory.annotation.Autowired]: java.lang.IllegalArgumentException: Annotation must not be null
2020-04-25 21:46:36,143 2403   [           main] DEBUG ort.DefaultListableBeanFactory  - Creating shared instance of singleton bean 'IMemberDao'
2020-04-25 21:46:36,143 2403   [           main] DEBUG ort.DefaultListableBeanFactory  - Creating instance of bean 'IMemberDao'
2020-04-25 21:46:36,143 2403   [           main] DEBUG ort.DefaultListableBeanFactory  - Eagerly caching bean 'IMemberDao' to allow for resolving potential circular references
2020-04-25 21:46:36,144 2404   [           main] DEBUG ort.DefaultListableBeanFactory  - Creating shared instance of singleton bean 'sqlSessionFactory'
2020-04-25 21:46:36,144 2404   [           main] DEBUG ort.DefaultListableBeanFactory  - Creating instance of bean 'sqlSessionFactory'
2020-04-25 21:46:36,144 2404   [           main] DEBUG ort.DefaultListableBeanFactory  - Eagerly caching bean 'sqlSessionFactory' to allow for resolving potential circular references
2020-04-25 21:46:36,145 2405   [           main] DEBUG ort.DefaultListableBeanFactory  - Creating shared instance of singleton bean 'dataSource'
2020-04-25 21:46:36,145 2405   [           main] DEBUG ort.DefaultListableBeanFactory  - Creating instance of bean 'dataSource'
2020-04-25 21:46:36,150 2410   [           main] DEBUG icPooledDataSourceManagerMBean  - MBean: com.mchange.v2.c3p0:type=PooledDataSource[1hgetj5a91d9w7n61eddn0d|29ef6856] registered.
2020-04-25 21:46:36,150 2410   [           main] DEBUG ort.DefaultListableBeanFactory  - Eagerly caching bean 'dataSource' to allow for resolving potential circular references
2020-04-25 21:46:36,153 2413   [           main] DEBUG ort.DefaultListableBeanFactory  - Creating shared instance of singleton bean 'org.springframework.transaction.config.internalTransactionAdvisor'
2020-04-25 21:46:36,153 2413   [           main] DEBUG ort.DefaultListableBeanFactory  - Creating instance of bean 'org.springframework.transaction.config.internalTransactionAdvisor'
2020-04-25 21:46:36,154 2414   [           main] DEBUG ort.DefaultListableBeanFactory  - Eagerly caching bean 'org.springframework.transaction.config.internalTransactionAdvisor' to allow for resolving potential circular references
2020-04-25 21:46:36,155 2415   [           main] DEBUG ort.DefaultListableBeanFactory  - Creating shared instance of singleton bean 'org.springframework.transaction.annotation.AnnotationTransactionAttributeSource#0'
2020-04-25 21:46:36,155 2415   [           main] DEBUG ort.DefaultListableBeanFactory  - Creating instance of bean 'org.springframework.transaction.annotation.AnnotationTransactionAttributeSource#0'
2020-04-25 21:46:36,155 2415   [           main] DEBUG ort.DefaultListableBeanFactory  - Eagerly caching bean 'org.springframework.transaction.annotation.AnnotationTransactionAttributeSource#0' to allow for resolving potential circular references
2020-04-25 21:46:36,156 2416   [           main] DEBUG nFactoryAdvisorRetrievalHelper  - Skipping currently created advisor 'org.springframework.transaction.config.internalTransactionAdvisor'
2020-04-25 21:46:36,156 2416   [           main] DEBUG ort.DefaultListableBeanFactory  - Finished creating instance of bean 'org.springframework.transaction.annotation.AnnotationTransactionAttributeSource#0'
2020-04-25 21:46:36,156 2416   [           main] DEBUG ort.DefaultListableBeanFactory  - Finished creating instance of bean 'org.springframework.transaction.config.internalTransactionAdvisor'
2020-04-25 21:46:36,166 2426   [           main] DEBUG ort.DefaultListableBeanFactory  - Finished creating instance of bean 'dataSource'
2020-04-25 21:46:36,166 2426   [           main] DEBUG ort.DefaultListableBeanFactory  - Creating instance of bean 'com.github.pagehelper.PageInterceptor#6e4de19b'
2020-04-25 21:46:36,168 2428   [           main] DEBUG ort.DefaultListableBeanFactory  - Returning cached instance of singleton bean 'org.springframework.transaction.config.internalTransactionAdvisor'
2020-04-25 21:46:36,169 2429   [           main] DEBUG ort.DefaultListableBeanFactory  - Finished creating instance of bean 'com.github.pagehelper.PageInterceptor#6e4de19b'
2020-04-25 21:46:36,169 2429   [           main] DEBUG ort.DefaultListableBeanFactory  - Invoking afterPropertiesSet() on bean with name 'sqlSessionFactory'
2020-04-25 21:46:36,172 2432   [           main] DEBUG s.spring.SqlSessionFactoryBean  - Registered plugin: 'com.github.pagehelper.PageInterceptor@274872f8'
2020-04-25 21:46:36,210 2470   [           main] DEBUG s.spring.SqlSessionFactoryBean  - Parsed configuration file: 'class path resource [SqlMapConfig.xml]'
2020-04-25 21:46:36,210 2470   [           main] DEBUG s.spring.SqlSessionFactoryBean  - Property 'mapperLocations' was not specified or no matching resources found
2020-04-25 21:46:36,210 2470   [           main] DEBUG ort.DefaultListableBeanFactory  - Returning cached instance of singleton bean 'org.springframework.transaction.config.internalTransactionAdvisor'
2020-04-25 21:46:36,210 2470   [           main] DEBUG ort.DefaultListableBeanFactory  - Finished creating instance of bean 'sqlSessionFactory'
2020-04-25 21:46:36,210 2470   [           main] DEBUG ort.DefaultListableBeanFactory  - Returning cached instance of singleton bean 'org.springframework.transaction.config.internalTransactionAdvisor'
2020-04-25 21:46:36,211 2471   [           main] DEBUG ort.DefaultListableBeanFactory  - Autowiring by type from bean name 'IMemberDao' via property 'sqlSessionFactory' to bean named 'sqlSessionFactory'
2020-04-25 21:46:36,211 2471   [           main] DEBUG ort.DefaultListableBeanFactory  - Invoking afterPropertiesSet() on bean with name 'IMemberDao'
2020-04-25 21:46:36,211 2471   [           main] DEBUG ort.DefaultListableBeanFactory  - Returning cached instance of singleton bean 'org.springframework.transaction.config.internalTransactionAdvisor'
2020-04-25 21:46:36,212 2472   [           main] DEBUG ort.DefaultListableBeanFactory  - Finished creating instance of bean 'IMemberDao'
2020-04-25 21:46:36,212 2472   [           main] DEBUG ort.DefaultListableBeanFactory  - Returning cached instance of singleton bean 'org.springframework.transaction.config.internalTransactionAdvisor'
2020-04-25 21:46:36,212 2472   [           main] DEBUG redAnnotationBeanPostProcessor  - Autowiring by type from bean name 'memberServiceImpl' to bean named 'IMemberDao'
2020-04-25 21:46:36,212 2472   [           main] DEBUG ort.DefaultListableBeanFactory  - Returning cached instance of singleton bean 'org.springframework.transaction.config.internalTransactionAdvisor'
2020-04-25 21:46:36,212 2472   [           main] DEBUG ort.DefaultListableBeanFactory  - Finished creating instance of bean 'memberServiceImpl'
2020-04-25 21:46:36,212 2472   [           main] DEBUG ort.DefaultListableBeanFactory  - Creating shared instance of singleton bean 'orderServiceImpl'
2020-04-25 21:46:36,212 2472   [           main] DEBUG ort.DefaultListableBeanFactory  - Creating instance of bean 'orderServiceImpl'
2020-04-25 21:46:36,213 2473   [           main] DEBUG y.annotation.InjectionMetadata  - Registered injected element on class [com.xumeng.service.impl.OrderServiceImpl]: AutowiredFieldElement for private com.xumeng.dao.IOrderDao com.xumeng.service.impl.OrderServiceImpl.orderDao
2020-04-25 21:46:36,213 2473   [           main] DEBUG ort.DefaultListableBeanFactory  - Eagerly caching bean 'orderServiceImpl' to allow for resolving potential circular references
2020-04-25 21:46:36,213 2473   [           main] DEBUG y.annotation.InjectionMetadata  - Processing injected element of bean 'orderServiceImpl': AutowiredFieldElement for private com.xumeng.dao.IOrderDao com.xumeng.service.impl.OrderServiceImpl.orderDao
2020-04-25 21:46:36,213 2473   [           main] DEBUG ore.annotation.AnnotationUtils  - Failed to meta-introspect annotation [interface org.springframework.beans.factory.annotation.Autowired]: java.lang.IllegalArgumentException: Annotation must not be null
2020-04-25 21:46:36,214 2474   [           main] DEBUG ort.DefaultListableBeanFactory  - Creating shared instance of singleton bean 'IOrderDao'
2020-04-25 21:46:36,214 2474   [           main] DEBUG ort.DefaultListableBeanFactory  - Creating instance of bean 'IOrderDao'
2020-04-25 21:46:36,214 2474   [           main] DEBUG ort.DefaultListableBeanFactory  - Eagerly caching bean 'IOrderDao' to allow for resolving potential circular references
2020-04-25 21:46:36,214 2474   [           main] DEBUG ort.DefaultListableBeanFactory  - Returning cached instance of singleton bean 'sqlSessionFactory'
2020-04-25 21:46:36,214 2474   [           main] DEBUG ort.DefaultListableBeanFactory  - Autowiring by type from bean name 'IOrderDao' via property 'sqlSessionFactory' to bean named 'sqlSessionFactory'
2020-04-25 21:46:36,214 2474   [           main] DEBUG ort.DefaultListableBeanFactory  - Invoking afterPropertiesSet() on bean with name 'IOrderDao'
2020-04-25 21:46:36,214 2474   [           main] DEBUG ort.DefaultListableBeanFactory  - Returning cached instance of singleton bean 'org.springframework.transaction.config.internalTransactionAdvisor'
2020-04-25 21:46:36,214 2474   [           main] DEBUG ort.DefaultListableBeanFactory  - Finished creating instance of bean 'IOrderDao'
2020-04-25 21:46:36,214 2474   [           main] DEBUG ort.DefaultListableBeanFactory  - Returning cached instance of singleton bean 'org.springframework.transaction.config.internalTransactionAdvisor'
2020-04-25 21:46:36,214 2474   [           main] DEBUG redAnnotationBeanPostProcessor  - Autowiring by type from bean name 'orderServiceImpl' to bean named 'IOrderDao'
2020-04-25 21:46:36,214 2474   [           main] DEBUG ort.DefaultListableBeanFactory  - Returning cached instance of singleton bean 'org.springframework.transaction.config.internalTransactionAdvisor'
2020-04-25 21:46:36,214 2474   [           main] DEBUG ort.DefaultListableBeanFactory  - Finished creating instance of bean 'orderServiceImpl'
2020-04-25 21:46:36,214 2474   [           main] DEBUG ort.DefaultListableBeanFactory  - Creating shared instance of singleton bean 'permissionServiceImpl'
2020-04-25 21:46:36,214 2474   [           main] DEBUG ort.DefaultListableBeanFactory  - Creating instance of bean 'permissionServiceImpl'
2020-04-25 21:46:36,215 2475   [           main] DEBUG ort.DefaultListableBeanFactory  - Eagerly caching bean 'permissionServiceImpl' to allow for resolving potential circular references
2020-04-25 21:46:36,215 2475   [           main] DEBUG ort.DefaultListableBeanFactory  - Returning cached instance of singleton bean 'org.springframework.transaction.config.internalTransactionAdvisor'
2020-04-25 21:46:36,215 2475   [           main] DEBUG ort.DefaultListableBeanFactory  - Finished creating instance of bean 'permissionServiceImpl'
2020-04-25 21:46:36,215 2475   [           main] DEBUG ort.DefaultListableBeanFactory  - Creating shared instance of singleton bean 'productServiceImpl'
2020-04-25 21:46:36,215 2475   [           main] DEBUG ort.DefaultListableBeanFactory  - Creating instance of bean 'productServiceImpl'
2020-04-25 21:46:36,215 2475   [           main] DEBUG y.annotation.InjectionMetadata  - Registered injected element on class [com.xumeng.service.impl.ProductServiceImpl]: AutowiredFieldElement for private com.xumeng.dao.IProductDao com.xumeng.service.impl.ProductServiceImpl.productDao
2020-04-25 21:46:36,215 2475   [           main] DEBUG ort.DefaultListableBeanFactory  - Eagerly caching bean 'productServiceImpl' to allow for resolving potential circular references
2020-04-25 21:46:36,216 2476   [           main] DEBUG y.annotation.InjectionMetadata  - Processing injected element of bean 'productServiceImpl': AutowiredFieldElement for private com.xumeng.dao.IProductDao com.xumeng.service.impl.ProductServiceImpl.productDao
2020-04-25 21:46:36,216 2476   [           main] DEBUG ore.annotation.AnnotationUtils  - Failed to meta-introspect annotation [interface org.springframework.beans.factory.annotation.Autowired]: java.lang.IllegalArgumentException: Annotation must not be null
2020-04-25 21:46:36,216 2476   [           main] DEBUG ort.DefaultListableBeanFactory  - Creating shared instance of singleton bean 'IProductDao'
2020-04-25 21:46:36,216 2476   [           main] DEBUG ort.DefaultListableBeanFactory  - Creating instance of bean 'IProductDao'
2020-04-25 21:46:36,216 2476   [           main] DEBUG ort.DefaultListableBeanFactory  - Eagerly caching bean 'IProductDao' to allow for resolving potential circular references
2020-04-25 21:46:36,216 2476   [           main] DEBUG ort.DefaultListableBeanFactory  - Returning cached instance of singleton bean 'sqlSessionFactory'
2020-04-25 21:46:36,216 2476   [           main] DEBUG ort.DefaultListableBeanFactory  - Autowiring by type from bean name 'IProductDao' via property 'sqlSessionFactory' to bean named 'sqlSessionFactory'
2020-04-25 21:46:36,216 2476   [           main] DEBUG ort.DefaultListableBeanFactory  - Invoking afterPropertiesSet() on bean with name 'IProductDao'
2020-04-25 21:46:36,216 2476   [           main] DEBUG ort.DefaultListableBeanFactory  - Returning cached instance of singleton bean 'org.springframework.transaction.config.internalTransactionAdvisor'
2020-04-25 21:46:36,216 2476   [           main] DEBUG ort.DefaultListableBeanFactory  - Finished creating instance of bean 'IProductDao'
2020-04-25 21:46:36,216 2476   [           main] DEBUG ort.DefaultListableBeanFactory  - Returning cached instance of singleton bean 'org.springframework.transaction.config.internalTransactionAdvisor'
2020-04-25 21:46:36,217 2477   [           main] DEBUG redAnnotationBeanPostProcessor  - Autowiring by type from bean name 'productServiceImpl' to bean named 'IProductDao'
2020-04-25 21:46:36,217 2477   [           main] DEBUG ort.DefaultListableBeanFactory  - Returning cached instance of singleton bean 'org.springframework.transaction.config.internalTransactionAdvisor'
2020-04-25 21:46:36,217 2477   [           main] DEBUG tionTransactionAttributeSource  - Adding transactional method 'com.xumeng.service.impl.ProductServiceImpl.delete' with attribute: PROPAGATION_REQUIRED,ISOLATION_DEFAULT; ''
2020-04-25 21:46:36,217 2477   [           main] DEBUG ructureAdvisorAutoProxyCreator  - Creating implicit proxy for bean 'productServiceImpl' with 0 common interceptors and 1 specific interceptors
2020-04-25 21:46:36,217 2477   [           main] DEBUG p.framework.JdkDynamicAopProxy  - Creating JDK dynamic proxy: target source is SingletonTargetSource for target object [com.xumeng.service.impl.ProductServiceImpl@fd0e5b6]
2020-04-25 21:46:36,217 2477   [           main] DEBUG ort.DefaultListableBeanFactory  - Finished creating instance of bean 'productServiceImpl'
2020-04-25 21:46:36,217 2477   [           main] DEBUG ort.DefaultListableBeanFactory  - Creating shared instance of singleton bean 'travellerServiceImpl'
2020-04-25 21:46:36,217 2477   [           main] DEBUG ort.DefaultListableBeanFactory  - Creating instance of bean 'travellerServiceImpl'
2020-04-25 21:46:36,217 2477   [           main] DEBUG y.annotation.InjectionMetadata  - Registered injected element on class [com.xumeng.service.impl.TravellerServiceImpl]: AutowiredFieldElement for private com.xumeng.dao.ITravellerDao com.xumeng.service.impl.TravellerServiceImpl.travellerDao
2020-04-25 21:46:36,217 2477   [           main] DEBUG y.annotation.InjectionMetadata  - Registered injected element on class [com.xumeng.service.impl.TravellerServiceImpl]: AutowiredFieldElement for private com.xumeng.dao.IOrderDao com.xumeng.service.impl.TravellerServiceImpl.orderDao
2020-04-25 21:46:36,217 2477   [           main] DEBUG ort.DefaultListableBeanFactory  - Eagerly caching bean 'travellerServiceImpl' to allow for resolving potential circular references
2020-04-25 21:46:36,218 2478   [           main] DEBUG y.annotation.InjectionMetadata  - Processing injected element of bean 'travellerServiceImpl': AutowiredFieldElement for private com.xumeng.dao.ITravellerDao com.xumeng.service.impl.TravellerServiceImpl.travellerDao
2020-04-25 21:46:36,218 2478   [           main] DEBUG ore.annotation.AnnotationUtils  - Failed to meta-introspect annotation [interface org.springframework.beans.factory.annotation.Autowired]: java.lang.IllegalArgumentException: Annotation must not be null
2020-04-25 21:46:36,218 2478   [           main] DEBUG ort.DefaultListableBeanFactory  - Creating shared instance of singleton bean 'ITravellerDao'
2020-04-25 21:46:36,218 2478   [           main] DEBUG ort.DefaultListableBeanFactory  - Creating instance of bean 'ITravellerDao'
2020-04-25 21:46:36,218 2478   [           main] DEBUG ort.DefaultListableBeanFactory  - Eagerly caching bean 'ITravellerDao' to allow for resolving potential circular references
2020-04-25 21:46:36,218 2478   [           main] DEBUG ort.DefaultListableBeanFactory  - Returning cached instance of singleton bean 'sqlSessionFactory'
2020-04-25 21:46:36,218 2478   [           main] DEBUG ort.DefaultListableBeanFactory  - Autowiring by type from bean name 'ITravellerDao' via property 'sqlSessionFactory' to bean named 'sqlSessionFactory'
2020-04-25 21:46:36,219 2479   [           main] DEBUG ort.DefaultListableBeanFactory  - Invoking afterPropertiesSet() on bean with name 'ITravellerDao'
2020-04-25 21:46:36,219 2479   [           main] DEBUG ort.DefaultListableBeanFactory  - Returning cached instance of singleton bean 'org.springframework.transaction.config.internalTransactionAdvisor'
2020-04-25 21:46:36,219 2479   [           main] DEBUG ort.DefaultListableBeanFactory  - Finished creating instance of bean 'ITravellerDao'
2020-04-25 21:46:36,219 2479   [           main] DEBUG ort.DefaultListableBeanFactory  - Returning cached instance of singleton bean 'org.springframework.transaction.config.internalTransactionAdvisor'
2020-04-25 21:46:36,219 2479   [           main] DEBUG redAnnotationBeanPostProcessor  - Autowiring by type from bean name 'travellerServiceImpl' to bean named 'ITravellerDao'
2020-04-25 21:46:36,219 2479   [           main] DEBUG y.annotation.InjectionMetadata  - Processing injected element of bean 'travellerServiceImpl': AutowiredFieldElement for private com.xumeng.dao.IOrderDao com.xumeng.service.impl.TravellerServiceImpl.orderDao
2020-04-25 21:46:36,219 2479   [           main] DEBUG ore.annotation.AnnotationUtils  - Failed to meta-introspect annotation [interface org.springframework.beans.factory.annotation.Autowired]: java.lang.IllegalArgumentException: Annotation must not be null
2020-04-25 21:46:36,219 2479   [           main] DEBUG ort.DefaultListableBeanFactory  - Returning cached instance of singleton bean 'IOrderDao'
2020-04-25 21:46:36,219 2479   [           main] DEBUG redAnnotationBeanPostProcessor  - Autowiring by type from bean name 'travellerServiceImpl' to bean named 'IOrderDao'
2020-04-25 21:46:36,219 2479   [           main] DEBUG ort.DefaultListableBeanFactory  - Returning cached instance of singleton bean 'org.springframework.transaction.config.internalTransactionAdvisor'
2020-04-25 21:46:36,220 2480   [           main] DEBUG tionTransactionAttributeSource  - Adding transactional method 'com.xumeng.service.impl.TravellerServiceImpl.findAll' with attribute: PROPAGATION_REQUIRED,ISOLATION_DEFAULT; ''
2020-04-25 21:46:36,220 2480   [           main] DEBUG ructureAdvisorAutoProxyCreator  - Creating implicit proxy for bean 'travellerServiceImpl' with 0 common interceptors and 1 specific interceptors
2020-04-25 21:46:36,220 2480   [           main] DEBUG p.framework.JdkDynamicAopProxy  - Creating JDK dynamic proxy: target source is SingletonTargetSource for target object [com.xumeng.service.impl.TravellerServiceImpl@716a7124]
2020-04-25 21:46:36,220 2480   [           main] DEBUG ort.DefaultListableBeanFactory  - Finished creating instance of bean 'travellerServiceImpl'
2020-04-25 21:46:36,220 2480   [           main] DEBUG ort.DefaultListableBeanFactory  - Creating shared instance of singleton bean 'userService'
2020-04-25 21:46:36,220 2480   [           main] DEBUG ort.DefaultListableBeanFactory  - Creating instance of bean 'userService'
2020-04-25 21:46:36,220 2480   [           main] DEBUG y.annotation.InjectionMetadata  - Registered injected element on class [com.xumeng.service.impl.UserServiceImpl]: AutowiredFieldElement for private com.xumeng.dao.IUserDao com.xumeng.service.impl.UserServiceImpl.userDao
2020-04-25 21:46:36,220 2480   [           main] DEBUG y.annotation.InjectionMetadata  - Registered injected element on class [com.xumeng.service.impl.UserServiceImpl]: AutowiredFieldElement for private org.springframework.security.crypto.password.PasswordEncoder com.xumeng.service.impl.UserServiceImpl.passwordEncoder
2020-04-25 21:46:36,220 2480   [           main] DEBUG ort.DefaultListableBeanFactory  - Eagerly caching bean 'userService' to allow for resolving potential circular references
2020-04-25 21:46:36,221 2481   [           main] DEBUG y.annotation.InjectionMetadata  - Processing injected element of bean 'userService': AutowiredFieldElement for private com.xumeng.dao.IUserDao com.xumeng.service.impl.UserServiceImpl.userDao
2020-04-25 21:46:36,221 2481   [           main] DEBUG ore.annotation.AnnotationUtils  - Failed to meta-introspect annotation [interface org.springframework.beans.factory.annotation.Autowired]: java.lang.IllegalArgumentException: Annotation must not be null
2020-04-25 21:46:36,221 2481   [           main] DEBUG ort.DefaultListableBeanFactory  - Creating shared instance of singleton bean 'IUserDao'
2020-04-25 21:46:36,221 2481   [           main] DEBUG ort.DefaultListableBeanFactory  - Creating instance of bean 'IUserDao'
2020-04-25 21:46:36,221 2481   [           main] DEBUG ort.DefaultListableBeanFactory  - Eagerly caching bean 'IUserDao' to allow for resolving potential circular references
2020-04-25 21:46:36,222 2482   [           main] DEBUG ort.DefaultListableBeanFactory  - Returning cached instance of singleton bean 'sqlSessionFactory'
2020-04-25 21:46:36,222 2482   [           main] DEBUG ort.DefaultListableBeanFactory  - Autowiring by type from bean name 'IUserDao' via property 'sqlSessionFactory' to bean named 'sqlSessionFactory'
2020-04-25 21:46:36,222 2482   [           main] DEBUG ort.DefaultListableBeanFactory  - Invoking afterPropertiesSet() on bean with name 'IUserDao'
2020-04-25 21:46:36,222 2482   [           main] DEBUG ort.DefaultListableBeanFactory  - Returning cached instance of singleton bean 'org.springframework.transaction.config.internalTransactionAdvisor'
2020-04-25 21:46:36,222 2482   [           main] DEBUG ort.DefaultListableBeanFactory  - Finished creating instance of bean 'IUserDao'
2020-04-25 21:46:36,222 2482   [           main] DEBUG ort.DefaultListableBeanFactory  - Returning cached instance of singleton bean 'org.springframework.transaction.config.internalTransactionAdvisor'
2020-04-25 21:46:36,222 2482   [           main] DEBUG redAnnotationBeanPostProcessor  - Autowiring by type from bean name 'userService' to bean named 'IUserDao'
2020-04-25 21:46:36,222 2482   [           main] DEBUG y.annotation.InjectionMetadata  - Processing injected element of bean 'userService': AutowiredFieldElement for private org.springframework.security.crypto.password.PasswordEncoder com.xumeng.service.impl.UserServiceImpl.passwordEncoder
2020-04-25 21:46:36,222 2482   [           main] DEBUG ore.annotation.AnnotationUtils  - Failed to meta-introspect annotation [interface org.springframework.beans.factory.annotation.Autowired]: java.lang.IllegalArgumentException: Annotation must not be null
2020-04-25 21:46:36,223 2483   [           main] WARN  port.GenericApplicationContext  - Exception encountered during context initialization - cancelling refresh attempt: org.springframework.beans.factory.UnsatisfiedDependencyException: Error creating bean with name 'userService': Unsatisfied dependency expressed through field 'passwordEncoder'; nested exception is org.springframework.beans.factory.NoSuchBeanDefinitionException: No qualifying bean of type 'org.springframework.security.crypto.password.PasswordEncoder' available: expected at least 1 bean which qualifies as autowire candidate. Dependency annotations: {@org.springframework.beans.factory.annotation.Autowired(required=true)}
2020-04-25 21:46:36,223 2483   [           main] DEBUG ort.DefaultListableBeanFactory  - Destroying singletons in org.springframework.beans.factory.support.DefaultListableBeanFactory@f6c03cb: defining beans [memberServiceImpl,orderServiceImpl,permissionServiceImpl,productServiceImpl,travellerServiceImpl,userService,org.springframework.context.annotation.internalConfigurationAnnotationProcessor,org.springframework.context.annotation.internalAutowiredAnnotationProcessor,org.springframework.context.annotation.internalRequiredAnnotationProcessor,org.springframework.context.annotation.internalCommonAnnotationProcessor,org.springframework.context.event.internalEventListenerProcessor,org.springframework.context.event.internalEventListenerFactory,org.springframework.context.support.PropertySourcesPlaceholderConfigurer#0,dataSource,sqlSessionFactory,mapperScanner,transactionManager,org.springframework.transaction.config.internalTransactionalEventListenerFactory,org.springframework.aop.config.internalAutoProxyCreator,org.springframework.transaction.annotation.AnnotationTransactionAttributeSource#0,org.springframework.transaction.interceptor.TransactionInterceptor#0,org.springframework.transaction.config.internalTransactionAdvisor,IMemberDao,IOrderDao,IPermissionDao,IProductDao,IRoleDao,ITravellerDao,IUserDao]; root of factory hierarchy
2020-04-25 21:46:36,223 2483   [           main] DEBUG ort.DefaultListableBeanFactory  - Retrieved dependent beans for bean 'sqlSessionFactory': [IMemberDao, IOrderDao, IProductDao, ITravellerDao, IUserDao]
2020-04-25 21:46:36,223 2483   [           main] DEBUG ort.DefaultListableBeanFactory  - Retrieved dependent beans for bean 'IMemberDao': [memberServiceImpl]
2020-04-25 21:46:36,223 2483   [           main] DEBUG ort.DefaultListableBeanFactory  - Retrieved dependent beans for bean 'IOrderDao': [orderServiceImpl, travellerServiceImpl]
2020-04-25 21:46:36,223 2483   [           main] DEBUG ort.DefaultListableBeanFactory  - Retrieved dependent beans for bean 'IProductDao': [productServiceImpl]
2020-04-25 21:46:36,223 2483   [           main] DEBUG ort.DefaultListableBeanFactory  - Retrieved dependent beans for bean 'com.github.pagehelper.PageInterceptor#6e4de19b': [sqlSessionFactory]
2020-04-25 21:46:36,223 2483   [           main] ERROR est.context.TestContextManager  - Caught exception while allowing TestExecutionListener [org.springframework.test.context.support.DependencyInjectionTestExecutionListener@46daef40] to prepare test instance [com.xumeng.test.TestIOderDao@73ff4fae]
java.lang.IllegalStateException: Failed to load ApplicationContext
	at org.springframework.test.context.cache.DefaultCacheAwareContextLoaderDelegate.loadContext(DefaultCacheAwareContextLoaderDelegate.java:125)
	at org.springframework.test.context.support.DefaultTestContext.getApplicationContext(DefaultTestContext.java:107)
	at org.springframework.test.context.support.DependencyInjectionTestExecutionListener.injectDependencies(DependencyInjectionTestExecutionListener.java:117)
	at org.springframework.test.context.support.DependencyInjectionTestExecutionListener.prepareTestInstance(DependencyInjectionTestExecutionListener.java:83)
	at org.springframework.test.context.TestContextManager.prepareTestInstance(TestContextManager.java:242)
	at org.springframework.test.context.junit4.SpringJUnit4ClassRunner.createTest(SpringJUnit4ClassRunner.java:227)
	at org.springframework.test.context.junit4.SpringJUnit4ClassRunner$1.runReflectiveCall(SpringJUnit4ClassRunner.java:289)
	at org.junit.internal.runners.model.ReflectiveCallable.run(ReflectiveCallable.java:12)
	at org.springframework.test.context.junit4.SpringJUnit4ClassRunner.methodBlock(SpringJUnit4ClassRunner.java:291)
	at org.springframework.test.context.junit4.SpringJUnit4ClassRunner.runChild(SpringJUnit4ClassRunner.java:246)
	at org.springframework.test.context.junit4.SpringJUnit4ClassRunner.runChild(SpringJUnit4ClassRunner.java:97)
	at org.junit.runners.ParentRunner$3.run(ParentRunner.java:290)
	at org.junit.runners.ParentRunner$1.schedule(ParentRunner.java:71)
	at org.junit.runners.ParentRunner.runChildren(ParentRunner.java:288)
	at org.junit.runners.ParentRunner.access$000(ParentRunner.java:58)
	at org.junit.runners.ParentRunner$2.evaluate(ParentRunner.java:268)
	at org.springframework.test.context.junit4.statements.RunBeforeTestClassCallbacks.evaluate(RunBeforeTestClassCallbacks.java:61)
	at org.springframework.test.context.junit4.statements.RunAfterTestClassCallbacks.evaluate(RunAfterTestClassCallbacks.java:70)
	at org.junit.runners.ParentRunner.run(ParentRunner.java:363)
	at org.springframework.test.context.junit4.SpringJUnit4ClassRunner.run(SpringJUnit4ClassRunner.java:190)
	at org.apache.maven.surefire.junit4.JUnit4Provider.execute(JUnit4Provider.java:365)
	at org.apache.maven.surefire.junit4.JUnit4Provider.executeWithRerun(JUnit4Provider.java:273)
	at org.apache.maven.surefire.junit4.JUnit4Provider.executeTestSet(JUnit4Provider.java:238)
	at org.apache.maven.surefire.junit4.JUnit4Provider.invoke(JUnit4Provider.java:159)
	at org.apache.maven.surefire.booter.ForkedBooter.invokeProviderInSameClassLoader(ForkedBooter.java:384)
	at org.apache.maven.surefire.booter.ForkedBooter.runSuitesInProcess(ForkedBooter.java:345)
	at org.apache.maven.surefire.booter.ForkedBooter.execute(ForkedBooter.java:126)
	at org.apache.maven.surefire.booter.ForkedBooter.main(ForkedBooter.java:418)
Caused by: org.springframework.beans.factory.UnsatisfiedDependencyException: Error creating bean with name 'userService': Unsatisfied dependency expressed through field 'passwordEncoder'; nested exception is org.springframework.beans.factory.NoSuchBeanDefinitionException: No qualifying bean of type 'org.springframework.security.crypto.password.PasswordEncoder' available: expected at least 1 bean which qualifies as autowire candidate. Dependency annotations: {@org.springframework.beans.factory.annotation.Autowired(required=true)}
	at org.springframework.beans.factory.annotation.AutowiredAnnotationBeanPostProcessor$AutowiredFieldElement.inject(AutowiredAnnotationBeanPostProcessor.java:586)
	at org.springframework.beans.factory.annotation.InjectionMetadata.inject(InjectionMetadata.java:91)
	at org.springframework.beans.factory.annotation.AutowiredAnnotationBeanPostProcessor.postProcessPropertyValues(AutowiredAnnotationBeanPostProcessor.java:372)
	at org.springframework.beans.factory.support.AbstractAutowireCapableBeanFactory.populateBean(AbstractAutowireCapableBeanFactory.java:1344)
	at org.springframework.beans.factory.support.AbstractAutowireCapableBeanFactory.doCreateBean(AbstractAutowireCapableBeanFactory.java:582)
	at org.springframework.beans.factory.support.AbstractAutowireCapableBeanFactory.createBean(AbstractAutowireCapableBeanFactory.java:502)
	at org.springframework.beans.factory.support.AbstractBeanFactory.lambda$doGetBean$0(AbstractBeanFactory.java:312)
	at org.springframework.beans.factory.support.DefaultSingletonBeanRegistry.getSingleton(DefaultSingletonBeanRegistry.java:228)
	at org.springframework.beans.factory.support.AbstractBeanFactory.doGetBean(AbstractBeanFactory.java:310)
	at org.springframework.beans.factory.support.AbstractBeanFactory.getBean(AbstractBeanFactory.java:200)
	at org.springframework.beans.factory.support.DefaultListableBeanFactory.preInstantiateSingletons(DefaultListableBeanFactory.java:758)
	at org.springframework.context.support.AbstractApplicationContext.finishBeanFactoryInitialization(AbstractApplicationContext.java:868)
	at org.springframework.context.support.AbstractApplicationContext.refresh(AbstractApplicationContext.java:549)
	at org.springframework.test.context.support.AbstractGenericContextLoader.loadContext(AbstractGenericContextLoader.java:128)
	at org.springframework.test.context.support.AbstractGenericContextLoader.loadContext(AbstractGenericContextLoader.java:60)
	at org.springframework.test.context.support.AbstractDelegatingSmartContextLoader.delegateLoading(AbstractDelegatingSmartContextLoader.java:109)
	at org.springframework.test.context.support.AbstractDelegatingSmartContextLoader.loadContext(AbstractDelegatingSmartContextLoader.java:246)
	at org.springframework.test.context.cache.DefaultCacheAwareContextLoaderDelegate.loadContextInternal(DefaultCacheAwareContextLoaderDelegate.java:99)
	at org.springframework.test.context.cache.DefaultCacheAwareContextLoaderDelegate.loadContext(DefaultCacheAwareContextLoaderDelegate.java:117)
	... 27 more
Caused by: org.springframework.beans.factory.NoSuchBeanDefinitionException: No qualifying bean of type 'org.springframework.security.crypto.password.PasswordEncoder' available: expected at least 1 bean which qualifies as autowire candidate. Dependency annotations: {@org.springframework.beans.factory.annotation.Autowired(required=true)}
	at org.springframework.beans.factory.support.DefaultListableBeanFactory.raiseNoMatchingBeanFound(DefaultListableBeanFactory.java:1504)
	at org.springframework.beans.factory.support.DefaultListableBeanFactory.doResolveDependency(DefaultListableBeanFactory.java:1101)
	at org.springframework.beans.factory.support.DefaultListableBeanFactory.resolveDependency(DefaultListableBeanFactory.java:1062)
	at org.springframework.beans.factory.annotation.AutowiredAnnotationBeanPostProcessor$AutowiredFieldElement.inject(AutowiredAnnotationBeanPostProcessor.java:583)
	... 45 more
]]></system-out>
  </testcase>
</testsuite>